[0.504s] DEBUG:colcon:Command line arguments: ['/usr/bin/colcon', 'build', '--packages-select', 'merge_arrays']
[0.505s] DEBUG:colcon:Parsed command line arguments: Namespace(log_base=None, log_level=None, verb_name='build', build_base='build', install_base='install', merge_install=False, symlink_install=False, test_result_base=None, continue_on_error=False, executor='parallel', parallel_workers=4, event_handlers=None, ignore_user_meta=False, metas=['./colcon.meta'], base_paths=['.'], packages_ignore=None, packages_ignore_regex=None, paths=None, packages_up_to=None, packages_up_to_regex=None, packages_above=None, packages_above_and_dependencies=None, packages_above_depth=None, packages_select_by_dep=None, packages_skip_by_dep=None, packages_skip_up_to=None, packages_select_build_failed=False, packages_skip_build_finished=False, packages_select_test_failures=False, packages_skip_test_passed=False, packages_select=['merge_arrays'], packages_skip=None, packages_select_regex=None, packages_skip_regex=None, packages_start=None, packages_end=None, cmake_args=None, cmake_target=None, cmake_target_skip_unavailable=False, cmake_clean_cache=False, cmake_clean_first=False, cmake_force_configure=False, ament_cmake_args=None, catkin_cmake_args=None, catkin_skip_building_tests=False, mixin_files=None, mixin=None, verb_parser=<colcon_mixin.mixin.mixin_argument.MixinArgumentDecorator object at 0x7f8c9378a560>, verb_extension=<colcon_core.verb.build.BuildVerb object at 0x7f8c938a7be0>, main=<bound method BuildVerb.main of <colcon_core.verb.build.BuildVerb object at 0x7f8c938a7be0>>, mixin_verb=('build',))
[0.560s] Level 1:colcon.colcon_core.package_discovery:discover_packages(colcon_meta) check parameters
[0.564s] Level 1:colcon.colcon_core.package_discovery:discover_packages(recursive) check parameters
[0.565s] Level 1:colcon.colcon_core.package_discovery:discover_packages(ignore) check parameters
[0.567s] Level 1:colcon.colcon_core.package_discovery:discover_packages(path) check parameters
[0.569s] Level 1:colcon.colcon_core.package_discovery:discover_packages(colcon_meta) discover
[0.571s] Level 1:colcon.colcon_core.package_discovery:discover_packages(recursive) discover
[0.572s] INFO:colcon.colcon_core.package_discovery:Crawling recursively for packages in '/home/atk-sandbox/atk-sandbox/workspace'
[0.574s] Level 1:colcon.colcon_core.package_identification:_identify(.) by extensions ['ignore', 'ignore_ament_install']
[0.576s] Level 1:colcon.colcon_core.package_identification:_identify(.) by extension 'ignore'
[0.578s] Level 1:colcon.colcon_core.package_identification:_identify(.) by extension 'ignore_ament_install'
[0.586s] Level 1:colcon.colcon_core.package_identification:_identify(.) by extensions ['colcon_pkg']
[0.587s] Level 1:colcon.colcon_core.package_identification:_identify(.) by extension 'colcon_pkg'
[0.590s] Level 1:colcon.colcon_core.package_identification:_identify(.) by extensions ['colcon_meta']
[0.591s] Level 1:colcon.colcon_core.package_identification:_identify(.) by extension 'colcon_meta'
[0.592s] Level 1:colcon.colcon_core.package_identification:_identify(.) by extensions ['ros']
[0.593s] Level 1:colcon.colcon_core.package_identification:_identify(.) by extension 'ros'
[0.625s] Level 1:colcon.colcon_core.package_identification:_identify(.) by extensions ['cmake', 'python']
[0.626s] Level 1:colcon.colcon_core.package_identification:_identify(.) by extension 'cmake'
[0.628s] Level 1:colcon.colcon_core.package_identification:_identify(.) by extension 'python'
[0.631s] Level 1:colcon.colcon_core.package_identification:_identify(.) by extensions ['python_setup_py']
[0.632s] Level 1:colcon.colcon_core.package_identification:_identify(.) by extension 'python_setup_py'
[0.634s] Level 1:colcon.colcon_core.package_identification:_identify(build) by extensions ['ignore', 'ignore_ament_install']
[0.635s] Level 1:colcon.colcon_core.package_identification:_identify(build) by extension 'ignore'
[0.636s] Level 1:colcon.colcon_core.package_identification:_identify(build) ignored
[0.638s] Level 1:colcon.colcon_core.package_identification:_identify(install) by extensions ['ignore', 'ignore_ament_install']
[0.642s] Level 1:colcon.colcon_core.package_identification:_identify(install) by extension 'ignore'
[0.643s] Level 1:colcon.colcon_core.package_identification:_identify(install) ignored
[0.654s] Level 1:colcon.colcon_core.package_identification:_identify(log) by extensions ['ignore', 'ignore_ament_install']
[0.655s] Level 1:colcon.colcon_core.package_identification:_identify(log) by extension 'ignore'
[0.656s] Level 1:colcon.colcon_core.package_identification:_identify(log) ignored
[0.657s] Level 1:colcon.colcon_core.package_identification:_identify(src) by extensions ['ignore', 'ignore_ament_install']
[0.658s] Level 1:colcon.colcon_core.package_identification:_identify(src) by extension 'ignore'
[0.660s] Level 1:colcon.colcon_core.package_identification:_identify(src) by extension 'ignore_ament_install'
[0.664s] Level 1:colcon.colcon_core.package_identification:_identify(src) by extensions ['colcon_pkg']
[0.665s] Level 1:colcon.colcon_core.package_identification:_identify(src) by extension 'colcon_pkg'
[0.668s] Level 1:colcon.colcon_core.package_identification:_identify(src) by extensions ['colcon_meta']
[0.669s] Level 1:colcon.colcon_core.package_identification:_identify(src) by extension 'colcon_meta'
[0.670s] Level 1:colcon.colcon_core.package_identification:_identify(src) by extensions ['ros']
[0.671s] Level 1:colcon.colcon_core.package_identification:_identify(src) by extension 'ros'
[0.676s] Level 1:colcon.colcon_core.package_identification:_identify(src) by extensions ['cmake', 'python']
[0.677s] Level 1:colcon.colcon_core.package_identification:_identify(src) by extension 'cmake'
[0.679s] Level 1:colcon.colcon_core.package_identification:_identify(src) by extension 'python'
[0.681s] Level 1:colcon.colcon_core.package_identification:_identify(src) by extensions ['python_setup_py']
[0.682s] Level 1:colcon.colcon_core.package_identification:_identify(src) by extension 'python_setup_py'
[0.684s] Level 1:colcon.colcon_core.package_identification:_identify(src/build) by extensions ['ignore', 'ignore_ament_install']
[0.685s] Level 1:colcon.colcon_core.package_identification:_identify(src/build) by extension 'ignore'
[0.686s] Level 1:colcon.colcon_core.package_identification:_identify(src/build) ignored
[0.688s] Level 1:colcon.colcon_core.package_identification:_identify(src/common) by extensions ['ignore', 'ignore_ament_install']
[0.689s] Level 1:colcon.colcon_core.package_identification:_identify(src/common) by extension 'ignore'
[0.691s] Level 1:colcon.colcon_core.package_identification:_identify(src/common) by extension 'ignore_ament_install'
[0.694s] Level 1:colcon.colcon_core.package_identification:_identify(src/common) by extensions ['colcon_pkg']
[0.695s] Level 1:colcon.colcon_core.package_identification:_identify(src/common) by extension 'colcon_pkg'
[0.697s] Level 1:colcon.colcon_core.package_identification:_identify(src/common) by extensions ['colcon_meta']
[0.698s] Level 1:colcon.colcon_core.package_identification:_identify(src/common) by extension 'colcon_meta'
[0.699s] Level 1:colcon.colcon_core.package_identification:_identify(src/common) by extensions ['ros']
[0.700s] Level 1:colcon.colcon_core.package_identification:_identify(src/common) by extension 'ros'
[0.708s] Level 1:colcon.colcon_core.package_identification:_identify(src/common) by extensions ['cmake', 'python']
[0.709s] Level 1:colcon.colcon_core.package_identification:_identify(src/common) by extension 'cmake'
[0.711s] Level 1:colcon.colcon_core.package_identification:_identify(src/common) by extension 'python'
[0.713s] Level 1:colcon.colcon_core.package_identification:_identify(src/common) by extensions ['python_setup_py']
[0.714s] Level 1:colcon.colcon_core.package_identification:_identify(src/common) by extension 'python_setup_py'
[0.717s] Level 1:colcon.colcon_core.package_identification:_identify(src/common/common_pkgs) by extensions ['ignore', 'ignore_ament_install']
[0.718s] Level 1:colcon.colcon_core.package_identification:_identify(src/common/common_pkgs) by extension 'ignore'
[0.721s] Level 1:colcon.colcon_core.package_identification:_identify(src/common/common_pkgs) by extension 'ignore_ament_install'
[0.724s] Level 1:colcon.colcon_core.package_identification:_identify(src/common/common_pkgs) by extensions ['colcon_pkg']
[0.725s] Level 1:colcon.colcon_core.package_identification:_identify(src/common/common_pkgs) by extension 'colcon_pkg'
[0.727s] Level 1:colcon.colcon_core.package_identification:_identify(src/common/common_pkgs) by extensions ['colcon_meta']
[0.728s] Level 1:colcon.colcon_core.package_identification:_identify(src/common/common_pkgs) by extension 'colcon_meta'
[0.729s] Level 1:colcon.colcon_core.package_identification:_identify(src/common/common_pkgs) by extensions ['ros']
[0.730s] Level 1:colcon.colcon_core.package_identification:_identify(src/common/common_pkgs) by extension 'ros'
[0.738s] DEBUG:colcon.colcon_core.package_identification:Package 'src/common/common_pkgs' with type 'ros.ament_cmake' and name 'common_pkgs'
[0.739s] Level 1:colcon.colcon_core.package_identification:_identify(src/common/examples) by extensions ['ignore', 'ignore_ament_install']
[0.741s] Level 1:colcon.colcon_core.package_identification:_identify(src/common/examples) by extension 'ignore'
[0.743s] Level 1:colcon.colcon_core.package_identification:_identify(src/common/examples) by extension 'ignore_ament_install'
[0.745s] Level 1:colcon.colcon_core.package_identification:_identify(src/common/examples) by extensions ['colcon_pkg']
[0.746s] Level 1:colcon.colcon_core.package_identification:_identify(src/common/examples) by extension 'colcon_pkg'
[0.748s] Level 1:colcon.colcon_core.package_identification:_identify(src/common/examples) by extensions ['colcon_meta']
[0.749s] Level 1:colcon.colcon_core.package_identification:_identify(src/common/examples) by extension 'colcon_meta'
[0.750s] Level 1:colcon.colcon_core.package_identification:_identify(src/common/examples) by extensions ['ros']
[0.752s] Level 1:colcon.colcon_core.package_identification:_identify(src/common/examples) by extension 'ros'
[0.757s] Level 1:colcon.colcon_core.package_identification:_identify(src/common/examples) by extensions ['cmake', 'python']
[0.758s] Level 1:colcon.colcon_core.package_identification:_identify(src/common/examples) by extension 'cmake'
[0.759s] Level 1:colcon.colcon_core.package_identification:_identify(src/common/examples) by extension 'python'
[0.762s] Level 1:colcon.colcon_core.package_identification:_identify(src/common/examples) by extensions ['python_setup_py']
[0.763s] Level 1:colcon.colcon_core.package_identification:_identify(src/common/examples) by extension 'python_setup_py'
[0.766s] Level 1:colcon.colcon_core.package_identification:_identify(src/common/examples/compose_nodes) by extensions ['ignore', 'ignore_ament_install']
[0.767s] Level 1:colcon.colcon_core.package_identification:_identify(src/common/examples/compose_nodes) by extension 'ignore'
[0.770s] Level 1:colcon.colcon_core.package_identification:_identify(src/common/examples/compose_nodes) by extension 'ignore_ament_install'
[0.773s] Level 1:colcon.colcon_core.package_identification:_identify(src/common/examples/compose_nodes) by extensions ['colcon_pkg']
[0.774s] Level 1:colcon.colcon_core.package_identification:_identify(src/common/examples/compose_nodes) by extension 'colcon_pkg'
[0.776s] Level 1:colcon.colcon_core.package_identification:_identify(src/common/examples/compose_nodes) by extensions ['colcon_meta']
[0.777s] Level 1:colcon.colcon_core.package_identification:_identify(src/common/examples/compose_nodes) by extension 'colcon_meta'
[0.778s] Level 1:colcon.colcon_core.package_identification:_identify(src/common/examples/compose_nodes) by extensions ['ros']
[0.779s] Level 1:colcon.colcon_core.package_identification:_identify(src/common/examples/compose_nodes) by extension 'ros'
[0.785s] DEBUG:colcon.colcon_core.package_identification:Package 'src/common/examples/compose_nodes' with type 'ros.ament_cmake' and name 'compose_nodes'
[0.786s] Level 1:colcon.colcon_core.package_identification:_identify(src/common/interfaces) by extensions ['ignore', 'ignore_ament_install']
[0.789s] Level 1:colcon.colcon_core.package_identification:_identify(src/common/interfaces) by extension 'ignore'
[0.791s] Level 1:colcon.colcon_core.package_identification:_identify(src/common/interfaces) by extension 'ignore_ament_install'
[0.795s] Level 1:colcon.colcon_core.package_identification:_identify(src/common/interfaces) by extensions ['colcon_pkg']
[0.796s] Level 1:colcon.colcon_core.package_identification:_identify(src/common/interfaces) by extension 'colcon_pkg'
[0.799s] Level 1:colcon.colcon_core.package_identification:_identify(src/common/interfaces) by extensions ['colcon_meta']
[0.800s] Level 1:colcon.colcon_core.package_identification:_identify(src/common/interfaces) by extension 'colcon_meta'
[0.801s] Level 1:colcon.colcon_core.package_identification:_identify(src/common/interfaces) by extensions ['ros']
[0.802s] Level 1:colcon.colcon_core.package_identification:_identify(src/common/interfaces) by extension 'ros'
[0.807s] Level 1:colcon.colcon_core.package_identification:_identify(src/common/interfaces) by extensions ['cmake', 'python']
[0.808s] Level 1:colcon.colcon_core.package_identification:_identify(src/common/interfaces) by extension 'cmake'
[0.810s] Level 1:colcon.colcon_core.package_identification:_identify(src/common/interfaces) by extension 'python'
[0.814s] Level 1:colcon.colcon_core.package_identification:_identify(src/common/interfaces) by extensions ['python_setup_py']
[0.816s] Level 1:colcon.colcon_core.package_identification:_identify(src/common/interfaces) by extension 'python_setup_py'
[0.820s] Level 1:colcon.colcon_core.package_identification:_identify(src/common/interfaces/wauto_control_msgs) by extensions ['ignore', 'ignore_ament_install']
[0.822s] Level 1:colcon.colcon_core.package_identification:_identify(src/common/interfaces/wauto_control_msgs) by extension 'ignore'
[0.824s] Level 1:colcon.colcon_core.package_identification:_identify(src/common/interfaces/wauto_control_msgs) by extension 'ignore_ament_install'
[0.828s] Level 1:colcon.colcon_core.package_identification:_identify(src/common/interfaces/wauto_control_msgs) by extensions ['colcon_pkg']
[0.829s] Level 1:colcon.colcon_core.package_identification:_identify(src/common/interfaces/wauto_control_msgs) by extension 'colcon_pkg'
[0.831s] Level 1:colcon.colcon_core.package_identification:_identify(src/common/interfaces/wauto_control_msgs) by extensions ['colcon_meta']
[0.833s] Level 1:colcon.colcon_core.package_identification:_identify(src/common/interfaces/wauto_control_msgs) by extension 'colcon_meta'
[0.834s] Level 1:colcon.colcon_core.package_identification:_identify(src/common/interfaces/wauto_control_msgs) by extensions ['ros']
[0.835s] Level 1:colcon.colcon_core.package_identification:_identify(src/common/interfaces/wauto_control_msgs) by extension 'ros'
[0.841s] DEBUG:colcon.colcon_core.package_identification:Package 'src/common/interfaces/wauto_control_msgs' with type 'ros.ament_cmake' and name 'wauto_control_msgs'
[0.842s] Level 1:colcon.colcon_core.package_identification:_identify(src/common/interfaces/wauto_perception_msgs) by extensions ['ignore', 'ignore_ament_install']
[0.843s] Level 1:colcon.colcon_core.package_identification:_identify(src/common/interfaces/wauto_perception_msgs) by extension 'ignore'
[0.845s] Level 1:colcon.colcon_core.package_identification:_identify(src/common/interfaces/wauto_perception_msgs) by extension 'ignore_ament_install'
[0.848s] Level 1:colcon.colcon_core.package_identification:_identify(src/common/interfaces/wauto_perception_msgs) by extensions ['colcon_pkg']
[0.849s] Level 1:colcon.colcon_core.package_identification:_identify(src/common/interfaces/wauto_perception_msgs) by extension 'colcon_pkg'
[0.852s] Level 1:colcon.colcon_core.package_identification:_identify(src/common/interfaces/wauto_perception_msgs) by extensions ['colcon_meta']
[0.853s] Level 1:colcon.colcon_core.package_identification:_identify(src/common/interfaces/wauto_perception_msgs) by extension 'colcon_meta'
[0.854s] Level 1:colcon.colcon_core.package_identification:_identify(src/common/interfaces/wauto_perception_msgs) by extensions ['ros']
[0.856s] Level 1:colcon.colcon_core.package_identification:_identify(src/common/interfaces/wauto_perception_msgs) by extension 'ros'
[0.862s] DEBUG:colcon.colcon_core.package_identification:Package 'src/common/interfaces/wauto_perception_msgs' with type 'ros.ament_cmake' and name 'wauto_perception_msgs'
[0.863s] Level 1:colcon.colcon_core.package_identification:_identify(src/common/interfaces/wauto_vehicle_msgs) by extensions ['ignore', 'ignore_ament_install']
[0.864s] Level 1:colcon.colcon_core.package_identification:_identify(src/common/interfaces/wauto_vehicle_msgs) by extension 'ignore'
[0.866s] Level 1:colcon.colcon_core.package_identification:_identify(src/common/interfaces/wauto_vehicle_msgs) by extension 'ignore_ament_install'
[0.869s] Level 1:colcon.colcon_core.package_identification:_identify(src/common/interfaces/wauto_vehicle_msgs) by extensions ['colcon_pkg']
[0.870s] Level 1:colcon.colcon_core.package_identification:_identify(src/common/interfaces/wauto_vehicle_msgs) by extension 'colcon_pkg'
[0.872s] Level 1:colcon.colcon_core.package_identification:_identify(src/common/interfaces/wauto_vehicle_msgs) by extensions ['colcon_meta']
[0.873s] Level 1:colcon.colcon_core.package_identification:_identify(src/common/interfaces/wauto_vehicle_msgs) by extension 'colcon_meta'
[0.874s] Level 1:colcon.colcon_core.package_identification:_identify(src/common/interfaces/wauto_vehicle_msgs) by extensions ['ros']
[0.875s] Level 1:colcon.colcon_core.package_identification:_identify(src/common/interfaces/wauto_vehicle_msgs) by extension 'ros'
[0.881s] DEBUG:colcon.colcon_core.package_identification:Package 'src/common/interfaces/wauto_vehicle_msgs' with type 'ros.ament_cmake' and name 'wauto_vehicle_msgs'
[0.882s] Level 1:colcon.colcon_core.package_identification:_identify(src/common/launch) by extensions ['ignore', 'ignore_ament_install']
[0.884s] Level 1:colcon.colcon_core.package_identification:_identify(src/common/launch) by extension 'ignore'
[0.886s] Level 1:colcon.colcon_core.package_identification:_identify(src/common/launch) by extension 'ignore_ament_install'
[0.889s] Level 1:colcon.colcon_core.package_identification:_identify(src/common/launch) by extensions ['colcon_pkg']
[0.891s] Level 1:colcon.colcon_core.package_identification:_identify(src/common/launch) by extension 'colcon_pkg'
[0.893s] Level 1:colcon.colcon_core.package_identification:_identify(src/common/launch) by extensions ['colcon_meta']
[0.894s] Level 1:colcon.colcon_core.package_identification:_identify(src/common/launch) by extension 'colcon_meta'
[0.896s] Level 1:colcon.colcon_core.package_identification:_identify(src/common/launch) by extensions ['ros']
[0.897s] Level 1:colcon.colcon_core.package_identification:_identify(src/common/launch) by extension 'ros'
[0.902s] Level 1:colcon.colcon_core.package_identification:_identify(src/common/launch) by extensions ['cmake', 'python']
[0.903s] Level 1:colcon.colcon_core.package_identification:_identify(src/common/launch) by extension 'cmake'
[0.905s] Level 1:colcon.colcon_core.package_identification:_identify(src/common/launch) by extension 'python'
[0.907s] Level 1:colcon.colcon_core.package_identification:_identify(src/common/launch) by extensions ['python_setup_py']
[0.908s] Level 1:colcon.colcon_core.package_identification:_identify(src/common/launch) by extension 'python_setup_py'
[0.911s] Level 1:colcon.colcon_core.package_identification:_identify(src/common/launch/launch_utils) by extensions ['ignore', 'ignore_ament_install']
[0.912s] Level 1:colcon.colcon_core.package_identification:_identify(src/common/launch/launch_utils) by extension 'ignore'
[0.914s] Level 1:colcon.colcon_core.package_identification:_identify(src/common/launch/launch_utils) by extension 'ignore_ament_install'
[0.917s] Level 1:colcon.colcon_core.package_identification:_identify(src/common/launch/launch_utils) by extensions ['colcon_pkg']
[0.918s] Level 1:colcon.colcon_core.package_identification:_identify(src/common/launch/launch_utils) by extension 'colcon_pkg'
[0.920s] Level 1:colcon.colcon_core.package_identification:_identify(src/common/launch/launch_utils) by extensions ['colcon_meta']
[0.921s] Level 1:colcon.colcon_core.package_identification:_identify(src/common/launch/launch_utils) by extension 'colcon_meta'
[0.922s] Level 1:colcon.colcon_core.package_identification:_identify(src/common/launch/launch_utils) by extensions ['ros']
[0.923s] Level 1:colcon.colcon_core.package_identification:_identify(src/common/launch/launch_utils) by extension 'ros'
[0.928s] DEBUG:colcon.colcon_core.package_identification:Package 'src/common/launch/launch_utils' with type 'ros.ament_python' and name 'launch_utils'
[0.929s] Level 1:colcon.colcon_core.package_identification:_identify(src/common/wacore) by extensions ['ignore', 'ignore_ament_install']
[0.930s] Level 1:colcon.colcon_core.package_identification:_identify(src/common/wacore) by extension 'ignore'
[0.932s] Level 1:colcon.colcon_core.package_identification:_identify(src/common/wacore) by extension 'ignore_ament_install'
[0.936s] Level 1:colcon.colcon_core.package_identification:_identify(src/common/wacore) by extensions ['colcon_pkg']
[0.938s] Level 1:colcon.colcon_core.package_identification:_identify(src/common/wacore) by extension 'colcon_pkg'
[0.940s] Level 1:colcon.colcon_core.package_identification:_identify(src/common/wacore) by extensions ['colcon_meta']
[0.941s] Level 1:colcon.colcon_core.package_identification:_identify(src/common/wacore) by extension 'colcon_meta'
[0.942s] Level 1:colcon.colcon_core.package_identification:_identify(src/common/wacore) by extensions ['ros']
[0.943s] Level 1:colcon.colcon_core.package_identification:_identify(src/common/wacore) by extension 'ros'
[0.948s] DEBUG:colcon.colcon_core.package_identification:Package 'src/common/wacore' with type 'ros.ament_cmake' and name 'wacore'
[0.950s] Level 1:colcon.colcon_core.package_identification:_identify(src/install) by extensions ['ignore', 'ignore_ament_install']
[0.951s] Level 1:colcon.colcon_core.package_identification:_identify(src/install) by extension 'ignore'
[0.952s] Level 1:colcon.colcon_core.package_identification:_identify(src/install) ignored
[0.957s] Level 1:colcon.colcon_core.package_identification:_identify(src/log) by extensions ['ignore', 'ignore_ament_install']
[0.958s] Level 1:colcon.colcon_core.package_identification:_identify(src/log) by extension 'ignore'
[0.959s] Level 1:colcon.colcon_core.package_identification:_identify(src/log) ignored
[0.960s] Level 1:colcon.colcon_core.package_identification:_identify(src/merge_arrays) by extensions ['ignore', 'ignore_ament_install']
[0.961s] Level 1:colcon.colcon_core.package_identification:_identify(src/merge_arrays) by extension 'ignore'
[0.964s] Level 1:colcon.colcon_core.package_identification:_identify(src/merge_arrays) by extension 'ignore_ament_install'
[0.968s] Level 1:colcon.colcon_core.package_identification:_identify(src/merge_arrays) by extensions ['colcon_pkg']
[0.970s] Level 1:colcon.colcon_core.package_identification:_identify(src/merge_arrays) by extension 'colcon_pkg'
[0.972s] Level 1:colcon.colcon_core.package_identification:_identify(src/merge_arrays) by extensions ['colcon_meta']
[0.973s] Level 1:colcon.colcon_core.package_identification:_identify(src/merge_arrays) by extension 'colcon_meta'
[0.974s] Level 1:colcon.colcon_core.package_identification:_identify(src/merge_arrays) by extensions ['ros']
[0.975s] Level 1:colcon.colcon_core.package_identification:_identify(src/merge_arrays) by extension 'ros'
[0.981s] DEBUG:colcon.colcon_core.package_identification:Package 'src/merge_arrays' with type 'ros.ament_cmake' and name 'merge_arrays'
[0.982s] Level 1:colcon.colcon_core.package_discovery:discover_packages(recursive) using defaults
[0.984s] Level 1:colcon.colcon_core.package_discovery:discover_packages(ignore) discover
[0.985s] Level 1:colcon.colcon_core.package_discovery:discover_packages(ignore) using defaults
[0.986s] Level 1:colcon.colcon_core.package_discovery:discover_packages(path) discover
[0.987s] Level 1:colcon.colcon_core.package_discovery:discover_packages(path) using defaults
[1.045s] INFO:colcon.colcon_core.package_selection:Skipping not selected package 'common_pkgs' in 'src/common/common_pkgs'
[1.047s] INFO:colcon.colcon_core.package_selection:Skipping not selected package 'compose_nodes' in 'src/common/examples/compose_nodes'
[1.048s] INFO:colcon.colcon_core.package_selection:Skipping not selected package 'launch_utils' in 'src/common/launch/launch_utils'
[1.049s] INFO:colcon.colcon_core.package_selection:Skipping not selected package 'wacore' in 'src/common/wacore'
[1.050s] INFO:colcon.colcon_core.package_selection:Skipping not selected package 'wauto_control_msgs' in 'src/common/interfaces/wauto_control_msgs'
[1.051s] INFO:colcon.colcon_core.package_selection:Skipping not selected package 'wauto_perception_msgs' in 'src/common/interfaces/wauto_perception_msgs'
[1.053s] INFO:colcon.colcon_core.package_selection:Skipping not selected package 'wauto_vehicle_msgs' in 'src/common/interfaces/wauto_vehicle_msgs'
[1.056s] Level 5:colcon.colcon_core.verb:set package 'merge_arrays' build argument 'cmake_args' from command line to 'None'
[1.057s] Level 5:colcon.colcon_core.verb:set package 'merge_arrays' build argument 'cmake_target' from command line to 'None'
[1.059s] Level 5:colcon.colcon_core.verb:set package 'merge_arrays' build argument 'cmake_target_skip_unavailable' from command line to 'False'
[1.060s] Level 5:colcon.colcon_core.verb:set package 'merge_arrays' build argument 'cmake_clean_cache' from command line to 'False'
[1.061s] Level 5:colcon.colcon_core.verb:set package 'merge_arrays' build argument 'cmake_clean_first' from command line to 'False'
[1.062s] Level 5:colcon.colcon_core.verb:set package 'merge_arrays' build argument 'cmake_force_configure' from command line to 'False'
[1.063s] Level 5:colcon.colcon_core.verb:set package 'merge_arrays' build argument 'ament_cmake_args' from command line to 'None'
[1.064s] Level 5:colcon.colcon_core.verb:set package 'merge_arrays' build argument 'catkin_cmake_args' from command line to 'None'
[1.066s] Level 5:colcon.colcon_core.verb:set package 'merge_arrays' build argument 'catkin_skip_building_tests' from command line to 'False'
[1.067s] DEBUG:colcon.colcon_core.verb:Building package 'merge_arrays' with the following arguments: {'ament_cmake_args': None, 'build_base': '/home/atk-sandbox/atk-sandbox/workspace/build/merge_arrays', 'catkin_cmake_args': None, 'catkin_skip_building_tests': False, 'cmake_args': None, 'cmake_clean_cache': False, 'cmake_clean_first': False, 'cmake_force_configure': False, 'cmake_target': None, 'cmake_target_skip_unavailable': False, 'install_base': '/home/atk-sandbox/atk-sandbox/workspace/install/merge_arrays', 'merge_install': False, 'path': '/home/atk-sandbox/atk-sandbox/workspace/src/merge_arrays', 'symlink_install': False, 'test_result_base': None}
[1.070s] INFO:colcon.colcon_core.executor:Executing jobs using 'parallel' executor
[1.077s] DEBUG:colcon.colcon_parallel_executor.executor.parallel:run_until_complete
[1.078s] INFO:colcon.colcon_ros.task.ament_cmake.build:Building ROS package in '/home/atk-sandbox/atk-sandbox/workspace/src/merge_arrays' with build type 'ament_cmake'
[1.080s] INFO:colcon.colcon_cmake.task.cmake.build:Building CMake package in '/home/atk-sandbox/atk-sandbox/workspace/src/merge_arrays'
[1.088s] INFO:colcon.colcon_core.plugin_system:Skipping extension 'colcon_core.shell.bat': Not used on non-Windows systems
[1.090s] INFO:colcon.colcon_core.shell:Skip shell extension 'powershell' for command environment: Not usable outside of PowerShell
[1.091s] DEBUG:colcon.colcon_core.shell:Skip shell extension 'dsv' for command environment
[1.385s] DEBUG:colcon.colcon_core.event_handler.log_command:Invoking command in '/home/atk-sandbox/atk-sandbox/workspace/build/merge_arrays': CMAKE_PREFIX_PATH=${CMAKE_PREFIX_PATH}:/home/atk-sandbox/atk-sandbox/workspace/install/launch_utils:/opt/ros/humble /usr/bin/cmake --build /home/atk-sandbox/atk-sandbox/workspace/build/merge_arrays -- -j4 -l4
[8.033s] DEBUG:colcon.colcon_parallel_executor.executor.parallel:run_until_complete was interrupted
[8.043s] DEBUG:colcon.colcon_parallel_executor.executor.parallel:run_until_complete again
[8.063s] DEBUG:colcon.colcon_core.event_handler.log_command:Invoked command in '/home/atk-sandbox/atk-sandbox/workspace/build/merge_arrays' returned '-2': CMAKE_PREFIX_PATH=${CMAKE_PREFIX_PATH}:/home/atk-sandbox/atk-sandbox/workspace/install/launch_utils:/opt/ros/humble /usr/bin/cmake --build /home/atk-sandbox/atk-sandbox/workspace/build/merge_arrays -- -j4 -l4
[10.379s] Level 1:colcon.colcon_core.environment:create_environment_scripts_only(merge_arrays)
[10.389s] Level 1:colcon.colcon_core.environment:checking '/home/atk-sandbox/atk-sandbox/workspace/install/merge_arrays' for CMake module files
[10.415s] Level 1:colcon.colcon_core.environment:checking '/home/atk-sandbox/atk-sandbox/workspace/install/merge_arrays' for CMake config files
[10.418s] Level 1:colcon.colcon_core.shell:create_environment_hook('merge_arrays', 'cmake_prefix_path')
[10.422s] INFO:colcon.colcon_core.shell:Creating environment hook '/home/atk-sandbox/atk-sandbox/workspace/install/merge_arrays/share/merge_arrays/hook/cmake_prefix_path.ps1'
[10.440s] INFO:colcon.colcon_core.shell:Creating environment descriptor '/home/atk-sandbox/atk-sandbox/workspace/install/merge_arrays/share/merge_arrays/hook/cmake_prefix_path.dsv'
[10.449s] INFO:colcon.colcon_core.shell:Creating environment hook '/home/atk-sandbox/atk-sandbox/workspace/install/merge_arrays/share/merge_arrays/hook/cmake_prefix_path.sh'
[10.458s] Level 1:colcon.colcon_core.environment:checking '/home/atk-sandbox/atk-sandbox/workspace/install/merge_arrays/lib'
[10.460s] Level 1:colcon.colcon_core.environment:checking '/home/atk-sandbox/atk-sandbox/workspace/install/merge_arrays/bin'
[10.463s] Level 1:colcon.colcon_core.environment:checking '/home/atk-sandbox/atk-sandbox/workspace/install/merge_arrays/lib/pkgconfig/merge_arrays.pc'
[10.467s] Level 1:colcon.colcon_core.environment:checking '/home/atk-sandbox/atk-sandbox/workspace/install/merge_arrays/lib/python3.10/site-packages'
[10.469s] Level 1:colcon.colcon_core.environment:checking '/home/atk-sandbox/atk-sandbox/workspace/install/merge_arrays/bin'
[10.473s] INFO:colcon.colcon_core.shell:Creating package script '/home/atk-sandbox/atk-sandbox/workspace/install/merge_arrays/share/merge_arrays/package.ps1'
[10.480s] INFO:colcon.colcon_core.shell:Creating package descriptor '/home/atk-sandbox/atk-sandbox/workspace/install/merge_arrays/share/merge_arrays/package.dsv'
[10.486s] INFO:colcon.colcon_core.shell:Creating package script '/home/atk-sandbox/atk-sandbox/workspace/install/merge_arrays/share/merge_arrays/package.sh'
[10.494s] INFO:colcon.colcon_core.shell:Creating package script '/home/atk-sandbox/atk-sandbox/workspace/install/merge_arrays/share/merge_arrays/package.bash'
[10.503s] INFO:colcon.colcon_core.shell:Creating package script '/home/atk-sandbox/atk-sandbox/workspace/install/merge_arrays/share/merge_arrays/package.zsh'
[10.509s] Level 1:colcon.colcon_core.environment:create_file_with_runtime_dependencies(/home/atk-sandbox/atk-sandbox/workspace/install/merge_arrays/share/colcon-core/packages/merge_arrays)
[10.526s] DEBUG:colcon.colcon_parallel_executor.executor.parallel:run_until_complete finished
[10.527s] DEBUG:colcon.colcon_parallel_executor.executor.parallel:closing loop
[10.528s] DEBUG:colcon.colcon_parallel_executor.executor.parallel:loop closed
[10.530s] DEBUG:colcon.colcon_core.event_reactor:joining thread
[10.582s] INFO:colcon.colcon_core.plugin_system:Skipping extension 'colcon_notification.desktop_notification.notify_send': Could not find 'notify-send'
[10.583s] INFO:colcon.colcon_core.plugin_system:Skipping extension 'colcon_notification.desktop_notification.terminal_notifier': Not used on non-Darwin systems
[10.585s] INFO:colcon.colcon_core.plugin_system:Skipping extension 'colcon_notification.desktop_notification.win32': Not used on non-Windows systems
[10.586s] INFO:colcon.colcon_notification.desktop_notification:Sending desktop notification using 'notify2'
[10.587s] DEBUG:colcon.colcon_notification.desktop_notification.notify2:Failed to initialize notify2: org.freedesktop.DBus.Error.NotSupported: Unable to autolaunch a dbus-daemon without a $DISPLAY for X11
[10.589s] DEBUG:colcon.colcon_core.event_reactor:joined thread
[10.592s] INFO:colcon.colcon_core.shell:Creating prefix script '/home/atk-sandbox/atk-sandbox/workspace/install/local_setup.ps1'
[10.599s] INFO:colcon.colcon_core.shell:Creating prefix util module '/home/atk-sandbox/atk-sandbox/workspace/install/_local_setup_util_ps1.py'
[10.610s] INFO:colcon.colcon_core.shell:Creating prefix chain script '/home/atk-sandbox/atk-sandbox/workspace/install/setup.ps1'
[10.646s] INFO:colcon.colcon_core.shell:Creating prefix script '/home/atk-sandbox/atk-sandbox/workspace/install/local_setup.sh'
[10.653s] INFO:colcon.colcon_core.shell:Creating prefix util module '/home/atk-sandbox/atk-sandbox/workspace/install/_local_setup_util_sh.py'
[10.662s] INFO:colcon.colcon_core.shell:Creating prefix chain script '/home/atk-sandbox/atk-sandbox/workspace/install/setup.sh'
[10.691s] INFO:colcon.colcon_core.shell:Creating prefix script '/home/atk-sandbox/atk-sandbox/workspace/install/local_setup.bash'
[10.700s] INFO:colcon.colcon_core.shell:Creating prefix chain script '/home/atk-sandbox/atk-sandbox/workspace/install/setup.bash'
[10.733s] INFO:colcon.colcon_core.shell:Creating prefix script '/home/atk-sandbox/atk-sandbox/workspace/install/local_setup.zsh'
[10.740s] INFO:colcon.colcon_core.shell:Creating prefix chain script '/home/atk-sandbox/atk-sandbox/workspace/install/setup.zsh'
