[0.308s] Invoking command in '/home/atk-sandbox/atk-sandbox/workspace/build/merge_arrays': CMAKE_PREFIX_PATH=${CMAKE_PREFIX_PATH}:/home/atk-sandbox/atk-sandbox/workspace/install/launch_utils:/opt/ros/humble /usr/bin/cmake --build /home/atk-sandbox/atk-sandbox/workspace/build/merge_arrays -- -j4 -l4
[1.825s] [35m[1mConsolidate compiler generated dependencies of target merge_arrays_node[0m
[4.594s] [ 50%] [32mBuilding CXX object CMakeFiles/merge_arrays_node.dir/src/merge_arrays_node.cpp.o[0m
[9.273s] In file included from [01m[K/opt/ros/humble/include/rclcpp/rclcpp/logging.hpp:24[m[K,
[9.279s]                  from [01m[K/opt/ros/humble/include/rclcpp/rclcpp/client.hpp:40[m[K,
[9.285s]                  from [01m[K/opt/ros/humble/include/rclcpp/rclcpp/callback_group.hpp:24[m[K,
[9.289s]                  from [01m[K/opt/ros/humble/include/rclcpp/rclcpp/any_executable.hpp:20[m[K,
[9.294s]                  from [01m[K/opt/ros/humble/include/rclcpp/rclcpp/memory_strategy.hpp:25[m[K,
[9.299s]                  from [01m[K/opt/ros/humble/include/rclcpp/rclcpp/memory_strategies.hpp:18[m[K,
[9.304s]                  from [01m[K/opt/ros/humble/include/rclcpp/rclcpp/executor_options.hpp:20[m[K,
[9.308s]                  from [01m[K/opt/ros/humble/include/rclcpp/rclcpp/executor.hpp:37[m[K,
[9.312s]                  from [01m[K/opt/ros/humble/include/rclcpp/rclcpp/executors/multi_threaded_executor.hpp:25[m[K,
[9.316s]                  from [01m[K/opt/ros/humble/include/rclcpp/rclcpp/executors.hpp:21[m[K,
[9.321s]                  from [01m[K/opt/ros/humble/include/rclcpp/rclcpp/rclcpp.hpp:155[m[K,
[9.326s]                  from [01m[K/home/atk-sandbox/atk-sandbox/workspace/src/merge_arrays/src/merge_arrays_node.cpp:8[m[K:
[9.332s] [01m[K/home/atk-sandbox/atk-sandbox/workspace/src/merge_arrays/src/merge_arrays_node.cpp:[m[K In member function ‘[01m[Kvoid MergeArrays::timer_callback()[m[K’:
[9.337s] [01m[K/home/atk-sandbox/atk-sandbox/workspace/src/merge_arrays/src/merge_arrays_node.cpp:68:49:[m[K [01;35m[Kwarning: [m[Kformat ‘[01m[K%llu[m[K’ expects argument of type ‘[01m[Klong long unsigned int[m[K’, but argument 5 has type ‘[01m[K__gnu_cxx::__alloc_traits<std::allocator<int>, int>::value_type[m[K’ {aka ‘[01m[Kint[m[K’} [[01;35m[K]8;;https://gcc.gnu.org/onlinedocs/gcc/Warning-Options.html#index-Wformat=-Wformat=]8;;[m[K]
[9.342s]    68 |                 RCLCPP_INFO(this->get_logger(), [01;35m[K"%llu"[m[K, result.data[i]);
[9.346s]       |                                                 [01;35m[K^~~~~~[m[K
[9.350s] [01m[K/home/atk-sandbox/atk-sandbox/workspace/src/merge_arrays/src/merge_arrays_node.cpp:68:53:[m[K [01;36m[Knote: [m[Kformat string is defined here
[9.356s]    68 |                 RCLCPP_INFO(this->get_logger(), "[01;36m[K%llu[m[K", result.data[i]);
[9.361s]       |                                                  [01;36m[K~~~^[m[K
[9.365s]       |                                                     [01;36m[K|[m[K
[9.370s]       |                                                     [01;36m[Klong long unsigned int[m[K
[9.374s]       |                                                  [32m[K%u[m[K
[28.165s] [100%] [32m[1mLinking CXX executable merge_arrays_node[0m
[45.797s] [100%] Built target merge_arrays_node
[46.082s] Invoked command in '/home/atk-sandbox/atk-sandbox/workspace/build/merge_arrays' returned '0': CMAKE_PREFIX_PATH=${CMAKE_PREFIX_PATH}:/home/atk-sandbox/atk-sandbox/workspace/install/launch_utils:/opt/ros/humble /usr/bin/cmake --build /home/atk-sandbox/atk-sandbox/workspace/build/merge_arrays -- -j4 -l4
[48.059s] Invoking command in '/home/atk-sandbox/atk-sandbox/workspace/build/merge_arrays': CMAKE_PREFIX_PATH=${CMAKE_PREFIX_PATH}:/home/atk-sandbox/atk-sandbox/workspace/install/launch_utils:/opt/ros/humble /usr/bin/cmake --install /home/atk-sandbox/atk-sandbox/workspace/build/merge_arrays
[48.332s] -- Install configuration: ""
[48.337s] -- Installing: /home/atk-sandbox/atk-sandbox/workspace/install/merge_arrays/lib/merge_arrays/merge_arrays_node
[49.226s] -- Set runtime path of "/home/atk-sandbox/atk-sandbox/workspace/install/merge_arrays/lib/merge_arrays/merge_arrays_node" to ""
[49.230s] -- Up-to-date: /home/atk-sandbox/atk-sandbox/workspace/install/merge_arrays/share/ament_index/resource_index/package_run_dependencies/merge_arrays
[49.234s] -- Up-to-date: /home/atk-sandbox/atk-sandbox/workspace/install/merge_arrays/share/ament_index/resource_index/parent_prefix_path/merge_arrays
[49.239s] -- Up-to-date: /home/atk-sandbox/atk-sandbox/workspace/install/merge_arrays/share/merge_arrays/environment/ament_prefix_path.sh
[49.244s] -- Up-to-date: /home/atk-sandbox/atk-sandbox/workspace/install/merge_arrays/share/merge_arrays/environment/ament_prefix_path.dsv
[49.249s] -- Up-to-date: /home/atk-sandbox/atk-sandbox/workspace/install/merge_arrays/share/merge_arrays/environment/path.sh
[49.254s] -- Up-to-date: /home/atk-sandbox/atk-sandbox/workspace/install/merge_arrays/share/merge_arrays/environment/path.dsv
[49.258s] -- Up-to-date: /home/atk-sandbox/atk-sandbox/workspace/install/merge_arrays/share/merge_arrays/local_setup.bash
[49.265s] -- Up-to-date: /home/atk-sandbox/atk-sandbox/workspace/install/merge_arrays/share/merge_arrays/local_setup.sh
[49.270s] -- Up-to-date: /home/atk-sandbox/atk-sandbox/workspace/install/merge_arrays/share/merge_arrays/local_setup.zsh
[49.275s] -- Up-to-date: /home/atk-sandbox/atk-sandbox/workspace/install/merge_arrays/share/merge_arrays/local_setup.dsv
[49.281s] -- Installing: /home/atk-sandbox/atk-sandbox/workspace/install/merge_arrays/share/merge_arrays/package.dsv
[49.289s] -- Up-to-date: /home/atk-sandbox/atk-sandbox/workspace/install/merge_arrays/share/ament_index/resource_index/packages/merge_arrays
[49.292s] -- Up-to-date: /home/atk-sandbox/atk-sandbox/workspace/install/merge_arrays/share/merge_arrays/cmake/merge_arraysConfig.cmake
[49.307s] -- Up-to-date: /home/atk-sandbox/atk-sandbox/workspace/install/merge_arrays/share/merge_arrays/cmake/merge_arraysConfig-version.cmake
[49.315s] -- Up-to-date: /home/atk-sandbox/atk-sandbox/workspace/install/merge_arrays/share/merge_arrays/package.xml
[49.319s] Invoked command in '/home/atk-sandbox/atk-sandbox/workspace/build/merge_arrays' returned '0': CMAKE_PREFIX_PATH=${CMAKE_PREFIX_PATH}:/home/atk-sandbox/atk-sandbox/workspace/install/launch_utils:/opt/ros/humble /usr/bin/cmake --install /home/atk-sandbox/atk-sandbox/workspace/build/merge_arrays
