[0.526s] Invoking command in '/home/atk-sandbox/atk-sandbox/workspace/build/merge_arrays': CMAKE_PREFIX_PATH=${CMAKE_PREFIX_PATH}:/home/atk-sandbox/atk-sandbox/workspace/install/launch_utils:/opt/ros/humble /usr/bin/cmake --build /home/atk-sandbox/atk-sandbox/workspace/build/merge_arrays -- -j4 -l4
[2.434s] [35m[1mConsolidate compiler generated dependencies of target merge_arrays_node[0m
[5.579s] [100%] Built target merge_arrays_node
[6.848s] Invoked command in '/home/atk-sandbox/atk-sandbox/workspace/build/merge_arrays' returned '0': CMAKE_PREFIX_PATH=${CMAKE_PREFIX_PATH}:/home/atk-sandbox/atk-sandbox/workspace/install/launch_utils:/opt/ros/humble /usr/bin/cmake --build /home/atk-sandbox/atk-sandbox/workspace/build/merge_arrays -- -j4 -l4
[15.698s] Invoking command in '/home/atk-sandbox/atk-sandbox/workspace/build/merge_arrays': CMAKE_PREFIX_PATH=${CMAKE_PREFIX_PATH}:/home/atk-sandbox/atk-sandbox/workspace/install/launch_utils:/opt/ros/humble /usr/bin/cmake --install /home/atk-sandbox/atk-sandbox/workspace/build/merge_arrays
[16.091s] -- Install configuration: ""
[16.097s] -- Up-to-date: /home/atk-sandbox/atk-sandbox/workspace/install/merge_arrays/lib/merge_arrays/merge_arrays_node
[16.116s] -- Up-to-date: /home/atk-sandbox/atk-sandbox/workspace/install/merge_arrays/share/ament_index/resource_index/package_run_dependencies/merge_arrays
[16.128s] -- Up-to-date: /home/atk-sandbox/atk-sandbox/workspace/install/merge_arrays/share/ament_index/resource_index/parent_prefix_path/merge_arrays
[16.134s] -- Up-to-date: /home/atk-sandbox/atk-sandbox/workspace/install/merge_arrays/share/merge_arrays/environment/ament_prefix_path.sh
[16.140s] -- Up-to-date: /home/atk-sandbox/atk-sandbox/workspace/install/merge_arrays/share/merge_arrays/environment/ament_prefix_path.dsv
[16.146s] -- Up-to-date: /home/atk-sandbox/atk-sandbox/workspace/install/merge_arrays/share/merge_arrays/environment/path.sh
[16.152s] -- Up-to-date: /home/atk-sandbox/atk-sandbox/workspace/install/merge_arrays/share/merge_arrays/environment/path.dsv
[16.156s] -- Up-to-date: /home/atk-sandbox/atk-sandbox/workspace/install/merge_arrays/share/merge_arrays/local_setup.bash
[16.162s] -- Up-to-date: /home/atk-sandbox/atk-sandbox/workspace/install/merge_arrays/share/merge_arrays/local_setup.sh
[16.167s] -- Up-to-date: /home/atk-sandbox/atk-sandbox/workspace/install/merge_arrays/share/merge_arrays/local_setup.zsh
[16.173s] -- Up-to-date: /home/atk-sandbox/atk-sandbox/workspace/install/merge_arrays/share/merge_arrays/local_setup.dsv
[16.182s] -- Installing: /home/atk-sandbox/atk-sandbox/workspace/install/merge_arrays/share/merge_arrays/package.dsv
[16.311s] -- Up-to-date: /home/atk-sandbox/atk-sandbox/workspace/install/merge_arrays/share/ament_index/resource_index/packages/merge_arrays
[16.337s] -- Up-to-date: /home/atk-sandbox/atk-sandbox/workspace/install/merge_arrays/share/merge_arrays/cmake/merge_arraysConfig.cmake
[16.343s] -- Up-to-date: /home/atk-sandbox/atk-sandbox/workspace/install/merge_arrays/share/merge_arrays/cmake/merge_arraysConfig-version.cmake
[16.350s] -- Up-to-date: /home/atk-sandbox/atk-sandbox/workspace/install/merge_arrays/share/merge_arrays/package.xml
[16.354s] Invoked command in '/home/atk-sandbox/atk-sandbox/workspace/build/merge_arrays' returned '0': CMAKE_PREFIX_PATH=${CMAKE_PREFIX_PATH}:/home/atk-sandbox/atk-sandbox/workspace/install/launch_utils:/opt/ros/humble /usr/bin/cmake --install /home/atk-sandbox/atk-sandbox/workspace/build/merge_arrays
