/usr/local/lib/python3.10/dist-packages/setuptools/dist.py:788: UserWarning: Usage of dash-separated 'script-dir' will not be supported in future versions. Please use the underscore name 'script_dir' instead
  warnings.warn(
running egg_info
creating ../../../../build/launch_utils/launch_utils.egg-info
writing ../../../../build/launch_utils/launch_utils.egg-info/PKG-INFO
writing dependency_links to ../../../../build/launch_utils/launch_utils.egg-info/dependency_links.txt
writing requirements to ../../../../build/launch_utils/launch_utils.egg-info/requires.txt
writing top-level names to ../../../../build/launch_utils/launch_utils.egg-info/top_level.txt
writing manifest file '../../../../build/launch_utils/launch_utils.egg-info/SOURCES.txt'
reading manifest file '../../../../build/launch_utils/launch_utils.egg-info/SOURCES.txt'
writing manifest file '../../../../build/launch_utils/launch_utils.egg-info/SOURCES.txt'
running build
running build_py
creating /home/atk-sandbox/atk-sandbox/workspace/build/launch_utils/build
creating /home/atk-sandbox/atk-sandbox/workspace/build/launch_utils/build/lib
creating /home/atk-sandbox/atk-sandbox/workspace/build/launch_utils/build/lib/launch_utils
copying launch_utils/__init__.py -> /home/atk-sandbox/atk-sandbox/workspace/build/launch_utils/build/lib/launch_utils
copying launch_utils/utilities.py -> /home/atk-sandbox/atk-sandbox/workspace/build/launch_utils/build/lib/launch_utils
creating /home/atk-sandbox/atk-sandbox/workspace/build/launch_utils/build/lib/launch_utils/conditions
copying launch_utils/conditions/__init__.py -> /home/atk-sandbox/atk-sandbox/workspace/build/launch_utils/build/lib/launch_utils/conditions
copying launch_utils/conditions/multiple_if_conditions.py -> /home/atk-sandbox/atk-sandbox/workspace/build/launch_utils/build/lib/launch_utils/conditions
creating /home/atk-sandbox/atk-sandbox/workspace/build/launch_utils/build/lib/launch_utils/substitutions
copying launch_utils/substitutions/__init__.py -> /home/atk-sandbox/atk-sandbox/workspace/build/launch_utils/build/lib/launch_utils/substitutions
copying launch_utils/substitutions/quote_wrapped_python_expression.py -> /home/atk-sandbox/atk-sandbox/workspace/build/launch_utils/build/lib/launch_utils/substitutions
running install
/usr/local/lib/python3.10/dist-packages/setuptools/command/install.py:34: SetuptoolsDeprecationWarning: setup.py install is deprecated. Use build and pip and other standards-based tools.
  warnings.warn(
running install_lib
creating /home/atk-sandbox/atk-sandbox/workspace/install/launch_utils/lib/python3.10/site-packages/launch_utils
copying /home/atk-sandbox/atk-sandbox/workspace/build/launch_utils/build/lib/launch_utils/__init__.py -> /home/atk-sandbox/atk-sandbox/workspace/install/launch_utils/lib/python3.10/site-packages/launch_utils
creating /home/atk-sandbox/atk-sandbox/workspace/install/launch_utils/lib/python3.10/site-packages/launch_utils/conditions
copying /home/atk-sandbox/atk-sandbox/workspace/build/launch_utils/build/lib/launch_utils/conditions/__init__.py -> /home/atk-sandbox/atk-sandbox/workspace/install/launch_utils/lib/python3.10/site-packages/launch_utils/conditions
copying /home/atk-sandbox/atk-sandbox/workspace/build/launch_utils/build/lib/launch_utils/conditions/multiple_if_conditions.py -> /home/atk-sandbox/atk-sandbox/workspace/install/launch_utils/lib/python3.10/site-packages/launch_utils/conditions
creating /home/atk-sandbox/atk-sandbox/workspace/install/launch_utils/lib/python3.10/site-packages/launch_utils/substitutions
copying /home/atk-sandbox/atk-sandbox/workspace/build/launch_utils/build/lib/launch_utils/substitutions/__init__.py -> /home/atk-sandbox/atk-sandbox/workspace/install/launch_utils/lib/python3.10/site-packages/launch_utils/substitutions
copying /home/atk-sandbox/atk-sandbox/workspace/build/launch_utils/build/lib/launch_utils/substitutions/quote_wrapped_python_expression.py -> /home/atk-sandbox/atk-sandbox/workspace/install/launch_utils/lib/python3.10/site-packages/launch_utils/substitutions
copying /home/atk-sandbox/atk-sandbox/workspace/build/launch_utils/build/lib/launch_utils/utilities.py -> /home/atk-sandbox/atk-sandbox/workspace/install/launch_utils/lib/python3.10/site-packages/launch_utils
byte-compiling /home/atk-sandbox/atk-sandbox/workspace/install/launch_utils/lib/python3.10/site-packages/launch_utils/__init__.py to __init__.cpython-310.pyc
byte-compiling /home/atk-sandbox/atk-sandbox/workspace/install/launch_utils/lib/python3.10/site-packages/launch_utils/conditions/__init__.py to __init__.cpython-310.pyc
byte-compiling /home/atk-sandbox/atk-sandbox/workspace/install/launch_utils/lib/python3.10/site-packages/launch_utils/conditions/multiple_if_conditions.py to multiple_if_conditions.cpython-310.pyc
byte-compiling /home/atk-sandbox/atk-sandbox/workspace/install/launch_utils/lib/python3.10/site-packages/launch_utils/substitutions/__init__.py to __init__.cpython-310.pyc
byte-compiling /home/atk-sandbox/atk-sandbox/workspace/install/launch_utils/lib/python3.10/site-packages/launch_utils/substitutions/quote_wrapped_python_expression.py to quote_wrapped_python_expression.cpython-310.pyc
byte-compiling /home/atk-sandbox/atk-sandbox/workspace/install/launch_utils/lib/python3.10/site-packages/launch_utils/utilities.py to utilities.cpython-310.pyc
running install_data
creating /home/atk-sandbox/atk-sandbox/workspace/install/launch_utils/share/ament_index
creating /home/atk-sandbox/atk-sandbox/workspace/install/launch_utils/share/ament_index/resource_index
creating /home/atk-sandbox/atk-sandbox/workspace/install/launch_utils/share/ament_index/resource_index/packages
copying resource/launch_utils -> /home/atk-sandbox/atk-sandbox/workspace/install/launch_utils/share/ament_index/resource_index/packages
copying package.xml -> /home/atk-sandbox/atk-sandbox/workspace/install/launch_utils/share/launch_utils
running install_egg_info
Copying ../../../../build/launch_utils/launch_utils.egg-info to /home/atk-sandbox/atk-sandbox/workspace/install/launch_utils/lib/python3.10/site-packages/launch_utils-0.0.0-py3.10.egg-info
running install_scripts
writing list of installed files to '/home/atk-sandbox/atk-sandbox/workspace/build/launch_utils/install.log'
