[0.433s] Invoking command in '/home/atk-sandbox/atk-sandbox/workspace/build/merge_arrays': CMAKE_PREFIX_PATH=${CMAKE_PREFIX_PATH}:/home/atk-sandbox/atk-sandbox/workspace/install/launch_utils:/opt/ros/humble /usr/bin/cmake --build /home/atk-sandbox/atk-sandbox/workspace/build/merge_arrays -- -j4 -l4
[1.971s] [35m[1mConsolidate compiler generated dependencies of target merge_arrays_node[0m
[4.423s] [ 50%] [32mBuilding CXX object CMakeFiles/merge_arrays_node.dir/src/merge_arrays_node.cpp.o[0m
[9.036s] [01m[K/home/atk-sandbox/atk-sandbox/workspace/src/merge_arrays/src/merge_arrays_node.cpp:[m[K In member function ‘[01m[Kvoid MergeArrays::topic_callback(const Int32MultiArray&)[m[K’:
[9.041s] [01m[K/home/atk-sandbox/atk-sandbox/workspace/src/merge_arrays/src/merge_arrays_node.cpp:45:56:[m[K [01;31m[Kerror: [m[Kno match for ‘[01m[Koperator<[m[K’ (operand types are ‘[01m[Kstd_msgs::msg::Int32MultiArray[m[K’ {aka ‘[01m[Kstd_msgs::msg::Int32MultiArray_<std::allocator<void> >[m[K’} and ‘[01m[Kint[m[K’)
[9.047s]    45 |         result_array = std_msgs::msg::[32m[KInt32MultiArray()[m[K[01;31m[K<[m[K[34m[K3[m[K>;
[9.051s]       |                                       [32m[K~~~~~~~~~~~~~~~~~[m[K[01;31m[K^[m[K[34m[K~[m[K
[9.056s]       |                                       [32m[K|[m[K                 [34m[K|[m[K
[9.059s]       |                                       [32m[K|[m[K                 [34m[Kint[m[K
[9.064s]       |                                       [32m[Kstd_msgs::msg::Int32MultiArray {aka std_msgs::msg::Int32MultiArray_<std::allocator<void> >}[m[K
[9.068s] In file included from [01m[K/usr/include/c++/11/utility:70[m[K,
[9.074s]                  from [01m[K/usr/include/c++/11/tuple:38[m[K,
[9.078s]                  from [01m[K/usr/include/c++/11/functional:54[m[K,
[9.082s]                  from [01m[K/home/atk-sandbox/atk-sandbox/workspace/src/merge_arrays/src/merge_arrays_node.cpp:2[m[K:
[9.086s] [01m[K/usr/include/c++/11/bits/stl_pair.h:489:5:[m[K [01;36m[Knote: [m[Kcandidate: ‘[01m[Ktemplate<class _T1, class _T2> constexpr bool std::operator<(const std::pair<_T1, _T2>&, const std::pair<_T1, _T2>&)[m[K’
[9.091s]   489 |     [01;36m[Koperator[m[K<(const pair<_T1, _T2>& __x, const pair<_T1, _T2>& __y)
[9.094s]       |     [01;36m[K^~~~~~~~[m[K
[9.099s] [01m[K/usr/include/c++/11/bits/stl_pair.h:489:5:[m[K [01;36m[Knote: [m[K  template argument deduction/substitution failed:
[9.104s] [01m[K/home/atk-sandbox/atk-sandbox/workspace/src/merge_arrays/src/merge_arrays_node.cpp:45:57:[m[K [01;36m[Knote: [m[K  ‘[01m[Kstd_msgs::msg::Int32MultiArray[m[K’ {aka ‘[01m[Kstd_msgs::msg::Int32MultiArray_<std::allocator<void> >[m[K’} is not derived from ‘[01m[Kconst std::pair<_T1, _T2>[m[K’
[9.110s]    45 |         result_array = std_msgs::msg::Int32MultiArray()<[01;36m[K3[m[K>;
[9.114s]       |                                                         [01;36m[K^[m[K
[9.119s] In file included from [01m[K/usr/include/c++/11/bits/stl_algobase.h:67[m[K,
[9.123s]                  from [01m[K/usr/include/c++/11/array:40[m[K,
[9.127s]                  from [01m[K/usr/include/c++/11/tuple:39[m[K,
[9.131s]                  from [01m[K/usr/include/c++/11/functional:54[m[K,
[9.135s]                  from [01m[K/home/atk-sandbox/atk-sandbox/workspace/src/merge_arrays/src/merge_arrays_node.cpp:2[m[K:
[9.139s] [01m[K/usr/include/c++/11/bits/stl_iterator.h:425:5:[m[K [01;36m[Knote: [m[Kcandidate: ‘[01m[Ktemplate<class _Iterator> constexpr bool std::operator<(const std::reverse_iterator<_Iterator>&, const std::reverse_iterator<_Iterator>&)[m[K’
[9.142s]   425 |     [01;36m[Koperator[m[K<(const reverse_iterator<_Iterator>& __x,
[9.145s]       |     [01;36m[K^~~~~~~~[m[K
[9.149s] [01m[K/usr/include/c++/11/bits/stl_iterator.h:425:5:[m[K [01;36m[Knote: [m[K  template argument deduction/substitution failed:
[9.153s] [01m[K/home/atk-sandbox/atk-sandbox/workspace/src/merge_arrays/src/merge_arrays_node.cpp:45:57:[m[K [01;36m[Knote: [m[K  ‘[01m[Kstd_msgs::msg::Int32MultiArray[m[K’ {aka ‘[01m[Kstd_msgs::msg::Int32MultiArray_<std::allocator<void> >[m[K’} is not derived from ‘[01m[Kconst std::reverse_iterator<_Iterator>[m[K’
[9.158s]    45 |         result_array = std_msgs::msg::Int32MultiArray()<[01;36m[K3[m[K>;
[9.161s]       |                                                         [01;36m[K^[m[K
[9.167s] In file included from [01m[K/usr/include/c++/11/bits/stl_algobase.h:67[m[K,
[9.171s]                  from [01m[K/usr/include/c++/11/array:40[m[K,
[9.177s]                  from [01m[K/usr/include/c++/11/tuple:39[m[K,
[9.182s]                  from [01m[K/usr/include/c++/11/functional:54[m[K,
[9.185s]                  from [01m[K/home/atk-sandbox/atk-sandbox/workspace/src/merge_arrays/src/merge_arrays_node.cpp:2[m[K:
[9.189s] [01m[K/usr/include/c++/11/bits/stl_iterator.h:464:5:[m[K [01;36m[Knote: [m[Kcandidate: ‘[01m[Ktemplate<class _IteratorL, class _IteratorR> constexpr bool std::operator<(const std::reverse_iterator<_Iterator>&, const std::reverse_iterator<_IteratorR>&)[m[K’
[9.193s]   464 |     [01;36m[Koperator[m[K<(const reverse_iterator<_IteratorL>& __x,
[9.197s]       |     [01;36m[K^~~~~~~~[m[K
[9.202s] [01m[K/usr/include/c++/11/bits/stl_iterator.h:464:5:[m[K [01;36m[Knote: [m[K  template argument deduction/substitution failed:
[9.206s] [01m[K/home/atk-sandbox/atk-sandbox/workspace/src/merge_arrays/src/merge_arrays_node.cpp:45:57:[m[K [01;36m[Knote: [m[K  ‘[01m[Kstd_msgs::msg::Int32MultiArray[m[K’ {aka ‘[01m[Kstd_msgs::msg::Int32MultiArray_<std::allocator<void> >[m[K’} is not derived from ‘[01m[Kconst std::reverse_iterator<_Iterator>[m[K’
[9.210s]    45 |         result_array = std_msgs::msg::Int32MultiArray()<[01;36m[K3[m[K>;
[9.214s]       |                                                         [01;36m[K^[m[K
[9.217s] In file included from [01m[K/usr/include/c++/11/bits/stl_algobase.h:67[m[K,
[9.220s]                  from [01m[K/usr/include/c++/11/array:40[m[K,
[9.224s]                  from [01m[K/usr/include/c++/11/tuple:39[m[K,
[9.228s]                  from [01m[K/usr/include/c++/11/functional:54[m[K,
[9.232s]                  from [01m[K/home/atk-sandbox/atk-sandbox/workspace/src/merge_arrays/src/merge_arrays_node.cpp:2[m[K:
[9.237s] [01m[K/usr/include/c++/11/bits/stl_iterator.h:1557:5:[m[K [01;36m[Knote: [m[Kcandidate: ‘[01m[Ktemplate<class _IteratorL, class _IteratorR> constexpr bool std::operator<(const std::move_iterator<_IteratorL>&, const std::move_iterator<_IteratorR>&)[m[K’
[9.240s]  1557 |     [01;36m[Koperator[m[K<(const move_iterator<_IteratorL>& __x,
[9.244s]       |     [01;36m[K^~~~~~~~[m[K
[9.248s] [01m[K/usr/include/c++/11/bits/stl_iterator.h:1557:5:[m[K [01;36m[Knote: [m[K  template argument deduction/substitution failed:
[9.252s] [01m[K/home/atk-sandbox/atk-sandbox/workspace/src/merge_arrays/src/merge_arrays_node.cpp:45:57:[m[K [01;36m[Knote: [m[K  ‘[01m[Kstd_msgs::msg::Int32MultiArray[m[K’ {aka ‘[01m[Kstd_msgs::msg::Int32MultiArray_<std::allocator<void> >[m[K’} is not derived from ‘[01m[Kconst std::move_iterator<_IteratorL>[m[K’
[9.256s]    45 |         result_array = std_msgs::msg::Int32MultiArray()<[01;36m[K3[m[K>;
[9.259s]       |                                                         [01;36m[K^[m[K
[9.263s] In file included from [01m[K/usr/include/c++/11/bits/stl_algobase.h:67[m[K,
[9.266s]                  from [01m[K/usr/include/c++/11/array:40[m[K,
[9.270s]                  from [01m[K/usr/include/c++/11/tuple:39[m[K,
[9.273s]                  from [01m[K/usr/include/c++/11/functional:54[m[K,
[9.279s]                  from [01m[K/home/atk-sandbox/atk-sandbox/workspace/src/merge_arrays/src/merge_arrays_node.cpp:2[m[K:
[9.283s] [01m[K/usr/include/c++/11/bits/stl_iterator.h:1613:5:[m[K [01;36m[Knote: [m[Kcandidate: ‘[01m[Ktemplate<class _Iterator> constexpr bool std::operator<(const std::move_iterator<_IteratorL>&, const std::move_iterator<_IteratorL>&)[m[K’
[9.288s]  1613 |     [01;36m[Koperator[m[K<(const move_iterator<_Iterator>& __x,
[9.292s]       |     [01;36m[K^~~~~~~~[m[K
[9.297s] [01m[K/usr/include/c++/11/bits/stl_iterator.h:1613:5:[m[K [01;36m[Knote: [m[K  template argument deduction/substitution failed:
[9.300s] [01m[K/home/atk-sandbox/atk-sandbox/workspace/src/merge_arrays/src/merge_arrays_node.cpp:45:57:[m[K [01;36m[Knote: [m[K  ‘[01m[Kstd_msgs::msg::Int32MultiArray[m[K’ {aka ‘[01m[Kstd_msgs::msg::Int32MultiArray_<std::allocator<void> >[m[K’} is not derived from ‘[01m[Kconst std::move_iterator<_IteratorL>[m[K’
[9.306s]    45 |         result_array = std_msgs::msg::Int32MultiArray()<[01;36m[K3[m[K>;
[9.310s]       |                                                         [01;36m[K^[m[K
[9.315s] In file included from [01m[K/usr/include/c++/11/tuple:39[m[K,
[9.319s]                  from [01m[K/usr/include/c++/11/functional:54[m[K,
[9.324s]                  from [01m[K/home/atk-sandbox/atk-sandbox/workspace/src/merge_arrays/src/merge_arrays_node.cpp:2[m[K:
[9.329s] [01m[K/usr/include/c++/11/array:311:5:[m[K [01;36m[Knote: [m[Kcandidate: ‘[01m[Ktemplate<class _Tp, long unsigned int _Nm> bool std::operator<(const std::array<_Tp, _Nm>&, const std::array<_Tp, _Nm>&)[m[K’
[9.333s]   311 |     [01;36m[Koperator[m[K<(const array<_Tp, _Nm>& __a, const array<_Tp, _Nm>& __b)
[9.336s]       |     [01;36m[K^~~~~~~~[m[K
[9.340s] [01m[K/usr/include/c++/11/array:311:5:[m[K [01;36m[Knote: [m[K  template argument deduction/substitution failed:
[9.344s] [01m[K/home/atk-sandbox/atk-sandbox/workspace/src/merge_arrays/src/merge_arrays_node.cpp:45:57:[m[K [01;36m[Knote: [m[K  ‘[01m[Kstd_msgs::msg::Int32MultiArray[m[K’ {aka ‘[01m[Kstd_msgs::msg::Int32MultiArray_<std::allocator<void> >[m[K’} is not derived from ‘[01m[Kconst std::array<_Tp, _Nm>[m[K’
[9.347s]    45 |         result_array = std_msgs::msg::Int32MultiArray()<[01;36m[K3[m[K>;
[9.351s]       |                                                         [01;36m[K^[m[K
[9.354s] In file included from [01m[K/usr/include/c++/11/functional:54[m[K,
[9.358s]                  from [01m[K/home/atk-sandbox/atk-sandbox/workspace/src/merge_arrays/src/merge_arrays_node.cpp:2[m[K:
[9.362s] [01m[K/usr/include/c++/11/tuple:1570:5:[m[K [01;36m[Knote: [m[Kcandidate: ‘[01m[Ktemplate<class ... _TElements, class ... _UElements> constexpr bool std::operator<(const std::tuple<_Tps ...>&, const std::tuple<_UTypes ...>&)[m[K’
[9.366s]  1570 |     [01;36m[Koperator[m[K<(const tuple<_TElements...>& __t,
[9.370s]       |     [01;36m[K^~~~~~~~[m[K
[9.375s] [01m[K/usr/include/c++/11/tuple:1570:5:[m[K [01;36m[Knote: [m[K  template argument deduction/substitution failed:
[9.380s] [01m[K/home/atk-sandbox/atk-sandbox/workspace/src/merge_arrays/src/merge_arrays_node.cpp:45:57:[m[K [01;36m[Knote: [m[K  ‘[01m[Kstd_msgs::msg::Int32MultiArray[m[K’ {aka ‘[01m[Kstd_msgs::msg::Int32MultiArray_<std::allocator<void> >[m[K’} is not derived from ‘[01m[Kconst std::tuple<_Tps ...>[m[K’
[9.384s]    45 |         result_array = std_msgs::msg::Int32MultiArray()<[01;36m[K3[m[K>;
[9.387s]       |                                                         [01;36m[K^[m[K
[9.392s] In file included from [01m[K/usr/include/c++/11/vector:67[m[K,
[9.395s]                  from [01m[K/usr/include/c++/11/functional:62[m[K,
[9.399s]                  from [01m[K/home/atk-sandbox/atk-sandbox/workspace/src/merge_arrays/src/merge_arrays_node.cpp:2[m[K:
[9.403s] [01m[K/usr/include/c++/11/bits/stl_vector.h:1930:5:[m[K [01;36m[Knote: [m[Kcandidate: ‘[01m[Ktemplate<class _Tp, class _Alloc> bool std::operator<(const std::vector<_Tp, _Alloc>&, const std::vector<_Tp, _Alloc>&)[m[K’
[9.407s]  1930 |     [01;36m[Koperator[m[K<(const vector<_Tp, _Alloc>& __x, const vector<_Tp, _Alloc>& __y)
[9.411s]       |     [01;36m[K^~~~~~~~[m[K
[9.416s] [01m[K/usr/include/c++/11/bits/stl_vector.h:1930:5:[m[K [01;36m[Knote: [m[K  template argument deduction/substitution failed:
[9.421s] [01m[K/home/atk-sandbox/atk-sandbox/workspace/src/merge_arrays/src/merge_arrays_node.cpp:45:57:[m[K [01;36m[Knote: [m[K  ‘[01m[Kstd_msgs::msg::Int32MultiArray[m[K’ {aka ‘[01m[Kstd_msgs::msg::Int32MultiArray_<std::allocator<void> >[m[K’} is not derived from ‘[01m[Kconst std::vector<_Tp, _Alloc>[m[K’
[9.424s]    45 |         result_array = std_msgs::msg::Int32MultiArray()<[01;36m[K3[m[K>;
[9.429s]       |                                                         [01;36m[K^[m[K
[9.434s] In file included from [01m[K/usr/include/c++/11/memory:76[m[K,
[9.439s]                  from [01m[K/home/atk-sandbox/atk-sandbox/workspace/src/merge_arrays/src/merge_arrays_node.cpp:3[m[K:
[9.445s] [01m[K/usr/include/c++/11/bits/unique_ptr.h:795:5:[m[K [01;36m[Knote: [m[Kcandidate: ‘[01m[Ktemplate<class _Tp, class _Dp, class _Up, class _Ep> bool std::operator<(const std::unique_ptr<_Tp, _Dp>&, const std::unique_ptr<_Up, _Ep>&)[m[K’
[9.449s]   795 |     [01;36m[Koperator[m[K<(const unique_ptr<_Tp, _Dp>& __x,
[9.453s]       |     [01;36m[K^~~~~~~~[m[K
[9.457s] [01m[K/usr/include/c++/11/bits/unique_ptr.h:795:5:[m[K [01;36m[Knote: [m[K  template argument deduction/substitution failed:
[9.462s] [01m[K/home/atk-sandbox/atk-sandbox/workspace/src/merge_arrays/src/merge_arrays_node.cpp:45:57:[m[K [01;36m[Knote: [m[K  ‘[01m[Kstd_msgs::msg::Int32MultiArray[m[K’ {aka ‘[01m[Kstd_msgs::msg::Int32MultiArray_<std::allocator<void> >[m[K’} is not derived from ‘[01m[Kconst std::unique_ptr<_Tp, _Dp>[m[K’
[9.466s]    45 |         result_array = std_msgs::msg::Int32MultiArray()<[01;36m[K3[m[K>;
[9.470s]       |                                                         [01;36m[K^[m[K
[9.474s] In file included from [01m[K/usr/include/c++/11/memory:76[m[K,
[9.479s]                  from [01m[K/home/atk-sandbox/atk-sandbox/workspace/src/merge_arrays/src/merge_arrays_node.cpp:3[m[K:
[9.484s] [01m[K/usr/include/c++/11/bits/unique_ptr.h:807:5:[m[K [01;36m[Knote: [m[Kcandidate: ‘[01m[Ktemplate<class _Tp, class _Dp> bool std::operator<(const std::unique_ptr<_Tp, _Dp>&, std::nullptr_t)[m[K’
[9.489s]   807 |     [01;36m[Koperator[m[K<(const unique_ptr<_Tp, _Dp>& __x, nullptr_t)
[9.493s]       |     [01;36m[K^~~~~~~~[m[K
[9.498s] [01m[K/usr/include/c++/11/bits/unique_ptr.h:807:5:[m[K [01;36m[Knote: [m[K  template argument deduction/substitution failed:
[9.502s] [01m[K/home/atk-sandbox/atk-sandbox/workspace/src/merge_arrays/src/merge_arrays_node.cpp:45:57:[m[K [01;36m[Knote: [m[K  ‘[01m[Kstd_msgs::msg::Int32MultiArray[m[K’ {aka ‘[01m[Kstd_msgs::msg::Int32MultiArray_<std::allocator<void> >[m[K’} is not derived from ‘[01m[Kconst std::unique_ptr<_Tp, _Dp>[m[K’
[9.506s]    45 |         result_array = std_msgs::msg::Int32MultiArray()<[01;36m[K3[m[K>;
[9.509s]       |                                                         [01;36m[K^[m[K
[9.513s] In file included from [01m[K/usr/include/c++/11/memory:76[m[K,
[9.516s]                  from [01m[K/home/atk-sandbox/atk-sandbox/workspace/src/merge_arrays/src/merge_arrays_node.cpp:3[m[K:
[9.522s] [01m[K/usr/include/c++/11/bits/unique_ptr.h:816:5:[m[K [01;36m[Knote: [m[Kcandidate: ‘[01m[Ktemplate<class _Tp, class _Dp> bool std::operator<(std::nullptr_t, const std::unique_ptr<_Tp, _Dp>&)[m[K’
[9.528s]   816 |     [01;36m[Koperator[m[K<(nullptr_t, const unique_ptr<_Tp, _Dp>& __x)
[9.532s]       |     [01;36m[K^~~~~~~~[m[K
[9.537s] [01m[K/usr/include/c++/11/bits/unique_ptr.h:816:5:[m[K [01;36m[Knote: [m[K  template argument deduction/substitution failed:
[9.540s] [01m[K/home/atk-sandbox/atk-sandbox/workspace/src/merge_arrays/src/merge_arrays_node.cpp:45:57:[m[K [01;36m[Knote: [m[K  mismatched types ‘[01m[Kconst std::unique_ptr<_Tp, _Dp>[m[K’ and ‘[01m[Kint[m[K’
[9.545s]    45 |         result_array = std_msgs::msg::Int32MultiArray()<[01;36m[K3[m[K>;
[9.549s]       |                                                         [01;36m[K^[m[K
[9.553s] In file included from [01m[K/usr/include/c++/11/bits/shared_ptr.h:53[m[K,
[9.557s]                  from [01m[K/usr/include/c++/11/memory:77[m[K,
[9.560s]                  from [01m[K/home/atk-sandbox/atk-sandbox/workspace/src/merge_arrays/src/merge_arrays_node.cpp:3[m[K:
[9.564s] [01m[K/usr/include/c++/11/bits/shared_ptr_base.h:1457:5:[m[K [01;36m[Knote: [m[Kcandidate: ‘[01m[Ktemplate<class _Tp, class _Up, __gnu_cxx::_Lock_policy _Lp> bool std::operator<(const std::__shared_ptr<_Tp1, _Lp>&, const std::__shared_ptr<_Tp2, _Lp>&)[m[K’
[9.568s]  1457 |     [01;36m[Koperator[m[K<(const __shared_ptr<_Tp, _Lp>& __a,
[9.571s]       |     [01;36m[K^~~~~~~~[m[K
[9.576s] [01m[K/usr/include/c++/11/bits/shared_ptr_base.h:1457:5:[m[K [01;36m[Knote: [m[K  template argument deduction/substitution failed:
[9.581s] [01m[K/home/atk-sandbox/atk-sandbox/workspace/src/merge_arrays/src/merge_arrays_node.cpp:45:57:[m[K [01;36m[Knote: [m[K  ‘[01m[Kstd_msgs::msg::Int32MultiArray[m[K’ {aka ‘[01m[Kstd_msgs::msg::Int32MultiArray_<std::allocator<void> >[m[K’} is not derived from ‘[01m[Kconst std::__shared_ptr<_Tp1, _Lp>[m[K’
[9.586s]    45 |         result_array = std_msgs::msg::Int32MultiArray()<[01;36m[K3[m[K>;
[9.591s]       |                                                         [01;36m[K^[m[K
[9.595s] In file included from [01m[K/usr/include/c++/11/bits/shared_ptr.h:53[m[K,
[9.600s]                  from [01m[K/usr/include/c++/11/memory:77[m[K,
[9.603s]                  from [01m[K/home/atk-sandbox/atk-sandbox/workspace/src/merge_arrays/src/merge_arrays_node.cpp:3[m[K:
[9.607s] [01m[K/usr/include/c++/11/bits/shared_ptr_base.h:1468:5:[m[K [01;36m[Knote: [m[Kcandidate: ‘[01m[Ktemplate<class _Tp, __gnu_cxx::_Lock_policy _Lp> bool std::operator<(const std::__shared_ptr<_Tp, _Lp>&, std::nullptr_t)[m[K’
[9.612s]  1468 |     [01;36m[Koperator[m[K<(const __shared_ptr<_Tp, _Lp>& __a, nullptr_t) noexcept
[9.616s]       |     [01;36m[K^~~~~~~~[m[K
[9.620s] [01m[K/usr/include/c++/11/bits/shared_ptr_base.h:1468:5:[m[K [01;36m[Knote: [m[K  template argument deduction/substitution failed:
[9.625s] [01m[K/home/atk-sandbox/atk-sandbox/workspace/src/merge_arrays/src/merge_arrays_node.cpp:45:57:[m[K [01;36m[Knote: [m[K  ‘[01m[Kstd_msgs::msg::Int32MultiArray[m[K’ {aka ‘[01m[Kstd_msgs::msg::Int32MultiArray_<std::allocator<void> >[m[K’} is not derived from ‘[01m[Kconst std::__shared_ptr<_Tp, _Lp>[m[K’
[9.629s]    45 |         result_array = std_msgs::msg::Int32MultiArray()<[01;36m[K3[m[K>;
[9.634s]       |                                                         [01;36m[K^[m[K
[9.639s] In file included from [01m[K/usr/include/c++/11/bits/shared_ptr.h:53[m[K,
[9.643s]                  from [01m[K/usr/include/c++/11/memory:77[m[K,
[9.647s]                  from [01m[K/home/atk-sandbox/atk-sandbox/workspace/src/merge_arrays/src/merge_arrays_node.cpp:3[m[K:
[9.651s] [01m[K/usr/include/c++/11/bits/shared_ptr_base.h:1476:5:[m[K [01;36m[Knote: [m[Kcandidate: ‘[01m[Ktemplate<class _Tp, __gnu_cxx::_Lock_policy _Lp> bool std::operator<(std::nullptr_t, const std::__shared_ptr<_Tp, _Lp>&)[m[K’
[9.655s]  1476 |     [01;36m[Koperator[m[K<(nullptr_t, const __shared_ptr<_Tp, _Lp>& __a) noexcept
[9.659s]       |     [01;36m[K^~~~~~~~[m[K
[9.663s] [01m[K/usr/include/c++/11/bits/shared_ptr_base.h:1476:5:[m[K [01;36m[Knote: [m[K  template argument deduction/substitution failed:
[9.666s] [01m[K/home/atk-sandbox/atk-sandbox/workspace/src/merge_arrays/src/merge_arrays_node.cpp:45:57:[m[K [01;36m[Knote: [m[K  mismatched types ‘[01m[Kconst std::__shared_ptr<_Tp, _Lp>[m[K’ and ‘[01m[Kint[m[K’
[9.671s]    45 |         result_array = std_msgs::msg::Int32MultiArray()<[01;36m[K3[m[K>;
[9.675s]       |                                                         [01;36m[K^[m[K
[9.680s] In file included from [01m[K/usr/include/c++/11/memory:77[m[K,
[9.683s]                  from [01m[K/home/atk-sandbox/atk-sandbox/workspace/src/merge_arrays/src/merge_arrays_node.cpp:3[m[K:
[9.689s] [01m[K/usr/include/c++/11/bits/shared_ptr.h:488:5:[m[K [01;36m[Knote: [m[Kcandidate: ‘[01m[Ktemplate<class _Tp, class _Up> bool std::operator<(const std::shared_ptr<_Tp>&, const std::shared_ptr<_Tp>&)[m[K’
[9.693s]   488 |     [01;36m[Koperator[m[K<(const shared_ptr<_Tp>& __a, const shared_ptr<_Up>& __b) noexcept
[9.698s]       |     [01;36m[K^~~~~~~~[m[K
[9.703s] [01m[K/usr/include/c++/11/bits/shared_ptr.h:488:5:[m[K [01;36m[Knote: [m[K  template argument deduction/substitution failed:
[9.707s] [01m[K/home/atk-sandbox/atk-sandbox/workspace/src/merge_arrays/src/merge_arrays_node.cpp:45:57:[m[K [01;36m[Knote: [m[K  ‘[01m[Kstd_msgs::msg::Int32MultiArray[m[K’ {aka ‘[01m[Kstd_msgs::msg::Int32MultiArray_<std::allocator<void> >[m[K’} is not derived from ‘[01m[Kconst std::shared_ptr<_Tp>[m[K’
[9.711s]    45 |         result_array = std_msgs::msg::Int32MultiArray()<[01;36m[K3[m[K>;
[9.716s]       |                                                         [01;36m[K^[m[K
[9.720s] In file included from [01m[K/usr/include/c++/11/memory:77[m[K,
[9.725s]                  from [01m[K/home/atk-sandbox/atk-sandbox/workspace/src/merge_arrays/src/merge_arrays_node.cpp:3[m[K:
[9.730s] [01m[K/usr/include/c++/11/bits/shared_ptr.h:499:5:[m[K [01;36m[Knote: [m[Kcandidate: ‘[01m[Ktemplate<class _Tp> bool std::operator<(const std::shared_ptr<_Tp>&, std::nullptr_t)[m[K’
[9.734s]   499 |     [01;36m[Koperator[m[K<(const shared_ptr<_Tp>& __a, nullptr_t) noexcept
[9.738s]       |     [01;36m[K^~~~~~~~[m[K
[9.742s] [01m[K/usr/include/c++/11/bits/shared_ptr.h:499:5:[m[K [01;36m[Knote: [m[K  template argument deduction/substitution failed:
[9.746s] [01m[K/home/atk-sandbox/atk-sandbox/workspace/src/merge_arrays/src/merge_arrays_node.cpp:45:57:[m[K [01;36m[Knote: [m[K  ‘[01m[Kstd_msgs::msg::Int32MultiArray[m[K’ {aka ‘[01m[Kstd_msgs::msg::Int32MultiArray_<std::allocator<void> >[m[K’} is not derived from ‘[01m[Kconst std::shared_ptr<_Tp>[m[K’
[9.750s]    45 |         result_array = std_msgs::msg::Int32MultiArray()<[01;36m[K3[m[K>;
[9.753s]       |                                                         [01;36m[K^[m[K
[9.758s] In file included from [01m[K/usr/include/c++/11/memory:77[m[K,
[9.762s]                  from [01m[K/home/atk-sandbox/atk-sandbox/workspace/src/merge_arrays/src/merge_arrays_node.cpp:3[m[K:
[9.766s] [01m[K/usr/include/c++/11/bits/shared_ptr.h:508:5:[m[K [01;36m[Knote: [m[Kcandidate: ‘[01m[Ktemplate<class _Tp> bool std::operator<(std::nullptr_t, const std::shared_ptr<_Tp>&)[m[K’
[9.769s]   508 |     [01;36m[Koperator[m[K<(nullptr_t, const shared_ptr<_Tp>& __a) noexcept
[9.774s]       |     [01;36m[K^~~~~~~~[m[K
[9.778s] [01m[K/usr/include/c++/11/bits/shared_ptr.h:508:5:[m[K [01;36m[Knote: [m[K  template argument deduction/substitution failed:
[9.784s] [01m[K/home/atk-sandbox/atk-sandbox/workspace/src/merge_arrays/src/merge_arrays_node.cpp:45:57:[m[K [01;36m[Knote: [m[K  mismatched types ‘[01m[Kconst std::shared_ptr<_Tp>[m[K’ and ‘[01m[Kint[m[K’
[9.791s]    45 |         result_array = std_msgs::msg::Int32MultiArray()<[01;36m[K3[m[K>;
[9.795s]       |                                                         [01;36m[K^[m[K
[9.799s] In file included from [01m[K/usr/include/c++/11/bits/basic_string.h:48[m[K,
[9.803s]                  from [01m[K/usr/include/c++/11/string:55[m[K,
[9.808s]                  from [01m[K/home/atk-sandbox/atk-sandbox/workspace/src/merge_arrays/src/merge_arrays_node.cpp:4[m[K:
[9.813s] [01m[K/usr/include/c++/11/string_view:589:5:[m[K [01;36m[Knote: [m[Kcandidate: ‘[01m[Ktemplate<class _CharT, class _Traits> constexpr bool std::operator<(std::basic_string_view<_CharT, _Traits>, std::basic_string_view<_CharT, _Traits>)[m[K’
[9.817s]   589 |     [01;36m[Koperator[m[K< (basic_string_view<_CharT, _Traits> __x,
[9.822s]       |     [01;36m[K^~~~~~~~[m[K
[9.826s] [01m[K/usr/include/c++/11/string_view:589:5:[m[K [01;36m[Knote: [m[K  template argument deduction/substitution failed:
[9.830s] [01m[K/home/atk-sandbox/atk-sandbox/workspace/src/merge_arrays/src/merge_arrays_node.cpp:45:57:[m[K [01;36m[Knote: [m[K  ‘[01m[Kstd_msgs::msg::Int32MultiArray_<std::allocator<void> >[m[K’ is not derived from ‘[01m[Kstd::basic_string_view<_CharT, _Traits>[m[K’
[9.834s]    45 |         result_array = std_msgs::msg::Int32MultiArray()<[01;36m[K3[m[K>;
[9.838s]       |                                                         [01;36m[K^[m[K
[9.842s] In file included from [01m[K/usr/include/c++/11/bits/basic_string.h:48[m[K,
[9.846s]                  from [01m[K/usr/include/c++/11/string:55[m[K,
[9.850s]                  from [01m[K/home/atk-sandbox/atk-sandbox/workspace/src/merge_arrays/src/merge_arrays_node.cpp:4[m[K:
[9.854s] [01m[K/usr/include/c++/11/string_view:595:5:[m[K [01;36m[Knote: [m[Kcandidate: ‘[01m[Ktemplate<class _CharT, class _Traits> constexpr bool std::operator<(std::basic_string_view<_CharT, _Traits>, std::__type_identity_t<std::basic_string_view<_CharT, _Traits> >)[m[K’
[9.858s]   595 |     [01;36m[Koperator[m[K< (basic_string_view<_CharT, _Traits> __x,
[9.861s]       |     [01;36m[K^~~~~~~~[m[K
[9.866s] [01m[K/usr/include/c++/11/string_view:595:5:[m[K [01;36m[Knote: [m[K  template argument deduction/substitution failed:
[9.874s] [01m[K/home/atk-sandbox/atk-sandbox/workspace/src/merge_arrays/src/merge_arrays_node.cpp:45:57:[m[K [01;36m[Knote: [m[K  ‘[01m[Kstd_msgs::msg::Int32MultiArray_<std::allocator<void> >[m[K’ is not derived from ‘[01m[Kstd::basic_string_view<_CharT, _Traits>[m[K’
[9.878s]    45 |         result_array = std_msgs::msg::Int32MultiArray()<[01;36m[K3[m[K>;
[9.882s]       |                                                         [01;36m[K^[m[K
[9.886s] In file included from [01m[K/usr/include/c++/11/bits/basic_string.h:48[m[K,
[9.892s]                  from [01m[K/usr/include/c++/11/string:55[m[K,
[9.897s]                  from [01m[K/home/atk-sandbox/atk-sandbox/workspace/src/merge_arrays/src/merge_arrays_node.cpp:4[m[K:
[9.902s] [01m[K/usr/include/c++/11/string_view:602:5:[m[K [01;36m[Knote: [m[Kcandidate: ‘[01m[Ktemplate<class _CharT, class _Traits> constexpr bool std::operator<(std::__type_identity_t<std::basic_string_view<_CharT, _Traits> >, std::basic_string_view<_CharT, _Traits>)[m[K’
[9.906s]   602 |     [01;36m[Koperator[m[K< (__type_identity_t<basic_string_view<_CharT, _Traits>> __x,
[9.909s]       |     [01;36m[K^~~~~~~~[m[K
[9.913s] [01m[K/usr/include/c++/11/string_view:602:5:[m[K [01;36m[Knote: [m[K  template argument deduction/substitution failed:
[9.916s] [01m[K/home/atk-sandbox/atk-sandbox/workspace/src/merge_arrays/src/merge_arrays_node.cpp:45:57:[m[K [01;36m[Knote: [m[K  mismatched types ‘[01m[Kstd::basic_string_view<_CharT, _Traits>[m[K’ and ‘[01m[Kint[m[K’
[9.921s]    45 |         result_array = std_msgs::msg::Int32MultiArray()<[01;36m[K3[m[K>;
[9.926s]       |                                                         [01;36m[K^[m[K
[9.930s] In file included from [01m[K/usr/include/c++/11/string:55[m[K,
[9.934s]                  from [01m[K/home/atk-sandbox/atk-sandbox/workspace/src/merge_arrays/src/merge_arrays_node.cpp:4[m[K:
[9.938s] [01m[K/usr/include/c++/11/bits/basic_string.h:6340:5:[m[K [01;36m[Knote: [m[Kcandidate: ‘[01m[Ktemplate<class _CharT, class _Traits, class _Alloc> bool std::operator<(const std::__cxx11::basic_string<_CharT, _Traits, _Allocator>&, const std::__cxx11::basic_string<_CharT, _Traits, _Allocator>&)[m[K’
[9.943s]  6340 |     [01;36m[Koperator[m[K<(const basic_string<_CharT, _Traits, _Alloc>& __lhs,
[9.947s]       |     [01;36m[K^~~~~~~~[m[K
[9.950s] [01m[K/usr/include/c++/11/bits/basic_string.h:6340:5:[m[K [01;36m[Knote: [m[K  template argument deduction/substitution failed:
[9.954s] [01m[K/home/atk-sandbox/atk-sandbox/workspace/src/merge_arrays/src/merge_arrays_node.cpp:45:57:[m[K [01;36m[Knote: [m[K  ‘[01m[Kstd_msgs::msg::Int32MultiArray[m[K’ {aka ‘[01m[Kstd_msgs::msg::Int32MultiArray_<std::allocator<void> >[m[K’} is not derived from ‘[01m[Kconst std::__cxx11::basic_string<_CharT, _Traits, _Allocator>[m[K’
[9.958s]    45 |         result_array = std_msgs::msg::Int32MultiArray()<[01;36m[K3[m[K>;
[9.962s]       |                                                         [01;36m[K^[m[K
[9.966s] In file included from [01m[K/usr/include/c++/11/string:55[m[K,
[9.969s]                  from [01m[K/home/atk-sandbox/atk-sandbox/workspace/src/merge_arrays/src/merge_arrays_node.cpp:4[m[K:
[9.974s] [01m[K/usr/include/c++/11/bits/basic_string.h:6353:5:[m[K [01;36m[Knote: [m[Kcandidate: ‘[01m[Ktemplate<class _CharT, class _Traits, class _Alloc> bool std::operator<(const std::__cxx11::basic_string<_CharT, _Traits, _Allocator>&, const _CharT*)[m[K’
[9.977s]  6353 |     [01;36m[Koperator[m[K<(const basic_string<_CharT, _Traits, _Alloc>& __lhs,
[9.981s]       |     [01;36m[K^~~~~~~~[m[K
[9.984s] [01m[K/usr/include/c++/11/bits/basic_string.h:6353:5:[m[K [01;36m[Knote: [m[K  template argument deduction/substitution failed:
[9.988s] [01m[K/home/atk-sandbox/atk-sandbox/workspace/src/merge_arrays/src/merge_arrays_node.cpp:45:57:[m[K [01;36m[Knote: [m[K  ‘[01m[Kstd_msgs::msg::Int32MultiArray[m[K’ {aka ‘[01m[Kstd_msgs::msg::Int32MultiArray_<std::allocator<void> >[m[K’} is not derived from ‘[01m[Kconst std::__cxx11::basic_string<_CharT, _Traits, _Allocator>[m[K’
[9.993s]    45 |         result_array = std_msgs::msg::Int32MultiArray()<[01;36m[K3[m[K>;
[9.998s]       |                                                         [01;36m[K^[m[K
[10.002s] In file included from [01m[K/usr/include/c++/11/string:55[m[K,
[10.007s]                  from [01m[K/home/atk-sandbox/atk-sandbox/workspace/src/merge_arrays/src/merge_arrays_node.cpp:4[m[K:
[10.010s] [01m[K/usr/include/c++/11/bits/basic_string.h:6365:5:[m[K [01;36m[Knote: [m[Kcandidate: ‘[01m[Ktemplate<class _CharT, class _Traits, class _Alloc> bool std::operator<(const _CharT*, const std::__cxx11::basic_string<_CharT, _Traits, _Allocator>&)[m[K’
[10.014s]  6365 |     [01;36m[Koperator[m[K<(const _CharT* __lhs,
[10.017s]       |     [01;36m[K^~~~~~~~[m[K
[10.021s] [01m[K/usr/include/c++/11/bits/basic_string.h:6365:5:[m[K [01;36m[Knote: [m[K  template argument deduction/substitution failed:
[10.026s] [01m[K/home/atk-sandbox/atk-sandbox/workspace/src/merge_arrays/src/merge_arrays_node.cpp:45:57:[m[K [01;36m[Knote: [m[K  mismatched types ‘[01m[Kconst _CharT*[m[K’ and ‘[01m[Kstd_msgs::msg::Int32MultiArray_<std::allocator<void> >[m[K’
[10.031s]    45 |         result_array = std_msgs::msg::Int32MultiArray()<[01;36m[K3[m[K>;
[10.035s]       |                                                         [01;36m[K^[m[K
[10.038s] In file included from [01m[K/usr/include/c++/11/set:61[m[K,
[10.042s]                  from [01m[K/opt/ros/humble/include/rclcpp/rclcpp/executors/multi_threaded_executor.hpp:21[m[K,
[10.046s]                  from [01m[K/opt/ros/humble/include/rclcpp/rclcpp/executors.hpp:21[m[K,
[10.050s]                  from [01m[K/opt/ros/humble/include/rclcpp/rclcpp/rclcpp.hpp:155[m[K,
[10.053s]                  from [01m[K/home/atk-sandbox/atk-sandbox/workspace/src/merge_arrays/src/merge_arrays_node.cpp:8[m[K:
[10.058s] [01m[K/usr/include/c++/11/bits/stl_set.h:1023:5:[m[K [01;36m[Knote: [m[Kcandidate: ‘[01m[Ktemplate<class _Key, class _Compare, class _Alloc> bool std::operator<(const std::set<_Key, _Compare, _Allocator>&, const std::set<_Key, _Compare, _Allocator>&)[m[K’
[10.062s]  1023 |     [01;36m[Koperator[m[K<(const set<_Key, _Compare, _Alloc>& __x,
[10.066s]       |     [01;36m[K^~~~~~~~[m[K
[10.070s] [01m[K/usr/include/c++/11/bits/stl_set.h:1023:5:[m[K [01;36m[Knote: [m[K  template argument deduction/substitution failed:
[10.074s] [01m[K/home/atk-sandbox/atk-sandbox/workspace/src/merge_arrays/src/merge_arrays_node.cpp:45:57:[m[K [01;36m[Knote: [m[K  ‘[01m[Kstd_msgs::msg::Int32MultiArray[m[K’ {aka ‘[01m[Kstd_msgs::msg::Int32MultiArray_<std::allocator<void> >[m[K’} is not derived from ‘[01m[Kconst std::set<_Key, _Compare, _Allocator>[m[K’
[10.078s]    45 |         result_array = std_msgs::msg::Int32MultiArray()<[01;36m[K3[m[K>;
[10.082s]       |                                                         [01;36m[K^[m[K
[10.085s] In file included from [01m[K/usr/include/c++/11/set:62[m[K,
[10.089s]                  from [01m[K/opt/ros/humble/include/rclcpp/rclcpp/executors/multi_threaded_executor.hpp:21[m[K,
[10.094s]                  from [01m[K/opt/ros/humble/include/rclcpp/rclcpp/executors.hpp:21[m[K,
[10.098s]                  from [01m[K/opt/ros/humble/include/rclcpp/rclcpp/rclcpp.hpp:155[m[K,
[10.102s]                  from [01m[K/home/atk-sandbox/atk-sandbox/workspace/src/merge_arrays/src/merge_arrays_node.cpp:8[m[K:
[10.107s] [01m[K/usr/include/c++/11/bits/stl_multiset.h:1009:5:[m[K [01;36m[Knote: [m[Kcandidate: ‘[01m[Ktemplate<class _Key, class _Compare, class _Alloc> bool std::operator<(const std::multiset<_Key, _Compare, _Allocator>&, const std::multiset<_Key, _Compare, _Allocator>&)[m[K’
[10.110s]  1009 |     [01;36m[Koperator[m[K<(const multiset<_Key, _Compare, _Alloc>& __x,
[10.115s]       |     [01;36m[K^~~~~~~~[m[K
[10.119s] [01m[K/usr/include/c++/11/bits/stl_multiset.h:1009:5:[m[K [01;36m[Knote: [m[K  template argument deduction/substitution failed:
[10.122s] [01m[K/home/atk-sandbox/atk-sandbox/workspace/src/merge_arrays/src/merge_arrays_node.cpp:45:57:[m[K [01;36m[Knote: [m[K  ‘[01m[Kstd_msgs::msg::Int32MultiArray[m[K’ {aka ‘[01m[Kstd_msgs::msg::Int32MultiArray_<std::allocator<void> >[m[K’} is not derived from ‘[01m[Kconst std::multiset<_Key, _Compare, _Allocator>[m[K’
[10.127s]    45 |         result_array = std_msgs::msg::Int32MultiArray()<[01;36m[K3[m[K>;
[10.132s]       |                                                         [01;36m[K^[m[K
[10.137s] In file included from [01m[K/usr/include/c++/11/list:63[m[K,
[10.141s]                  from [01m[K/opt/ros/humble/include/rclcpp/rclcpp/executor.hpp:23[m[K,
[10.150s]                  from [01m[K/opt/ros/humble/include/rclcpp/rclcpp/executors/multi_threaded_executor.hpp:25[m[K,
[10.154s]                  from [01m[K/opt/ros/humble/include/rclcpp/rclcpp/executors.hpp:21[m[K,
[10.158s]                  from [01m[K/opt/ros/humble/include/rclcpp/rclcpp/rclcpp.hpp:155[m[K,
[10.162s]                  from [01m[K/home/atk-sandbox/atk-sandbox/workspace/src/merge_arrays/src/merge_arrays_node.cpp:8[m[K:
[10.167s] [01m[K/usr/include/c++/11/bits/stl_list.h:2050:5:[m[K [01;36m[Knote: [m[Kcandidate: ‘[01m[Ktemplate<class _Tp, class _Alloc> bool std::operator<(const std::__cxx11::list<_Tp, _Alloc>&, const std::__cxx11::list<_Tp, _Alloc>&)[m[K’
[10.171s]  2050 |     [01;36m[Koperator[m[K<(const list<_Tp, _Alloc>& __x, const list<_Tp, _Alloc>& __y)
[10.175s]       |     [01;36m[K^~~~~~~~[m[K
[10.178s] [01m[K/usr/include/c++/11/bits/stl_list.h:2050:5:[m[K [01;36m[Knote: [m[K  template argument deduction/substitution failed:
[10.182s] [01m[K/home/atk-sandbox/atk-sandbox/workspace/src/merge_arrays/src/merge_arrays_node.cpp:45:57:[m[K [01;36m[Knote: [m[K  ‘[01m[Kstd_msgs::msg::Int32MultiArray[m[K’ {aka ‘[01m[Kstd_msgs::msg::Int32MultiArray_<std::allocator<void> >[m[K’} is not derived from ‘[01m[Kconst std::__cxx11::list<_Tp, _Alloc>[m[K’
[10.187s]    45 |         result_array = std_msgs::msg::Int32MultiArray()<[01;36m[K3[m[K>;
[10.190s]       |                                                         [01;36m[K^[m[K
[10.196s] In file included from [01m[K/usr/include/c++/11/map:61[m[K,
[10.199s]                  from [01m[K/opt/ros/humble/include/rclcpp/rclcpp/executor.hpp:24[m[K,
[10.204s]                  from [01m[K/opt/ros/humble/include/rclcpp/rclcpp/executors/multi_threaded_executor.hpp:25[m[K,
[10.208s]                  from [01m[K/opt/ros/humble/include/rclcpp/rclcpp/executors.hpp:21[m[K,
[10.211s]                  from [01m[K/opt/ros/humble/include/rclcpp/rclcpp/rclcpp.hpp:155[m[K,
[10.215s]                  from [01m[K/home/atk-sandbox/atk-sandbox/workspace/src/merge_arrays/src/merge_arrays_node.cpp:8[m[K:
[10.220s] [01m[K/usr/include/c++/11/bits/stl_map.h:1501:5:[m[K [01;36m[Knote: [m[Kcandidate: ‘[01m[Ktemplate<class _Key, class _Tp, class _Compare, class _Alloc> bool std::operator<(const std::map<_Key, _Tp, _Compare, _Allocator>&, const std::map<_Key, _Tp, _Compare, _Allocator>&)[m[K’
[10.223s]  1501 |     [01;36m[Koperator[m[K<(const map<_Key, _Tp, _Compare, _Alloc>& __x,
[10.228s]       |     [01;36m[K^~~~~~~~[m[K
[10.232s] [01m[K/usr/include/c++/11/bits/stl_map.h:1501:5:[m[K [01;36m[Knote: [m[K  template argument deduction/substitution failed:
[10.237s] [01m[K/home/atk-sandbox/atk-sandbox/workspace/src/merge_arrays/src/merge_arrays_node.cpp:45:57:[m[K [01;36m[Knote: [m[K  ‘[01m[Kstd_msgs::msg::Int32MultiArray[m[K’ {aka ‘[01m[Kstd_msgs::msg::Int32MultiArray_<std::allocator<void> >[m[K’} is not derived from ‘[01m[Kconst std::map<_Key, _Tp, _Compare, _Allocator>[m[K’
[10.241s]    45 |         result_array = std_msgs::msg::Int32MultiArray()<[01;36m[K3[m[K>;
[10.245s]       |                                                         [01;36m[K^[m[K
[10.249s] In file included from [01m[K/usr/include/c++/11/map:62[m[K,
[10.253s]                  from [01m[K/opt/ros/humble/include/rclcpp/rclcpp/executor.hpp:24[m[K,
[10.257s]                  from [01m[K/opt/ros/humble/include/rclcpp/rclcpp/executors/multi_threaded_executor.hpp:25[m[K,
[10.261s]                  from [01m[K/opt/ros/humble/include/rclcpp/rclcpp/executors.hpp:21[m[K,
[10.264s]                  from [01m[K/opt/ros/humble/include/rclcpp/rclcpp/rclcpp.hpp:155[m[K,
[10.269s]                  from [01m[K/home/atk-sandbox/atk-sandbox/workspace/src/merge_arrays/src/merge_arrays_node.cpp:8[m[K:
[10.274s] [01m[K/usr/include/c++/11/bits/stl_multimap.h:1166:5:[m[K [01;36m[Knote: [m[Kcandidate: ‘[01m[Ktemplate<class _Key, class _Tp, class _Compare, class _Alloc> bool std::operator<(const std::multimap<_Key, _Tp, _Compare, _Allocator>&, const std::multimap<_Key, _Tp, _Compare, _Allocator>&)[m[K’
[10.279s]  1166 |     [01;36m[Koperator[m[K<(const multimap<_Key, _Tp, _Compare, _Alloc>& __x,
[10.283s]       |     [01;36m[K^~~~~~~~[m[K
[10.288s] [01m[K/usr/include/c++/11/bits/stl_multimap.h:1166:5:[m[K [01;36m[Knote: [m[K  template argument deduction/substitution failed:
[10.292s] [01m[K/home/atk-sandbox/atk-sandbox/workspace/src/merge_arrays/src/merge_arrays_node.cpp:45:57:[m[K [01;36m[Knote: [m[K  ‘[01m[Kstd_msgs::msg::Int32MultiArray[m[K’ {aka ‘[01m[Kstd_msgs::msg::Int32MultiArray_<std::allocator<void> >[m[K’} is not derived from ‘[01m[Kconst std::multimap<_Key, _Tp, _Compare, _Allocator>[m[K’
[10.297s]    45 |         result_array = std_msgs::msg::Int32MultiArray()<[01;36m[K3[m[K>;
[10.301s]       |                                                         [01;36m[K^[m[K
[10.305s] In file included from [01m[K/opt/ros/humble/include/rclcpp/rclcpp/client.hpp:23[m[K,
[10.311s]                  from [01m[K/opt/ros/humble/include/rclcpp/rclcpp/callback_group.hpp:24[m[K,
[10.314s]                  from [01m[K/opt/ros/humble/include/rclcpp/rclcpp/any_executable.hpp:20[m[K,
[10.318s]                  from [01m[K/opt/ros/humble/include/rclcpp/rclcpp/memory_strategy.hpp:25[m[K,
[10.323s]                  from [01m[K/opt/ros/humble/include/rclcpp/rclcpp/memory_strategies.hpp:18[m[K,
[10.327s]                  from [01m[K/opt/ros/humble/include/rclcpp/rclcpp/executor_options.hpp:20[m[K,
[10.331s]                  from [01m[K/opt/ros/humble/include/rclcpp/rclcpp/executor.hpp:37[m[K,
[10.335s]                  from [01m[K/opt/ros/humble/include/rclcpp/rclcpp/executors/multi_threaded_executor.hpp:25[m[K,
[10.340s]                  from [01m[K/opt/ros/humble/include/rclcpp/rclcpp/executors.hpp:21[m[K,
[10.343s]                  from [01m[K/opt/ros/humble/include/rclcpp/rclcpp/rclcpp.hpp:155[m[K,
[10.350s]                  from [01m[K/home/atk-sandbox/atk-sandbox/workspace/src/merge_arrays/src/merge_arrays_node.cpp:8[m[K:
[10.353s] [01m[K/usr/include/c++/11/optional:1063:5:[m[K [01;36m[Knote: [m[Kcandidate: ‘[01m[Ktemplate<class _Tp, class _Up> constexpr std::__optional_lt_t<_Tp, _Up> std::operator<(const std::optional<_Tp>&, const std::optional<_Up>&)[m[K’
[10.357s]  1063 |     [01;36m[Koperator[m[K<(const optional<_Tp>& __lhs, const optional<_Up>& __rhs)
[10.362s]       |     [01;36m[K^~~~~~~~[m[K
[10.365s] [01m[K/usr/include/c++/11/optional:1063:5:[m[K [01;36m[Knote: [m[K  template argument deduction/substitution failed:
[10.369s] [01m[K/home/atk-sandbox/atk-sandbox/workspace/src/merge_arrays/src/merge_arrays_node.cpp:45:57:[m[K [01;36m[Knote: [m[K  ‘[01m[Kstd_msgs::msg::Int32MultiArray[m[K’ {aka ‘[01m[Kstd_msgs::msg::Int32MultiArray_<std::allocator<void> >[m[K’} is not derived from ‘[01m[Kconst std::optional<_Tp>[m[K’
[10.374s]    45 |         result_array = std_msgs::msg::Int32MultiArray()<[01;36m[K3[m[K>;
[10.378s]       |                                                         [01;36m[K^[m[K
[10.382s] In file included from [01m[K/opt/ros/humble/include/rclcpp/rclcpp/client.hpp:23[m[K,
[10.386s]                  from [01m[K/opt/ros/humble/include/rclcpp/rclcpp/callback_group.hpp:24[m[K,
[10.389s]                  from [01m[K/opt/ros/humble/include/rclcpp/rclcpp/any_executable.hpp:20[m[K,
[10.393s]                  from [01m[K/opt/ros/humble/include/rclcpp/rclcpp/memory_strategy.hpp:25[m[K,
[10.397s]                  from [01m[K/opt/ros/humble/include/rclcpp/rclcpp/memory_strategies.hpp:18[m[K,
[10.402s]                  from [01m[K/opt/ros/humble/include/rclcpp/rclcpp/executor_options.hpp:20[m[K,
[10.406s]                  from [01m[K/opt/ros/humble/include/rclcpp/rclcpp/executor.hpp:37[m[K,
[10.409s]                  from [01m[K/opt/ros/humble/include/rclcpp/rclcpp/executors/multi_threaded_executor.hpp:25[m[K,
[10.413s]                  from [01m[K/opt/ros/humble/include/rclcpp/rclcpp/executors.hpp:21[m[K,
[10.417s]                  from [01m[K/opt/ros/humble/include/rclcpp/rclcpp/rclcpp.hpp:155[m[K,
[10.422s]                  from [01m[K/home/atk-sandbox/atk-sandbox/workspace/src/merge_arrays/src/merge_arrays_node.cpp:8[m[K:
[10.426s] [01m[K/usr/include/c++/11/optional:1131:5:[m[K [01;36m[Knote: [m[Kcandidate: ‘[01m[Ktemplate<class _Tp> constexpr bool std::operator<(const std::optional<_Tp>&, std::nullopt_t)[m[K’
[10.431s]  1131 |     [01;36m[Koperator[m[K<(const optional<_Tp>& /* __lhs */, nullopt_t) noexcept
[10.435s]       |     [01;36m[K^~~~~~~~[m[K
[10.439s] [01m[K/usr/include/c++/11/optional:1131:5:[m[K [01;36m[Knote: [m[K  template argument deduction/substitution failed:
[10.444s] [01m[K/home/atk-sandbox/atk-sandbox/workspace/src/merge_arrays/src/merge_arrays_node.cpp:45:57:[m[K [01;36m[Knote: [m[K  ‘[01m[Kstd_msgs::msg::Int32MultiArray[m[K’ {aka ‘[01m[Kstd_msgs::msg::Int32MultiArray_<std::allocator<void> >[m[K’} is not derived from ‘[01m[Kconst std::optional<_Tp>[m[K’
[10.449s]    45 |         result_array = std_msgs::msg::Int32MultiArray()<[01;36m[K3[m[K>;
[10.453s]       |                                                         [01;36m[K^[m[K
[10.456s] In file included from [01m[K/opt/ros/humble/include/rclcpp/rclcpp/client.hpp:23[m[K,
[10.459s]                  from [01m[K/opt/ros/humble/include/rclcpp/rclcpp/callback_group.hpp:24[m[K,
[10.463s]                  from [01m[K/opt/ros/humble/include/rclcpp/rclcpp/any_executable.hpp:20[m[K,
[10.466s]                  from [01m[K/opt/ros/humble/include/rclcpp/rclcpp/memory_strategy.hpp:25[m[K,
[10.469s]                  from [01m[K/opt/ros/humble/include/rclcpp/rclcpp/memory_strategies.hpp:18[m[K,
[10.473s]                  from [01m[K/opt/ros/humble/include/rclcpp/rclcpp/executor_options.hpp:20[m[K,
[10.477s]                  from [01m[K/opt/ros/humble/include/rclcpp/rclcpp/executor.hpp:37[m[K,
[10.480s]                  from [01m[K/opt/ros/humble/include/rclcpp/rclcpp/executors/multi_threaded_executor.hpp:25[m[K,
[10.484s]                  from [01m[K/opt/ros/humble/include/rclcpp/rclcpp/executors.hpp:21[m[K,
[10.488s]                  from [01m[K/opt/ros/humble/include/rclcpp/rclcpp/rclcpp.hpp:155[m[K,
[10.491s]                  from [01m[K/home/atk-sandbox/atk-sandbox/workspace/src/merge_arrays/src/merge_arrays_node.cpp:8[m[K:
[10.494s] [01m[K/usr/include/c++/11/optional:1136:5:[m[K [01;36m[Knote: [m[Kcandidate: ‘[01m[Ktemplate<class _Tp> constexpr bool std::operator<(std::nullopt_t, const std::optional<_Tp>&)[m[K’
[10.501s]  1136 |     [01;36m[Koperator[m[K<(nullopt_t, const optional<_Tp>& __rhs) noexcept
[10.505s]       |     [01;36m[K^~~~~~~~[m[K
[10.509s] [01m[K/usr/include/c++/11/optional:1136:5:[m[K [01;36m[Knote: [m[K  template argument deduction/substitution failed:
[10.513s] [01m[K/home/atk-sandbox/atk-sandbox/workspace/src/merge_arrays/src/merge_arrays_node.cpp:45:57:[m[K [01;36m[Knote: [m[K  mismatched types ‘[01m[Kconst std::optional<_Tp>[m[K’ and ‘[01m[Kint[m[K’
[10.517s]    45 |         result_array = std_msgs::msg::Int32MultiArray()<[01;36m[K3[m[K>;
[10.520s]       |                                                         [01;36m[K^[m[K
[10.524s] In file included from [01m[K/opt/ros/humble/include/rclcpp/rclcpp/client.hpp:23[m[K,
[10.527s]                  from [01m[K/opt/ros/humble/include/rclcpp/rclcpp/callback_group.hpp:24[m[K,
[10.530s]                  from [01m[K/opt/ros/humble/include/rclcpp/rclcpp/any_executable.hpp:20[m[K,
[10.535s]                  from [01m[K/opt/ros/humble/include/rclcpp/rclcpp/memory_strategy.hpp:25[m[K,
[10.539s]                  from [01m[K/opt/ros/humble/include/rclcpp/rclcpp/memory_strategies.hpp:18[m[K,
[10.543s]                  from [01m[K/opt/ros/humble/include/rclcpp/rclcpp/executor_options.hpp:20[m[K,
[10.547s]                  from [01m[K/opt/ros/humble/include/rclcpp/rclcpp/executor.hpp:37[m[K,
[10.553s]                  from [01m[K/opt/ros/humble/include/rclcpp/rclcpp/executors/multi_threaded_executor.hpp:25[m[K,
[10.557s]                  from [01m[K/opt/ros/humble/include/rclcpp/rclcpp/executors.hpp:21[m[K,
[10.562s]                  from [01m[K/opt/ros/humble/include/rclcpp/rclcpp/rclcpp.hpp:155[m[K,
[10.565s]                  from [01m[K/home/atk-sandbox/atk-sandbox/workspace/src/merge_arrays/src/merge_arrays_node.cpp:8[m[K:
[10.570s] [01m[K/usr/include/c++/11/optional:1197:5:[m[K [01;36m[Knote: [m[Kcandidate: ‘[01m[Ktemplate<class _Tp, class _Up> constexpr std::__optional_lt_t<_Tp, _Up> std::operator<(const std::optional<_Tp>&, const _Up&)[m[K’
[10.577s]  1197 |     [01;36m[Koperator[m[K<(const optional<_Tp>& __lhs, const _Up& __rhs)
[10.581s]       |     [01;36m[K^~~~~~~~[m[K
[10.585s] [01m[K/usr/include/c++/11/optional:1197:5:[m[K [01;36m[Knote: [m[K  template argument deduction/substitution failed:
[10.591s] [01m[K/home/atk-sandbox/atk-sandbox/workspace/src/merge_arrays/src/merge_arrays_node.cpp:45:57:[m[K [01;36m[Knote: [m[K  ‘[01m[Kstd_msgs::msg::Int32MultiArray[m[K’ {aka ‘[01m[Kstd_msgs::msg::Int32MultiArray_<std::allocator<void> >[m[K’} is not derived from ‘[01m[Kconst std::optional<_Tp>[m[K’
[10.596s]    45 |         result_array = std_msgs::msg::Int32MultiArray()<[01;36m[K3[m[K>;
[10.602s]       |                                                         [01;36m[K^[m[K
[10.607s] In file included from [01m[K/opt/ros/humble/include/rclcpp/rclcpp/client.hpp:23[m[K,
[10.612s]                  from [01m[K/opt/ros/humble/include/rclcpp/rclcpp/callback_group.hpp:24[m[K,
[10.616s]                  from [01m[K/opt/ros/humble/include/rclcpp/rclcpp/any_executable.hpp:20[m[K,
[10.620s]                  from [01m[K/opt/ros/humble/include/rclcpp/rclcpp/memory_strategy.hpp:25[m[K,
[10.625s]                  from [01m[K/opt/ros/humble/include/rclcpp/rclcpp/memory_strategies.hpp:18[m[K,
[10.629s]                  from [01m[K/opt/ros/humble/include/rclcpp/rclcpp/executor_options.hpp:20[m[K,
[10.634s]                  from [01m[K/opt/ros/humble/include/rclcpp/rclcpp/executor.hpp:37[m[K,
[10.639s]                  from [01m[K/opt/ros/humble/include/rclcpp/rclcpp/executors/multi_threaded_executor.hpp:25[m[K,
[10.643s]                  from [01m[K/opt/ros/humble/include/rclcpp/rclcpp/executors.hpp:21[m[K,
[10.647s]                  from [01m[K/opt/ros/humble/include/rclcpp/rclcpp/rclcpp.hpp:155[m[K,
[10.652s]                  from [01m[K/home/atk-sandbox/atk-sandbox/workspace/src/merge_arrays/src/merge_arrays_node.cpp:8[m[K:
[10.656s] [01m[K/usr/include/c++/11/optional:1203:5:[m[K [01;36m[Knote: [m[Kcandidate: ‘[01m[Ktemplate<class _Tp, class _Up> constexpr std::__optional_lt_t<_Up, _Tp> std::operator<(const _Up&, const std::optional<_Tp>&)[m[K’
[10.660s]  1203 |     [01;36m[Koperator[m[K<(const _Up& __lhs, const optional<_Tp>& __rhs)
[10.664s]       |     [01;36m[K^~~~~~~~[m[K
[10.669s] [01m[K/usr/include/c++/11/optional:1203:5:[m[K [01;36m[Knote: [m[K  template argument deduction/substitution failed:
[10.672s] [01m[K/home/atk-sandbox/atk-sandbox/workspace/src/merge_arrays/src/merge_arrays_node.cpp:45:57:[m[K [01;36m[Knote: [m[K  mismatched types ‘[01m[Kconst std::optional<_Tp>[m[K’ and ‘[01m[Kint[m[K’
[10.677s]    45 |         result_array = std_msgs::msg::Int32MultiArray()<[01;36m[K3[m[K>;
[10.682s]       |                                                         [01;36m[K^[m[K
[10.686s] In file included from [01m[K/opt/ros/humble/include/rclcpp/rclcpp/client.hpp:28[m[K,
[10.690s]                  from [01m[K/opt/ros/humble/include/rclcpp/rclcpp/callback_group.hpp:24[m[K,
[10.694s]                  from [01m[K/opt/ros/humble/include/rclcpp/rclcpp/any_executable.hpp:20[m[K,
[10.700s]                  from [01m[K/opt/ros/humble/include/rclcpp/rclcpp/memory_strategy.hpp:25[m[K,
[10.705s]                  from [01m[K/opt/ros/humble/include/rclcpp/rclcpp/memory_strategies.hpp:18[m[K,
[10.710s]                  from [01m[K/opt/ros/humble/include/rclcpp/rclcpp/executor_options.hpp:20[m[K,
[10.716s]                  from [01m[K/opt/ros/humble/include/rclcpp/rclcpp/executor.hpp:37[m[K,
[10.720s]                  from [01m[K/opt/ros/humble/include/rclcpp/rclcpp/executors/multi_threaded_executor.hpp:25[m[K,
[10.724s]                  from [01m[K/opt/ros/humble/include/rclcpp/rclcpp/executors.hpp:21[m[K,
[10.730s]                  from [01m[K/opt/ros/humble/include/rclcpp/rclcpp/rclcpp.hpp:155[m[K,
[10.735s]                  from [01m[K/home/atk-sandbox/atk-sandbox/workspace/src/merge_arrays/src/merge_arrays_node.cpp:8[m[K:
[10.740s] [01m[K/usr/include/c++/11/variant:1247:3:[m[K [01;36m[Knote: [m[Kcandidate: ‘[01m[Ktemplate<class ... _Types> constexpr bool std::operator<(const std::variant<_Types ...>&, const std::variant<_Types ...>&)[m[K’
[10.746s]  1247 |   [01;36m[K_VARIANT_RELATION_FUNCTION_TEMPLATE[m[K(<, less)
[10.750s]       |   [01;36m[K^~~~~~~~~~~~~~~~~~~~~~~~~~~~~~~~~~~[m[K
[10.755s] [01m[K/usr/include/c++/11/variant:1247:3:[m[K [01;36m[Knote: [m[K  template argument deduction/substitution failed:
[10.761s] [01m[K/home/atk-sandbox/atk-sandbox/workspace/src/merge_arrays/src/merge_arrays_node.cpp:45:57:[m[K [01;36m[Knote: [m[K  ‘[01m[Kstd_msgs::msg::Int32MultiArray[m[K’ {aka ‘[01m[Kstd_msgs::msg::Int32MultiArray_<std::allocator<void> >[m[K’} is not derived from ‘[01m[Kconst std::variant<_Types ...>[m[K’
[10.765s]    45 |         result_array = std_msgs::msg::Int32MultiArray()<[01;36m[K3[m[K>;
[10.769s]       |                                                         [01;36m[K^[m[K
[10.773s] In file included from [01m[K/usr/include/c++/11/bits/ios_base.h:46[m[K,
[10.777s]                  from [01m[K/usr/include/c++/11/ios:42[m[K,
[10.782s]                  from [01m[K/usr/include/c++/11/ostream:38[m[K,
[10.786s]                  from [01m[K/usr/include/c++/11/iostream:39[m[K,
[10.791s]                  from [01m[K/home/atk-sandbox/atk-sandbox/workspace/src/merge_arrays/src/merge_arrays_node.cpp:5[m[K:
[10.795s] [01m[K/usr/include/c++/11/system_error:269:3:[m[K [01;36m[Knote: [m[Kcandidate: ‘[01m[Kbool std::operator<(const std::error_code&, const std::error_code&)[m[K’
[10.800s]   269 |   [01;36m[Koperator[m[K<(const error_code& __lhs, const error_code& __rhs) noexcept
[10.806s]       |   [01;36m[K^~~~~~~~[m[K
[10.811s] [01m[K/usr/include/c++/11/system_error:269:31:[m[K [01;36m[Knote: [m[K  no known conversion for argument 1 from ‘[01m[Kstd_msgs::msg::Int32MultiArray[m[K’ {aka ‘[01m[Kstd_msgs::msg::Int32MultiArray_<std::allocator<void> >[m[K’} to ‘[01m[Kconst std::error_code&[m[K’
[10.818s]   269 |   operator<([01;36m[Kconst error_code& __lhs[m[K, const error_code& __rhs) noexcept
[10.822s]       |             [01;36m[K~~~~~~~~~~~~~~~~~~^~~~~[m[K
[10.825s] [01m[K/usr/include/c++/11/system_error:398:3:[m[K [01;36m[Knote: [m[Kcandidate: ‘[01m[Kbool std::operator<(const std::error_condition&, const std::error_condition&)[m[K’
[10.831s]   398 |   [01;36m[Koperator[m[K<(const error_condition& __lhs,
[10.836s]       |   [01;36m[K^~~~~~~~[m[K
[10.841s] [01m[K/usr/include/c++/11/system_error:398:36:[m[K [01;36m[Knote: [m[K  no known conversion for argument 1 from ‘[01m[Kstd_msgs::msg::Int32MultiArray[m[K’ {aka ‘[01m[Kstd_msgs::msg::Int32MultiArray_<std::allocator<void> >[m[K’} to ‘[01m[Kconst std::error_condition&[m[K’
[10.848s]   398 |   operator<([01;36m[Kconst error_condition& __lhs[m[K,
[10.852s]       |             [01;36m[K~~~~~~~~~~~~~~~~~~~~~~~^~~~~[m[K
[10.857s] In file included from [01m[K/opt/ros/humble/include/rclcpp/rclcpp/executors/multi_threaded_executor.hpp:22[m[K,
[10.863s]                  from [01m[K/opt/ros/humble/include/rclcpp/rclcpp/executors.hpp:21[m[K,
[10.868s]                  from [01m[K/opt/ros/humble/include/rclcpp/rclcpp/rclcpp.hpp:155[m[K,
[10.872s]                  from [01m[K/home/atk-sandbox/atk-sandbox/workspace/src/merge_arrays/src/merge_arrays_node.cpp:8[m[K:
[10.877s] [01m[K/usr/include/c++/11/thread:70:3:[m[K [01;36m[Knote: [m[Kcandidate: ‘[01m[Kbool std::operator<(std::thread::id, std::thread::id)[m[K’
[10.882s]    70 |   [01;36m[Koperator[m[K<(thread::id __x, thread::id __y) noexcept
[10.887s]       |   [01;36m[K^~~~~~~~[m[K
[10.891s] [01m[K/usr/include/c++/11/thread:70:24:[m[K [01;36m[Knote: [m[K  no known conversion for argument 1 from ‘[01m[Kstd_msgs::msg::Int32MultiArray[m[K’ {aka ‘[01m[Kstd_msgs::msg::Int32MultiArray_<std::allocator<void> >[m[K’} to ‘[01m[Kstd::thread::id[m[K’
[10.897s]    70 |   operator<([01;36m[Kthread::id __x[m[K, thread::id __y) noexcept
[10.901s]       |             [01;36m[K~~~~~~~~~~~^~~[m[K
[10.908s] In file included from [01m[K/opt/ros/humble/include/rclcpp/rclcpp/client.hpp:28[m[K,
[10.914s]                  from [01m[K/opt/ros/humble/include/rclcpp/rclcpp/callback_group.hpp:24[m[K,
[10.923s]                  from [01m[K/opt/ros/humble/include/rclcpp/rclcpp/any_executable.hpp:20[m[K,
[10.928s]                  from [01m[K/opt/ros/humble/include/rclcpp/rclcpp/memory_strategy.hpp:25[m[K,
[10.932s]                  from [01m[K/opt/ros/humble/include/rclcpp/rclcpp/memory_strategies.hpp:18[m[K,
[10.937s]                  from [01m[K/opt/ros/humble/include/rclcpp/rclcpp/executor_options.hpp:20[m[K,
[10.942s]                  from [01m[K/opt/ros/humble/include/rclcpp/rclcpp/executor.hpp:37[m[K,
[10.946s]                  from [01m[K/opt/ros/humble/include/rclcpp/rclcpp/executors/multi_threaded_executor.hpp:25[m[K,
[10.952s]                  from [01m[K/opt/ros/humble/include/rclcpp/rclcpp/executors.hpp:21[m[K,
[10.956s]                  from [01m[K/opt/ros/humble/include/rclcpp/rclcpp/rclcpp.hpp:155[m[K,
[10.960s]                  from [01m[K/home/atk-sandbox/atk-sandbox/workspace/src/merge_arrays/src/merge_arrays_node.cpp:8[m[K:
[10.965s] [01m[K/usr/include/c++/11/variant:1289:18:[m[K [01;36m[Knote: [m[Kcandidate: ‘[01m[Kconstexpr bool std::operator<(std::monostate, std::monostate)[m[K’
[10.970s]  1289 |   constexpr bool [01;36m[Koperator[m[K<(monostate, monostate) noexcept { return false; }
[10.974s]       |                  [01;36m[K^~~~~~~~[m[K
[10.978s] [01m[K/usr/include/c++/11/variant:1289:28:[m[K [01;36m[Knote: [m[K  no known conversion for argument 1 from ‘[01m[Kstd_msgs::msg::Int32MultiArray[m[K’ {aka ‘[01m[Kstd_msgs::msg::Int32MultiArray_<std::allocator<void> >[m[K’} to ‘[01m[Kstd::monostate[m[K’
[10.983s]  1289 |   constexpr bool operator<([01;36m[Kmonostate[m[K, monostate) noexcept { return false; }
[10.987s]       |                            [01;36m[K^~~~~~~~~[m[K
[10.991s] [01m[K/home/atk-sandbox/atk-sandbox/workspace/src/merge_arrays/src/merge_arrays_node.cpp:45:59:[m[K [01;31m[Kerror: [m[Kexpected primary-expression before ‘[01m[K;[m[K’ token
[10.995s]    45 |         result_array = std_msgs::msg::Int32MultiArray()<3>[01;31m[K;[m[K
[10.999s]       |                                                           [01;31m[K^[m[K
[11.004s] In file included from [01m[K/opt/ros/humble/include/rclcpp/rclcpp/logging.hpp:24[m[K,
[11.009s]                  from [01m[K/opt/ros/humble/include/rclcpp/rclcpp/client.hpp:40[m[K,
[11.014s]                  from [01m[K/opt/ros/humble/include/rclcpp/rclcpp/callback_group.hpp:24[m[K,
[11.017s]                  from [01m[K/opt/ros/humble/include/rclcpp/rclcpp/any_executable.hpp:20[m[K,
[11.021s]                  from [01m[K/opt/ros/humble/include/rclcpp/rclcpp/memory_strategy.hpp:25[m[K,
[11.025s]                  from [01m[K/opt/ros/humble/include/rclcpp/rclcpp/memory_strategies.hpp:18[m[K,
[11.028s]                  from [01m[K/opt/ros/humble/include/rclcpp/rclcpp/executor_options.hpp:20[m[K,
[11.032s]                  from [01m[K/opt/ros/humble/include/rclcpp/rclcpp/executor.hpp:37[m[K,
[11.036s]                  from [01m[K/opt/ros/humble/include/rclcpp/rclcpp/executors/multi_threaded_executor.hpp:25[m[K,
[11.040s]                  from [01m[K/opt/ros/humble/include/rclcpp/rclcpp/executors.hpp:21[m[K,
[11.046s]                  from [01m[K/opt/ros/humble/include/rclcpp/rclcpp/rclcpp.hpp:155[m[K,
[11.050s]                  from [01m[K/home/atk-sandbox/atk-sandbox/workspace/src/merge_arrays/src/merge_arrays_node.cpp:8[m[K:
[11.053s] [01m[K/home/atk-sandbox/atk-sandbox/workspace/src/merge_arrays/src/merge_arrays_node.cpp:47:60:[m[K [01;31m[Kerror: [m[K‘[01m[Kusing Int32MultiArray = struct std_msgs::msg::Int32MultiArray_<std::allocator<void> >[m[K’ {aka ‘[01m[Kstruct std_msgs::msg::Int32MultiArray_<std::allocator<void> >[m[K’} has no member named ‘[01m[Kget_data_size[m[K’
[11.062s]    47 |         RCLCPP_INFO(this->get_logger(), "%d", result_array.[01;31m[Kget_data_size[m[K());
[11.067s]       |                                                            [01;31m[K^~~~~~~~~~~~~[m[K
[11.071s] [01m[K/home/atk-sandbox/atk-sandbox/workspace/src/merge_arrays/src/merge_arrays_node.cpp:40:63:[m[K [01;35m[Kwarning: [m[Kunused parameter ‘[01m[Kmsg[m[K’ [[01;35m[K]8;;https://gcc.gnu.org/onlinedocs/gcc/Warning-Options.html#index-Wunused-parameter-Wunused-parameter]8;;[m[K]
[11.075s]    40 |     void topic_callback([01;35m[Kconst std_msgs::msg::Int32MultiArray &msg[m[K)
[11.080s]       |                         [01;35m[K~~~~~~~~~~~~~~~~~~~~~~~~~~~~~~~~~~~~~~^~~[m[K
[13.094s] gmake[2]: *** [CMakeFiles/merge_arrays_node.dir/build.make:76: CMakeFiles/merge_arrays_node.dir/src/merge_arrays_node.cpp.o] Error 1
[13.099s] gmake[1]: *** [CMakeFiles/Makefile2:137: CMakeFiles/merge_arrays_node.dir/all] Error 2
[13.104s] gmake: *** [Makefile:146: all] Error 2
[13.108s] Invoked command in '/home/atk-sandbox/atk-sandbox/workspace/build/merge_arrays' returned '2': CMAKE_PREFIX_PATH=${CMAKE_PREFIX_PATH}:/home/atk-sandbox/atk-sandbox/workspace/install/launch_utils:/opt/ros/humble /usr/bin/cmake --build /home/atk-sandbox/atk-sandbox/workspace/build/merge_arrays -- -j4 -l4
