[0.436s] DEBUG:colcon:Command line arguments: ['/usr/bin/colcon', 'build', '--packages-select', 'merge_arrays']
[0.437s] DEBUG:colcon:Parsed command line arguments: Namespace(log_base=None, log_level=None, verb_name='build', build_base='build', install_base='install', merge_install=False, symlink_install=False, test_result_base=None, continue_on_error=False, executor='parallel', parallel_workers=4, event_handlers=None, ignore_user_meta=False, metas=['./colcon.meta'], base_paths=['.'], packages_ignore=None, packages_ignore_regex=None, paths=None, packages_up_to=None, packages_up_to_regex=None, packages_above=None, packages_above_and_dependencies=None, packages_above_depth=None, packages_select_by_dep=None, packages_skip_by_dep=None, packages_skip_up_to=None, packages_select_build_failed=False, packages_skip_build_finished=False, packages_select_test_failures=False, packages_skip_test_passed=False, packages_select=['merge_arrays'], packages_skip=None, packages_select_regex=None, packages_skip_regex=None, packages_start=None, packages_end=None, cmake_args=None, cmake_target=None, cmake_target_skip_unavailable=False, cmake_clean_cache=False, cmake_clean_first=False, cmake_force_configure=False, ament_cmake_args=None, catkin_cmake_args=None, catkin_skip_building_tests=False, mixin_files=None, mixin=None, verb_parser=<colcon_mixin.mixin.mixin_argument.MixinArgumentDecorator object at 0x7f15fcad27d0>, verb_extension=<colcon_core.verb.build.BuildVerb object at 0x7f15fcbdfe20>, main=<bound method BuildVerb.main of <colcon_core.verb.build.BuildVerb object at 0x7f15fcbdfe20>>, mixin_verb=('build',))
[0.488s] Level 1:colcon.colcon_core.package_discovery:discover_packages(colcon_meta) check parameters
[0.491s] Level 1:colcon.colcon_core.package_discovery:discover_packages(recursive) check parameters
[0.493s] Level 1:colcon.colcon_core.package_discovery:discover_packages(ignore) check parameters
[0.494s] Level 1:colcon.colcon_core.package_discovery:discover_packages(path) check parameters
[0.496s] Level 1:colcon.colcon_core.package_discovery:discover_packages(colcon_meta) discover
[0.497s] Level 1:colcon.colcon_core.package_discovery:discover_packages(recursive) discover
[0.498s] INFO:colcon.colcon_core.package_discovery:Crawling recursively for packages in '/home/atk-sandbox/atk-sandbox/workspace'
[0.500s] Level 1:colcon.colcon_core.package_identification:_identify(.) by extensions ['ignore', 'ignore_ament_install']
[0.501s] Level 1:colcon.colcon_core.package_identification:_identify(.) by extension 'ignore'
[0.504s] Level 1:colcon.colcon_core.package_identification:_identify(.) by extension 'ignore_ament_install'
[0.508s] Level 1:colcon.colcon_core.package_identification:_identify(.) by extensions ['colcon_pkg']
[0.509s] Level 1:colcon.colcon_core.package_identification:_identify(.) by extension 'colcon_pkg'
[0.512s] Level 1:colcon.colcon_core.package_identification:_identify(.) by extensions ['colcon_meta']
[0.513s] Level 1:colcon.colcon_core.package_identification:_identify(.) by extension 'colcon_meta'
[0.514s] Level 1:colcon.colcon_core.package_identification:_identify(.) by extensions ['ros']
[0.515s] Level 1:colcon.colcon_core.package_identification:_identify(.) by extension 'ros'
[0.543s] Level 1:colcon.colcon_core.package_identification:_identify(.) by extensions ['cmake', 'python']
[0.544s] Level 1:colcon.colcon_core.package_identification:_identify(.) by extension 'cmake'
[0.547s] Level 1:colcon.colcon_core.package_identification:_identify(.) by extension 'python'
[0.549s] Level 1:colcon.colcon_core.package_identification:_identify(.) by extensions ['python_setup_py']
[0.550s] Level 1:colcon.colcon_core.package_identification:_identify(.) by extension 'python_setup_py'
[0.553s] Level 1:colcon.colcon_core.package_identification:_identify(build) by extensions ['ignore', 'ignore_ament_install']
[0.554s] Level 1:colcon.colcon_core.package_identification:_identify(build) by extension 'ignore'
[0.555s] Level 1:colcon.colcon_core.package_identification:_identify(build) ignored
[0.556s] Level 1:colcon.colcon_core.package_identification:_identify(install) by extensions ['ignore', 'ignore_ament_install']
[0.559s] Level 1:colcon.colcon_core.package_identification:_identify(install) by extension 'ignore'
[0.560s] Level 1:colcon.colcon_core.package_identification:_identify(install) ignored
[0.570s] Level 1:colcon.colcon_core.package_identification:_identify(log) by extensions ['ignore', 'ignore_ament_install']
[0.571s] Level 1:colcon.colcon_core.package_identification:_identify(log) by extension 'ignore'
[0.572s] Level 1:colcon.colcon_core.package_identification:_identify(log) ignored
[0.573s] Level 1:colcon.colcon_core.package_identification:_identify(src) by extensions ['ignore', 'ignore_ament_install']
[0.574s] Level 1:colcon.colcon_core.package_identification:_identify(src) by extension 'ignore'
[0.576s] Level 1:colcon.colcon_core.package_identification:_identify(src) by extension 'ignore_ament_install'
[0.578s] Level 1:colcon.colcon_core.package_identification:_identify(src) by extensions ['colcon_pkg']
[0.579s] Level 1:colcon.colcon_core.package_identification:_identify(src) by extension 'colcon_pkg'
[0.581s] Level 1:colcon.colcon_core.package_identification:_identify(src) by extensions ['colcon_meta']
[0.582s] Level 1:colcon.colcon_core.package_identification:_identify(src) by extension 'colcon_meta'
[0.583s] Level 1:colcon.colcon_core.package_identification:_identify(src) by extensions ['ros']
[0.584s] Level 1:colcon.colcon_core.package_identification:_identify(src) by extension 'ros'
[0.588s] Level 1:colcon.colcon_core.package_identification:_identify(src) by extensions ['cmake', 'python']
[0.589s] Level 1:colcon.colcon_core.package_identification:_identify(src) by extension 'cmake'
[0.591s] Level 1:colcon.colcon_core.package_identification:_identify(src) by extension 'python'
[0.593s] Level 1:colcon.colcon_core.package_identification:_identify(src) by extensions ['python_setup_py']
[0.594s] Level 1:colcon.colcon_core.package_identification:_identify(src) by extension 'python_setup_py'
[0.596s] Level 1:colcon.colcon_core.package_identification:_identify(src/build) by extensions ['ignore', 'ignore_ament_install']
[0.597s] Level 1:colcon.colcon_core.package_identification:_identify(src/build) by extension 'ignore'
[0.598s] Level 1:colcon.colcon_core.package_identification:_identify(src/build) ignored
[0.599s] Level 1:colcon.colcon_core.package_identification:_identify(src/common) by extensions ['ignore', 'ignore_ament_install']
[0.600s] Level 1:colcon.colcon_core.package_identification:_identify(src/common) by extension 'ignore'
[0.602s] Level 1:colcon.colcon_core.package_identification:_identify(src/common) by extension 'ignore_ament_install'
[0.605s] Level 1:colcon.colcon_core.package_identification:_identify(src/common) by extensions ['colcon_pkg']
[0.606s] Level 1:colcon.colcon_core.package_identification:_identify(src/common) by extension 'colcon_pkg'
[0.608s] Level 1:colcon.colcon_core.package_identification:_identify(src/common) by extensions ['colcon_meta']
[0.609s] Level 1:colcon.colcon_core.package_identification:_identify(src/common) by extension 'colcon_meta'
[0.610s] Level 1:colcon.colcon_core.package_identification:_identify(src/common) by extensions ['ros']
[0.611s] Level 1:colcon.colcon_core.package_identification:_identify(src/common) by extension 'ros'
[0.615s] Level 1:colcon.colcon_core.package_identification:_identify(src/common) by extensions ['cmake', 'python']
[0.616s] Level 1:colcon.colcon_core.package_identification:_identify(src/common) by extension 'cmake'
[0.618s] Level 1:colcon.colcon_core.package_identification:_identify(src/common) by extension 'python'
[0.620s] Level 1:colcon.colcon_core.package_identification:_identify(src/common) by extensions ['python_setup_py']
[0.621s] Level 1:colcon.colcon_core.package_identification:_identify(src/common) by extension 'python_setup_py'
[0.623s] Level 1:colcon.colcon_core.package_identification:_identify(src/common/common_pkgs) by extensions ['ignore', 'ignore_ament_install']
[0.624s] Level 1:colcon.colcon_core.package_identification:_identify(src/common/common_pkgs) by extension 'ignore'
[0.627s] Level 1:colcon.colcon_core.package_identification:_identify(src/common/common_pkgs) by extension 'ignore_ament_install'
[0.630s] Level 1:colcon.colcon_core.package_identification:_identify(src/common/common_pkgs) by extensions ['colcon_pkg']
[0.631s] Level 1:colcon.colcon_core.package_identification:_identify(src/common/common_pkgs) by extension 'colcon_pkg'
[0.633s] Level 1:colcon.colcon_core.package_identification:_identify(src/common/common_pkgs) by extensions ['colcon_meta']
[0.634s] Level 1:colcon.colcon_core.package_identification:_identify(src/common/common_pkgs) by extension 'colcon_meta'
[0.635s] Level 1:colcon.colcon_core.package_identification:_identify(src/common/common_pkgs) by extensions ['ros']
[0.636s] Level 1:colcon.colcon_core.package_identification:_identify(src/common/common_pkgs) by extension 'ros'
[0.643s] DEBUG:colcon.colcon_core.package_identification:Package 'src/common/common_pkgs' with type 'ros.ament_cmake' and name 'common_pkgs'
[0.645s] Level 1:colcon.colcon_core.package_identification:_identify(src/common/examples) by extensions ['ignore', 'ignore_ament_install']
[0.646s] Level 1:colcon.colcon_core.package_identification:_identify(src/common/examples) by extension 'ignore'
[0.648s] Level 1:colcon.colcon_core.package_identification:_identify(src/common/examples) by extension 'ignore_ament_install'
[0.651s] Level 1:colcon.colcon_core.package_identification:_identify(src/common/examples) by extensions ['colcon_pkg']
[0.652s] Level 1:colcon.colcon_core.package_identification:_identify(src/common/examples) by extension 'colcon_pkg'
[0.654s] Level 1:colcon.colcon_core.package_identification:_identify(src/common/examples) by extensions ['colcon_meta']
[0.655s] Level 1:colcon.colcon_core.package_identification:_identify(src/common/examples) by extension 'colcon_meta'
[0.656s] Level 1:colcon.colcon_core.package_identification:_identify(src/common/examples) by extensions ['ros']
[0.657s] Level 1:colcon.colcon_core.package_identification:_identify(src/common/examples) by extension 'ros'
[0.661s] Level 1:colcon.colcon_core.package_identification:_identify(src/common/examples) by extensions ['cmake', 'python']
[0.662s] Level 1:colcon.colcon_core.package_identification:_identify(src/common/examples) by extension 'cmake'
[0.664s] Level 1:colcon.colcon_core.package_identification:_identify(src/common/examples) by extension 'python'
[0.666s] Level 1:colcon.colcon_core.package_identification:_identify(src/common/examples) by extensions ['python_setup_py']
[0.667s] Level 1:colcon.colcon_core.package_identification:_identify(src/common/examples) by extension 'python_setup_py'
[0.669s] Level 1:colcon.colcon_core.package_identification:_identify(src/common/examples/compose_nodes) by extensions ['ignore', 'ignore_ament_install']
[0.670s] Level 1:colcon.colcon_core.package_identification:_identify(src/common/examples/compose_nodes) by extension 'ignore'
[0.672s] Level 1:colcon.colcon_core.package_identification:_identify(src/common/examples/compose_nodes) by extension 'ignore_ament_install'
[0.675s] Level 1:colcon.colcon_core.package_identification:_identify(src/common/examples/compose_nodes) by extensions ['colcon_pkg']
[0.676s] Level 1:colcon.colcon_core.package_identification:_identify(src/common/examples/compose_nodes) by extension 'colcon_pkg'
[0.678s] Level 1:colcon.colcon_core.package_identification:_identify(src/common/examples/compose_nodes) by extensions ['colcon_meta']
[0.679s] Level 1:colcon.colcon_core.package_identification:_identify(src/common/examples/compose_nodes) by extension 'colcon_meta'
[0.680s] Level 1:colcon.colcon_core.package_identification:_identify(src/common/examples/compose_nodes) by extensions ['ros']
[0.681s] Level 1:colcon.colcon_core.package_identification:_identify(src/common/examples/compose_nodes) by extension 'ros'
[0.686s] DEBUG:colcon.colcon_core.package_identification:Package 'src/common/examples/compose_nodes' with type 'ros.ament_cmake' and name 'compose_nodes'
[0.687s] Level 1:colcon.colcon_core.package_identification:_identify(src/common/interfaces) by extensions ['ignore', 'ignore_ament_install']
[0.689s] Level 1:colcon.colcon_core.package_identification:_identify(src/common/interfaces) by extension 'ignore'
[0.691s] Level 1:colcon.colcon_core.package_identification:_identify(src/common/interfaces) by extension 'ignore_ament_install'
[0.693s] Level 1:colcon.colcon_core.package_identification:_identify(src/common/interfaces) by extensions ['colcon_pkg']
[0.694s] Level 1:colcon.colcon_core.package_identification:_identify(src/common/interfaces) by extension 'colcon_pkg'
[0.696s] Level 1:colcon.colcon_core.package_identification:_identify(src/common/interfaces) by extensions ['colcon_meta']
[0.697s] Level 1:colcon.colcon_core.package_identification:_identify(src/common/interfaces) by extension 'colcon_meta'
[0.698s] Level 1:colcon.colcon_core.package_identification:_identify(src/common/interfaces) by extensions ['ros']
[0.699s] Level 1:colcon.colcon_core.package_identification:_identify(src/common/interfaces) by extension 'ros'
[0.704s] Level 1:colcon.colcon_core.package_identification:_identify(src/common/interfaces) by extensions ['cmake', 'python']
[0.705s] Level 1:colcon.colcon_core.package_identification:_identify(src/common/interfaces) by extension 'cmake'
[0.707s] Level 1:colcon.colcon_core.package_identification:_identify(src/common/interfaces) by extension 'python'
[0.709s] Level 1:colcon.colcon_core.package_identification:_identify(src/common/interfaces) by extensions ['python_setup_py']
[0.710s] Level 1:colcon.colcon_core.package_identification:_identify(src/common/interfaces) by extension 'python_setup_py'
[0.712s] Level 1:colcon.colcon_core.package_identification:_identify(src/common/interfaces/wauto_control_msgs) by extensions ['ignore', 'ignore_ament_install']
[0.713s] Level 1:colcon.colcon_core.package_identification:_identify(src/common/interfaces/wauto_control_msgs) by extension 'ignore'
[0.715s] Level 1:colcon.colcon_core.package_identification:_identify(src/common/interfaces/wauto_control_msgs) by extension 'ignore_ament_install'
[0.718s] Level 1:colcon.colcon_core.package_identification:_identify(src/common/interfaces/wauto_control_msgs) by extensions ['colcon_pkg']
[0.719s] Level 1:colcon.colcon_core.package_identification:_identify(src/common/interfaces/wauto_control_msgs) by extension 'colcon_pkg'
[0.720s] Level 1:colcon.colcon_core.package_identification:_identify(src/common/interfaces/wauto_control_msgs) by extensions ['colcon_meta']
[0.721s] Level 1:colcon.colcon_core.package_identification:_identify(src/common/interfaces/wauto_control_msgs) by extension 'colcon_meta'
[0.722s] Level 1:colcon.colcon_core.package_identification:_identify(src/common/interfaces/wauto_control_msgs) by extensions ['ros']
[0.723s] Level 1:colcon.colcon_core.package_identification:_identify(src/common/interfaces/wauto_control_msgs) by extension 'ros'
[0.728s] DEBUG:colcon.colcon_core.package_identification:Package 'src/common/interfaces/wauto_control_msgs' with type 'ros.ament_cmake' and name 'wauto_control_msgs'
[0.729s] Level 1:colcon.colcon_core.package_identification:_identify(src/common/interfaces/wauto_perception_msgs) by extensions ['ignore', 'ignore_ament_install']
[0.730s] Level 1:colcon.colcon_core.package_identification:_identify(src/common/interfaces/wauto_perception_msgs) by extension 'ignore'
[0.733s] Level 1:colcon.colcon_core.package_identification:_identify(src/common/interfaces/wauto_perception_msgs) by extension 'ignore_ament_install'
[0.735s] Level 1:colcon.colcon_core.package_identification:_identify(src/common/interfaces/wauto_perception_msgs) by extensions ['colcon_pkg']
[0.736s] Level 1:colcon.colcon_core.package_identification:_identify(src/common/interfaces/wauto_perception_msgs) by extension 'colcon_pkg'
[0.738s] Level 1:colcon.colcon_core.package_identification:_identify(src/common/interfaces/wauto_perception_msgs) by extensions ['colcon_meta']
[0.739s] Level 1:colcon.colcon_core.package_identification:_identify(src/common/interfaces/wauto_perception_msgs) by extension 'colcon_meta'
[0.740s] Level 1:colcon.colcon_core.package_identification:_identify(src/common/interfaces/wauto_perception_msgs) by extensions ['ros']
[0.742s] Level 1:colcon.colcon_core.package_identification:_identify(src/common/interfaces/wauto_perception_msgs) by extension 'ros'
[0.748s] DEBUG:colcon.colcon_core.package_identification:Package 'src/common/interfaces/wauto_perception_msgs' with type 'ros.ament_cmake' and name 'wauto_perception_msgs'
[0.749s] Level 1:colcon.colcon_core.package_identification:_identify(src/common/interfaces/wauto_vehicle_msgs) by extensions ['ignore', 'ignore_ament_install']
[0.751s] Level 1:colcon.colcon_core.package_identification:_identify(src/common/interfaces/wauto_vehicle_msgs) by extension 'ignore'
[0.753s] Level 1:colcon.colcon_core.package_identification:_identify(src/common/interfaces/wauto_vehicle_msgs) by extension 'ignore_ament_install'
[0.756s] Level 1:colcon.colcon_core.package_identification:_identify(src/common/interfaces/wauto_vehicle_msgs) by extensions ['colcon_pkg']
[0.757s] Level 1:colcon.colcon_core.package_identification:_identify(src/common/interfaces/wauto_vehicle_msgs) by extension 'colcon_pkg'
[0.759s] Level 1:colcon.colcon_core.package_identification:_identify(src/common/interfaces/wauto_vehicle_msgs) by extensions ['colcon_meta']
[0.760s] Level 1:colcon.colcon_core.package_identification:_identify(src/common/interfaces/wauto_vehicle_msgs) by extension 'colcon_meta'
[0.761s] Level 1:colcon.colcon_core.package_identification:_identify(src/common/interfaces/wauto_vehicle_msgs) by extensions ['ros']
[0.762s] Level 1:colcon.colcon_core.package_identification:_identify(src/common/interfaces/wauto_vehicle_msgs) by extension 'ros'
[0.766s] DEBUG:colcon.colcon_core.package_identification:Package 'src/common/interfaces/wauto_vehicle_msgs' with type 'ros.ament_cmake' and name 'wauto_vehicle_msgs'
[0.767s] Level 1:colcon.colcon_core.package_identification:_identify(src/common/launch) by extensions ['ignore', 'ignore_ament_install']
[0.768s] Level 1:colcon.colcon_core.package_identification:_identify(src/common/launch) by extension 'ignore'
[0.770s] Level 1:colcon.colcon_core.package_identification:_identify(src/common/launch) by extension 'ignore_ament_install'
[0.775s] Level 1:colcon.colcon_core.package_identification:_identify(src/common/launch) by extensions ['colcon_pkg']
[0.776s] Level 1:colcon.colcon_core.package_identification:_identify(src/common/launch) by extension 'colcon_pkg'
[0.778s] Level 1:colcon.colcon_core.package_identification:_identify(src/common/launch) by extensions ['colcon_meta']
[0.780s] Level 1:colcon.colcon_core.package_identification:_identify(src/common/launch) by extension 'colcon_meta'
[0.781s] Level 1:colcon.colcon_core.package_identification:_identify(src/common/launch) by extensions ['ros']
[0.782s] Level 1:colcon.colcon_core.package_identification:_identify(src/common/launch) by extension 'ros'
[0.787s] Level 1:colcon.colcon_core.package_identification:_identify(src/common/launch) by extensions ['cmake', 'python']
[0.788s] Level 1:colcon.colcon_core.package_identification:_identify(src/common/launch) by extension 'cmake'
[0.790s] Level 1:colcon.colcon_core.package_identification:_identify(src/common/launch) by extension 'python'
[0.792s] Level 1:colcon.colcon_core.package_identification:_identify(src/common/launch) by extensions ['python_setup_py']
[0.793s] Level 1:colcon.colcon_core.package_identification:_identify(src/common/launch) by extension 'python_setup_py'
[0.796s] Level 1:colcon.colcon_core.package_identification:_identify(src/common/launch/launch_utils) by extensions ['ignore', 'ignore_ament_install']
[0.797s] Level 1:colcon.colcon_core.package_identification:_identify(src/common/launch/launch_utils) by extension 'ignore'
[0.799s] Level 1:colcon.colcon_core.package_identification:_identify(src/common/launch/launch_utils) by extension 'ignore_ament_install'
[0.802s] Level 1:colcon.colcon_core.package_identification:_identify(src/common/launch/launch_utils) by extensions ['colcon_pkg']
[0.803s] Level 1:colcon.colcon_core.package_identification:_identify(src/common/launch/launch_utils) by extension 'colcon_pkg'
[0.805s] Level 1:colcon.colcon_core.package_identification:_identify(src/common/launch/launch_utils) by extensions ['colcon_meta']
[0.806s] Level 1:colcon.colcon_core.package_identification:_identify(src/common/launch/launch_utils) by extension 'colcon_meta'
[0.807s] Level 1:colcon.colcon_core.package_identification:_identify(src/common/launch/launch_utils) by extensions ['ros']
[0.808s] Level 1:colcon.colcon_core.package_identification:_identify(src/common/launch/launch_utils) by extension 'ros'
[0.812s] DEBUG:colcon.colcon_core.package_identification:Package 'src/common/launch/launch_utils' with type 'ros.ament_python' and name 'launch_utils'
[0.814s] Level 1:colcon.colcon_core.package_identification:_identify(src/common/wacore) by extensions ['ignore', 'ignore_ament_install']
[0.815s] Level 1:colcon.colcon_core.package_identification:_identify(src/common/wacore) by extension 'ignore'
[0.816s] Level 1:colcon.colcon_core.package_identification:_identify(src/common/wacore) by extension 'ignore_ament_install'
[0.819s] Level 1:colcon.colcon_core.package_identification:_identify(src/common/wacore) by extensions ['colcon_pkg']
[0.820s] Level 1:colcon.colcon_core.package_identification:_identify(src/common/wacore) by extension 'colcon_pkg'
[0.822s] Level 1:colcon.colcon_core.package_identification:_identify(src/common/wacore) by extensions ['colcon_meta']
[0.823s] Level 1:colcon.colcon_core.package_identification:_identify(src/common/wacore) by extension 'colcon_meta'
[0.824s] Level 1:colcon.colcon_core.package_identification:_identify(src/common/wacore) by extensions ['ros']
[0.825s] Level 1:colcon.colcon_core.package_identification:_identify(src/common/wacore) by extension 'ros'
[0.830s] DEBUG:colcon.colcon_core.package_identification:Package 'src/common/wacore' with type 'ros.ament_cmake' and name 'wacore'
[0.831s] Level 1:colcon.colcon_core.package_identification:_identify(src/install) by extensions ['ignore', 'ignore_ament_install']
[0.832s] Level 1:colcon.colcon_core.package_identification:_identify(src/install) by extension 'ignore'
[0.833s] Level 1:colcon.colcon_core.package_identification:_identify(src/install) ignored
[0.837s] Level 1:colcon.colcon_core.package_identification:_identify(src/log) by extensions ['ignore', 'ignore_ament_install']
[0.838s] Level 1:colcon.colcon_core.package_identification:_identify(src/log) by extension 'ignore'
[0.839s] Level 1:colcon.colcon_core.package_identification:_identify(src/log) ignored
[0.841s] Level 1:colcon.colcon_core.package_identification:_identify(src/merge_arrays) by extensions ['ignore', 'ignore_ament_install']
[0.841s] Level 1:colcon.colcon_core.package_identification:_identify(src/merge_arrays) by extension 'ignore'
[0.843s] Level 1:colcon.colcon_core.package_identification:_identify(src/merge_arrays) by extension 'ignore_ament_install'
[0.846s] Level 1:colcon.colcon_core.package_identification:_identify(src/merge_arrays) by extensions ['colcon_pkg']
[0.847s] Level 1:colcon.colcon_core.package_identification:_identify(src/merge_arrays) by extension 'colcon_pkg'
[0.849s] Level 1:colcon.colcon_core.package_identification:_identify(src/merge_arrays) by extensions ['colcon_meta']
[0.850s] Level 1:colcon.colcon_core.package_identification:_identify(src/merge_arrays) by extension 'colcon_meta'
[0.851s] Level 1:colcon.colcon_core.package_identification:_identify(src/merge_arrays) by extensions ['ros']
[0.851s] Level 1:colcon.colcon_core.package_identification:_identify(src/merge_arrays) by extension 'ros'
[0.857s] DEBUG:colcon.colcon_core.package_identification:Package 'src/merge_arrays' with type 'ros.ament_cmake' and name 'merge_arrays'
[0.858s] Level 1:colcon.colcon_core.package_discovery:discover_packages(recursive) using defaults
[0.859s] Level 1:colcon.colcon_core.package_discovery:discover_packages(ignore) discover
[0.860s] Level 1:colcon.colcon_core.package_discovery:discover_packages(ignore) using defaults
[0.861s] Level 1:colcon.colcon_core.package_discovery:discover_packages(path) discover
[0.862s] Level 1:colcon.colcon_core.package_discovery:discover_packages(path) using defaults
[0.914s] INFO:colcon.colcon_core.package_selection:Skipping not selected package 'common_pkgs' in 'src/common/common_pkgs'
[0.915s] INFO:colcon.colcon_core.package_selection:Skipping not selected package 'compose_nodes' in 'src/common/examples/compose_nodes'
[0.916s] INFO:colcon.colcon_core.package_selection:Skipping not selected package 'launch_utils' in 'src/common/launch/launch_utils'
[0.917s] INFO:colcon.colcon_core.package_selection:Skipping not selected package 'wacore' in 'src/common/wacore'
[0.918s] INFO:colcon.colcon_core.package_selection:Skipping not selected package 'wauto_control_msgs' in 'src/common/interfaces/wauto_control_msgs'
[0.919s] INFO:colcon.colcon_core.package_selection:Skipping not selected package 'wauto_perception_msgs' in 'src/common/interfaces/wauto_perception_msgs'
[0.920s] INFO:colcon.colcon_core.package_selection:Skipping not selected package 'wauto_vehicle_msgs' in 'src/common/interfaces/wauto_vehicle_msgs'
[0.923s] Level 5:colcon.colcon_core.verb:set package 'merge_arrays' build argument 'cmake_args' from command line to 'None'
[0.923s] Level 5:colcon.colcon_core.verb:set package 'merge_arrays' build argument 'cmake_target' from command line to 'None'
[0.924s] Level 5:colcon.colcon_core.verb:set package 'merge_arrays' build argument 'cmake_target_skip_unavailable' from command line to 'False'
[0.926s] Level 5:colcon.colcon_core.verb:set package 'merge_arrays' build argument 'cmake_clean_cache' from command line to 'False'
[0.927s] Level 5:colcon.colcon_core.verb:set package 'merge_arrays' build argument 'cmake_clean_first' from command line to 'False'
[0.928s] Level 5:colcon.colcon_core.verb:set package 'merge_arrays' build argument 'cmake_force_configure' from command line to 'False'
[0.929s] Level 5:colcon.colcon_core.verb:set package 'merge_arrays' build argument 'ament_cmake_args' from command line to 'None'
[0.930s] Level 5:colcon.colcon_core.verb:set package 'merge_arrays' build argument 'catkin_cmake_args' from command line to 'None'
[0.931s] Level 5:colcon.colcon_core.verb:set package 'merge_arrays' build argument 'catkin_skip_building_tests' from command line to 'False'
[0.932s] DEBUG:colcon.colcon_core.verb:Building package 'merge_arrays' with the following arguments: {'ament_cmake_args': None, 'build_base': '/home/atk-sandbox/atk-sandbox/workspace/build/merge_arrays', 'catkin_cmake_args': None, 'catkin_skip_building_tests': False, 'cmake_args': None, 'cmake_clean_cache': False, 'cmake_clean_first': False, 'cmake_force_configure': False, 'cmake_target': None, 'cmake_target_skip_unavailable': False, 'install_base': '/home/atk-sandbox/atk-sandbox/workspace/install/merge_arrays', 'merge_install': False, 'path': '/home/atk-sandbox/atk-sandbox/workspace/src/merge_arrays', 'symlink_install': False, 'test_result_base': None}
[0.934s] INFO:colcon.colcon_core.executor:Executing jobs using 'parallel' executor
[0.940s] DEBUG:colcon.colcon_parallel_executor.executor.parallel:run_until_complete
[0.941s] INFO:colcon.colcon_ros.task.ament_cmake.build:Building ROS package in '/home/atk-sandbox/atk-sandbox/workspace/src/merge_arrays' with build type 'ament_cmake'
[0.942s] INFO:colcon.colcon_cmake.task.cmake.build:Building CMake package in '/home/atk-sandbox/atk-sandbox/workspace/src/merge_arrays'
[0.950s] INFO:colcon.colcon_core.plugin_system:Skipping extension 'colcon_core.shell.bat': Not used on non-Windows systems
[0.951s] INFO:colcon.colcon_core.shell:Skip shell extension 'powershell' for command environment: Not usable outside of PowerShell
[0.953s] DEBUG:colcon.colcon_core.shell:Skip shell extension 'dsv' for command environment
[1.236s] DEBUG:colcon.colcon_core.event_handler.log_command:Invoking command in '/home/atk-sandbox/atk-sandbox/workspace/build/merge_arrays': CMAKE_PREFIX_PATH=${CMAKE_PREFIX_PATH}:/home/atk-sandbox/atk-sandbox/workspace/install/launch_utils:/opt/ros/humble /usr/bin/cmake --build /home/atk-sandbox/atk-sandbox/workspace/build/merge_arrays -- -j4 -l4
[47.940s] DEBUG:colcon.colcon_core.event_handler.log_command:Invoked command in '/home/atk-sandbox/atk-sandbox/workspace/build/merge_arrays' returned '0': CMAKE_PREFIX_PATH=${CMAKE_PREFIX_PATH}:/home/atk-sandbox/atk-sandbox/workspace/install/launch_utils:/opt/ros/humble /usr/bin/cmake --build /home/atk-sandbox/atk-sandbox/workspace/build/merge_arrays -- -j4 -l4
[50.229s] DEBUG:colcon.colcon_core.event_handler.log_command:Invoking command in '/home/atk-sandbox/atk-sandbox/workspace/build/merge_arrays': CMAKE_PREFIX_PATH=${CMAKE_PREFIX_PATH}:/home/atk-sandbox/atk-sandbox/workspace/install/launch_utils:/opt/ros/humble /usr/bin/cmake --install /home/atk-sandbox/atk-sandbox/workspace/build/merge_arrays
[51.347s] Level 1:colcon.colcon_core.environment:create_environment_scripts_only(merge_arrays)
[51.353s] DEBUG:colcon.colcon_core.event_handler.log_command:Invoked command in '/home/atk-sandbox/atk-sandbox/workspace/build/merge_arrays' returned '0': CMAKE_PREFIX_PATH=${CMAKE_PREFIX_PATH}:/home/atk-sandbox/atk-sandbox/workspace/install/launch_utils:/opt/ros/humble /usr/bin/cmake --install /home/atk-sandbox/atk-sandbox/workspace/build/merge_arrays
[51.357s] Level 1:colcon.colcon_core.environment:checking '/home/atk-sandbox/atk-sandbox/workspace/install/merge_arrays' for CMake module files
[51.383s] Level 1:colcon.colcon_core.environment:checking '/home/atk-sandbox/atk-sandbox/workspace/install/merge_arrays' for CMake config files
[51.388s] Level 1:colcon.colcon_core.shell:create_environment_hook('merge_arrays', 'cmake_prefix_path')
[51.391s] INFO:colcon.colcon_core.shell:Creating environment hook '/home/atk-sandbox/atk-sandbox/workspace/install/merge_arrays/share/merge_arrays/hook/cmake_prefix_path.ps1'
[51.402s] INFO:colcon.colcon_core.shell:Creating environment descriptor '/home/atk-sandbox/atk-sandbox/workspace/install/merge_arrays/share/merge_arrays/hook/cmake_prefix_path.dsv'
[51.411s] INFO:colcon.colcon_core.shell:Creating environment hook '/home/atk-sandbox/atk-sandbox/workspace/install/merge_arrays/share/merge_arrays/hook/cmake_prefix_path.sh'
[51.421s] Level 1:colcon.colcon_core.environment:checking '/home/atk-sandbox/atk-sandbox/workspace/install/merge_arrays/lib'
[51.422s] Level 1:colcon.colcon_core.environment:checking '/home/atk-sandbox/atk-sandbox/workspace/install/merge_arrays/bin'
[51.424s] Level 1:colcon.colcon_core.environment:checking '/home/atk-sandbox/atk-sandbox/workspace/install/merge_arrays/lib/pkgconfig/merge_arrays.pc'
[51.427s] Level 1:colcon.colcon_core.environment:checking '/home/atk-sandbox/atk-sandbox/workspace/install/merge_arrays/lib/python3.10/site-packages'
[51.430s] Level 1:colcon.colcon_core.environment:checking '/home/atk-sandbox/atk-sandbox/workspace/install/merge_arrays/bin'
[51.434s] INFO:colcon.colcon_core.shell:Creating package script '/home/atk-sandbox/atk-sandbox/workspace/install/merge_arrays/share/merge_arrays/package.ps1'
[51.441s] INFO:colcon.colcon_core.shell:Creating package descriptor '/home/atk-sandbox/atk-sandbox/workspace/install/merge_arrays/share/merge_arrays/package.dsv'
[51.447s] INFO:colcon.colcon_core.shell:Creating package script '/home/atk-sandbox/atk-sandbox/workspace/install/merge_arrays/share/merge_arrays/package.sh'
[51.454s] INFO:colcon.colcon_core.shell:Creating package script '/home/atk-sandbox/atk-sandbox/workspace/install/merge_arrays/share/merge_arrays/package.bash'
[51.462s] INFO:colcon.colcon_core.shell:Creating package script '/home/atk-sandbox/atk-sandbox/workspace/install/merge_arrays/share/merge_arrays/package.zsh'
[51.469s] Level 1:colcon.colcon_core.environment:create_file_with_runtime_dependencies(/home/atk-sandbox/atk-sandbox/workspace/install/merge_arrays/share/colcon-core/packages/merge_arrays)
[53.247s] Level 1:colcon.colcon_core.environment:create_environment_scripts_only(merge_arrays)
[53.250s] Level 1:colcon.colcon_core.environment:checking '/home/atk-sandbox/atk-sandbox/workspace/install/merge_arrays' for CMake module files
[53.273s] Level 1:colcon.colcon_core.environment:checking '/home/atk-sandbox/atk-sandbox/workspace/install/merge_arrays' for CMake config files
[53.277s] Level 1:colcon.colcon_core.shell:create_environment_hook('merge_arrays', 'cmake_prefix_path')
[53.280s] INFO:colcon.colcon_core.shell:Creating environment hook '/home/atk-sandbox/atk-sandbox/workspace/install/merge_arrays/share/merge_arrays/hook/cmake_prefix_path.ps1'
[53.288s] INFO:colcon.colcon_core.shell:Creating environment descriptor '/home/atk-sandbox/atk-sandbox/workspace/install/merge_arrays/share/merge_arrays/hook/cmake_prefix_path.dsv'
[53.295s] INFO:colcon.colcon_core.shell:Creating environment hook '/home/atk-sandbox/atk-sandbox/workspace/install/merge_arrays/share/merge_arrays/hook/cmake_prefix_path.sh'
[53.302s] Level 1:colcon.colcon_core.environment:checking '/home/atk-sandbox/atk-sandbox/workspace/install/merge_arrays/lib'
[53.303s] Level 1:colcon.colcon_core.environment:checking '/home/atk-sandbox/atk-sandbox/workspace/install/merge_arrays/bin'
[53.305s] Level 1:colcon.colcon_core.environment:checking '/home/atk-sandbox/atk-sandbox/workspace/install/merge_arrays/lib/pkgconfig/merge_arrays.pc'
[53.307s] Level 1:colcon.colcon_core.environment:checking '/home/atk-sandbox/atk-sandbox/workspace/install/merge_arrays/lib/python3.10/site-packages'
[53.310s] Level 1:colcon.colcon_core.environment:checking '/home/atk-sandbox/atk-sandbox/workspace/install/merge_arrays/bin'
[53.313s] INFO:colcon.colcon_core.shell:Creating package script '/home/atk-sandbox/atk-sandbox/workspace/install/merge_arrays/share/merge_arrays/package.ps1'
[53.320s] INFO:colcon.colcon_core.shell:Creating package descriptor '/home/atk-sandbox/atk-sandbox/workspace/install/merge_arrays/share/merge_arrays/package.dsv'
[53.327s] INFO:colcon.colcon_core.shell:Creating package script '/home/atk-sandbox/atk-sandbox/workspace/install/merge_arrays/share/merge_arrays/package.sh'
[53.333s] INFO:colcon.colcon_core.shell:Creating package script '/home/atk-sandbox/atk-sandbox/workspace/install/merge_arrays/share/merge_arrays/package.bash'
[53.340s] INFO:colcon.colcon_core.shell:Creating package script '/home/atk-sandbox/atk-sandbox/workspace/install/merge_arrays/share/merge_arrays/package.zsh'
[53.346s] Level 1:colcon.colcon_core.environment:create_file_with_runtime_dependencies(/home/atk-sandbox/atk-sandbox/workspace/install/merge_arrays/share/colcon-core/packages/merge_arrays)
[53.351s] DEBUG:colcon.colcon_parallel_executor.executor.parallel:closing loop
[53.353s] DEBUG:colcon.colcon_parallel_executor.executor.parallel:loop closed
[53.354s] DEBUG:colcon.colcon_parallel_executor.executor.parallel:run_until_complete finished with '0'
[53.356s] DEBUG:colcon.colcon_core.event_reactor:joining thread
[53.410s] INFO:colcon.colcon_core.plugin_system:Skipping extension 'colcon_notification.desktop_notification.notify_send': Could not find 'notify-send'
[53.411s] INFO:colcon.colcon_core.plugin_system:Skipping extension 'colcon_notification.desktop_notification.terminal_notifier': Not used on non-Darwin systems
[53.412s] INFO:colcon.colcon_core.plugin_system:Skipping extension 'colcon_notification.desktop_notification.win32': Not used on non-Windows systems
[53.414s] INFO:colcon.colcon_notification.desktop_notification:Sending desktop notification using 'notify2'
[53.415s] DEBUG:colcon.colcon_notification.desktop_notification.notify2:Failed to initialize notify2: org.freedesktop.DBus.Error.NotSupported: Unable to autolaunch a dbus-daemon without a $DISPLAY for X11
[53.416s] DEBUG:colcon.colcon_core.event_reactor:joined thread
[53.419s] INFO:colcon.colcon_core.shell:Creating prefix script '/home/atk-sandbox/atk-sandbox/workspace/install/local_setup.ps1'
[53.428s] INFO:colcon.colcon_core.shell:Creating prefix util module '/home/atk-sandbox/atk-sandbox/workspace/install/_local_setup_util_ps1.py'
[53.436s] INFO:colcon.colcon_core.shell:Creating prefix chain script '/home/atk-sandbox/atk-sandbox/workspace/install/setup.ps1'
[53.465s] INFO:colcon.colcon_core.shell:Creating prefix script '/home/atk-sandbox/atk-sandbox/workspace/install/local_setup.sh'
[53.473s] INFO:colcon.colcon_core.shell:Creating prefix util module '/home/atk-sandbox/atk-sandbox/workspace/install/_local_setup_util_sh.py'
[53.480s] INFO:colcon.colcon_core.shell:Creating prefix chain script '/home/atk-sandbox/atk-sandbox/workspace/install/setup.sh'
[53.511s] INFO:colcon.colcon_core.shell:Creating prefix script '/home/atk-sandbox/atk-sandbox/workspace/install/local_setup.bash'
[53.519s] INFO:colcon.colcon_core.shell:Creating prefix chain script '/home/atk-sandbox/atk-sandbox/workspace/install/setup.bash'
[53.547s] INFO:colcon.colcon_core.shell:Creating prefix script '/home/atk-sandbox/atk-sandbox/workspace/install/local_setup.zsh'
[53.556s] INFO:colcon.colcon_core.shell:Creating prefix chain script '/home/atk-sandbox/atk-sandbox/workspace/install/setup.zsh'
