[0.594s] DEBUG:colcon:Command line arguments: ['/usr/bin/colcon', 'build', '--packages-select', 'merge_arrays']
[0.596s] DEBUG:colcon:Parsed command line arguments: Namespace(log_base=None, log_level=None, verb_name='build', build_base='build', install_base='install', merge_install=False, symlink_install=False, test_result_base=None, continue_on_error=False, executor='parallel', parallel_workers=4, event_handlers=None, ignore_user_meta=False, metas=['./colcon.meta'], base_paths=['.'], packages_ignore=None, packages_ignore_regex=None, paths=None, packages_up_to=None, packages_up_to_regex=None, packages_above=None, packages_above_and_dependencies=None, packages_above_depth=None, packages_select_by_dep=None, packages_skip_by_dep=None, packages_skip_up_to=None, packages_select_build_failed=False, packages_skip_build_finished=False, packages_select_test_failures=False, packages_skip_test_passed=False, packages_select=['merge_arrays'], packages_skip=None, packages_select_regex=None, packages_skip_regex=None, packages_start=None, packages_end=None, cmake_args=None, cmake_target=None, cmake_target_skip_unavailable=False, cmake_clean_cache=False, cmake_clean_first=False, cmake_force_configure=False, ament_cmake_args=None, catkin_cmake_args=None, catkin_skip_building_tests=False, mixin_files=None, mixin=None, verb_parser=<colcon_mixin.mixin.mixin_argument.MixinArgumentDecorator object at 0x7fb01e98e170>, verb_extension=<colcon_core.verb.build.BuildVerb object at 0x7fb01ea9b850>, main=<bound method BuildVerb.main of <colcon_core.verb.build.BuildVerb object at 0x7fb01ea9b850>>, mixin_verb=('build',))
[0.657s] Level 1:colcon.colcon_core.package_discovery:discover_packages(colcon_meta) check parameters
[0.661s] Level 1:colcon.colcon_core.package_discovery:discover_packages(recursive) check parameters
[0.662s] Level 1:colcon.colcon_core.package_discovery:discover_packages(ignore) check parameters
[0.664s] Level 1:colcon.colcon_core.package_discovery:discover_packages(path) check parameters
[0.666s] Level 1:colcon.colcon_core.package_discovery:discover_packages(colcon_meta) discover
[0.669s] Level 1:colcon.colcon_core.package_discovery:discover_packages(recursive) discover
[0.671s] INFO:colcon.colcon_core.package_discovery:Crawling recursively for packages in '/home/atk-sandbox/atk-sandbox/workspace'
[0.673s] Level 1:colcon.colcon_core.package_identification:_identify(.) by extensions ['ignore', 'ignore_ament_install']
[0.676s] Level 1:colcon.colcon_core.package_identification:_identify(.) by extension 'ignore'
[0.679s] Level 1:colcon.colcon_core.package_identification:_identify(.) by extension 'ignore_ament_install'
[0.684s] Level 1:colcon.colcon_core.package_identification:_identify(.) by extensions ['colcon_pkg']
[0.685s] Level 1:colcon.colcon_core.package_identification:_identify(.) by extension 'colcon_pkg'
[0.688s] Level 1:colcon.colcon_core.package_identification:_identify(.) by extensions ['colcon_meta']
[0.689s] Level 1:colcon.colcon_core.package_identification:_identify(.) by extension 'colcon_meta'
[0.691s] Level 1:colcon.colcon_core.package_identification:_identify(.) by extensions ['ros']
[0.693s] Level 1:colcon.colcon_core.package_identification:_identify(.) by extension 'ros'
[0.724s] Level 1:colcon.colcon_core.package_identification:_identify(.) by extensions ['cmake', 'python']
[0.725s] Level 1:colcon.colcon_core.package_identification:_identify(.) by extension 'cmake'
[0.728s] Level 1:colcon.colcon_core.package_identification:_identify(.) by extension 'python'
[0.731s] Level 1:colcon.colcon_core.package_identification:_identify(.) by extensions ['python_setup_py']
[0.732s] Level 1:colcon.colcon_core.package_identification:_identify(.) by extension 'python_setup_py'
[0.736s] Level 1:colcon.colcon_core.package_identification:_identify(build) by extensions ['ignore', 'ignore_ament_install']
[0.737s] Level 1:colcon.colcon_core.package_identification:_identify(build) by extension 'ignore'
[0.739s] Level 1:colcon.colcon_core.package_identification:_identify(build) ignored
[0.740s] Level 1:colcon.colcon_core.package_identification:_identify(install) by extensions ['ignore', 'ignore_ament_install']
[0.742s] Level 1:colcon.colcon_core.package_identification:_identify(install) by extension 'ignore'
[0.744s] Level 1:colcon.colcon_core.package_identification:_identify(install) ignored
[0.758s] Level 1:colcon.colcon_core.package_identification:_identify(log) by extensions ['ignore', 'ignore_ament_install']
[0.759s] Level 1:colcon.colcon_core.package_identification:_identify(log) by extension 'ignore'
[0.761s] Level 1:colcon.colcon_core.package_identification:_identify(log) ignored
[0.763s] Level 1:colcon.colcon_core.package_identification:_identify(src) by extensions ['ignore', 'ignore_ament_install']
[0.764s] Level 1:colcon.colcon_core.package_identification:_identify(src) by extension 'ignore'
[0.767s] Level 1:colcon.colcon_core.package_identification:_identify(src) by extension 'ignore_ament_install'
[0.773s] Level 1:colcon.colcon_core.package_identification:_identify(src) by extensions ['colcon_pkg']
[0.775s] Level 1:colcon.colcon_core.package_identification:_identify(src) by extension 'colcon_pkg'
[0.777s] Level 1:colcon.colcon_core.package_identification:_identify(src) by extensions ['colcon_meta']
[0.778s] Level 1:colcon.colcon_core.package_identification:_identify(src) by extension 'colcon_meta'
[0.780s] Level 1:colcon.colcon_core.package_identification:_identify(src) by extensions ['ros']
[0.781s] Level 1:colcon.colcon_core.package_identification:_identify(src) by extension 'ros'
[0.787s] Level 1:colcon.colcon_core.package_identification:_identify(src) by extensions ['cmake', 'python']
[0.788s] Level 1:colcon.colcon_core.package_identification:_identify(src) by extension 'cmake'
[0.790s] Level 1:colcon.colcon_core.package_identification:_identify(src) by extension 'python'
[0.792s] Level 1:colcon.colcon_core.package_identification:_identify(src) by extensions ['python_setup_py']
[0.792s] Level 1:colcon.colcon_core.package_identification:_identify(src) by extension 'python_setup_py'
[0.795s] Level 1:colcon.colcon_core.package_identification:_identify(src/build) by extensions ['ignore', 'ignore_ament_install']
[0.796s] Level 1:colcon.colcon_core.package_identification:_identify(src/build) by extension 'ignore'
[0.797s] Level 1:colcon.colcon_core.package_identification:_identify(src/build) ignored
[0.798s] Level 1:colcon.colcon_core.package_identification:_identify(src/common) by extensions ['ignore', 'ignore_ament_install']
[0.799s] Level 1:colcon.colcon_core.package_identification:_identify(src/common) by extension 'ignore'
[0.801s] Level 1:colcon.colcon_core.package_identification:_identify(src/common) by extension 'ignore_ament_install'
[0.804s] Level 1:colcon.colcon_core.package_identification:_identify(src/common) by extensions ['colcon_pkg']
[0.804s] Level 1:colcon.colcon_core.package_identification:_identify(src/common) by extension 'colcon_pkg'
[0.806s] Level 1:colcon.colcon_core.package_identification:_identify(src/common) by extensions ['colcon_meta']
[0.807s] Level 1:colcon.colcon_core.package_identification:_identify(src/common) by extension 'colcon_meta'
[0.808s] Level 1:colcon.colcon_core.package_identification:_identify(src/common) by extensions ['ros']
[0.809s] Level 1:colcon.colcon_core.package_identification:_identify(src/common) by extension 'ros'
[0.814s] Level 1:colcon.colcon_core.package_identification:_identify(src/common) by extensions ['cmake', 'python']
[0.815s] Level 1:colcon.colcon_core.package_identification:_identify(src/common) by extension 'cmake'
[0.819s] Level 1:colcon.colcon_core.package_identification:_identify(src/common) by extension 'python'
[0.822s] Level 1:colcon.colcon_core.package_identification:_identify(src/common) by extensions ['python_setup_py']
[0.823s] Level 1:colcon.colcon_core.package_identification:_identify(src/common) by extension 'python_setup_py'
[0.825s] Level 1:colcon.colcon_core.package_identification:_identify(src/common/common_pkgs) by extensions ['ignore', 'ignore_ament_install']
[0.826s] Level 1:colcon.colcon_core.package_identification:_identify(src/common/common_pkgs) by extension 'ignore'
[0.829s] Level 1:colcon.colcon_core.package_identification:_identify(src/common/common_pkgs) by extension 'ignore_ament_install'
[0.831s] Level 1:colcon.colcon_core.package_identification:_identify(src/common/common_pkgs) by extensions ['colcon_pkg']
[0.832s] Level 1:colcon.colcon_core.package_identification:_identify(src/common/common_pkgs) by extension 'colcon_pkg'
[0.835s] Level 1:colcon.colcon_core.package_identification:_identify(src/common/common_pkgs) by extensions ['colcon_meta']
[0.836s] Level 1:colcon.colcon_core.package_identification:_identify(src/common/common_pkgs) by extension 'colcon_meta'
[0.836s] Level 1:colcon.colcon_core.package_identification:_identify(src/common/common_pkgs) by extensions ['ros']
[0.837s] Level 1:colcon.colcon_core.package_identification:_identify(src/common/common_pkgs) by extension 'ros'
[0.845s] DEBUG:colcon.colcon_core.package_identification:Package 'src/common/common_pkgs' with type 'ros.ament_cmake' and name 'common_pkgs'
[0.847s] Level 1:colcon.colcon_core.package_identification:_identify(src/common/examples) by extensions ['ignore', 'ignore_ament_install']
[0.848s] Level 1:colcon.colcon_core.package_identification:_identify(src/common/examples) by extension 'ignore'
[0.851s] Level 1:colcon.colcon_core.package_identification:_identify(src/common/examples) by extension 'ignore_ament_install'
[0.856s] Level 1:colcon.colcon_core.package_identification:_identify(src/common/examples) by extensions ['colcon_pkg']
[0.857s] Level 1:colcon.colcon_core.package_identification:_identify(src/common/examples) by extension 'colcon_pkg'
[0.860s] Level 1:colcon.colcon_core.package_identification:_identify(src/common/examples) by extensions ['colcon_meta']
[0.861s] Level 1:colcon.colcon_core.package_identification:_identify(src/common/examples) by extension 'colcon_meta'
[0.862s] Level 1:colcon.colcon_core.package_identification:_identify(src/common/examples) by extensions ['ros']
[0.863s] Level 1:colcon.colcon_core.package_identification:_identify(src/common/examples) by extension 'ros'
[0.871s] Level 1:colcon.colcon_core.package_identification:_identify(src/common/examples) by extensions ['cmake', 'python']
[0.872s] Level 1:colcon.colcon_core.package_identification:_identify(src/common/examples) by extension 'cmake'
[0.875s] Level 1:colcon.colcon_core.package_identification:_identify(src/common/examples) by extension 'python'
[0.877s] Level 1:colcon.colcon_core.package_identification:_identify(src/common/examples) by extensions ['python_setup_py']
[0.878s] Level 1:colcon.colcon_core.package_identification:_identify(src/common/examples) by extension 'python_setup_py'
[0.881s] Level 1:colcon.colcon_core.package_identification:_identify(src/common/examples/compose_nodes) by extensions ['ignore', 'ignore_ament_install']
[0.883s] Level 1:colcon.colcon_core.package_identification:_identify(src/common/examples/compose_nodes) by extension 'ignore'
[0.885s] Level 1:colcon.colcon_core.package_identification:_identify(src/common/examples/compose_nodes) by extension 'ignore_ament_install'
[0.889s] Level 1:colcon.colcon_core.package_identification:_identify(src/common/examples/compose_nodes) by extensions ['colcon_pkg']
[0.890s] Level 1:colcon.colcon_core.package_identification:_identify(src/common/examples/compose_nodes) by extension 'colcon_pkg'
[0.893s] Level 1:colcon.colcon_core.package_identification:_identify(src/common/examples/compose_nodes) by extensions ['colcon_meta']
[0.894s] Level 1:colcon.colcon_core.package_identification:_identify(src/common/examples/compose_nodes) by extension 'colcon_meta'
[0.895s] Level 1:colcon.colcon_core.package_identification:_identify(src/common/examples/compose_nodes) by extensions ['ros']
[0.896s] Level 1:colcon.colcon_core.package_identification:_identify(src/common/examples/compose_nodes) by extension 'ros'
[0.903s] DEBUG:colcon.colcon_core.package_identification:Package 'src/common/examples/compose_nodes' with type 'ros.ament_cmake' and name 'compose_nodes'
[0.904s] Level 1:colcon.colcon_core.package_identification:_identify(src/common/interfaces) by extensions ['ignore', 'ignore_ament_install']
[0.906s] Level 1:colcon.colcon_core.package_identification:_identify(src/common/interfaces) by extension 'ignore'
[0.908s] Level 1:colcon.colcon_core.package_identification:_identify(src/common/interfaces) by extension 'ignore_ament_install'
[0.913s] Level 1:colcon.colcon_core.package_identification:_identify(src/common/interfaces) by extensions ['colcon_pkg']
[0.914s] Level 1:colcon.colcon_core.package_identification:_identify(src/common/interfaces) by extension 'colcon_pkg'
[0.918s] Level 1:colcon.colcon_core.package_identification:_identify(src/common/interfaces) by extensions ['colcon_meta']
[0.923s] Level 1:colcon.colcon_core.package_identification:_identify(src/common/interfaces) by extension 'colcon_meta'
[0.924s] Level 1:colcon.colcon_core.package_identification:_identify(src/common/interfaces) by extensions ['ros']
[0.926s] Level 1:colcon.colcon_core.package_identification:_identify(src/common/interfaces) by extension 'ros'
[0.939s] Level 1:colcon.colcon_core.package_identification:_identify(src/common/interfaces) by extensions ['cmake', 'python']
[0.940s] Level 1:colcon.colcon_core.package_identification:_identify(src/common/interfaces) by extension 'cmake'
[0.944s] Level 1:colcon.colcon_core.package_identification:_identify(src/common/interfaces) by extension 'python'
[0.948s] Level 1:colcon.colcon_core.package_identification:_identify(src/common/interfaces) by extensions ['python_setup_py']
[0.949s] Level 1:colcon.colcon_core.package_identification:_identify(src/common/interfaces) by extension 'python_setup_py'
[0.956s] Level 1:colcon.colcon_core.package_identification:_identify(src/common/interfaces/wauto_control_msgs) by extensions ['ignore', 'ignore_ament_install']
[0.958s] Level 1:colcon.colcon_core.package_identification:_identify(src/common/interfaces/wauto_control_msgs) by extension 'ignore'
[0.961s] Level 1:colcon.colcon_core.package_identification:_identify(src/common/interfaces/wauto_control_msgs) by extension 'ignore_ament_install'
[0.965s] Level 1:colcon.colcon_core.package_identification:_identify(src/common/interfaces/wauto_control_msgs) by extensions ['colcon_pkg']
[0.966s] Level 1:colcon.colcon_core.package_identification:_identify(src/common/interfaces/wauto_control_msgs) by extension 'colcon_pkg'
[0.970s] Level 1:colcon.colcon_core.package_identification:_identify(src/common/interfaces/wauto_control_msgs) by extensions ['colcon_meta']
[0.976s] Level 1:colcon.colcon_core.package_identification:_identify(src/common/interfaces/wauto_control_msgs) by extension 'colcon_meta'
[0.981s] Level 1:colcon.colcon_core.package_identification:_identify(src/common/interfaces/wauto_control_msgs) by extensions ['ros']
[0.984s] Level 1:colcon.colcon_core.package_identification:_identify(src/common/interfaces/wauto_control_msgs) by extension 'ros'
[0.994s] DEBUG:colcon.colcon_core.package_identification:Package 'src/common/interfaces/wauto_control_msgs' with type 'ros.ament_cmake' and name 'wauto_control_msgs'
[0.996s] Level 1:colcon.colcon_core.package_identification:_identify(src/common/interfaces/wauto_perception_msgs) by extensions ['ignore', 'ignore_ament_install']
[0.998s] Level 1:colcon.colcon_core.package_identification:_identify(src/common/interfaces/wauto_perception_msgs) by extension 'ignore'
[1.001s] Level 1:colcon.colcon_core.package_identification:_identify(src/common/interfaces/wauto_perception_msgs) by extension 'ignore_ament_install'
[1.005s] Level 1:colcon.colcon_core.package_identification:_identify(src/common/interfaces/wauto_perception_msgs) by extensions ['colcon_pkg']
[1.006s] Level 1:colcon.colcon_core.package_identification:_identify(src/common/interfaces/wauto_perception_msgs) by extension 'colcon_pkg'
[1.009s] Level 1:colcon.colcon_core.package_identification:_identify(src/common/interfaces/wauto_perception_msgs) by extensions ['colcon_meta']
[1.010s] Level 1:colcon.colcon_core.package_identification:_identify(src/common/interfaces/wauto_perception_msgs) by extension 'colcon_meta'
[1.012s] Level 1:colcon.colcon_core.package_identification:_identify(src/common/interfaces/wauto_perception_msgs) by extensions ['ros']
[1.014s] Level 1:colcon.colcon_core.package_identification:_identify(src/common/interfaces/wauto_perception_msgs) by extension 'ros'
[1.024s] DEBUG:colcon.colcon_core.package_identification:Package 'src/common/interfaces/wauto_perception_msgs' with type 'ros.ament_cmake' and name 'wauto_perception_msgs'
[1.025s] Level 1:colcon.colcon_core.package_identification:_identify(src/common/interfaces/wauto_vehicle_msgs) by extensions ['ignore', 'ignore_ament_install']
[1.028s] Level 1:colcon.colcon_core.package_identification:_identify(src/common/interfaces/wauto_vehicle_msgs) by extension 'ignore'
[1.031s] Level 1:colcon.colcon_core.package_identification:_identify(src/common/interfaces/wauto_vehicle_msgs) by extension 'ignore_ament_install'
[1.035s] Level 1:colcon.colcon_core.package_identification:_identify(src/common/interfaces/wauto_vehicle_msgs) by extensions ['colcon_pkg']
[1.036s] Level 1:colcon.colcon_core.package_identification:_identify(src/common/interfaces/wauto_vehicle_msgs) by extension 'colcon_pkg'
[1.039s] Level 1:colcon.colcon_core.package_identification:_identify(src/common/interfaces/wauto_vehicle_msgs) by extensions ['colcon_meta']
[1.040s] Level 1:colcon.colcon_core.package_identification:_identify(src/common/interfaces/wauto_vehicle_msgs) by extension 'colcon_meta'
[1.042s] Level 1:colcon.colcon_core.package_identification:_identify(src/common/interfaces/wauto_vehicle_msgs) by extensions ['ros']
[1.043s] Level 1:colcon.colcon_core.package_identification:_identify(src/common/interfaces/wauto_vehicle_msgs) by extension 'ros'
[1.051s] DEBUG:colcon.colcon_core.package_identification:Package 'src/common/interfaces/wauto_vehicle_msgs' with type 'ros.ament_cmake' and name 'wauto_vehicle_msgs'
[1.053s] Level 1:colcon.colcon_core.package_identification:_identify(src/common/launch) by extensions ['ignore', 'ignore_ament_install']
[1.055s] Level 1:colcon.colcon_core.package_identification:_identify(src/common/launch) by extension 'ignore'
[1.059s] Level 1:colcon.colcon_core.package_identification:_identify(src/common/launch) by extension 'ignore_ament_install'
[1.065s] Level 1:colcon.colcon_core.package_identification:_identify(src/common/launch) by extensions ['colcon_pkg']
[1.066s] Level 1:colcon.colcon_core.package_identification:_identify(src/common/launch) by extension 'colcon_pkg'
[1.069s] Level 1:colcon.colcon_core.package_identification:_identify(src/common/launch) by extensions ['colcon_meta']
[1.070s] Level 1:colcon.colcon_core.package_identification:_identify(src/common/launch) by extension 'colcon_meta'
[1.071s] Level 1:colcon.colcon_core.package_identification:_identify(src/common/launch) by extensions ['ros']
[1.073s] Level 1:colcon.colcon_core.package_identification:_identify(src/common/launch) by extension 'ros'
[1.079s] Level 1:colcon.colcon_core.package_identification:_identify(src/common/launch) by extensions ['cmake', 'python']
[1.080s] Level 1:colcon.colcon_core.package_identification:_identify(src/common/launch) by extension 'cmake'
[1.083s] Level 1:colcon.colcon_core.package_identification:_identify(src/common/launch) by extension 'python'
[1.085s] Level 1:colcon.colcon_core.package_identification:_identify(src/common/launch) by extensions ['python_setup_py']
[1.087s] Level 1:colcon.colcon_core.package_identification:_identify(src/common/launch) by extension 'python_setup_py'
[1.090s] Level 1:colcon.colcon_core.package_identification:_identify(src/common/launch/launch_utils) by extensions ['ignore', 'ignore_ament_install']
[1.091s] Level 1:colcon.colcon_core.package_identification:_identify(src/common/launch/launch_utils) by extension 'ignore'
[1.094s] Level 1:colcon.colcon_core.package_identification:_identify(src/common/launch/launch_utils) by extension 'ignore_ament_install'
[1.098s] Level 1:colcon.colcon_core.package_identification:_identify(src/common/launch/launch_utils) by extensions ['colcon_pkg']
[1.100s] Level 1:colcon.colcon_core.package_identification:_identify(src/common/launch/launch_utils) by extension 'colcon_pkg'
[1.104s] Level 1:colcon.colcon_core.package_identification:_identify(src/common/launch/launch_utils) by extensions ['colcon_meta']
[1.105s] Level 1:colcon.colcon_core.package_identification:_identify(src/common/launch/launch_utils) by extension 'colcon_meta'
[1.107s] Level 1:colcon.colcon_core.package_identification:_identify(src/common/launch/launch_utils) by extensions ['ros']
[1.108s] Level 1:colcon.colcon_core.package_identification:_identify(src/common/launch/launch_utils) by extension 'ros'
[1.115s] DEBUG:colcon.colcon_core.package_identification:Package 'src/common/launch/launch_utils' with type 'ros.ament_python' and name 'launch_utils'
[1.117s] Level 1:colcon.colcon_core.package_identification:_identify(src/common/wacore) by extensions ['ignore', 'ignore_ament_install']
[1.119s] Level 1:colcon.colcon_core.package_identification:_identify(src/common/wacore) by extension 'ignore'
[1.122s] Level 1:colcon.colcon_core.package_identification:_identify(src/common/wacore) by extension 'ignore_ament_install'
[1.126s] Level 1:colcon.colcon_core.package_identification:_identify(src/common/wacore) by extensions ['colcon_pkg']
[1.127s] Level 1:colcon.colcon_core.package_identification:_identify(src/common/wacore) by extension 'colcon_pkg'
[1.130s] Level 1:colcon.colcon_core.package_identification:_identify(src/common/wacore) by extensions ['colcon_meta']
[1.131s] Level 1:colcon.colcon_core.package_identification:_identify(src/common/wacore) by extension 'colcon_meta'
[1.132s] Level 1:colcon.colcon_core.package_identification:_identify(src/common/wacore) by extensions ['ros']
[1.133s] Level 1:colcon.colcon_core.package_identification:_identify(src/common/wacore) by extension 'ros'
[1.139s] DEBUG:colcon.colcon_core.package_identification:Package 'src/common/wacore' with type 'ros.ament_cmake' and name 'wacore'
[1.140s] Level 1:colcon.colcon_core.package_identification:_identify(src/install) by extensions ['ignore', 'ignore_ament_install']
[1.141s] Level 1:colcon.colcon_core.package_identification:_identify(src/install) by extension 'ignore'
[1.142s] Level 1:colcon.colcon_core.package_identification:_identify(src/install) ignored
[1.147s] Level 1:colcon.colcon_core.package_identification:_identify(src/log) by extensions ['ignore', 'ignore_ament_install']
[1.149s] Level 1:colcon.colcon_core.package_identification:_identify(src/log) by extension 'ignore'
[1.150s] Level 1:colcon.colcon_core.package_identification:_identify(src/log) ignored
[1.152s] Level 1:colcon.colcon_core.package_identification:_identify(src/merge_arrays) by extensions ['ignore', 'ignore_ament_install']
[1.153s] Level 1:colcon.colcon_core.package_identification:_identify(src/merge_arrays) by extension 'ignore'
[1.156s] Level 1:colcon.colcon_core.package_identification:_identify(src/merge_arrays) by extension 'ignore_ament_install'
[1.160s] Level 1:colcon.colcon_core.package_identification:_identify(src/merge_arrays) by extensions ['colcon_pkg']
[1.161s] Level 1:colcon.colcon_core.package_identification:_identify(src/merge_arrays) by extension 'colcon_pkg'
[1.164s] Level 1:colcon.colcon_core.package_identification:_identify(src/merge_arrays) by extensions ['colcon_meta']
[1.165s] Level 1:colcon.colcon_core.package_identification:_identify(src/merge_arrays) by extension 'colcon_meta'
[1.166s] Level 1:colcon.colcon_core.package_identification:_identify(src/merge_arrays) by extensions ['ros']
[1.167s] Level 1:colcon.colcon_core.package_identification:_identify(src/merge_arrays) by extension 'ros'
[1.173s] DEBUG:colcon.colcon_core.package_identification:Package 'src/merge_arrays' with type 'ros.ament_cmake' and name 'merge_arrays'
[1.174s] Level 1:colcon.colcon_core.package_discovery:discover_packages(recursive) using defaults
[1.175s] Level 1:colcon.colcon_core.package_discovery:discover_packages(ignore) discover
[1.176s] Level 1:colcon.colcon_core.package_discovery:discover_packages(ignore) using defaults
[1.177s] Level 1:colcon.colcon_core.package_discovery:discover_packages(path) discover
[1.178s] Level 1:colcon.colcon_core.package_discovery:discover_packages(path) using defaults
[1.237s] INFO:colcon.colcon_core.package_selection:Skipping not selected package 'common_pkgs' in 'src/common/common_pkgs'
[1.238s] INFO:colcon.colcon_core.package_selection:Skipping not selected package 'compose_nodes' in 'src/common/examples/compose_nodes'
[1.239s] INFO:colcon.colcon_core.package_selection:Skipping not selected package 'launch_utils' in 'src/common/launch/launch_utils'
[1.241s] INFO:colcon.colcon_core.package_selection:Skipping not selected package 'wacore' in 'src/common/wacore'
[1.242s] INFO:colcon.colcon_core.package_selection:Skipping not selected package 'wauto_control_msgs' in 'src/common/interfaces/wauto_control_msgs'
[1.243s] INFO:colcon.colcon_core.package_selection:Skipping not selected package 'wauto_perception_msgs' in 'src/common/interfaces/wauto_perception_msgs'
[1.244s] INFO:colcon.colcon_core.package_selection:Skipping not selected package 'wauto_vehicle_msgs' in 'src/common/interfaces/wauto_vehicle_msgs'
[1.247s] Level 5:colcon.colcon_core.verb:set package 'merge_arrays' build argument 'cmake_args' from command line to 'None'
[1.248s] Level 5:colcon.colcon_core.verb:set package 'merge_arrays' build argument 'cmake_target' from command line to 'None'
[1.249s] Level 5:colcon.colcon_core.verb:set package 'merge_arrays' build argument 'cmake_target_skip_unavailable' from command line to 'False'
[1.250s] Level 5:colcon.colcon_core.verb:set package 'merge_arrays' build argument 'cmake_clean_cache' from command line to 'False'
[1.251s] Level 5:colcon.colcon_core.verb:set package 'merge_arrays' build argument 'cmake_clean_first' from command line to 'False'
[1.252s] Level 5:colcon.colcon_core.verb:set package 'merge_arrays' build argument 'cmake_force_configure' from command line to 'False'
[1.253s] Level 5:colcon.colcon_core.verb:set package 'merge_arrays' build argument 'ament_cmake_args' from command line to 'None'
[1.254s] Level 5:colcon.colcon_core.verb:set package 'merge_arrays' build argument 'catkin_cmake_args' from command line to 'None'
[1.255s] Level 5:colcon.colcon_core.verb:set package 'merge_arrays' build argument 'catkin_skip_building_tests' from command line to 'False'
[1.256s] DEBUG:colcon.colcon_core.verb:Building package 'merge_arrays' with the following arguments: {'ament_cmake_args': None, 'build_base': '/home/atk-sandbox/atk-sandbox/workspace/build/merge_arrays', 'catkin_cmake_args': None, 'catkin_skip_building_tests': False, 'cmake_args': None, 'cmake_clean_cache': False, 'cmake_clean_first': False, 'cmake_force_configure': False, 'cmake_target': None, 'cmake_target_skip_unavailable': False, 'install_base': '/home/atk-sandbox/atk-sandbox/workspace/install/merge_arrays', 'merge_install': False, 'path': '/home/atk-sandbox/atk-sandbox/workspace/src/merge_arrays', 'symlink_install': False, 'test_result_base': None}
[1.258s] INFO:colcon.colcon_core.executor:Executing jobs using 'parallel' executor
[1.264s] DEBUG:colcon.colcon_parallel_executor.executor.parallel:run_until_complete
[1.266s] INFO:colcon.colcon_ros.task.ament_cmake.build:Building ROS package in '/home/atk-sandbox/atk-sandbox/workspace/src/merge_arrays' with build type 'ament_cmake'
[1.267s] INFO:colcon.colcon_cmake.task.cmake.build:Building CMake package in '/home/atk-sandbox/atk-sandbox/workspace/src/merge_arrays'
[1.277s] INFO:colcon.colcon_core.plugin_system:Skipping extension 'colcon_core.shell.bat': Not used on non-Windows systems
[1.279s] INFO:colcon.colcon_core.shell:Skip shell extension 'powershell' for command environment: Not usable outside of PowerShell
[1.280s] DEBUG:colcon.colcon_core.shell:Skip shell extension 'dsv' for command environment
[1.589s] DEBUG:colcon.colcon_core.event_handler.log_command:Invoking command in '/home/atk-sandbox/atk-sandbox/workspace/build/merge_arrays': CMAKE_PREFIX_PATH=${CMAKE_PREFIX_PATH}:/home/atk-sandbox/atk-sandbox/workspace/install/launch_utils:/opt/ros/humble /usr/bin/cmake --build /home/atk-sandbox/atk-sandbox/workspace/build/merge_arrays -- -j4 -l4
[16.416s] DEBUG:colcon.colcon_core.event_handler.log_command:Invoked command in '/home/atk-sandbox/atk-sandbox/workspace/build/merge_arrays' returned '2': CMAKE_PREFIX_PATH=${CMAKE_PREFIX_PATH}:/home/atk-sandbox/atk-sandbox/workspace/install/launch_utils:/opt/ros/humble /usr/bin/cmake --build /home/atk-sandbox/atk-sandbox/workspace/build/merge_arrays -- -j4 -l4
[18.139s] Level 1:colcon.colcon_core.environment:create_environment_scripts_only(merge_arrays)
[18.148s] Level 1:colcon.colcon_core.environment:checking '/home/atk-sandbox/atk-sandbox/workspace/install/merge_arrays' for CMake module files
[18.179s] Level 1:colcon.colcon_core.environment:checking '/home/atk-sandbox/atk-sandbox/workspace/install/merge_arrays' for CMake config files
[18.183s] Level 1:colcon.colcon_core.shell:create_environment_hook('merge_arrays', 'cmake_prefix_path')
[18.186s] INFO:colcon.colcon_core.shell:Creating environment hook '/home/atk-sandbox/atk-sandbox/workspace/install/merge_arrays/share/merge_arrays/hook/cmake_prefix_path.ps1'
[18.197s] INFO:colcon.colcon_core.shell:Creating environment descriptor '/home/atk-sandbox/atk-sandbox/workspace/install/merge_arrays/share/merge_arrays/hook/cmake_prefix_path.dsv'
[18.206s] INFO:colcon.colcon_core.shell:Creating environment hook '/home/atk-sandbox/atk-sandbox/workspace/install/merge_arrays/share/merge_arrays/hook/cmake_prefix_path.sh'
[18.215s] Level 1:colcon.colcon_core.environment:checking '/home/atk-sandbox/atk-sandbox/workspace/install/merge_arrays/lib'
[18.216s] Level 1:colcon.colcon_core.environment:checking '/home/atk-sandbox/atk-sandbox/workspace/install/merge_arrays/bin'
[18.219s] Level 1:colcon.colcon_core.environment:checking '/home/atk-sandbox/atk-sandbox/workspace/install/merge_arrays/lib/pkgconfig/merge_arrays.pc'
[18.222s] Level 1:colcon.colcon_core.environment:checking '/home/atk-sandbox/atk-sandbox/workspace/install/merge_arrays/lib/python3.10/site-packages'
[18.224s] Level 1:colcon.colcon_core.environment:checking '/home/atk-sandbox/atk-sandbox/workspace/install/merge_arrays/bin'
[18.228s] INFO:colcon.colcon_core.shell:Creating package script '/home/atk-sandbox/atk-sandbox/workspace/install/merge_arrays/share/merge_arrays/package.ps1'
[18.236s] INFO:colcon.colcon_core.shell:Creating package descriptor '/home/atk-sandbox/atk-sandbox/workspace/install/merge_arrays/share/merge_arrays/package.dsv'
[18.244s] INFO:colcon.colcon_core.shell:Creating package script '/home/atk-sandbox/atk-sandbox/workspace/install/merge_arrays/share/merge_arrays/package.sh'
[18.250s] INFO:colcon.colcon_core.shell:Creating package script '/home/atk-sandbox/atk-sandbox/workspace/install/merge_arrays/share/merge_arrays/package.bash'
[18.258s] INFO:colcon.colcon_core.shell:Creating package script '/home/atk-sandbox/atk-sandbox/workspace/install/merge_arrays/share/merge_arrays/package.zsh'
[18.265s] Level 1:colcon.colcon_core.environment:create_file_with_runtime_dependencies(/home/atk-sandbox/atk-sandbox/workspace/install/merge_arrays/share/colcon-core/packages/merge_arrays)
[18.281s] DEBUG:colcon.colcon_parallel_executor.executor.parallel:closing loop
[18.284s] DEBUG:colcon.colcon_parallel_executor.executor.parallel:loop closed
[18.285s] DEBUG:colcon.colcon_parallel_executor.executor.parallel:run_until_complete finished with '2'
[18.287s] DEBUG:colcon.colcon_core.event_reactor:joining thread
[18.343s] INFO:colcon.colcon_core.plugin_system:Skipping extension 'colcon_notification.desktop_notification.notify_send': Could not find 'notify-send'
[18.345s] INFO:colcon.colcon_core.plugin_system:Skipping extension 'colcon_notification.desktop_notification.terminal_notifier': Not used on non-Darwin systems
[18.346s] INFO:colcon.colcon_core.plugin_system:Skipping extension 'colcon_notification.desktop_notification.win32': Not used on non-Windows systems
[18.347s] INFO:colcon.colcon_notification.desktop_notification:Sending desktop notification using 'notify2'
[18.348s] DEBUG:colcon.colcon_notification.desktop_notification.notify2:Failed to initialize notify2: org.freedesktop.DBus.Error.NotSupported: Unable to autolaunch a dbus-daemon without a $DISPLAY for X11
[18.349s] DEBUG:colcon.colcon_core.event_reactor:joined thread
[18.354s] INFO:colcon.colcon_core.shell:Creating prefix script '/home/atk-sandbox/atk-sandbox/workspace/install/local_setup.ps1'
[18.364s] INFO:colcon.colcon_core.shell:Creating prefix util module '/home/atk-sandbox/atk-sandbox/workspace/install/_local_setup_util_ps1.py'
[18.372s] INFO:colcon.colcon_core.shell:Creating prefix chain script '/home/atk-sandbox/atk-sandbox/workspace/install/setup.ps1'
[18.405s] INFO:colcon.colcon_core.shell:Creating prefix script '/home/atk-sandbox/atk-sandbox/workspace/install/local_setup.sh'
[18.413s] INFO:colcon.colcon_core.shell:Creating prefix util module '/home/atk-sandbox/atk-sandbox/workspace/install/_local_setup_util_sh.py'
[18.420s] INFO:colcon.colcon_core.shell:Creating prefix chain script '/home/atk-sandbox/atk-sandbox/workspace/install/setup.sh'
[18.455s] INFO:colcon.colcon_core.shell:Creating prefix script '/home/atk-sandbox/atk-sandbox/workspace/install/local_setup.bash'
[18.462s] INFO:colcon.colcon_core.shell:Creating prefix chain script '/home/atk-sandbox/atk-sandbox/workspace/install/setup.bash'
[18.494s] INFO:colcon.colcon_core.shell:Creating prefix script '/home/atk-sandbox/atk-sandbox/workspace/install/local_setup.zsh'
[18.502s] INFO:colcon.colcon_core.shell:Creating prefix chain script '/home/atk-sandbox/atk-sandbox/workspace/install/setup.zsh'
