[0.322s] Invoking command in '/home/atk-sandbox/atk-sandbox/workspace/build/merge_arrays': CMAKE_PREFIX_PATH=${CMAKE_PREFIX_PATH}:/home/atk-sandbox/atk-sandbox/workspace/install/launch_utils:/opt/ros/humble /usr/bin/cmake --build /home/atk-sandbox/atk-sandbox/workspace/build/merge_arrays -- -j4 -l4
[1.056s] -- Found ament_cmake: 1.3.3 (/opt/ros/humble/share/ament_cmake/cmake)
[1.749s] -- Found rclcpp: 16.0.3 (/opt/ros/humble/share/rclcpp/cmake)
[1.820s] -- Found rosidl_generator_c: 3.1.4 (/opt/ros/humble/share/rosidl_generator_c/cmake)
[1.825s] -- Found rosidl_adapter: 3.1.4 (/opt/ros/humble/share/rosidl_adapter/cmake)
[1.834s] -- Found rosidl_generator_cpp: 3.1.4 (/opt/ros/humble/share/rosidl_generator_cpp/cmake)
[1.873s] -- Using all available rosidl_typesupport_c: rosidl_typesupport_fastrtps_c;rosidl_typesupport_introspection_c
[1.921s] -- Using all available rosidl_typesupport_cpp: rosidl_typesupport_fastrtps_cpp;rosidl_typesupport_introspection_cpp
[2.039s] -- Found rmw_implementation_cmake: 6.1.1 (/opt/ros/humble/share/rmw_implementation_cmake/cmake)
[2.051s] -- Found rmw_fastrtps_cpp: 6.2.2 (/opt/ros/humble/share/rmw_fastrtps_cpp/cmake)
[3.035s] -- Using RMW implementation 'rmw_fastrtps_cpp' as default
[3.300s] [31mCMake Error at CMakeLists.txt:25 (install):
[3.306s]   install TARGETS given target "listener" which does not exist.
[3.312s] 
[3.316s] [0m
[3.321s] -- Found ament_lint_auto: 0.12.5 (/opt/ros/humble/share/ament_lint_auto/cmake)
[3.654s] -- Added test 'cppcheck' to perform static code analysis on C / C++ code
[3.659s] -- Configured cppcheck include dirs: $<BUILD_INTERFACE:/home/atk-sandbox/atk-sandbox/workspace/src/merge_arrays/include>
[3.664s] -- Configured cppcheck exclude dirs and/or files: 
[3.674s] -- Added test 'lint_cmake' to check CMake code style
[3.679s] -- Added test 'uncrustify' to check C / C++ code style
[3.685s] -- Configured uncrustify additional arguments: 
[3.692s] -- Added test 'xmllint' to check XML markup files
[3.721s] -- Configuring incomplete, errors occurred!
[3.728s] See also "/home/atk-sandbox/atk-sandbox/workspace/build/merge_arrays/CMakeFiles/CMakeOutput.log".
[3.764s] gmake: *** [Makefile:308: cmake_check_build_system] Error 1
[3.770s] Invoked command in '/home/atk-sandbox/atk-sandbox/workspace/build/merge_arrays' returned '2': CMAKE_PREFIX_PATH=${CMAKE_PREFIX_PATH}:/home/atk-sandbox/atk-sandbox/workspace/install/launch_utils:/opt/ros/humble /usr/bin/cmake --build /home/atk-sandbox/atk-sandbox/workspace/build/merge_arrays -- -j4 -l4
