[0.250s] Invoking command in '/home/atk-sandbox/atk-sandbox/workspace/build/compose_nodes': CMAKE_PREFIX_PATH=/opt/ros/humble /usr/bin/cmake /home/atk-sandbox/atk-sandbox/workspace/src/common/examples/compose_nodes -DCMAKE_INSTALL_PREFIX=/home/atk-sandbox/atk-sandbox/workspace/install/compose_nodes
[0.742s] -- The C compiler identification is GNU 11.3.0
[1.279s] -- The CXX compiler identification is GNU 11.3.0
[1.399s] -- Detecting C compiler ABI info
[2.711s] -- Detecting C compiler ABI info - done
[2.755s] -- Check for working C compiler: /usr/bin/cc - skipped
[2.760s] -- Detecting C compile features
[2.772s] -- Detecting C compile features - done
[2.807s] -- Detecting CXX compiler ABI info
[4.351s] -- Detecting CXX compiler ABI info - done
[4.447s] -- Check for working CXX compiler: /usr/bin/c++ - skipped
[4.474s] -- Detecting CXX compile features
[4.502s] -- Detecting CXX compile features - done
[4.548s] -- Found ament_cmake_auto: 1.3.3 (/opt/ros/humble/share/ament_cmake_auto/cmake)
[5.472s] -- Found Python3: /usr/bin/python3.10 (found version "3.10.6") found components: Interpreter 
[6.282s] -- Found rosidl_generator_c: 3.1.4 (/opt/ros/humble/share/rosidl_generator_c/cmake)
[6.290s] -- Found rosidl_adapter: 3.1.4 (/opt/ros/humble/share/rosidl_adapter/cmake)
[6.327s] -- Found rosidl_generator_cpp: 3.1.4 (/opt/ros/humble/share/rosidl_generator_cpp/cmake)
[6.392s] -- Using all available rosidl_typesupport_c: rosidl_typesupport_fastrtps_c;rosidl_typesupport_introspection_c
[6.453s] -- Using all available rosidl_typesupport_cpp: rosidl_typesupport_fastrtps_cpp;rosidl_typesupport_introspection_cpp
[6.635s] -- Found rmw_implementation_cmake: 6.1.1 (/opt/ros/humble/share/rmw_implementation_cmake/cmake)
[6.652s] -- Found rmw_fastrtps_cpp: 6.2.2 (/opt/ros/humble/share/rmw_fastrtps_cpp/cmake)
[6.886s] -- Found OpenSSL: /usr/lib/x86_64-linux-gnu/libcrypto.so (found version "3.0.2")  
[6.969s] -- Found FastRTPS: /opt/ros/humble/include  
[7.100s] -- Using RMW implementation 'rmw_fastrtps_cpp' as default
[7.168s] -- Looking for pthread.h
[8.650s] -- Looking for pthread.h - found
[8.678s] -- Performing Test CMAKE_HAVE_LIBC_PTHREAD
[9.985s] -- Performing Test CMAKE_HAVE_LIBC_PTHREAD - Success
[9.992s] -- Found Threads: TRUE  
[10.767s] -- Found ament_lint_auto: 0.12.5 (/opt/ros/humble/share/ament_lint_auto/cmake)
[11.208s] -- Added test 'copyright' to check source files copyright and LICENSE
[11.273s] -- Added test 'cppcheck' to perform static code analysis on C / C++ code
[11.277s] -- Configured cppcheck include dirs: /home/atk-sandbox/atk-sandbox/workspace/src/common/examples/compose_nodes/include
[11.282s] -- Configured cppcheck exclude dirs and/or files: 
[11.304s] -- Added test 'cpplint' to check C / C++ code against the Google style
[11.310s] -- Configured cpplint exclude dirs and/or files: 
[11.321s] -- Added test 'flake8' to check Python code syntax and style conventions
[11.336s] -- Added test 'lint_cmake' to check CMake code style
[11.352s] -- Added test 'pep257' to check Python code against some of the docstring style conventions in PEP 257
[11.383s] -- Added test 'uncrustify' to check C / C++ code style
[11.393s] -- Configured uncrustify additional arguments: 
[11.399s] -- Added test 'xmllint' to check XML markup files
[11.827s] -- Configuring done
[12.935s] -- Generating done
[13.108s] -- Build files have been written to: /home/atk-sandbox/atk-sandbox/workspace/build/compose_nodes
[13.128s] Invoked command in '/home/atk-sandbox/atk-sandbox/workspace/build/compose_nodes' returned '0': CMAKE_PREFIX_PATH=/opt/ros/humble /usr/bin/cmake /home/atk-sandbox/atk-sandbox/workspace/src/common/examples/compose_nodes -DCMAKE_INSTALL_PREFIX=/home/atk-sandbox/atk-sandbox/workspace/install/compose_nodes
[13.147s] Invoking command in '/home/atk-sandbox/atk-sandbox/workspace/build/compose_nodes': CMAKE_PREFIX_PATH=/opt/ros/humble /usr/bin/cmake --build /home/atk-sandbox/atk-sandbox/workspace/build/compose_nodes -- -j4 -l4
[13.379s] [ 25%] [32mBuilding CXX object CMakeFiles/node1.dir/src/node1.cpp.o[0m
[61.940s] [ 50%] [32m[1mLinking CXX shared library libnode1.so[0m
[89.632s] [ 50%] Built target node1
[89.752s] [ 75%] [32mBuilding CXX object CMakeFiles/node2.dir/src/node2.cpp.o[0m
[122.736s] [100%] [32m[1mLinking CXX shared library libnode2.so[0m
[146.785s] [100%] Built target node2
[146.828s] Invoked command in '/home/atk-sandbox/atk-sandbox/workspace/build/compose_nodes' returned '0': CMAKE_PREFIX_PATH=/opt/ros/humble /usr/bin/cmake --build /home/atk-sandbox/atk-sandbox/workspace/build/compose_nodes -- -j4 -l4
[146.941s] Invoking command in '/home/atk-sandbox/atk-sandbox/workspace/build/compose_nodes': CMAKE_PREFIX_PATH=/opt/ros/humble /usr/bin/cmake --install /home/atk-sandbox/atk-sandbox/workspace/build/compose_nodes
[146.963s] -- Install configuration: ""
[146.969s] -- Installing: /home/atk-sandbox/atk-sandbox/workspace/install/compose_nodes/include
[146.985s] -- Installing: /home/atk-sandbox/atk-sandbox/workspace/install/compose_nodes/include/compose_nodes
[147.007s] -- Installing: /home/atk-sandbox/atk-sandbox/workspace/install/compose_nodes/include/compose_nodes/node1.hpp
[147.037s] -- Installing: /home/atk-sandbox/atk-sandbox/workspace/install/compose_nodes/include/compose_nodes/node2.hpp
[147.082s] -- Installing: /home/atk-sandbox/atk-sandbox/workspace/install/compose_nodes/share/compose_nodes/environment/library_path.sh
[147.112s] -- Installing: /home/atk-sandbox/atk-sandbox/workspace/install/compose_nodes/share/compose_nodes/environment/library_path.dsv
[147.160s] -- Installing: /home/atk-sandbox/atk-sandbox/workspace/install/compose_nodes/lib/libnode1.so
[149.104s] -- Set runtime path of "/home/atk-sandbox/atk-sandbox/workspace/install/compose_nodes/lib/libnode1.so" to ""
[149.116s] -- Installing: /home/atk-sandbox/atk-sandbox/workspace/install/compose_nodes/lib/libnode2.so
[151.114s] -- Set runtime path of "/home/atk-sandbox/atk-sandbox/workspace/install/compose_nodes/lib/libnode2.so" to ""
[151.123s] -- Installing: /home/atk-sandbox/atk-sandbox/workspace/install/compose_nodes/share/compose_nodes/launch
[151.145s] -- Installing: /home/atk-sandbox/atk-sandbox/workspace/install/compose_nodes/share/compose_nodes/launch/compose_nodes.launch.py
[151.207s] -- Installing: /home/atk-sandbox/atk-sandbox/workspace/install/compose_nodes/share/ament_index/resource_index/package_run_dependencies/compose_nodes
[151.264s] -- Installing: /home/atk-sandbox/atk-sandbox/workspace/install/compose_nodes/share/ament_index/resource_index/parent_prefix_path/compose_nodes
[151.299s] -- Installing: /home/atk-sandbox/atk-sandbox/workspace/install/compose_nodes/share/compose_nodes/environment/ament_prefix_path.sh
[151.327s] -- Installing: /home/atk-sandbox/atk-sandbox/workspace/install/compose_nodes/share/compose_nodes/environment/ament_prefix_path.dsv
[151.358s] -- Installing: /home/atk-sandbox/atk-sandbox/workspace/install/compose_nodes/share/compose_nodes/environment/path.sh
[151.390s] -- Installing: /home/atk-sandbox/atk-sandbox/workspace/install/compose_nodes/share/compose_nodes/environment/path.dsv
[151.425s] -- Installing: /home/atk-sandbox/atk-sandbox/workspace/install/compose_nodes/share/compose_nodes/local_setup.bash
[151.466s] -- Installing: /home/atk-sandbox/atk-sandbox/workspace/install/compose_nodes/share/compose_nodes/local_setup.sh
[151.504s] -- Installing: /home/atk-sandbox/atk-sandbox/workspace/install/compose_nodes/share/compose_nodes/local_setup.zsh
[151.540s] -- Installing: /home/atk-sandbox/atk-sandbox/workspace/install/compose_nodes/share/compose_nodes/local_setup.dsv
[151.572s] -- Installing: /home/atk-sandbox/atk-sandbox/workspace/install/compose_nodes/share/compose_nodes/package.dsv
[151.626s] -- Installing: /home/atk-sandbox/atk-sandbox/workspace/install/compose_nodes/share/ament_index/resource_index/packages/compose_nodes
[151.677s] -- Installing: /home/atk-sandbox/atk-sandbox/workspace/install/compose_nodes/share/ament_index/resource_index/rclcpp_components/compose_nodes
[151.737s] -- Installing: /home/atk-sandbox/atk-sandbox/workspace/install/compose_nodes/share/compose_nodes/cmake/ament_cmake_export_dependencies-extras.cmake
[151.781s] -- Installing: /home/atk-sandbox/atk-sandbox/workspace/install/compose_nodes/share/compose_nodes/cmake/ament_cmake_export_include_directories-extras.cmake
[151.817s] -- Installing: /home/atk-sandbox/atk-sandbox/workspace/install/compose_nodes/share/compose_nodes/cmake/ament_cmake_export_libraries-extras.cmake
[151.870s] -- Installing: /home/atk-sandbox/atk-sandbox/workspace/install/compose_nodes/share/compose_nodes/cmake/compose_nodesConfig.cmake
[151.941s] -- Installing: /home/atk-sandbox/atk-sandbox/workspace/install/compose_nodes/share/compose_nodes/cmake/compose_nodesConfig-version.cmake
[151.988s] -- Installing: /home/atk-sandbox/atk-sandbox/workspace/install/compose_nodes/share/compose_nodes/package.xml
[152.035s] Invoked command in '/home/atk-sandbox/atk-sandbox/workspace/build/compose_nodes' returned '0': CMAKE_PREFIX_PATH=/opt/ros/humble /usr/bin/cmake --install /home/atk-sandbox/atk-sandbox/workspace/build/compose_nodes
