[35m[1mConsolidate compiler generated dependencies of target merge_arrays_node[0m
[ 50%] [32mBuilding CXX object CMakeFiles/merge_arrays_node.dir/src/merge_arrays_node.cpp.o[0m
In file included from [01m[K/opt/ros/humble/include/rclcpp/rclcpp/logging.hpp:24[m[K,
                 from [01m[K/opt/ros/humble/include/rclcpp/rclcpp/client.hpp:40[m[K,
                 from [01m[K/opt/ros/humble/include/rclcpp/rclcpp/callback_group.hpp:24[m[K,
                 from [01m[K/opt/ros/humble/include/rclcpp/rclcpp/any_executable.hpp:20[m[K,
                 from [01m[K/opt/ros/humble/include/rclcpp/rclcpp/memory_strategy.hpp:25[m[K,
                 from [01m[K/opt/ros/humble/include/rclcpp/rclcpp/memory_strategies.hpp:18[m[K,
                 from [01m[K/opt/ros/humble/include/rclcpp/rclcpp/executor_options.hpp:20[m[K,
                 from [01m[K/opt/ros/humble/include/rclcpp/rclcpp/executor.hpp:37[m[K,
                 from [01m[K/opt/ros/humble/include/rclcpp/rclcpp/executors/multi_threaded_executor.hpp:25[m[K,
                 from [01m[K/opt/ros/humble/include/rclcpp/rclcpp/executors.hpp:21[m[K,
                 from [01m[K/opt/ros/humble/include/rclcpp/rclcpp/rclcpp.hpp:155[m[K,
                 from [01m[K/home/atk-sandbox/atk-sandbox/workspace/src/merge_arrays/src/merge_arrays_node.cpp:8[m[K:
[01m[K/home/atk-sandbox/atk-sandbox/workspace/src/merge_arrays/src/merge_arrays_node.cpp:[m[K In member function ‘[01m[Kvoid MergeArrays::timer_callback()[m[K’:
[01m[K/home/atk-sandbox/atk-sandbox/workspace/src/merge_arrays/src/merge_arrays_node.cpp:61:47:[m[K [01;31m[Kerror: [m[K‘[01m[KsizeOf[m[K’ was not declared in this scope; did you mean ‘[01m[Ksize_t[m[K’?
   61 |         RCLCPP_INFO(this->get_logger(), "%d", [01;31m[KsizeOf[m[K result);
      |                                               [01;31m[K^~~~~~[m[K
[01m[K/home/atk-sandbox/atk-sandbox/workspace/src/merge_arrays/src/merge_arrays_node.cpp:[m[K In member function ‘[01m[Kvoid MergeArrays::merge_arrays(std_msgs::msg::Int32MultiArray, std_msgs::msg::Int32MultiArray)[m[K’:
[01m[K/home/atk-sandbox/atk-sandbox/workspace/src/merge_arrays/src/merge_arrays_node.cpp:83:19:[m[K [01;31m[Kerror: [m[K‘[01m[KInt32MultiArray[m[K’ is not a member of ‘[01m[Kstd_msgs[m[K’; did you mean ‘[01m[Kstd_msgs::msg::Int32MultiArray[m[K’?
   83 |         std_msgs::[01;31m[KInt32MultiArray[m[K result_array;
      |                   [01;31m[K^~~~~~~~~~~~~~~[m[K
In file included from [01m[K/opt/ros/humble/include/std_msgs/std_msgs/msg/int32_multi_array.hpp:7[m[K,
                 from [01m[K/home/atk-sandbox/atk-sandbox/workspace/src/merge_arrays/src/merge_arrays_node.cpp:9[m[K:
[01m[K/opt/ros/humble/include/std_msgs/std_msgs/msg/detail/int32_multi_array__struct.hpp:131:7:[m[K [01;36m[Knote: [m[K‘[01m[Kstd_msgs::msg::Int32MultiArray[m[K’ declared here
  131 | using [01;36m[KInt32MultiArray[m[K =
      |       [01;36m[K^~~~~~~~~~~~~~~[m[K
[01m[K/home/atk-sandbox/atk-sandbox/workspace/src/merge_arrays/src/merge_arrays_node.cpp:87:24:[m[K [01;31m[Kerror: [m[K‘[01m[KsizeOf[m[K’ was not declared in this scope; did you mean ‘[01m[Ksize_t[m[K’?
   87 |         int arr_len1 = [01;31m[KsizeOf[m[K(array1) / sizeOf(array1[0]);
      |                        [01;31m[K^~~~~~[m[K
      |                        [32m[Ksize_t[m[K
[01m[K/home/atk-sandbox/atk-sandbox/workspace/src/merge_arrays/src/merge_arrays_node.cpp:87:54:[m[K [01;31m[Kerror: [m[Kno match for ‘[01m[Koperator[][m[K’ (operand types are ‘[01m[Kstd_msgs::msg::Int32MultiArray[m[K’ {aka ‘[01m[Kstd_msgs::msg::Int32MultiArray_<std::allocator<void> >[m[K’} and ‘[01m[Kint[m[K’)
   87 |         int arr_len1 = sizeOf(array1) / sizeOf(array1[01;31m[K[[m[K0]);
      |                                                      [01;31m[K^[m[K
[01m[K/home/atk-sandbox/atk-sandbox/workspace/src/merge_arrays/src/merge_arrays_node.cpp:88:54:[m[K [01;31m[Kerror: [m[Kno match for ‘[01m[Koperator[][m[K’ (operand types are ‘[01m[Kstd_msgs::msg::Int32MultiArray[m[K’ {aka ‘[01m[Kstd_msgs::msg::Int32MultiArray_<std::allocator<void> >[m[K’} and ‘[01m[Kint[m[K’)
   88 |         int arr_len2 = sizeOf(array2) / sizeOf(array2[01;31m[K[[m[K0]);
      |                                                      [01;31m[K^[m[K
[01m[K/home/atk-sandbox/atk-sandbox/workspace/src/merge_arrays/src/merge_arrays_node.cpp:91:23:[m[K [01;31m[Kerror: [m[Kno match for ‘[01m[Koperator[][m[K’ (operand types are ‘[01m[Kstd_msgs::msg::Int32MultiArray[m[K’ {aka ‘[01m[Kstd_msgs::msg::Int32MultiArray_<std::allocator<void> >[m[K’} and ‘[01m[Kint[m[K’)
   91 |             if (array1[01;31m[K[[m[Ki] < array2[j])
      |                       [01;31m[K^[m[K
[01m[K/home/atk-sandbox/atk-sandbox/workspace/src/merge_arrays/src/merge_arrays_node.cpp:91:35:[m[K [01;31m[Kerror: [m[Kno match for ‘[01m[Koperator[][m[K’ (operand types are ‘[01m[Kstd_msgs::msg::Int32MultiArray[m[K’ {aka ‘[01m[Kstd_msgs::msg::Int32MultiArray_<std::allocator<void> >[m[K’} and ‘[01m[Kint[m[K’)
   91 |             if (array1[i] < array2[01;31m[K[[m[Kj])
      |                                   [01;31m[K^[m[K
[01m[K/home/atk-sandbox/atk-sandbox/workspace/src/merge_arrays/src/merge_arrays_node.cpp:93:17:[m[K [01;31m[Kerror: [m[K‘[01m[Kresult_array[m[K’ was not declared in this scope; did you mean ‘[01m[Kreallocarray[m[K’?
   93 |                 [01;31m[Kresult_array[m[K[result_array_index] = array1[i];
      |                 [01;31m[K^~~~~~~~~~~~[m[K
      |                 [32m[Kreallocarray[m[K
[01m[K/home/atk-sandbox/atk-sandbox/workspace/src/merge_arrays/src/merge_arrays_node.cpp:93:58:[m[K [01;31m[Kerror: [m[Kno match for ‘[01m[Koperator[][m[K’ (operand types are ‘[01m[Kstd_msgs::msg::Int32MultiArray[m[K’ {aka ‘[01m[Kstd_msgs::msg::Int32MultiArray_<std::allocator<void> >[m[K’} and ‘[01m[Kint[m[K’)
   93 |                 result_array[result_array_index] = array1[01;31m[K[[m[Ki];
      |                                                          [01;31m[K^[m[K
[01m[K/home/atk-sandbox/atk-sandbox/workspace/src/merge_arrays/src/merge_arrays_node.cpp:99:17:[m[K [01;31m[Kerror: [m[K‘[01m[Kresult_array[m[K’ was not declared in this scope; did you mean ‘[01m[Kreallocarray[m[K’?
   99 |                 [01;31m[Kresult_array[m[K[result_array_index] = array2[j];
      |                 [01;31m[K^~~~~~~~~~~~[m[K
      |                 [32m[Kreallocarray[m[K
[01m[K/home/atk-sandbox/atk-sandbox/workspace/src/merge_arrays/src/merge_arrays_node.cpp:99:58:[m[K [01;31m[Kerror: [m[Kno match for ‘[01m[Koperator[][m[K’ (operand types are ‘[01m[Kstd_msgs::msg::Int32MultiArray[m[K’ {aka ‘[01m[Kstd_msgs::msg::Int32MultiArray_<std::allocator<void> >[m[K’} and ‘[01m[Kint[m[K’)
   99 |                 result_array[result_array_index] = array2[01;31m[K[[m[Kj];
      |                                                          [01;31m[K^[m[K
[01m[K/home/atk-sandbox/atk-sandbox/workspace/src/merge_arrays/src/merge_arrays_node.cpp:105:17:[m[K [01;31m[Kerror: [m[K‘[01m[Kresult_array[m[K’ was not declared in this scope; did you mean ‘[01m[Kreallocarray[m[K’?
  105 |                 [01;31m[Kresult_array[m[K[result_array_index] = array1[i];
      |                 [01;31m[K^~~~~~~~~~~~[m[K
      |                 [32m[Kreallocarray[m[K
[01m[K/home/atk-sandbox/atk-sandbox/workspace/src/merge_arrays/src/merge_arrays_node.cpp:105:58:[m[K [01;31m[Kerror: [m[Kno match for ‘[01m[Koperator[][m[K’ (operand types are ‘[01m[Kstd_msgs::msg::Int32MultiArray[m[K’ {aka ‘[01m[Kstd_msgs::msg::Int32MultiArray_<std::allocator<void> >[m[K’} and ‘[01m[Kint[m[K’)
  105 |                 result_array[result_array_index] = array1[01;31m[K[[m[Ki];
      |                                                          [01;31m[K^[m[K
[01m[K/home/atk-sandbox/atk-sandbox/workspace/src/merge_arrays/src/merge_arrays_node.cpp:112:17:[m[K [01;31m[Kerror: [m[K‘[01m[Kresult_array[m[K’ was not declared in this scope; did you mean ‘[01m[Kreallocarray[m[K’?
  112 |                 [01;31m[Kresult_array[m[K[result_array_index] = array2[j];
      |                 [01;31m[K^~~~~~~~~~~~[m[K
      |                 [32m[Kreallocarray[m[K
[01m[K/home/atk-sandbox/atk-sandbox/workspace/src/merge_arrays/src/merge_arrays_node.cpp:112:58:[m[K [01;31m[Kerror: [m[Kno match for ‘[01m[Koperator[][m[K’ (operand types are ‘[01m[Kstd_msgs::msg::Int32MultiArray[m[K’ {aka ‘[01m[Kstd_msgs::msg::Int32MultiArray_<std::allocator<void> >[m[K’} and ‘[01m[Kint[m[K’)
  112 |                 result_array[result_array_index] = array2[01;31m[K[[m[Kj];
      |                                                          [01;31m[K^[m[K
gmake[2]: *** [CMakeFiles/merge_arrays_node.dir/build.make:76: CMakeFiles/merge_arrays_node.dir/src/merge_arrays_node.cpp.o] Error 1
gmake[1]: *** [CMakeFiles/Makefile2:137: CMakeFiles/merge_arrays_node.dir/all] Error 2
gmake: *** [Makefile:146: all] Error 2
