[0.315s] Invoking command in '/home/atk-sandbox/atk-sandbox/workspace/build/merge_arrays': CMAKE_PREFIX_PATH=${CMAKE_PREFIX_PATH}:/home/atk-sandbox/atk-sandbox/workspace/install/launch_utils:/opt/ros/humble /usr/bin/cmake --build /home/atk-sandbox/atk-sandbox/workspace/build/merge_arrays -- -j4 -l4
[1.819s] [35m[1mConsolidate compiler generated dependencies of target merge_arrays_node[0m
[4.465s] [ 50%] [32mBuilding CXX object CMakeFiles/merge_arrays_node.dir/src/merge_arrays_node.cpp.o[0m
[9.418s] In file included from [01m[K/opt/ros/humble/include/rclcpp/rclcpp/logging.hpp:24[m[K,
[9.423s]                  from [01m[K/opt/ros/humble/include/rclcpp/rclcpp/client.hpp:40[m[K,
[9.429s]                  from [01m[K/opt/ros/humble/include/rclcpp/rclcpp/callback_group.hpp:24[m[K,
[9.433s]                  from [01m[K/opt/ros/humble/include/rclcpp/rclcpp/any_executable.hpp:20[m[K,
[9.437s]                  from [01m[K/opt/ros/humble/include/rclcpp/rclcpp/memory_strategy.hpp:25[m[K,
[9.441s]                  from [01m[K/opt/ros/humble/include/rclcpp/rclcpp/memory_strategies.hpp:18[m[K,
[9.445s]                  from [01m[K/opt/ros/humble/include/rclcpp/rclcpp/executor_options.hpp:20[m[K,
[9.451s]                  from [01m[K/opt/ros/humble/include/rclcpp/rclcpp/executor.hpp:37[m[K,
[9.455s]                  from [01m[K/opt/ros/humble/include/rclcpp/rclcpp/executors/multi_threaded_executor.hpp:25[m[K,
[9.459s]                  from [01m[K/opt/ros/humble/include/rclcpp/rclcpp/executors.hpp:21[m[K,
[9.464s]                  from [01m[K/opt/ros/humble/include/rclcpp/rclcpp/rclcpp.hpp:155[m[K,
[9.469s]                  from [01m[K/home/atk-sandbox/atk-sandbox/workspace/src/merge_arrays/src/merge_arrays_node.cpp:8[m[K:
[9.475s] [01m[K/home/atk-sandbox/atk-sandbox/workspace/src/merge_arrays/src/merge_arrays_node.cpp:[m[K In member function ‘[01m[Kvoid MergeArrays::timer_callback()[m[K’:
[9.479s] [01m[K/home/atk-sandbox/atk-sandbox/workspace/src/merge_arrays/src/merge_arrays_node.cpp:61:47:[m[K [01;31m[Kerror: [m[Kinvalid cast from type ‘[01m[Kstd_msgs::msg::Int32MultiArray[m[K’ {aka ‘[01m[Kstd_msgs::msg::Int32MultiArray_<std::allocator<void> >[m[K’} to type ‘[01m[Ksize_t[m[K’ {aka ‘[01m[Klong unsigned int[m[K’}
[9.486s]    61 |         RCLCPP_INFO(this->get_logger(), "%d", [01;31m[Ksize_t(result)[m[K);
[9.491s]       |                                               [01;31m[K^~~~~~~~~~~~~~[m[K
[9.495s] [01m[K/home/atk-sandbox/atk-sandbox/workspace/src/merge_arrays/src/merge_arrays_node.cpp:[m[K In member function ‘[01m[Kvoid MergeArrays::merge_arrays(std_msgs::msg::Int32MultiArray, std_msgs::msg::Int32MultiArray)[m[K’:
[9.501s] [01m[K/home/atk-sandbox/atk-sandbox/workspace/src/merge_arrays/src/merge_arrays_node.cpp:83:19:[m[K [01;31m[Kerror: [m[K‘[01m[KInt32MultiArray[m[K’ is not a member of ‘[01m[Kstd_msgs[m[K’; did you mean ‘[01m[Kstd_msgs::msg::Int32MultiArray[m[K’?
[9.506s]    83 |         std_msgs::[01;31m[KInt32MultiArray[m[K result_array;
[9.510s]       |                   [01;31m[K^~~~~~~~~~~~~~~[m[K
[9.514s] In file included from [01m[K/opt/ros/humble/include/std_msgs/std_msgs/msg/int32_multi_array.hpp:7[m[K,
[9.520s]                  from [01m[K/home/atk-sandbox/atk-sandbox/workspace/src/merge_arrays/src/merge_arrays_node.cpp:9[m[K:
[9.524s] [01m[K/opt/ros/humble/include/std_msgs/std_msgs/msg/detail/int32_multi_array__struct.hpp:131:7:[m[K [01;36m[Knote: [m[K‘[01m[Kstd_msgs::msg::Int32MultiArray[m[K’ declared here
[9.530s]   131 | using [01;36m[KInt32MultiArray[m[K =
[9.534s]       |       [01;36m[K^~~~~~~~~~~~~~~[m[K
[9.539s] [01m[K/home/atk-sandbox/atk-sandbox/workspace/src/merge_arrays/src/merge_arrays_node.cpp:87:24:[m[K [01;31m[Kerror: [m[K‘[01m[KsizeOf[m[K’ was not declared in this scope; did you mean ‘[01m[Ksize_t[m[K’?
[9.543s]    87 |         int arr_len1 = [01;31m[KsizeOf[m[K(array1) / sizeOf(array1[0]);
[9.549s]       |                        [01;31m[K^~~~~~[m[K
[9.554s]       |                        [32m[Ksize_t[m[K
[9.559s] [01m[K/home/atk-sandbox/atk-sandbox/workspace/src/merge_arrays/src/merge_arrays_node.cpp:87:54:[m[K [01;31m[Kerror: [m[Kno match for ‘[01m[Koperator[][m[K’ (operand types are ‘[01m[Kstd_msgs::msg::Int32MultiArray[m[K’ {aka ‘[01m[Kstd_msgs::msg::Int32MultiArray_<std::allocator<void> >[m[K’} and ‘[01m[Kint[m[K’)
[9.566s]    87 |         int arr_len1 = sizeOf(array1) / sizeOf(array1[01;31m[K[[m[K0]);
[9.574s]       |                                                      [01;31m[K^[m[K
[9.580s] [01m[K/home/atk-sandbox/atk-sandbox/workspace/src/merge_arrays/src/merge_arrays_node.cpp:88:54:[m[K [01;31m[Kerror: [m[Kno match for ‘[01m[Koperator[][m[K’ (operand types are ‘[01m[Kstd_msgs::msg::Int32MultiArray[m[K’ {aka ‘[01m[Kstd_msgs::msg::Int32MultiArray_<std::allocator<void> >[m[K’} and ‘[01m[Kint[m[K’)
[9.585s]    88 |         int arr_len2 = sizeOf(array2) / sizeOf(array2[01;31m[K[[m[K0]);
[9.589s]       |                                                      [01;31m[K^[m[K
[9.595s] [01m[K/home/atk-sandbox/atk-sandbox/workspace/src/merge_arrays/src/merge_arrays_node.cpp:91:23:[m[K [01;31m[Kerror: [m[Kno match for ‘[01m[Koperator[][m[K’ (operand types are ‘[01m[Kstd_msgs::msg::Int32MultiArray[m[K’ {aka ‘[01m[Kstd_msgs::msg::Int32MultiArray_<std::allocator<void> >[m[K’} and ‘[01m[Kint[m[K’)
[9.599s]    91 |             if (array1[01;31m[K[[m[Ki] < array2[j])
[9.603s]       |                       [01;31m[K^[m[K
[9.608s] [01m[K/home/atk-sandbox/atk-sandbox/workspace/src/merge_arrays/src/merge_arrays_node.cpp:91:35:[m[K [01;31m[Kerror: [m[Kno match for ‘[01m[Koperator[][m[K’ (operand types are ‘[01m[Kstd_msgs::msg::Int32MultiArray[m[K’ {aka ‘[01m[Kstd_msgs::msg::Int32MultiArray_<std::allocator<void> >[m[K’} and ‘[01m[Kint[m[K’)
[9.612s]    91 |             if (array1[i] < array2[01;31m[K[[m[Kj])
[9.616s]       |                                   [01;31m[K^[m[K
[9.620s] [01m[K/home/atk-sandbox/atk-sandbox/workspace/src/merge_arrays/src/merge_arrays_node.cpp:93:17:[m[K [01;31m[Kerror: [m[K‘[01m[Kresult_array[m[K’ was not declared in this scope; did you mean ‘[01m[Kreallocarray[m[K’?
[9.625s]    93 |                 [01;31m[Kresult_array[m[K[result_array_index] = array1[i];
[9.631s]       |                 [01;31m[K^~~~~~~~~~~~[m[K
[9.636s]       |                 [32m[Kreallocarray[m[K
[9.639s] [01m[K/home/atk-sandbox/atk-sandbox/workspace/src/merge_arrays/src/merge_arrays_node.cpp:93:58:[m[K [01;31m[Kerror: [m[Kno match for ‘[01m[Koperator[][m[K’ (operand types are ‘[01m[Kstd_msgs::msg::Int32MultiArray[m[K’ {aka ‘[01m[Kstd_msgs::msg::Int32MultiArray_<std::allocator<void> >[m[K’} and ‘[01m[Kint[m[K’)
[9.645s]    93 |                 result_array[result_array_index] = array1[01;31m[K[[m[Ki];
[9.649s]       |                                                          [01;31m[K^[m[K
[9.654s] [01m[K/home/atk-sandbox/atk-sandbox/workspace/src/merge_arrays/src/merge_arrays_node.cpp:99:17:[m[K [01;31m[Kerror: [m[K‘[01m[Kresult_array[m[K’ was not declared in this scope; did you mean ‘[01m[Kreallocarray[m[K’?
[9.658s]    99 |                 [01;31m[Kresult_array[m[K[result_array_index] = array2[j];
[9.663s]       |                 [01;31m[K^~~~~~~~~~~~[m[K
[9.668s]       |                 [32m[Kreallocarray[m[K
[9.675s] [01m[K/home/atk-sandbox/atk-sandbox/workspace/src/merge_arrays/src/merge_arrays_node.cpp:99:58:[m[K [01;31m[Kerror: [m[Kno match for ‘[01m[Koperator[][m[K’ (operand types are ‘[01m[Kstd_msgs::msg::Int32MultiArray[m[K’ {aka ‘[01m[Kstd_msgs::msg::Int32MultiArray_<std::allocator<void> >[m[K’} and ‘[01m[Kint[m[K’)
[9.679s]    99 |                 result_array[result_array_index] = array2[01;31m[K[[m[Kj];
[9.684s]       |                                                          [01;31m[K^[m[K
[9.688s] [01m[K/home/atk-sandbox/atk-sandbox/workspace/src/merge_arrays/src/merge_arrays_node.cpp:105:17:[m[K [01;31m[Kerror: [m[K‘[01m[Kresult_array[m[K’ was not declared in this scope; did you mean ‘[01m[Kreallocarray[m[K’?
[9.692s]   105 |                 [01;31m[Kresult_array[m[K[result_array_index] = array1[i];
[9.696s]       |                 [01;31m[K^~~~~~~~~~~~[m[K
[9.700s]       |                 [32m[Kreallocarray[m[K
[9.705s] [01m[K/home/atk-sandbox/atk-sandbox/workspace/src/merge_arrays/src/merge_arrays_node.cpp:105:58:[m[K [01;31m[Kerror: [m[Kno match for ‘[01m[Koperator[][m[K’ (operand types are ‘[01m[Kstd_msgs::msg::Int32MultiArray[m[K’ {aka ‘[01m[Kstd_msgs::msg::Int32MultiArray_<std::allocator<void> >[m[K’} and ‘[01m[Kint[m[K’)
[9.711s]   105 |                 result_array[result_array_index] = array1[01;31m[K[[m[Ki];
[9.715s]       |                                                          [01;31m[K^[m[K
[9.719s] [01m[K/home/atk-sandbox/atk-sandbox/workspace/src/merge_arrays/src/merge_arrays_node.cpp:112:17:[m[K [01;31m[Kerror: [m[K‘[01m[Kresult_array[m[K’ was not declared in this scope; did you mean ‘[01m[Kreallocarray[m[K’?
[9.722s]   112 |                 [01;31m[Kresult_array[m[K[result_array_index] = array2[j];
[9.726s]       |                 [01;31m[K^~~~~~~~~~~~[m[K
[9.732s]       |                 [32m[Kreallocarray[m[K
[9.736s] [01m[K/home/atk-sandbox/atk-sandbox/workspace/src/merge_arrays/src/merge_arrays_node.cpp:112:58:[m[K [01;31m[Kerror: [m[Kno match for ‘[01m[Koperator[][m[K’ (operand types are ‘[01m[Kstd_msgs::msg::Int32MultiArray[m[K’ {aka ‘[01m[Kstd_msgs::msg::Int32MultiArray_<std::allocator<void> >[m[K’} and ‘[01m[Kint[m[K’)
[9.740s]   112 |                 result_array[result_array_index] = array2[01;31m[K[[m[Kj];
[9.745s]       |                                                          [01;31m[K^[m[K
[13.458s] gmake[2]: *** [CMakeFiles/merge_arrays_node.dir/build.make:76: CMakeFiles/merge_arrays_node.dir/src/merge_arrays_node.cpp.o] Error 1
[13.465s] gmake[1]: *** [CMakeFiles/Makefile2:137: CMakeFiles/merge_arrays_node.dir/all] Error 2
[13.471s] gmake: *** [Makefile:146: all] Error 2
[13.475s] Invoked command in '/home/atk-sandbox/atk-sandbox/workspace/build/merge_arrays' returned '2': CMAKE_PREFIX_PATH=${CMAKE_PREFIX_PATH}:/home/atk-sandbox/atk-sandbox/workspace/install/launch_utils:/opt/ros/humble /usr/bin/cmake --build /home/atk-sandbox/atk-sandbox/workspace/build/merge_arrays -- -j4 -l4
