[0.451s] DEBUG:colcon:Command line arguments: ['/usr/bin/colcon', 'build', '--packages-select', 'merge_arrays']
[0.452s] DEBUG:colcon:Parsed command line arguments: Namespace(log_base=None, log_level=None, verb_name='build', build_base='build', install_base='install', merge_install=False, symlink_install=False, test_result_base=None, continue_on_error=False, executor='parallel', parallel_workers=4, event_handlers=None, ignore_user_meta=False, metas=['./colcon.meta'], base_paths=['.'], packages_ignore=None, packages_ignore_regex=None, paths=None, packages_up_to=None, packages_up_to_regex=None, packages_above=None, packages_above_and_dependencies=None, packages_above_depth=None, packages_select_by_dep=None, packages_skip_by_dep=None, packages_skip_up_to=None, packages_select_build_failed=False, packages_skip_build_finished=False, packages_select_test_failures=False, packages_skip_test_passed=False, packages_select=['merge_arrays'], packages_skip=None, packages_select_regex=None, packages_skip_regex=None, packages_start=None, packages_end=None, cmake_args=None, cmake_target=None, cmake_target_skip_unavailable=False, cmake_clean_cache=False, cmake_clean_first=False, cmake_force_configure=False, ament_cmake_args=None, catkin_cmake_args=None, catkin_skip_building_tests=False, mixin_files=None, mixin=None, verb_parser=<colcon_mixin.mixin.mixin_argument.MixinArgumentDecorator object at 0x7f3062d3a6e0>, verb_extension=<colcon_core.verb.build.BuildVerb object at 0x7f3062e43d60>, main=<bound method BuildVerb.main of <colcon_core.verb.build.BuildVerb object at 0x7f3062e43d60>>, mixin_verb=('build',))
[0.505s] Level 1:colcon.colcon_core.package_discovery:discover_packages(colcon_meta) check parameters
[0.507s] Level 1:colcon.colcon_core.package_discovery:discover_packages(recursive) check parameters
[0.509s] Level 1:colcon.colcon_core.package_discovery:discover_packages(ignore) check parameters
[0.510s] Level 1:colcon.colcon_core.package_discovery:discover_packages(path) check parameters
[0.512s] Level 1:colcon.colcon_core.package_discovery:discover_packages(colcon_meta) discover
[0.514s] Level 1:colcon.colcon_core.package_discovery:discover_packages(recursive) discover
[0.515s] INFO:colcon.colcon_core.package_discovery:Crawling recursively for packages in '/home/atk-sandbox/atk-sandbox/workspace'
[0.517s] Level 1:colcon.colcon_core.package_identification:_identify(.) by extensions ['ignore', 'ignore_ament_install']
[0.519s] Level 1:colcon.colcon_core.package_identification:_identify(.) by extension 'ignore'
[0.522s] Level 1:colcon.colcon_core.package_identification:_identify(.) by extension 'ignore_ament_install'
[0.526s] Level 1:colcon.colcon_core.package_identification:_identify(.) by extensions ['colcon_pkg']
[0.527s] Level 1:colcon.colcon_core.package_identification:_identify(.) by extension 'colcon_pkg'
[0.529s] Level 1:colcon.colcon_core.package_identification:_identify(.) by extensions ['colcon_meta']
[0.530s] Level 1:colcon.colcon_core.package_identification:_identify(.) by extension 'colcon_meta'
[0.531s] Level 1:colcon.colcon_core.package_identification:_identify(.) by extensions ['ros']
[0.533s] Level 1:colcon.colcon_core.package_identification:_identify(.) by extension 'ros'
[0.561s] Level 1:colcon.colcon_core.package_identification:_identify(.) by extensions ['cmake', 'python']
[0.562s] Level 1:colcon.colcon_core.package_identification:_identify(.) by extension 'cmake'
[0.565s] Level 1:colcon.colcon_core.package_identification:_identify(.) by extension 'python'
[0.567s] Level 1:colcon.colcon_core.package_identification:_identify(.) by extensions ['python_setup_py']
[0.568s] Level 1:colcon.colcon_core.package_identification:_identify(.) by extension 'python_setup_py'
[0.571s] Level 1:colcon.colcon_core.package_identification:_identify(build) by extensions ['ignore', 'ignore_ament_install']
[0.572s] Level 1:colcon.colcon_core.package_identification:_identify(build) by extension 'ignore'
[0.573s] Level 1:colcon.colcon_core.package_identification:_identify(build) ignored
[0.574s] Level 1:colcon.colcon_core.package_identification:_identify(install) by extensions ['ignore', 'ignore_ament_install']
[0.576s] Level 1:colcon.colcon_core.package_identification:_identify(install) by extension 'ignore'
[0.577s] Level 1:colcon.colcon_core.package_identification:_identify(install) ignored
[0.588s] Level 1:colcon.colcon_core.package_identification:_identify(log) by extensions ['ignore', 'ignore_ament_install']
[0.589s] Level 1:colcon.colcon_core.package_identification:_identify(log) by extension 'ignore'
[0.590s] Level 1:colcon.colcon_core.package_identification:_identify(log) ignored
[0.592s] Level 1:colcon.colcon_core.package_identification:_identify(src) by extensions ['ignore', 'ignore_ament_install']
[0.593s] Level 1:colcon.colcon_core.package_identification:_identify(src) by extension 'ignore'
[0.595s] Level 1:colcon.colcon_core.package_identification:_identify(src) by extension 'ignore_ament_install'
[0.598s] Level 1:colcon.colcon_core.package_identification:_identify(src) by extensions ['colcon_pkg']
[0.599s] Level 1:colcon.colcon_core.package_identification:_identify(src) by extension 'colcon_pkg'
[0.601s] Level 1:colcon.colcon_core.package_identification:_identify(src) by extensions ['colcon_meta']
[0.602s] Level 1:colcon.colcon_core.package_identification:_identify(src) by extension 'colcon_meta'
[0.603s] Level 1:colcon.colcon_core.package_identification:_identify(src) by extensions ['ros']
[0.604s] Level 1:colcon.colcon_core.package_identification:_identify(src) by extension 'ros'
[0.609s] Level 1:colcon.colcon_core.package_identification:_identify(src) by extensions ['cmake', 'python']
[0.610s] Level 1:colcon.colcon_core.package_identification:_identify(src) by extension 'cmake'
[0.612s] Level 1:colcon.colcon_core.package_identification:_identify(src) by extension 'python'
[0.614s] Level 1:colcon.colcon_core.package_identification:_identify(src) by extensions ['python_setup_py']
[0.615s] Level 1:colcon.colcon_core.package_identification:_identify(src) by extension 'python_setup_py'
[0.618s] Level 1:colcon.colcon_core.package_identification:_identify(src/build) by extensions ['ignore', 'ignore_ament_install']
[0.619s] Level 1:colcon.colcon_core.package_identification:_identify(src/build) by extension 'ignore'
[0.620s] Level 1:colcon.colcon_core.package_identification:_identify(src/build) ignored
[0.622s] Level 1:colcon.colcon_core.package_identification:_identify(src/common) by extensions ['ignore', 'ignore_ament_install']
[0.623s] Level 1:colcon.colcon_core.package_identification:_identify(src/common) by extension 'ignore'
[0.625s] Level 1:colcon.colcon_core.package_identification:_identify(src/common) by extension 'ignore_ament_install'
[0.628s] Level 1:colcon.colcon_core.package_identification:_identify(src/common) by extensions ['colcon_pkg']
[0.629s] Level 1:colcon.colcon_core.package_identification:_identify(src/common) by extension 'colcon_pkg'
[0.631s] Level 1:colcon.colcon_core.package_identification:_identify(src/common) by extensions ['colcon_meta']
[0.632s] Level 1:colcon.colcon_core.package_identification:_identify(src/common) by extension 'colcon_meta'
[0.633s] Level 1:colcon.colcon_core.package_identification:_identify(src/common) by extensions ['ros']
[0.634s] Level 1:colcon.colcon_core.package_identification:_identify(src/common) by extension 'ros'
[0.639s] Level 1:colcon.colcon_core.package_identification:_identify(src/common) by extensions ['cmake', 'python']
[0.640s] Level 1:colcon.colcon_core.package_identification:_identify(src/common) by extension 'cmake'
[0.642s] Level 1:colcon.colcon_core.package_identification:_identify(src/common) by extension 'python'
[0.644s] Level 1:colcon.colcon_core.package_identification:_identify(src/common) by extensions ['python_setup_py']
[0.646s] Level 1:colcon.colcon_core.package_identification:_identify(src/common) by extension 'python_setup_py'
[0.648s] Level 1:colcon.colcon_core.package_identification:_identify(src/common/common_pkgs) by extensions ['ignore', 'ignore_ament_install']
[0.649s] Level 1:colcon.colcon_core.package_identification:_identify(src/common/common_pkgs) by extension 'ignore'
[0.652s] Level 1:colcon.colcon_core.package_identification:_identify(src/common/common_pkgs) by extension 'ignore_ament_install'
[0.654s] Level 1:colcon.colcon_core.package_identification:_identify(src/common/common_pkgs) by extensions ['colcon_pkg']
[0.655s] Level 1:colcon.colcon_core.package_identification:_identify(src/common/common_pkgs) by extension 'colcon_pkg'
[0.657s] Level 1:colcon.colcon_core.package_identification:_identify(src/common/common_pkgs) by extensions ['colcon_meta']
[0.658s] Level 1:colcon.colcon_core.package_identification:_identify(src/common/common_pkgs) by extension 'colcon_meta'
[0.658s] Level 1:colcon.colcon_core.package_identification:_identify(src/common/common_pkgs) by extensions ['ros']
[0.659s] Level 1:colcon.colcon_core.package_identification:_identify(src/common/common_pkgs) by extension 'ros'
[0.667s] DEBUG:colcon.colcon_core.package_identification:Package 'src/common/common_pkgs' with type 'ros.ament_cmake' and name 'common_pkgs'
[0.668s] Level 1:colcon.colcon_core.package_identification:_identify(src/common/examples) by extensions ['ignore', 'ignore_ament_install']
[0.669s] Level 1:colcon.colcon_core.package_identification:_identify(src/common/examples) by extension 'ignore'
[0.671s] Level 1:colcon.colcon_core.package_identification:_identify(src/common/examples) by extension 'ignore_ament_install'
[0.673s] Level 1:colcon.colcon_core.package_identification:_identify(src/common/examples) by extensions ['colcon_pkg']
[0.674s] Level 1:colcon.colcon_core.package_identification:_identify(src/common/examples) by extension 'colcon_pkg'
[0.677s] Level 1:colcon.colcon_core.package_identification:_identify(src/common/examples) by extensions ['colcon_meta']
[0.678s] Level 1:colcon.colcon_core.package_identification:_identify(src/common/examples) by extension 'colcon_meta'
[0.679s] Level 1:colcon.colcon_core.package_identification:_identify(src/common/examples) by extensions ['ros']
[0.680s] Level 1:colcon.colcon_core.package_identification:_identify(src/common/examples) by extension 'ros'
[0.685s] Level 1:colcon.colcon_core.package_identification:_identify(src/common/examples) by extensions ['cmake', 'python']
[0.686s] Level 1:colcon.colcon_core.package_identification:_identify(src/common/examples) by extension 'cmake'
[0.687s] Level 1:colcon.colcon_core.package_identification:_identify(src/common/examples) by extension 'python'
[0.689s] Level 1:colcon.colcon_core.package_identification:_identify(src/common/examples) by extensions ['python_setup_py']
[0.690s] Level 1:colcon.colcon_core.package_identification:_identify(src/common/examples) by extension 'python_setup_py'
[0.693s] Level 1:colcon.colcon_core.package_identification:_identify(src/common/examples/compose_nodes) by extensions ['ignore', 'ignore_ament_install']
[0.693s] Level 1:colcon.colcon_core.package_identification:_identify(src/common/examples/compose_nodes) by extension 'ignore'
[0.695s] Level 1:colcon.colcon_core.package_identification:_identify(src/common/examples/compose_nodes) by extension 'ignore_ament_install'
[0.698s] Level 1:colcon.colcon_core.package_identification:_identify(src/common/examples/compose_nodes) by extensions ['colcon_pkg']
[0.699s] Level 1:colcon.colcon_core.package_identification:_identify(src/common/examples/compose_nodes) by extension 'colcon_pkg'
[0.701s] Level 1:colcon.colcon_core.package_identification:_identify(src/common/examples/compose_nodes) by extensions ['colcon_meta']
[0.703s] Level 1:colcon.colcon_core.package_identification:_identify(src/common/examples/compose_nodes) by extension 'colcon_meta'
[0.704s] Level 1:colcon.colcon_core.package_identification:_identify(src/common/examples/compose_nodes) by extensions ['ros']
[0.705s] Level 1:colcon.colcon_core.package_identification:_identify(src/common/examples/compose_nodes) by extension 'ros'
[0.711s] DEBUG:colcon.colcon_core.package_identification:Package 'src/common/examples/compose_nodes' with type 'ros.ament_cmake' and name 'compose_nodes'
[0.712s] Level 1:colcon.colcon_core.package_identification:_identify(src/common/interfaces) by extensions ['ignore', 'ignore_ament_install']
[0.714s] Level 1:colcon.colcon_core.package_identification:_identify(src/common/interfaces) by extension 'ignore'
[0.716s] Level 1:colcon.colcon_core.package_identification:_identify(src/common/interfaces) by extension 'ignore_ament_install'
[0.719s] Level 1:colcon.colcon_core.package_identification:_identify(src/common/interfaces) by extensions ['colcon_pkg']
[0.720s] Level 1:colcon.colcon_core.package_identification:_identify(src/common/interfaces) by extension 'colcon_pkg'
[0.721s] Level 1:colcon.colcon_core.package_identification:_identify(src/common/interfaces) by extensions ['colcon_meta']
[0.722s] Level 1:colcon.colcon_core.package_identification:_identify(src/common/interfaces) by extension 'colcon_meta'
[0.723s] Level 1:colcon.colcon_core.package_identification:_identify(src/common/interfaces) by extensions ['ros']
[0.724s] Level 1:colcon.colcon_core.package_identification:_identify(src/common/interfaces) by extension 'ros'
[0.729s] Level 1:colcon.colcon_core.package_identification:_identify(src/common/interfaces) by extensions ['cmake', 'python']
[0.730s] Level 1:colcon.colcon_core.package_identification:_identify(src/common/interfaces) by extension 'cmake'
[0.732s] Level 1:colcon.colcon_core.package_identification:_identify(src/common/interfaces) by extension 'python'
[0.733s] Level 1:colcon.colcon_core.package_identification:_identify(src/common/interfaces) by extensions ['python_setup_py']
[0.735s] Level 1:colcon.colcon_core.package_identification:_identify(src/common/interfaces) by extension 'python_setup_py'
[0.737s] Level 1:colcon.colcon_core.package_identification:_identify(src/common/interfaces/wauto_control_msgs) by extensions ['ignore', 'ignore_ament_install']
[0.738s] Level 1:colcon.colcon_core.package_identification:_identify(src/common/interfaces/wauto_control_msgs) by extension 'ignore'
[0.740s] Level 1:colcon.colcon_core.package_identification:_identify(src/common/interfaces/wauto_control_msgs) by extension 'ignore_ament_install'
[0.743s] Level 1:colcon.colcon_core.package_identification:_identify(src/common/interfaces/wauto_control_msgs) by extensions ['colcon_pkg']
[0.744s] Level 1:colcon.colcon_core.package_identification:_identify(src/common/interfaces/wauto_control_msgs) by extension 'colcon_pkg'
[0.745s] Level 1:colcon.colcon_core.package_identification:_identify(src/common/interfaces/wauto_control_msgs) by extensions ['colcon_meta']
[0.746s] Level 1:colcon.colcon_core.package_identification:_identify(src/common/interfaces/wauto_control_msgs) by extension 'colcon_meta'
[0.747s] Level 1:colcon.colcon_core.package_identification:_identify(src/common/interfaces/wauto_control_msgs) by extensions ['ros']
[0.748s] Level 1:colcon.colcon_core.package_identification:_identify(src/common/interfaces/wauto_control_msgs) by extension 'ros'
[0.753s] DEBUG:colcon.colcon_core.package_identification:Package 'src/common/interfaces/wauto_control_msgs' with type 'ros.ament_cmake' and name 'wauto_control_msgs'
[0.754s] Level 1:colcon.colcon_core.package_identification:_identify(src/common/interfaces/wauto_perception_msgs) by extensions ['ignore', 'ignore_ament_install']
[0.755s] Level 1:colcon.colcon_core.package_identification:_identify(src/common/interfaces/wauto_perception_msgs) by extension 'ignore'
[0.757s] Level 1:colcon.colcon_core.package_identification:_identify(src/common/interfaces/wauto_perception_msgs) by extension 'ignore_ament_install'
[0.760s] Level 1:colcon.colcon_core.package_identification:_identify(src/common/interfaces/wauto_perception_msgs) by extensions ['colcon_pkg']
[0.761s] Level 1:colcon.colcon_core.package_identification:_identify(src/common/interfaces/wauto_perception_msgs) by extension 'colcon_pkg'
[0.763s] Level 1:colcon.colcon_core.package_identification:_identify(src/common/interfaces/wauto_perception_msgs) by extensions ['colcon_meta']
[0.763s] Level 1:colcon.colcon_core.package_identification:_identify(src/common/interfaces/wauto_perception_msgs) by extension 'colcon_meta'
[0.764s] Level 1:colcon.colcon_core.package_identification:_identify(src/common/interfaces/wauto_perception_msgs) by extensions ['ros']
[0.766s] Level 1:colcon.colcon_core.package_identification:_identify(src/common/interfaces/wauto_perception_msgs) by extension 'ros'
[0.771s] DEBUG:colcon.colcon_core.package_identification:Package 'src/common/interfaces/wauto_perception_msgs' with type 'ros.ament_cmake' and name 'wauto_perception_msgs'
[0.773s] Level 1:colcon.colcon_core.package_identification:_identify(src/common/interfaces/wauto_vehicle_msgs) by extensions ['ignore', 'ignore_ament_install']
[0.774s] Level 1:colcon.colcon_core.package_identification:_identify(src/common/interfaces/wauto_vehicle_msgs) by extension 'ignore'
[0.778s] Level 1:colcon.colcon_core.package_identification:_identify(src/common/interfaces/wauto_vehicle_msgs) by extension 'ignore_ament_install'
[0.783s] Level 1:colcon.colcon_core.package_identification:_identify(src/common/interfaces/wauto_vehicle_msgs) by extensions ['colcon_pkg']
[0.784s] Level 1:colcon.colcon_core.package_identification:_identify(src/common/interfaces/wauto_vehicle_msgs) by extension 'colcon_pkg'
[0.787s] Level 1:colcon.colcon_core.package_identification:_identify(src/common/interfaces/wauto_vehicle_msgs) by extensions ['colcon_meta']
[0.788s] Level 1:colcon.colcon_core.package_identification:_identify(src/common/interfaces/wauto_vehicle_msgs) by extension 'colcon_meta'
[0.790s] Level 1:colcon.colcon_core.package_identification:_identify(src/common/interfaces/wauto_vehicle_msgs) by extensions ['ros']
[0.792s] Level 1:colcon.colcon_core.package_identification:_identify(src/common/interfaces/wauto_vehicle_msgs) by extension 'ros'
[0.799s] DEBUG:colcon.colcon_core.package_identification:Package 'src/common/interfaces/wauto_vehicle_msgs' with type 'ros.ament_cmake' and name 'wauto_vehicle_msgs'
[0.801s] Level 1:colcon.colcon_core.package_identification:_identify(src/common/launch) by extensions ['ignore', 'ignore_ament_install']
[0.802s] Level 1:colcon.colcon_core.package_identification:_identify(src/common/launch) by extension 'ignore'
[0.805s] Level 1:colcon.colcon_core.package_identification:_identify(src/common/launch) by extension 'ignore_ament_install'
[0.808s] Level 1:colcon.colcon_core.package_identification:_identify(src/common/launch) by extensions ['colcon_pkg']
[0.809s] Level 1:colcon.colcon_core.package_identification:_identify(src/common/launch) by extension 'colcon_pkg'
[0.811s] Level 1:colcon.colcon_core.package_identification:_identify(src/common/launch) by extensions ['colcon_meta']
[0.812s] Level 1:colcon.colcon_core.package_identification:_identify(src/common/launch) by extension 'colcon_meta'
[0.813s] Level 1:colcon.colcon_core.package_identification:_identify(src/common/launch) by extensions ['ros']
[0.814s] Level 1:colcon.colcon_core.package_identification:_identify(src/common/launch) by extension 'ros'
[0.823s] Level 1:colcon.colcon_core.package_identification:_identify(src/common/launch) by extensions ['cmake', 'python']
[0.824s] Level 1:colcon.colcon_core.package_identification:_identify(src/common/launch) by extension 'cmake'
[0.826s] Level 1:colcon.colcon_core.package_identification:_identify(src/common/launch) by extension 'python'
[0.828s] Level 1:colcon.colcon_core.package_identification:_identify(src/common/launch) by extensions ['python_setup_py']
[0.829s] Level 1:colcon.colcon_core.package_identification:_identify(src/common/launch) by extension 'python_setup_py'
[0.832s] Level 1:colcon.colcon_core.package_identification:_identify(src/common/launch/launch_utils) by extensions ['ignore', 'ignore_ament_install']
[0.833s] Level 1:colcon.colcon_core.package_identification:_identify(src/common/launch/launch_utils) by extension 'ignore'
[0.835s] Level 1:colcon.colcon_core.package_identification:_identify(src/common/launch/launch_utils) by extension 'ignore_ament_install'
[0.838s] Level 1:colcon.colcon_core.package_identification:_identify(src/common/launch/launch_utils) by extensions ['colcon_pkg']
[0.839s] Level 1:colcon.colcon_core.package_identification:_identify(src/common/launch/launch_utils) by extension 'colcon_pkg'
[0.841s] Level 1:colcon.colcon_core.package_identification:_identify(src/common/launch/launch_utils) by extensions ['colcon_meta']
[0.842s] Level 1:colcon.colcon_core.package_identification:_identify(src/common/launch/launch_utils) by extension 'colcon_meta'
[0.843s] Level 1:colcon.colcon_core.package_identification:_identify(src/common/launch/launch_utils) by extensions ['ros']
[0.844s] Level 1:colcon.colcon_core.package_identification:_identify(src/common/launch/launch_utils) by extension 'ros'
[0.848s] DEBUG:colcon.colcon_core.package_identification:Package 'src/common/launch/launch_utils' with type 'ros.ament_python' and name 'launch_utils'
[0.850s] Level 1:colcon.colcon_core.package_identification:_identify(src/common/wacore) by extensions ['ignore', 'ignore_ament_install']
[0.850s] Level 1:colcon.colcon_core.package_identification:_identify(src/common/wacore) by extension 'ignore'
[0.852s] Level 1:colcon.colcon_core.package_identification:_identify(src/common/wacore) by extension 'ignore_ament_install'
[0.855s] Level 1:colcon.colcon_core.package_identification:_identify(src/common/wacore) by extensions ['colcon_pkg']
[0.856s] Level 1:colcon.colcon_core.package_identification:_identify(src/common/wacore) by extension 'colcon_pkg'
[0.858s] Level 1:colcon.colcon_core.package_identification:_identify(src/common/wacore) by extensions ['colcon_meta']
[0.859s] Level 1:colcon.colcon_core.package_identification:_identify(src/common/wacore) by extension 'colcon_meta'
[0.860s] Level 1:colcon.colcon_core.package_identification:_identify(src/common/wacore) by extensions ['ros']
[0.861s] Level 1:colcon.colcon_core.package_identification:_identify(src/common/wacore) by extension 'ros'
[0.865s] DEBUG:colcon.colcon_core.package_identification:Package 'src/common/wacore' with type 'ros.ament_cmake' and name 'wacore'
[0.867s] Level 1:colcon.colcon_core.package_identification:_identify(src/install) by extensions ['ignore', 'ignore_ament_install']
[0.868s] Level 1:colcon.colcon_core.package_identification:_identify(src/install) by extension 'ignore'
[0.868s] Level 1:colcon.colcon_core.package_identification:_identify(src/install) ignored
[0.872s] Level 1:colcon.colcon_core.package_identification:_identify(src/log) by extensions ['ignore', 'ignore_ament_install']
[0.873s] Level 1:colcon.colcon_core.package_identification:_identify(src/log) by extension 'ignore'
[0.874s] Level 1:colcon.colcon_core.package_identification:_identify(src/log) ignored
[0.875s] Level 1:colcon.colcon_core.package_identification:_identify(src/merge_arrays) by extensions ['ignore', 'ignore_ament_install']
[0.876s] Level 1:colcon.colcon_core.package_identification:_identify(src/merge_arrays) by extension 'ignore'
[0.878s] Level 1:colcon.colcon_core.package_identification:_identify(src/merge_arrays) by extension 'ignore_ament_install'
[0.881s] Level 1:colcon.colcon_core.package_identification:_identify(src/merge_arrays) by extensions ['colcon_pkg']
[0.882s] Level 1:colcon.colcon_core.package_identification:_identify(src/merge_arrays) by extension 'colcon_pkg'
[0.883s] Level 1:colcon.colcon_core.package_identification:_identify(src/merge_arrays) by extensions ['colcon_meta']
[0.884s] Level 1:colcon.colcon_core.package_identification:_identify(src/merge_arrays) by extension 'colcon_meta'
[0.885s] Level 1:colcon.colcon_core.package_identification:_identify(src/merge_arrays) by extensions ['ros']
[0.886s] Level 1:colcon.colcon_core.package_identification:_identify(src/merge_arrays) by extension 'ros'
[0.891s] DEBUG:colcon.colcon_core.package_identification:Package 'src/merge_arrays' with type 'ros.ament_cmake' and name 'merge_arrays'
[0.892s] Level 1:colcon.colcon_core.package_discovery:discover_packages(recursive) using defaults
[0.893s] Level 1:colcon.colcon_core.package_discovery:discover_packages(ignore) discover
[0.894s] Level 1:colcon.colcon_core.package_discovery:discover_packages(ignore) using defaults
[0.895s] Level 1:colcon.colcon_core.package_discovery:discover_packages(path) discover
[0.896s] Level 1:colcon.colcon_core.package_discovery:discover_packages(path) using defaults
[0.948s] INFO:colcon.colcon_core.package_selection:Skipping not selected package 'common_pkgs' in 'src/common/common_pkgs'
[0.950s] INFO:colcon.colcon_core.package_selection:Skipping not selected package 'compose_nodes' in 'src/common/examples/compose_nodes'
[0.951s] INFO:colcon.colcon_core.package_selection:Skipping not selected package 'launch_utils' in 'src/common/launch/launch_utils'
[0.952s] INFO:colcon.colcon_core.package_selection:Skipping not selected package 'wacore' in 'src/common/wacore'
[0.953s] INFO:colcon.colcon_core.package_selection:Skipping not selected package 'wauto_control_msgs' in 'src/common/interfaces/wauto_control_msgs'
[0.954s] INFO:colcon.colcon_core.package_selection:Skipping not selected package 'wauto_perception_msgs' in 'src/common/interfaces/wauto_perception_msgs'
[0.955s] INFO:colcon.colcon_core.package_selection:Skipping not selected package 'wauto_vehicle_msgs' in 'src/common/interfaces/wauto_vehicle_msgs'
[0.958s] Level 5:colcon.colcon_core.verb:set package 'merge_arrays' build argument 'cmake_args' from command line to 'None'
[0.959s] Level 5:colcon.colcon_core.verb:set package 'merge_arrays' build argument 'cmake_target' from command line to 'None'
[0.960s] Level 5:colcon.colcon_core.verb:set package 'merge_arrays' build argument 'cmake_target_skip_unavailable' from command line to 'False'
[0.961s] Level 5:colcon.colcon_core.verb:set package 'merge_arrays' build argument 'cmake_clean_cache' from command line to 'False'
[0.962s] Level 5:colcon.colcon_core.verb:set package 'merge_arrays' build argument 'cmake_clean_first' from command line to 'False'
[0.963s] Level 5:colcon.colcon_core.verb:set package 'merge_arrays' build argument 'cmake_force_configure' from command line to 'False'
[0.964s] Level 5:colcon.colcon_core.verb:set package 'merge_arrays' build argument 'ament_cmake_args' from command line to 'None'
[0.965s] Level 5:colcon.colcon_core.verb:set package 'merge_arrays' build argument 'catkin_cmake_args' from command line to 'None'
[0.967s] Level 5:colcon.colcon_core.verb:set package 'merge_arrays' build argument 'catkin_skip_building_tests' from command line to 'False'
[0.968s] DEBUG:colcon.colcon_core.verb:Building package 'merge_arrays' with the following arguments: {'ament_cmake_args': None, 'build_base': '/home/atk-sandbox/atk-sandbox/workspace/build/merge_arrays', 'catkin_cmake_args': None, 'catkin_skip_building_tests': False, 'cmake_args': None, 'cmake_clean_cache': False, 'cmake_clean_first': False, 'cmake_force_configure': False, 'cmake_target': None, 'cmake_target_skip_unavailable': False, 'install_base': '/home/atk-sandbox/atk-sandbox/workspace/install/merge_arrays', 'merge_install': False, 'path': '/home/atk-sandbox/atk-sandbox/workspace/src/merge_arrays', 'symlink_install': False, 'test_result_base': None}
[0.970s] INFO:colcon.colcon_core.executor:Executing jobs using 'parallel' executor
[0.976s] DEBUG:colcon.colcon_parallel_executor.executor.parallel:run_until_complete
[0.977s] INFO:colcon.colcon_ros.task.ament_cmake.build:Building ROS package in '/home/atk-sandbox/atk-sandbox/workspace/src/merge_arrays' with build type 'ament_cmake'
[0.978s] INFO:colcon.colcon_cmake.task.cmake.build:Building CMake package in '/home/atk-sandbox/atk-sandbox/workspace/src/merge_arrays'
[0.987s] INFO:colcon.colcon_core.plugin_system:Skipping extension 'colcon_core.shell.bat': Not used on non-Windows systems
[0.989s] INFO:colcon.colcon_core.shell:Skip shell extension 'powershell' for command environment: Not usable outside of PowerShell
[0.991s] DEBUG:colcon.colcon_core.shell:Skip shell extension 'dsv' for command environment
[1.326s] DEBUG:colcon.colcon_core.event_handler.log_command:Invoking command in '/home/atk-sandbox/atk-sandbox/workspace/build/merge_arrays': CMAKE_PREFIX_PATH=${CMAKE_PREFIX_PATH}:/home/atk-sandbox/atk-sandbox/workspace/install/launch_utils:/opt/ros/humble /usr/bin/cmake --build /home/atk-sandbox/atk-sandbox/workspace/build/merge_arrays -- -j4 -l4
[13.302s] DEBUG:colcon.colcon_core.event_handler.log_command:Invoked command in '/home/atk-sandbox/atk-sandbox/workspace/build/merge_arrays' returned '2': CMAKE_PREFIX_PATH=${CMAKE_PREFIX_PATH}:/home/atk-sandbox/atk-sandbox/workspace/install/launch_utils:/opt/ros/humble /usr/bin/cmake --build /home/atk-sandbox/atk-sandbox/workspace/build/merge_arrays -- -j4 -l4
[14.981s] Level 1:colcon.colcon_core.environment:create_environment_scripts_only(merge_arrays)
[14.992s] Level 1:colcon.colcon_core.environment:checking '/home/atk-sandbox/atk-sandbox/workspace/install/merge_arrays' for CMake module files
[15.015s] Level 1:colcon.colcon_core.environment:checking '/home/atk-sandbox/atk-sandbox/workspace/install/merge_arrays' for CMake config files
[15.018s] Level 1:colcon.colcon_core.shell:create_environment_hook('merge_arrays', 'cmake_prefix_path')
[15.021s] INFO:colcon.colcon_core.shell:Creating environment hook '/home/atk-sandbox/atk-sandbox/workspace/install/merge_arrays/share/merge_arrays/hook/cmake_prefix_path.ps1'
[15.029s] INFO:colcon.colcon_core.shell:Creating environment descriptor '/home/atk-sandbox/atk-sandbox/workspace/install/merge_arrays/share/merge_arrays/hook/cmake_prefix_path.dsv'
[15.036s] INFO:colcon.colcon_core.shell:Creating environment hook '/home/atk-sandbox/atk-sandbox/workspace/install/merge_arrays/share/merge_arrays/hook/cmake_prefix_path.sh'
[15.044s] Level 1:colcon.colcon_core.environment:checking '/home/atk-sandbox/atk-sandbox/workspace/install/merge_arrays/lib'
[15.046s] Level 1:colcon.colcon_core.environment:checking '/home/atk-sandbox/atk-sandbox/workspace/install/merge_arrays/bin'
[15.047s] Level 1:colcon.colcon_core.environment:checking '/home/atk-sandbox/atk-sandbox/workspace/install/merge_arrays/lib/pkgconfig/merge_arrays.pc'
[15.051s] Level 1:colcon.colcon_core.environment:checking '/home/atk-sandbox/atk-sandbox/workspace/install/merge_arrays/lib/python3.10/site-packages'
[15.053s] Level 1:colcon.colcon_core.environment:checking '/home/atk-sandbox/atk-sandbox/workspace/install/merge_arrays/bin'
[15.057s] INFO:colcon.colcon_core.shell:Creating package script '/home/atk-sandbox/atk-sandbox/workspace/install/merge_arrays/share/merge_arrays/package.ps1'
[15.064s] INFO:colcon.colcon_core.shell:Creating package descriptor '/home/atk-sandbox/atk-sandbox/workspace/install/merge_arrays/share/merge_arrays/package.dsv'
[15.071s] INFO:colcon.colcon_core.shell:Creating package script '/home/atk-sandbox/atk-sandbox/workspace/install/merge_arrays/share/merge_arrays/package.sh'
[15.079s] INFO:colcon.colcon_core.shell:Creating package script '/home/atk-sandbox/atk-sandbox/workspace/install/merge_arrays/share/merge_arrays/package.bash'
[15.086s] INFO:colcon.colcon_core.shell:Creating package script '/home/atk-sandbox/atk-sandbox/workspace/install/merge_arrays/share/merge_arrays/package.zsh'
[15.093s] Level 1:colcon.colcon_core.environment:create_file_with_runtime_dependencies(/home/atk-sandbox/atk-sandbox/workspace/install/merge_arrays/share/colcon-core/packages/merge_arrays)
[15.109s] DEBUG:colcon.colcon_parallel_executor.executor.parallel:closing loop
[15.110s] DEBUG:colcon.colcon_parallel_executor.executor.parallel:loop closed
[15.111s] DEBUG:colcon.colcon_parallel_executor.executor.parallel:run_until_complete finished with '2'
[15.112s] DEBUG:colcon.colcon_core.event_reactor:joining thread
[15.163s] INFO:colcon.colcon_core.plugin_system:Skipping extension 'colcon_notification.desktop_notification.notify_send': Could not find 'notify-send'
[15.164s] INFO:colcon.colcon_core.plugin_system:Skipping extension 'colcon_notification.desktop_notification.terminal_notifier': Not used on non-Darwin systems
[15.165s] INFO:colcon.colcon_core.plugin_system:Skipping extension 'colcon_notification.desktop_notification.win32': Not used on non-Windows systems
[15.166s] INFO:colcon.colcon_notification.desktop_notification:Sending desktop notification using 'notify2'
[15.167s] DEBUG:colcon.colcon_notification.desktop_notification.notify2:Failed to initialize notify2: org.freedesktop.DBus.Error.NotSupported: Unable to autolaunch a dbus-daemon without a $DISPLAY for X11
[15.169s] DEBUG:colcon.colcon_core.event_reactor:joined thread
[15.172s] INFO:colcon.colcon_core.shell:Creating prefix script '/home/atk-sandbox/atk-sandbox/workspace/install/local_setup.ps1'
[15.181s] INFO:colcon.colcon_core.shell:Creating prefix util module '/home/atk-sandbox/atk-sandbox/workspace/install/_local_setup_util_ps1.py'
[15.189s] INFO:colcon.colcon_core.shell:Creating prefix chain script '/home/atk-sandbox/atk-sandbox/workspace/install/setup.ps1'
[15.221s] INFO:colcon.colcon_core.shell:Creating prefix script '/home/atk-sandbox/atk-sandbox/workspace/install/local_setup.sh'
[15.228s] INFO:colcon.colcon_core.shell:Creating prefix util module '/home/atk-sandbox/atk-sandbox/workspace/install/_local_setup_util_sh.py'
[15.235s] INFO:colcon.colcon_core.shell:Creating prefix chain script '/home/atk-sandbox/atk-sandbox/workspace/install/setup.sh'
[15.269s] INFO:colcon.colcon_core.shell:Creating prefix script '/home/atk-sandbox/atk-sandbox/workspace/install/local_setup.bash'
[15.275s] INFO:colcon.colcon_core.shell:Creating prefix chain script '/home/atk-sandbox/atk-sandbox/workspace/install/setup.bash'
[15.308s] INFO:colcon.colcon_core.shell:Creating prefix script '/home/atk-sandbox/atk-sandbox/workspace/install/local_setup.zsh'
[15.317s] INFO:colcon.colcon_core.shell:Creating prefix chain script '/home/atk-sandbox/atk-sandbox/workspace/install/setup.zsh'
