[0.312s] Invoking command in '/home/atk-sandbox/atk-sandbox/workspace/build/merge_arrays': CMAKE_PREFIX_PATH=${CMAKE_PREFIX_PATH}:/home/atk-sandbox/atk-sandbox/workspace/install/launch_utils:/opt/ros/humble /usr/bin/cmake --build /home/atk-sandbox/atk-sandbox/workspace/build/merge_arrays -- -j4 -l4
[2.281s] [35m[1mConsolidate compiler generated dependencies of target merge_arrays_node[0m
[5.413s] [ 50%] [32mBuilding CXX object CMakeFiles/merge_arrays_node.dir/src/merge_arrays_node.cpp.o[0m
[10.203s] [01m[K/home/atk-sandbox/atk-sandbox/workspace/src/merge_arrays/src/merge_arrays_node.cpp:[m[K In member function ‘[01m[Kvoid MergeArrays::topic_callback(const Int32MultiArray&)[m[K’:
[10.208s] [01m[K/home/atk-sandbox/atk-sandbox/workspace/src/merge_arrays/src/merge_arrays_node.cpp:46:26:[m[K [01;31m[Kerror: [m[Kno match for ‘[01m[Koperator=[m[K’ (operand types are ‘[01m[Kstd_msgs::msg::Int32MultiArray[m[K’ {aka ‘[01m[Kstd_msgs::msg::Int32MultiArray_<std::allocator<void> >[m[K’} and ‘[01m[Kconst _data_type[m[K’ {aka ‘[01m[Kconst std::vector<int>[m[K’})
[10.213s]    46 |             arrays = msg.[01;31m[Kdata[m[K;
[10.218s]       |                          [01;31m[K^~~~[m[K
[10.224s] In file included from [01m[K/opt/ros/humble/include/std_msgs/std_msgs/msg/int32_multi_array.hpp:7[m[K,
[10.231s]                  from [01m[K/home/atk-sandbox/atk-sandbox/workspace/src/merge_arrays/src/merge_arrays_node.cpp:8[m[K:
[10.239s] [01m[K/opt/ros/humble/include/std_msgs/std_msgs/msg/detail/int32_multi_array__struct.hpp:36:8:[m[K [01;36m[Knote: [m[Kcandidate: ‘[01m[Kstd_msgs::msg::Int32MultiArray_<std::allocator<void> >& std_msgs::msg::Int32MultiArray_<std::allocator<void> >::operator=(const std_msgs::msg::Int32MultiArray_<std::allocator<void> >&)[m[K’
[10.245s]    36 | struct [01;36m[KInt32MultiArray_[m[K
[10.250s]       |        [01;36m[K^~~~~~~~~~~~~~~~[m[K
[10.255s] [01m[K/opt/ros/humble/include/std_msgs/std_msgs/msg/detail/int32_multi_array__struct.hpp:36:8:[m[K [01;36m[Knote: [m[K  no known conversion for argument 1 from ‘[01m[Kconst _data_type[m[K’ {aka ‘[01m[Kconst std::vector<int>[m[K’} to ‘[01m[Kconst std_msgs::msg::Int32MultiArray_<std::allocator<void> >&[m[K’
[10.260s] [01m[K/opt/ros/humble/include/std_msgs/std_msgs/msg/detail/int32_multi_array__struct.hpp:36:8:[m[K [01;36m[Knote: [m[Kcandidate: ‘[01m[Kstd_msgs::msg::Int32MultiArray_<std::allocator<void> >& std_msgs::msg::Int32MultiArray_<std::allocator<void> >::operator=(std_msgs::msg::Int32MultiArray_<std::allocator<void> >&&)[m[K’
[10.265s] [01m[K/opt/ros/humble/include/std_msgs/std_msgs/msg/detail/int32_multi_array__struct.hpp:36:8:[m[K [01;36m[Knote: [m[K  no known conversion for argument 1 from ‘[01m[Kconst _data_type[m[K’ {aka ‘[01m[Kconst std::vector<int>[m[K’} to ‘[01m[Kstd_msgs::msg::Int32MultiArray_<std::allocator<void> >&&[m[K’
[10.270s] [01m[K/home/atk-sandbox/atk-sandbox/workspace/src/merge_arrays/src/merge_arrays_node.cpp:47:13:[m[K [01;31m[Kerror: [m[K‘[01m[Kresult[m[K’ was not declared in this scope
[10.275s]    47 |             [01;31m[Kresult[m[K = msg.data;
[10.279s]       |             [01;31m[K^~~~~~[m[K
[10.284s] [01m[K/home/atk-sandbox/atk-sandbox/workspace/src/merge_arrays/src/merge_arrays_node.cpp:49:14:[m[K [01;31m[Kerror: [m[K‘[01m[Kstd::out[m[K’ has not been declared
[10.289s]    49 |         std::[01;31m[Kout[m[K::cout << arrays;
[10.294s]       |              [01;31m[K^~~[m[K
[14.337s] gmake[2]: *** [CMakeFiles/merge_arrays_node.dir/build.make:76: CMakeFiles/merge_arrays_node.dir/src/merge_arrays_node.cpp.o] Error 1
[14.346s] gmake[1]: *** [CMakeFiles/Makefile2:137: CMakeFiles/merge_arrays_node.dir/all] Error 2
[14.353s] gmake: *** [Makefile:146: all] Error 2
[14.358s] Invoked command in '/home/atk-sandbox/atk-sandbox/workspace/build/merge_arrays' returned '2': CMAKE_PREFIX_PATH=${CMAKE_PREFIX_PATH}:/home/atk-sandbox/atk-sandbox/workspace/install/launch_utils:/opt/ros/humble /usr/bin/cmake --build /home/atk-sandbox/atk-sandbox/workspace/build/merge_arrays -- -j4 -l4
