[01m[K/home/atk-sandbox/atk-sandbox/workspace/src/merge_arrays/src/merge_arrays_node.cpp:[m[K In member function ‘[01m[Kvoid MergeArrays::topic_callback(const Int32MultiArray&)[m[K’:
[01m[K/home/atk-sandbox/atk-sandbox/workspace/src/merge_arrays/src/merge_arrays_node.cpp:45:17:[m[K [01;31m[Kerror: [m[Kexpected primary-expression before ‘[01m[K.[m[K’ token
   45 |         std_msgs[01;31m[K.[m[Kmsg.Int32MultiArray(layout = std_msgs.msg.MultiArrayLayout(dim = [], data_offset = 0), data = [ 1, 9, 18, 20, 30 ]);
      |                 [01;31m[K^[m[K
[01m[K/home/atk-sandbox/atk-sandbox/workspace/src/merge_arrays/src/merge_arrays_node.cpp:45:38:[m[K [01;31m[Kerror: [m[K‘[01m[Klayout[m[K’ was not declared in this scope
   45 |         std_msgs.msg.Int32MultiArray([01;31m[Klayout[m[K = std_msgs.msg.MultiArrayLayout(dim = [], data_offset = 0), data = [ 1, 9, 18, 20, 30 ]);
      |                                      [01;31m[K^~~~~~[m[K
[01m[K/home/atk-sandbox/atk-sandbox/workspace/src/merge_arrays/src/merge_arrays_node.cpp:45:55:[m[K [01;31m[Kerror: [m[Kexpected primary-expression before ‘[01m[K.[m[K’ token
   45 |         std_msgs.msg.Int32MultiArray(layout = std_msgs[01;31m[K.[m[Kmsg.MultiArrayLayout(dim = [], data_offset = 0), data = [ 1, 9, 18, 20, 30 ]);
      |                                                       [01;31m[K^[m[K
[01m[K/home/atk-sandbox/atk-sandbox/workspace/src/merge_arrays/src/merge_arrays_node.cpp:45:77:[m[K [01;31m[Kerror: [m[K‘[01m[Kdim[m[K’ was not declared in this scope; did you mean ‘[01m[Kfdim[m[K’?
   45 |         std_msgs.msg.Int32MultiArray(layout = std_msgs.msg.MultiArrayLayout([01;31m[Kdim[m[K = [], data_offset = 0), data = [ 1, 9, 18, 20, 30 ]);
      |                                                                             [01;31m[K^~~[m[K
      |                                                                             [32m[Kfdim[m[K
[01m[K/home/atk-sandbox/atk-sandbox/workspace/src/merge_arrays/src/merge_arrays_node.cpp:[m[K In lambda function:
[01m[K/home/atk-sandbox/atk-sandbox/workspace/src/merge_arrays/src/merge_arrays_node.cpp:45:85:[m[K [01;31m[Kerror: [m[Kexpected ‘[01m[K{[m[K’ before ‘[01m[K,[m[K’ token
   45 |         std_msgs.msg.Int32MultiArray(layout = std_msgs.msg.MultiArrayLayout(dim = [][01;31m[K,[m[K data_offset = 0), data = [ 1, 9, 18, 20, 30 ]);
      |                                                                                     [01;31m[K^[m[K
[01m[K/home/atk-sandbox/atk-sandbox/workspace/src/merge_arrays/src/merge_arrays_node.cpp:[m[K In member function ‘[01m[Kvoid MergeArrays::topic_callback(const Int32MultiArray&)[m[K’:
[01m[K/home/atk-sandbox/atk-sandbox/workspace/src/merge_arrays/src/merge_arrays_node.cpp:45:87:[m[K [01;31m[Kerror: [m[K‘[01m[Kdata_offset[m[K’ was not declared in this scope
   45 |         std_msgs.msg.Int32MultiArray(layout = std_msgs.msg.MultiArrayLayout(dim = [], [01;31m[Kdata_offset[m[K = 0), data = [ 1, 9, 18, 20, 30 ]);
      |                                                                                       [01;31m[K^~~~~~~~~~~[m[K
[01m[K/home/atk-sandbox/atk-sandbox/workspace/src/merge_arrays/src/merge_arrays_node.cpp:45:105:[m[K [01;31m[Kerror: [m[K‘[01m[Kdata[m[K’ was not declared in this scope; did you mean ‘[01m[Kstd::data[m[K’?
   45 |         std_msgs.msg.Int32MultiArray(layout = std_msgs.msg.MultiArrayLayout(dim = [], data_offset = 0), [01;31m[Kdata[m[K = [ 1, 9, 18, 20, 30 ]);
      |                                                                                                         [01;31m[K^~~~[m[K
      |                                                                                                         [32m[Kstd::data[m[K
In file included from [01m[K/usr/include/c++/11/array:41[m[K,
                 from [01m[K/usr/include/c++/11/tuple:39[m[K,
                 from [01m[K/usr/include/c++/11/functional:54[m[K,
                 from [01m[K/home/atk-sandbox/atk-sandbox/workspace/src/merge_arrays/src/merge_arrays_node.cpp:2[m[K:
[01m[K/usr/include/c++/11/bits/range_access.h:319:5:[m[K [01;36m[Knote: [m[K‘[01m[Kstd::data[m[K’ declared here
  319 |     [01;36m[Kdata[m[K(initializer_list<_Tp> __il) noexcept
      |     [01;36m[K^~~~[m[K
[01m[K/home/atk-sandbox/atk-sandbox/workspace/src/merge_arrays/src/merge_arrays_node.cpp:45:114:[m[K [01;31m[Kerror: [m[Kexpected identifier before numeric constant
   45 |         std_msgs.msg.Int32MultiArray(layout = std_msgs.msg.MultiArrayLayout(dim = [], data_offset = 0), data = [ [01;31m[K1[m[K, 9, 18, 20, 30 ]);
      |                                                                                                                  [01;31m[K^[m[K
[01m[K/home/atk-sandbox/atk-sandbox/workspace/src/merge_arrays/src/merge_arrays_node.cpp:45:115:[m[K [01;31m[Kerror: [m[Kexpected ‘[01m[K][m[K’ before ‘[01m[K,[m[K’ token
   45 |         std_msgs.msg.Int32MultiArray(layout = std_msgs.msg.MultiArrayLayout(dim = [], data_offset = 0), data = [ 1[01;31m[K,[m[K 9, 18, 20, 30 ]);
      |                                                                                                                   [01;31m[K^[m[K
[01m[K/home/atk-sandbox/atk-sandbox/workspace/src/merge_arrays/src/merge_arrays_node.cpp:[m[K In lambda function:
[01m[K/home/atk-sandbox/atk-sandbox/workspace/src/merge_arrays/src/merge_arrays_node.cpp:45:115:[m[K [01;31m[Kerror: [m[Kexpected ‘[01m[K{[m[K’ before ‘[01m[K,[m[K’ token
[01m[K/home/atk-sandbox/atk-sandbox/workspace/src/merge_arrays/src/merge_arrays_node.cpp:[m[K In member function ‘[01m[Kvoid MergeArrays::topic_callback(const Int32MultiArray&)[m[K’:
[01m[K/home/atk-sandbox/atk-sandbox/workspace/src/merge_arrays/src/merge_arrays_node.cpp:45:131:[m[K [01;31m[Kerror: [m[Kexpected ‘[01m[K)[m[K’ before ‘[01m[K][m[K’ token
   45 |         std_msgs.msg.Int32MultiArray(layout = std_msgs.msg.MultiArrayLayout(dim = [], data_offset = 0), data = [ 1, 9, 18, 20, 30 [01;31m[K][m[K);
      |                                                                                                                                   [01;31m[K^[m[K
[01m[K/home/atk-sandbox/atk-sandbox/workspace/src/merge_arrays/src/merge_arrays_node.cpp:45:37:[m[K [01;36m[Knote: [m[Kto match this ‘[01m[K([m[K’
   45 |         std_msgs.msg.Int32MultiArray[01;36m[K([m[Klayout = std_msgs.msg.MultiArrayLayout(dim = [], data_offset = 0), data = [ 1, 9, 18, 20, 30 ]);
      |                                     [01;36m[K^[m[K
[01m[K/home/atk-sandbox/atk-sandbox/workspace/src/merge_arrays/src/merge_arrays_node.cpp:40:63:[m[K [01;35m[Kwarning: [m[Kunused parameter ‘[01m[Kmsg[m[K’ [[01;35m[K]8;;https://gcc.gnu.org/onlinedocs/gcc/Warning-Options.html#index-Wunused-parameter-Wunused-parameter]8;;[m[K]
   40 |     void topic_callback([01;35m[Kconst std_msgs::msg::Int32MultiArray &msg[m[K)
      |                         [01;35m[K~~~~~~~~~~~~~~~~~~~~~~~~~~~~~~~~~~~~~~^~~[m[K
gmake[2]: *** [CMakeFiles/merge_arrays_node.dir/build.make:76: CMakeFiles/merge_arrays_node.dir/src/merge_arrays_node.cpp.o] Error 1
gmake[1]: *** [CMakeFiles/Makefile2:137: CMakeFiles/merge_arrays_node.dir/all] Error 2
gmake: *** [Makefile:146: all] Error 2
