[0.360s] Invoking command in '/home/atk-sandbox/atk-sandbox/workspace/build/merge_arrays': CMAKE_PREFIX_PATH=${CMAKE_PREFIX_PATH}:/home/atk-sandbox/atk-sandbox/workspace/install/launch_utils:/opt/ros/humble /usr/bin/cmake --build /home/atk-sandbox/atk-sandbox/workspace/build/merge_arrays -- -j4 -l4
[2.615s] [ 50%] [32mBuilding CXX object CMakeFiles/merge_arrays_node.dir/src/merge_arrays_node.cpp.o[0m
[7.465s] [01m[K/home/atk-sandbox/atk-sandbox/workspace/src/merge_arrays/src/merge_arrays_node.cpp:22:5:[m[K [01;31m[Kerror: [m[K‘[01m[Kboolean[m[K’ does not name a type; did you mean ‘[01m[Kbool[m[K’?
[7.472s]    22 |     [01;31m[Kboolean[m[K merged = false;
[7.477s]       |     [01;31m[K^~~~~~~[m[K
[7.483s]       |     [32m[Kbool[m[K
[7.488s] [01m[K/home/atk-sandbox/atk-sandbox/workspace/src/merge_arrays/src/merge_arrays_node.cpp:36:31:[m[K [01;31m[Kerror: [m[K‘[01m[Kstd_msg[m[K’ does not name a type
[7.493s]    36 |     void topic_callback(const [01;31m[Kstd_msg[m[K::msg::Int32MultiArray &msg)
[7.498s]       |                               [01;31m[K^~~~~~~[m[K
[7.502s] [01m[K/home/atk-sandbox/atk-sandbox/workspace/src/merge_arrays/src/merge_arrays_node.cpp:36:43:[m[K [01;31m[Kerror: [m[Kexpected unqualified-id before ‘[01m[K::[m[K’ token
[7.506s]    36 |     void topic_callback(const std_msg::msg[01;31m[K::[m[KInt32MultiArray &msg)
[7.511s]       |                                           [01;31m[K^~[m[K
[7.515s] [01m[K/home/atk-sandbox/atk-sandbox/workspace/src/merge_arrays/src/merge_arrays_node.cpp:36:43:[m[K [01;31m[Kerror: [m[Kexpected ‘[01m[K)[m[K’ before ‘[01m[K::[m[K’ token
[7.521s]    36 |     void topic_callback[34m[K([m[Kconst std_msg::msg[01;31m[K:[m[K[32m[K:[m[KInt32MultiArray &msg)
[7.525s]       |                        [34m[K~[m[K                  [01;31m[K^[m[K[32m[K~[m[K
[7.530s]       |                                           [32m[K)[m[K
[7.534s] [01m[K/home/atk-sandbox/atk-sandbox/workspace/src/merge_arrays/src/merge_arrays_node.cpp:36:40:[m[K [01;31m[Kerror: [m[Kexpected ‘[01m[K;[m[K’ at end of member declaration
[7.539s]    36 |     void topic_callback(const std_msg::[01;31m[Kmsg[m[K::Int32MultiArray &msg)
[7.544s]       |                                        [01;31m[K^~~[m[K
[7.548s]       |                                           [32m[K;[m[K
[7.555s] [01m[K/home/atk-sandbox/atk-sandbox/workspace/src/merge_arrays/src/merge_arrays_node.cpp:36:45:[m[K [01;31m[Kerror: [m[K‘[01m[KInt32MultiArray[m[K’ in namespace ‘[01m[K::[m[K’ does not name a type
[7.559s]    36 |     void topic_callback(const std_msg::msg::[01;31m[KInt32MultiArray[m[K &msg)
[7.564s]       |                                             [01;31m[K^~~~~~~~~~~~~~~[m[K
[7.571s] [01m[K/home/atk-sandbox/atk-sandbox/workspace/src/merge_arrays/src/merge_arrays_node.cpp:[m[K In constructor ‘[01m[KMergeArrays::MergeArrays()[m[K’:
[7.575s] [01m[K/home/atk-sandbox/atk-sandbox/workspace/src/merge_arrays/src/merge_arrays_node.cpp:25:53:[m[K [01;31m[Kerror: [m[Kclass ‘[01m[KMergeArrays[m[K’ does not have any field named ‘[01m[Kcount_[m[K’
[7.581s]    25 |     MergeArrays() : Node("merge_arrays_publisher"), [01;31m[Kcount_[m[K(0)
[7.586s]       |                                                     [01;31m[K^~~~~~[m[K
[7.591s] [01m[K/home/atk-sandbox/atk-sandbox/workspace/src/merge_arrays/src/merge_arrays_node.cpp:27:9:[m[K [01;31m[Kerror: [m[K‘[01m[Kpublisher_[m[K’ was not declared in this scope; did you mean ‘[01m[Krmw_publisher_t[m[K’?
[7.596s]    27 |         [01;31m[Kpublisher_[m[K = this->create_publisher<std_msgs::msg::Int32MultiArray>("/output/array", 10);
[7.601s]       |         [01;31m[K^~~~~~~~~~[m[K
[7.605s]       |         [32m[Krmw_publisher_t[m[K
[7.610s] [01m[K/home/atk-sandbox/atk-sandbox/workspace/src/merge_arrays/src/merge_arrays_node.cpp:28:9:[m[K [01;31m[Kerror: [m[K‘[01m[Ksubscription_[m[K’ was not declared in this scope; did you mean ‘[01m[Krmw_subscription_t[m[K’?
[7.615s]    28 |         [01;31m[Ksubscription_[m[K = this->create_subscription<std_msgs::msg::Int32MultiArray>("input/array1", 10, std::bind(&MergeArrays::topic_callback, this, _1));
[7.620s]       |         [01;31m[K^~~~~~~~~~~~~[m[K
[7.625s]       |         [32m[Krmw_subscription_t[m[K
[7.630s] [01m[K/home/atk-sandbox/atk-sandbox/workspace/src/merge_arrays/src/merge_arrays_node.cpp:32:24:[m[K [01;31m[Kerror: [m[K‘[01m[KInt32[m[K’ is not a member of ‘[01m[Kstd_msgs::msg[m[K’
[7.635s]    32 |         std_msgs::msg::[01;31m[KInt32[m[K arrays;
[7.640s]       |                        [01;31m[K^~~~~[m[K
[8.298s] In file included from [01m[K/opt/ros/humble/include/rclcpp/rclcpp/client.hpp:39[m[K,
[8.303s]                  from [01m[K/opt/ros/humble/include/rclcpp/rclcpp/callback_group.hpp:24[m[K,
[8.308s]                  from [01m[K/opt/ros/humble/include/rclcpp/rclcpp/any_executable.hpp:20[m[K,
[8.313s]                  from [01m[K/opt/ros/humble/include/rclcpp/rclcpp/memory_strategy.hpp:25[m[K,
[8.318s]                  from [01m[K/opt/ros/humble/include/rclcpp/rclcpp/memory_strategies.hpp:18[m[K,
[8.324s]                  from [01m[K/opt/ros/humble/include/rclcpp/rclcpp/executor_options.hpp:20[m[K,
[8.328s]                  from [01m[K/opt/ros/humble/include/rclcpp/rclcpp/executor.hpp:37[m[K,
[8.333s]                  from [01m[K/opt/ros/humble/include/rclcpp/rclcpp/executors/multi_threaded_executor.hpp:25[m[K,
[8.339s]                  from [01m[K/opt/ros/humble/include/rclcpp/rclcpp/executors.hpp:21[m[K,
[8.345s]                  from [01m[K/opt/ros/humble/include/rclcpp/rclcpp/rclcpp.hpp:155[m[K,
[8.349s]                  from [01m[K/home/atk-sandbox/atk-sandbox/workspace/src/merge_arrays/src/merge_arrays_node.cpp:6[m[K:
[8.354s] /opt/ros/humble/include/rclcpp/rclcpp/function_traits.hpp: In instantiation of ‘[01m[Kstruct rclcpp::function_traits::function_traits<std::_Bind<void (MergeArrays::*(MergeArrays*, std::_Placeholder<1>))(...)> >[m[K’:
[8.362s] [01m[K/opt/ros/humble/include/rclcpp/rclcpp/any_subscription_callback.hpp:380:10:[m[K   recursively required by substitution of ‘[01m[Ktemplate<class MessageT, class CallbackT> struct rclcpp::detail::SubscriptionCallbackTypeHelper<MessageT, CallbackT, typename std::enable_if<rclcpp::function_traits::same_arguments<CallbackT, std::function<void(std::shared_ptr<_Tp>, const rclcpp::MessageInfo&)> >::value, void>::type> [with MessageT = std_msgs::msg::Int32MultiArray_<std::allocator<void> >; CallbackT = std::_Bind<void (MergeArrays::*(MergeArrays*, std::_Placeholder<1>))(...)>][m[K’
[8.368s] [01m[K/opt/ros/humble/include/rclcpp/rclcpp/any_subscription_callback.hpp:380:10:[m[K   required from ‘[01m[Krclcpp::AnySubscriptionCallback<MessageT, AllocatorT> rclcpp::AnySubscriptionCallback<MessageT, AllocatorT>::set(CallbackT) [with CallbackT = std::_Bind<void (MergeArrays::*(MergeArrays*, std::_Placeholder<1>))(...)>; MessageT = std_msgs::msg::Int32MultiArray_<std::allocator<void> >; AllocatorT = std::allocator<void>][m[K’
[8.375s] [01m[K/opt/ros/humble/include/rclcpp/rclcpp/subscription_factory.hpp:94:32:[m[K   required from ‘[01m[Krclcpp::SubscriptionFactory rclcpp::create_subscription_factory(CallbackT&&, const rclcpp::SubscriptionOptionsWithAllocator<AllocatorT>&, typename MessageMemoryStrategyT::SharedPtr, std::shared_ptr<rclcpp::topic_statistics::SubscriptionTopicStatistics<ROSMessageType> >) [with MessageT = std_msgs::msg::Int32MultiArray_<std::allocator<void> >; CallbackT = std::_Bind<void (MergeArrays::*(MergeArrays*, std::_Placeholder<1>))(...)>; AllocatorT = std::allocator<void>; SubscriptionT = rclcpp::Subscription<std_msgs::msg::Int32MultiArray_<std::allocator<void> >, std::allocator<void>, std_msgs::msg::Int32MultiArray_<std::allocator<void> >, std_msgs::msg::Int32MultiArray_<std::allocator<void> >, rclcpp::message_memory_strategy::MessageMemoryStrategy<std_msgs::msg::Int32MultiArray_<std::allocator<void> >, std::allocator<void> > >; MessageMemoryStrategyT = rclcpp::message_memory_strategy::MessageMemoryStrategy<std_msgs::msg::Int32MultiArray_<std::allocator<void> >, std::allocator<void> >; ROSMessageType = std_msgs::msg::Int32MultiArray_<std::allocator<void> >; typename MessageMemoryStrategyT::SharedPtr = std::shared_ptr<rclcpp::message_memory_strategy::MessageMemoryStrategy<std_msgs::msg::Int32MultiArray_<std::allocator<void> >, std::allocator<void> > >][m[K’
[8.386s] [01m[K/opt/ros/humble/include/rclcpp/rclcpp/create_subscription.hpp:122:63:[m[K   required from ‘[01m[Kstd::shared_ptr<ROSMessageT> rclcpp::detail::create_subscription(NodeParametersT&, NodeTopicsT&, const string&, const rclcpp::QoS&, CallbackT&&, const rclcpp::SubscriptionOptionsWithAllocator<AllocatorT>&, typename MessageMemoryStrategyT::SharedPtr) [with MessageT = std_msgs::msg::Int32MultiArray_<std::allocator<void> >; CallbackT = std::_Bind<void (MergeArrays::*(MergeArrays*, std::_Placeholder<1>))(...)>; AllocatorT = std::allocator<void>; SubscriptionT = rclcpp::Subscription<std_msgs::msg::Int32MultiArray_<std::allocator<void> >, std::allocator<void>, std_msgs::msg::Int32MultiArray_<std::allocator<void> >, std_msgs::msg::Int32MultiArray_<std::allocator<void> >, rclcpp::message_memory_strategy::MessageMemoryStrategy<std_msgs::msg::Int32MultiArray_<std::allocator<void> >, std::allocator<void> > >; MessageMemoryStrategyT = rclcpp::message_memory_strategy::MessageMemoryStrategy<std_msgs::msg::Int32MultiArray_<std::allocator<void> >, std::allocator<void> >; NodeParametersT = rclcpp::Node; NodeTopicsT = rclcpp::Node; ROSMessageType = std_msgs::msg::Int32MultiArray_<std::allocator<void> >; std::string = std::__cxx11::basic_string<char>; typename MessageMemoryStrategyT::SharedPtr = std::shared_ptr<rclcpp::message_memory_strategy::MessageMemoryStrategy<std_msgs::msg::Int32MultiArray_<std::allocator<void> >, std::allocator<void> > >][m[K’
[8.393s] [01m[K/opt/ros/humble/include/rclcpp/rclcpp/create_subscription.hpp:191:76:[m[K   required from ‘[01m[Kstd::shared_ptr<ROSMessageT> rclcpp::create_subscription(NodeT&, const string&, const rclcpp::QoS&, CallbackT&&, const rclcpp::SubscriptionOptionsWithAllocator<AllocatorT>&, typename MessageMemoryStrategyT::SharedPtr) [with MessageT = std_msgs::msg::Int32MultiArray_<std::allocator<void> >; CallbackT = std::_Bind<void (MergeArrays::*(MergeArrays*, std::_Placeholder<1>))(...)>; AllocatorT = std::allocator<void>; SubscriptionT = rclcpp::Subscription<std_msgs::msg::Int32MultiArray_<std::allocator<void> >, std::allocator<void>, std_msgs::msg::Int32MultiArray_<std::allocator<void> >, std_msgs::msg::Int32MultiArray_<std::allocator<void> >, rclcpp::message_memory_strategy::MessageMemoryStrategy<std_msgs::msg::Int32MultiArray_<std::allocator<void> >, std::allocator<void> > >; MessageMemoryStrategyT = rclcpp::message_memory_strategy::MessageMemoryStrategy<std_msgs::msg::Int32MultiArray_<std::allocator<void> >, std::allocator<void> >; NodeT = rclcpp::Node; std::string = std::__cxx11::basic_string<char>; typename MessageMemoryStrategyT::SharedPtr = std::shared_ptr<rclcpp::message_memory_strategy::MessageMemoryStrategy<std_msgs::msg::Int32MultiArray_<std::allocator<void> >, std::allocator<void> > >][m[K’
[8.403s] [01m[K/opt/ros/humble/include/rclcpp/rclcpp/node_impl.hpp:99:47:[m[K   required from ‘[01m[Kstd::shared_ptr<ROSMessageT> rclcpp::Node::create_subscription(const string&, const rclcpp::QoS&, CallbackT&&, const rclcpp::SubscriptionOptionsWithAllocator<AllocatorT>&, typename MessageMemoryStrategyT::SharedPtr) [with MessageT = std_msgs::msg::Int32MultiArray_<std::allocator<void> >; CallbackT = std::_Bind<void (MergeArrays::*(MergeArrays*, std::_Placeholder<1>))(...)>; AllocatorT = std::allocator<void>; SubscriptionT = rclcpp::Subscription<std_msgs::msg::Int32MultiArray_<std::allocator<void> >, std::allocator<void>, std_msgs::msg::Int32MultiArray_<std::allocator<void> >, std_msgs::msg::Int32MultiArray_<std::allocator<void> >, rclcpp::message_memory_strategy::MessageMemoryStrategy<std_msgs::msg::Int32MultiArray_<std::allocator<void> >, std::allocator<void> > >; MessageMemoryStrategyT = rclcpp::message_memory_strategy::MessageMemoryStrategy<std_msgs::msg::Int32MultiArray_<std::allocator<void> >, std::allocator<void> >; std::string = std::__cxx11::basic_string<char>; typename MessageMemoryStrategyT::SharedPtr = std::shared_ptr<rclcpp::message_memory_strategy::MessageMemoryStrategy<std_msgs::msg::Int32MultiArray_<std::allocator<void> >, std::allocator<void> > >][m[K’
[8.410s] [01m[K/home/atk-sandbox/atk-sandbox/workspace/src/merge_arrays/src/merge_arrays_node.cpp:28:82:[m[K   required from here
[8.419s] [01m[K/opt/ros/humble/include/rclcpp/rclcpp/function_traits.hpp:51:9:[m[K [01;31m[Kerror: [m[K‘[01m[Kdecltype[m[K’ cannot resolve address of overloaded function
[8.427s]    51 |   using [01;31m[Karguments[m[K = typename tuple_tail<
[8.431s]       |         [01;31m[K^~~~~~~~~[m[K
[8.436s] [01m[K/opt/ros/humble/include/rclcpp/rclcpp/function_traits.hpp:57:9:[m[K [01;31m[Kerror: [m[K‘[01m[Kdecltype[m[K’ cannot resolve address of overloaded function
[8.441s]    57 |   using [01;31m[Kargument_type[m[K = typename std::tuple_element<N, arguments>::type;
[8.445s]       |         [01;31m[K^~~~~~~~~~~~~[m[K
[8.450s] [01m[K/opt/ros/humble/include/rclcpp/rclcpp/function_traits.hpp:59:9:[m[K [01;31m[Kerror: [m[K‘[01m[Kdecltype[m[K’ cannot resolve address of overloaded function
[8.453s]    59 |   using [01;31m[Kreturn_type[m[K = typename function_traits<decltype( &FunctionT::operator())>::return_type;
[8.458s]       |         [01;31m[K^~~~~~~~~~~[m[K
[11.784s] gmake[2]: *** [CMakeFiles/merge_arrays_node.dir/build.make:76: CMakeFiles/merge_arrays_node.dir/src/merge_arrays_node.cpp.o] Error 1
[11.790s] gmake[1]: *** [CMakeFiles/Makefile2:137: CMakeFiles/merge_arrays_node.dir/all] Error 2
[11.798s] gmake: *** [Makefile:146: all] Error 2
[11.805s] Invoked command in '/home/atk-sandbox/atk-sandbox/workspace/build/merge_arrays' returned '2': CMAKE_PREFIX_PATH=${CMAKE_PREFIX_PATH}:/home/atk-sandbox/atk-sandbox/workspace/install/launch_utils:/opt/ros/humble /usr/bin/cmake --build /home/atk-sandbox/atk-sandbox/workspace/build/merge_arrays -- -j4 -l4
