[0.279s] Invoking command in '/home/atk-sandbox/atk-sandbox/workspace/build/merge_arrays': CMAKE_PREFIX_PATH=${CMAKE_PREFIX_PATH}:/home/atk-sandbox/atk-sandbox/workspace/install/launch_utils:/opt/ros/humble /usr/bin/cmake --build /home/atk-sandbox/atk-sandbox/workspace/build/merge_arrays -- -j4 -l4
[1.698s] [35m[1mConsolidate compiler generated dependencies of target merge_arrays_node[0m
[4.053s] [ 50%] [32mBuilding CXX object CMakeFiles/merge_arrays_node.dir/src/merge_arrays_node.cpp.o[0m
[8.393s] In file included from [01m[K/opt/ros/humble/include/rclcpp/rclcpp/logging.hpp:24[m[K,
[8.397s]                  from [01m[K/opt/ros/humble/include/rclcpp/rclcpp/client.hpp:40[m[K,
[8.401s]                  from [01m[K/opt/ros/humble/include/rclcpp/rclcpp/callback_group.hpp:24[m[K,
[8.404s]                  from [01m[K/opt/ros/humble/include/rclcpp/rclcpp/any_executable.hpp:20[m[K,
[8.408s]                  from [01m[K/opt/ros/humble/include/rclcpp/rclcpp/memory_strategy.hpp:25[m[K,
[8.412s]                  from [01m[K/opt/ros/humble/include/rclcpp/rclcpp/memory_strategies.hpp:18[m[K,
[8.416s]                  from [01m[K/opt/ros/humble/include/rclcpp/rclcpp/executor_options.hpp:20[m[K,
[8.421s]                  from [01m[K/opt/ros/humble/include/rclcpp/rclcpp/executor.hpp:37[m[K,
[8.425s]                  from [01m[K/opt/ros/humble/include/rclcpp/rclcpp/executors/multi_threaded_executor.hpp:25[m[K,
[8.429s]                  from [01m[K/opt/ros/humble/include/rclcpp/rclcpp/executors.hpp:21[m[K,
[8.435s]                  from [01m[K/opt/ros/humble/include/rclcpp/rclcpp/rclcpp.hpp:155[m[K,
[8.439s]                  from [01m[K/home/atk-sandbox/atk-sandbox/workspace/src/merge_arrays/src/merge_arrays_node.cpp:8[m[K:
[8.443s] [01m[K/home/atk-sandbox/atk-sandbox/workspace/src/merge_arrays/src/merge_arrays_node.cpp:[m[K In member function ‘[01m[Kvoid MergeArrays::topic_callback(const Int32MultiArray&)[m[K’:
[8.447s] [01m[K/home/atk-sandbox/atk-sandbox/workspace/src/merge_arrays/src/merge_arrays_node.cpp:46:41:[m[K [01;35m[Kwarning: [m[Kformat ‘[01m[K%d[m[K’ expects argument of type ‘[01m[Kint[m[K’, but argument 5 has type ‘[01m[Klong unsigned int[m[K’ [[01;35m[K]8;;https://gcc.gnu.org/onlinedocs/gcc/Warning-Options.html#index-Wformat=-Wformat=]8;;[m[K]
[8.451s]    46 |         RCLCPP_INFO(this->get_logger(), [01;35m[K"%d"[m[K, [32m[Ksizeof(result_array.data)[m[K);
[8.455s]       |                                         [01;35m[K^~~~[m[K  [32m[K~~~~~~~~~~~~~~~~~~~~~~~~~[m[K
[8.458s]       |                                               [32m[K|[m[K
[8.461s]       |                                               [32m[Klong unsigned int[m[K
[8.465s] [01m[K/home/atk-sandbox/atk-sandbox/workspace/src/merge_arrays/src/merge_arrays_node.cpp:46:43:[m[K [01;36m[Knote: [m[Kformat string is defined here
[8.470s]    46 |         RCLCPP_INFO(this->get_logger(), "[01;36m[K%d[m[K", sizeof(result_array.data));
[8.474s]       |                                          [01;36m[K~^[m[K
[8.479s]       |                                           [01;36m[K|[m[K
[8.484s]       |                                           [01;36m[Kint[m[K
[8.488s]       |                                          [32m[K%ld[m[K
[26.344s] [100%] [32m[1mLinking CXX executable merge_arrays_node[0m
[46.656s] [100%] Built target merge_arrays_node
[46.984s] Invoked command in '/home/atk-sandbox/atk-sandbox/workspace/build/merge_arrays' returned '0': CMAKE_PREFIX_PATH=${CMAKE_PREFIX_PATH}:/home/atk-sandbox/atk-sandbox/workspace/install/launch_utils:/opt/ros/humble /usr/bin/cmake --build /home/atk-sandbox/atk-sandbox/workspace/build/merge_arrays -- -j4 -l4
[49.273s] Invoking command in '/home/atk-sandbox/atk-sandbox/workspace/build/merge_arrays': CMAKE_PREFIX_PATH=${CMAKE_PREFIX_PATH}:/home/atk-sandbox/atk-sandbox/workspace/install/launch_utils:/opt/ros/humble /usr/bin/cmake --install /home/atk-sandbox/atk-sandbox/workspace/build/merge_arrays
[49.516s] -- Install configuration: ""
[49.521s] -- Installing: /home/atk-sandbox/atk-sandbox/workspace/install/merge_arrays/lib/merge_arrays/merge_arrays_node
[50.326s] -- Set runtime path of "/home/atk-sandbox/atk-sandbox/workspace/install/merge_arrays/lib/merge_arrays/merge_arrays_node" to ""
[50.331s] -- Up-to-date: /home/atk-sandbox/atk-sandbox/workspace/install/merge_arrays/share/ament_index/resource_index/package_run_dependencies/merge_arrays
[50.334s] -- Up-to-date: /home/atk-sandbox/atk-sandbox/workspace/install/merge_arrays/share/ament_index/resource_index/parent_prefix_path/merge_arrays
[50.338s] -- Up-to-date: /home/atk-sandbox/atk-sandbox/workspace/install/merge_arrays/share/merge_arrays/environment/ament_prefix_path.sh
[50.342s] -- Up-to-date: /home/atk-sandbox/atk-sandbox/workspace/install/merge_arrays/share/merge_arrays/environment/ament_prefix_path.dsv
[50.347s] -- Up-to-date: /home/atk-sandbox/atk-sandbox/workspace/install/merge_arrays/share/merge_arrays/environment/path.sh
[50.351s] -- Up-to-date: /home/atk-sandbox/atk-sandbox/workspace/install/merge_arrays/share/merge_arrays/environment/path.dsv
[50.356s] -- Up-to-date: /home/atk-sandbox/atk-sandbox/workspace/install/merge_arrays/share/merge_arrays/local_setup.bash
[50.360s] -- Up-to-date: /home/atk-sandbox/atk-sandbox/workspace/install/merge_arrays/share/merge_arrays/local_setup.sh
[50.365s] -- Up-to-date: /home/atk-sandbox/atk-sandbox/workspace/install/merge_arrays/share/merge_arrays/local_setup.zsh
[50.369s] -- Up-to-date: /home/atk-sandbox/atk-sandbox/workspace/install/merge_arrays/share/merge_arrays/local_setup.dsv
[50.374s] -- Installing: /home/atk-sandbox/atk-sandbox/workspace/install/merge_arrays/share/merge_arrays/package.dsv
[50.379s] -- Up-to-date: /home/atk-sandbox/atk-sandbox/workspace/install/merge_arrays/share/ament_index/resource_index/packages/merge_arrays
[50.383s] -- Up-to-date: /home/atk-sandbox/atk-sandbox/workspace/install/merge_arrays/share/merge_arrays/cmake/merge_arraysConfig.cmake
[50.387s] -- Up-to-date: /home/atk-sandbox/atk-sandbox/workspace/install/merge_arrays/share/merge_arrays/cmake/merge_arraysConfig-version.cmake
[50.391s] -- Up-to-date: /home/atk-sandbox/atk-sandbox/workspace/install/merge_arrays/share/merge_arrays/package.xml
[50.397s] Invoked command in '/home/atk-sandbox/atk-sandbox/workspace/build/merge_arrays' returned '0': CMAKE_PREFIX_PATH=${CMAKE_PREFIX_PATH}:/home/atk-sandbox/atk-sandbox/workspace/install/launch_utils:/opt/ros/humble /usr/bin/cmake --install /home/atk-sandbox/atk-sandbox/workspace/build/merge_arrays
