/home/atk-sandbox/atk-sandbox/workspace/install/launch_utils/lib/python3.10/site-packages/launch_utils/__init__.py
/home/atk-sandbox/atk-sandbox/workspace/install/launch_utils/lib/python3.10/site-packages/launch_utils/utilities.py
/home/atk-sandbox/atk-sandbox/workspace/install/launch_utils/lib/python3.10/site-packages/launch_utils/conditions/__init__.py
/home/atk-sandbox/atk-sandbox/workspace/install/launch_utils/lib/python3.10/site-packages/launch_utils/conditions/multiple_if_conditions.py
/home/atk-sandbox/atk-sandbox/workspace/install/launch_utils/lib/python3.10/site-packages/launch_utils/substitutions/__init__.py
/home/atk-sandbox/atk-sandbox/workspace/install/launch_utils/lib/python3.10/site-packages/launch_utils/substitutions/quote_wrapped_python_expression.py
/home/atk-sandbox/atk-sandbox/workspace/install/launch_utils/lib/python3.10/site-packages/launch_utils/__pycache__/__init__.cpython-310.pyc
/home/atk-sandbox/atk-sandbox/workspace/install/launch_utils/lib/python3.10/site-packages/launch_utils/__pycache__/utilities.cpython-310.pyc
/home/atk-sandbox/atk-sandbox/workspace/install/launch_utils/lib/python3.10/site-packages/launch_utils/conditions/__pycache__/__init__.cpython-310.pyc
/home/atk-sandbox/atk-sandbox/workspace/install/launch_utils/lib/python3.10/site-packages/launch_utils/conditions/__pycache__/multiple_if_conditions.cpython-310.pyc
/home/atk-sandbox/atk-sandbox/workspace/install/launch_utils/lib/python3.10/site-packages/launch_utils/substitutions/__pycache__/__init__.cpython-310.pyc
/home/atk-sandbox/atk-sandbox/workspace/install/launch_utils/lib/python3.10/site-packages/launch_utils/substitutions/__pycache__/quote_wrapped_python_expression.cpython-310.pyc
/home/atk-sandbox/atk-sandbox/workspace/install/launch_utils/share/ament_index/resource_index/packages/launch_utils
/home/atk-sandbox/atk-sandbox/workspace/install/launch_utils/share/launch_utils/package.xml
/home/atk-sandbox/atk-sandbox/workspace/install/launch_utils/lib/python3.10/site-packages/launch_utils-0.0.0-py3.10.egg-info/PKG-INFO
/home/atk-sandbox/atk-sandbox/workspace/install/launch_utils/lib/python3.10/site-packages/launch_utils-0.0.0-py3.10.egg-info/SOURCES.txt
/home/atk-sandbox/atk-sandbox/workspace/install/launch_utils/lib/python3.10/site-packages/launch_utils-0.0.0-py3.10.egg-info/dependency_links.txt
/home/atk-sandbox/atk-sandbox/workspace/install/launch_utils/lib/python3.10/site-packages/launch_utils-0.0.0-py3.10.egg-info/requires.txt
/home/atk-sandbox/atk-sandbox/workspace/install/launch_utils/lib/python3.10/site-packages/launch_utils-0.0.0-py3.10.egg-info/top_level.txt
/home/atk-sandbox/atk-sandbox/workspace/install/launch_utils/lib/python3.10/site-packages/launch_utils-0.0.0-py3.10.egg-info/zip-safe
