[01m[K/home/atk-sandbox/atk-sandbox/workspace/src/merge_arrays/src/merge_arrays_node.cpp:[m[K In member function ‘[01m[Kvoid MergeArrays::topic_callback(const Int32MultiArray&)[m[K’:
[01m[K/home/atk-sandbox/atk-sandbox/workspace/src/merge_arrays/src/merge_arrays_node.cpp:45:55:[m[K [01;31m[Kerror: [m[K‘[01m[Klayout[m[K’ was not declared in this scope
   45 |         result_array = std_msgs::msg::Int32MultiArray([01;31m[Klayout[m[K = std_msgs::msg::MultiArrayLayout(), [ 1, 9, 18, 20, 30 ]);
      |                                                       [01;31m[K^~~~~~[m[K
[01m[K/home/atk-sandbox/atk-sandbox/workspace/src/merge_arrays/src/merge_arrays_node.cpp:45:54:[m[K [01;31m[Kerror: [m[Kexpected primary-expression before ‘[01m[K([m[K’ token
   45 |         result_array = std_msgs::msg::Int32MultiArray[01;31m[K([m[Klayout = std_msgs::msg::MultiArrayLayout(), [ 1, 9, 18, 20, 30 ]);
      |                                                      [01;31m[K^[m[K
[01m[K/home/atk-sandbox/atk-sandbox/workspace/src/merge_arrays/src/merge_arrays_node.cpp:45:101:[m[K [01;31m[Kerror: [m[Kexpected identifier before numeric constant
   45 |         result_array = std_msgs::msg::Int32MultiArray(layout = std_msgs::msg::MultiArrayLayout(), [ [01;31m[K1[m[K, 9, 18, 20, 30 ]);
      |                                                                                                     [01;31m[K^[m[K
[01m[K/home/atk-sandbox/atk-sandbox/workspace/src/merge_arrays/src/merge_arrays_node.cpp:45:102:[m[K [01;31m[Kerror: [m[Kexpected ‘[01m[K][m[K’ before ‘[01m[K,[m[K’ token
   45 |         result_array = std_msgs::msg::Int32MultiArray(layout = std_msgs::msg::MultiArrayLayout(), [ 1[01;31m[K,[m[K 9, 18, 20, 30 ]);
      |                                                                                                      [01;31m[K^[m[K
[01m[K/home/atk-sandbox/atk-sandbox/workspace/src/merge_arrays/src/merge_arrays_node.cpp:[m[K In lambda function:
[01m[K/home/atk-sandbox/atk-sandbox/workspace/src/merge_arrays/src/merge_arrays_node.cpp:45:102:[m[K [01;31m[Kerror: [m[Kexpected ‘[01m[K{[m[K’ before ‘[01m[K,[m[K’ token
[01m[K/home/atk-sandbox/atk-sandbox/workspace/src/merge_arrays/src/merge_arrays_node.cpp:[m[K In member function ‘[01m[Kvoid MergeArrays::topic_callback(const Int32MultiArray&)[m[K’:
[01m[K/home/atk-sandbox/atk-sandbox/workspace/src/merge_arrays/src/merge_arrays_node.cpp:45:118:[m[K [01;31m[Kerror: [m[Kexpected ‘[01m[K)[m[K’ before ‘[01m[K][m[K’ token
   45 |         result_array = std_msgs::msg::Int32MultiArray(layout = std_msgs::msg::MultiArrayLayout(), [ 1, 9, 18, 20, 30 [01;31m[K][m[K);
      |                                                                                                                      [01;31m[K^[m[K
[01m[K/home/atk-sandbox/atk-sandbox/workspace/src/merge_arrays/src/merge_arrays_node.cpp:45:54:[m[K [01;36m[Knote: [m[Kto match this ‘[01m[K([m[K’
   45 |         result_array = std_msgs::msg::Int32MultiArray[01;36m[K([m[Klayout = std_msgs::msg::MultiArrayLayout(), [ 1, 9, 18, 20, 30 ]);
      |                                                      [01;36m[K^[m[K
[01m[K/home/atk-sandbox/atk-sandbox/workspace/src/merge_arrays/src/merge_arrays_node.cpp:40:63:[m[K [01;35m[Kwarning: [m[Kunused parameter ‘[01m[Kmsg[m[K’ [[01;35m[K]8;;https://gcc.gnu.org/onlinedocs/gcc/Warning-Options.html#index-Wunused-parameter-Wunused-parameter]8;;[m[K]
   40 |     void topic_callback([01;35m[Kconst std_msgs::msg::Int32MultiArray &msg[m[K)
      |                         [01;35m[K~~~~~~~~~~~~~~~~~~~~~~~~~~~~~~~~~~~~~~^~~[m[K
gmake[2]: *** [CMakeFiles/merge_arrays_node.dir/build.make:76: CMakeFiles/merge_arrays_node.dir/src/merge_arrays_node.cpp.o] Error 1
gmake[1]: *** [CMakeFiles/Makefile2:137: CMakeFiles/merge_arrays_node.dir/all] Error 2
gmake: *** [Makefile:146: all] Error 2
