[0.625s] Invoking command in '/home/atk-sandbox/atk-sandbox/workspace/build/wacore': CMAKE_PREFIX_PATH=/opt/ros/humble /usr/bin/cmake /home/atk-sandbox/atk-sandbox/workspace/src/common/wacore -DCMAKE_INSTALL_PREFIX=/home/atk-sandbox/atk-sandbox/workspace/install/wacore
[1.139s] -- The C compiler identification is GNU 11.3.0
[1.670s] -- The CXX compiler identification is GNU 11.3.0
[1.731s] -- Detecting C compiler ABI info
[3.074s] -- Detecting C compiler ABI info - done
[3.207s] -- Check for working C compiler: /usr/bin/cc - skipped
[3.225s] -- Detecting C compile features
[3.235s] -- Detecting C compile features - done
[3.288s] -- Detecting CXX compiler ABI info
[4.680s] -- Detecting CXX compiler ABI info - done
[4.737s] -- Check for working CXX compiler: /usr/bin/c++ - skipped
[4.748s] -- Detecting CXX compile features
[4.758s] -- Detecting CXX compile features - done
[4.809s] -- Found ament_cmake: 1.3.3 (/opt/ros/humble/share/ament_cmake/cmake)
[5.567s] -- Found Python3: /usr/bin/python3.10 (found version "3.10.6") found components: Interpreter 
[7.182s] -- Configuring done
[7.723s] -- Generating done
[7.866s] -- Build files have been written to: /home/atk-sandbox/atk-sandbox/workspace/build/wacore
[7.879s] Invoked command in '/home/atk-sandbox/atk-sandbox/workspace/build/wacore' returned '0': CMAKE_PREFIX_PATH=/opt/ros/humble /usr/bin/cmake /home/atk-sandbox/atk-sandbox/workspace/src/common/wacore -DCMAKE_INSTALL_PREFIX=/home/atk-sandbox/atk-sandbox/workspace/install/wacore
[7.896s] Invoking command in '/home/atk-sandbox/atk-sandbox/workspace/build/wacore': CMAKE_PREFIX_PATH=/opt/ros/humble /usr/bin/cmake --build /home/atk-sandbox/atk-sandbox/workspace/build/wacore -- -j4 -l4
[8.399s] Invoked command in '/home/atk-sandbox/atk-sandbox/workspace/build/wacore' returned '0': CMAKE_PREFIX_PATH=/opt/ros/humble /usr/bin/cmake --build /home/atk-sandbox/atk-sandbox/workspace/build/wacore -- -j4 -l4
[8.522s] Invoking command in '/home/atk-sandbox/atk-sandbox/workspace/build/wacore': CMAKE_PREFIX_PATH=/opt/ros/humble /usr/bin/cmake --install /home/atk-sandbox/atk-sandbox/workspace/build/wacore
[8.555s] -- Install configuration: ""
[8.562s] -- Installing: /home/atk-sandbox/atk-sandbox/workspace/install/wacore/include/
[8.611s] -- Installing: /home/atk-sandbox/atk-sandbox/workspace/install/wacore/include//wacore
[8.705s] -- Installing: /home/atk-sandbox/atk-sandbox/workspace/install/wacore/include//wacore/WACore.hpp
[8.776s] -- Installing: /home/atk-sandbox/atk-sandbox/workspace/install/wacore/include//wacore/WAMathematics.hpp
[8.838s] -- Installing: /home/atk-sandbox/atk-sandbox/workspace/install/wacore/include//wacore/WAQuaternion.hpp
[8.901s] -- Installing: /home/atk-sandbox/atk-sandbox/workspace/install/wacore/include//wacore/WAVector3.hpp
[9.005s] -- Installing: /home/atk-sandbox/atk-sandbox/workspace/install/wacore/share/wacore/environment/library_path.sh
[9.046s] -- Installing: /home/atk-sandbox/atk-sandbox/workspace/install/wacore/share/wacore/environment/library_path.dsv
[9.168s] -- Installing: /home/atk-sandbox/atk-sandbox/workspace/install/wacore/share/ament_index/resource_index/package_run_dependencies/wacore
[9.257s] -- Installing: /home/atk-sandbox/atk-sandbox/workspace/install/wacore/share/ament_index/resource_index/parent_prefix_path/wacore
[9.306s] -- Installing: /home/atk-sandbox/atk-sandbox/workspace/install/wacore/share/wacore/environment/ament_prefix_path.sh
[9.324s] -- Installing: /home/atk-sandbox/atk-sandbox/workspace/install/wacore/share/wacore/environment/ament_prefix_path.dsv
[9.365s] -- Installing: /home/atk-sandbox/atk-sandbox/workspace/install/wacore/share/wacore/environment/path.sh
[9.407s] -- Installing: /home/atk-sandbox/atk-sandbox/workspace/install/wacore/share/wacore/environment/path.dsv
[9.458s] -- Installing: /home/atk-sandbox/atk-sandbox/workspace/install/wacore/share/wacore/local_setup.bash
[9.491s] -- Installing: /home/atk-sandbox/atk-sandbox/workspace/install/wacore/share/wacore/local_setup.sh
[9.544s] -- Installing: /home/atk-sandbox/atk-sandbox/workspace/install/wacore/share/wacore/local_setup.zsh
[9.630s] -- Installing: /home/atk-sandbox/atk-sandbox/workspace/install/wacore/share/wacore/local_setup.dsv
[9.700s] -- Installing: /home/atk-sandbox/atk-sandbox/workspace/install/wacore/share/wacore/package.dsv
[9.736s] -- Installing: /home/atk-sandbox/atk-sandbox/workspace/install/wacore/share/ament_index/resource_index/packages/wacore
[9.798s] -- Installing: /home/atk-sandbox/atk-sandbox/workspace/install/wacore/share/wacore/cmake/export_wacoreExport.cmake
[9.846s] -- Installing: /home/atk-sandbox/atk-sandbox/workspace/install/wacore/share/wacore/cmake/ament_cmake_export_include_directories-extras.cmake
[9.897s] -- Installing: /home/atk-sandbox/atk-sandbox/workspace/install/wacore/share/wacore/cmake/ament_cmake_export_libraries-extras.cmake
[9.925s] -- Installing: /home/atk-sandbox/atk-sandbox/workspace/install/wacore/share/wacore/cmake/ament_cmake_export_targets-extras.cmake
[9.955s] -- Installing: /home/atk-sandbox/atk-sandbox/workspace/install/wacore/share/wacore/cmake/wacoreConfig.cmake
[9.987s] -- Installing: /home/atk-sandbox/atk-sandbox/workspace/install/wacore/share/wacore/cmake/wacoreConfig-version.cmake
[10.023s] -- Installing: /home/atk-sandbox/atk-sandbox/workspace/install/wacore/share/wacore/package.xml
[10.060s] Invoked command in '/home/atk-sandbox/atk-sandbox/workspace/build/wacore' returned '0': CMAKE_PREFIX_PATH=/opt/ros/humble /usr/bin/cmake --install /home/atk-sandbox/atk-sandbox/workspace/build/wacore
