-- The C compiler identification is GNU 11.3.0
-- The CXX compiler identification is GNU 11.3.0
-- Detecting C compiler ABI info
-- Detecting C compiler ABI info - done
-- Check for working C compiler: /usr/bin/cc - skipped
-- Detecting C compile features
-- Detecting C compile features - done
-- Detecting CXX compiler ABI info
-- Detecting CXX compiler ABI info - done
-- Check for working CXX compiler: /usr/bin/c++ - skipped
-- Detecting CXX compile features
-- Detecting CXX compile features - done
-- Found ament_cmake: 1.3.3 (/opt/ros/humble/share/ament_cmake/cmake)
-- Found Python3: /usr/bin/python3.10 (found version "3.10.6") found components: Interpreter 
-- Found std_msgs: 4.2.3 (/opt/ros/humble/share/std_msgs/cmake)
-- Found rosidl_generator_c: 3.1.4 (/opt/ros/humble/share/rosidl_generator_c/cmake)
-- Found rosidl_adapter: 3.1.4 (/opt/ros/humble/share/rosidl_adapter/cmake)
-- Found rosidl_generator_cpp: 3.1.4 (/opt/ros/humble/share/rosidl_generator_cpp/cmake)
-- Using all available rosidl_typesupport_c: rosidl_typesupport_fastrtps_c;rosidl_typesupport_introspection_c
-- Using all available rosidl_typesupport_cpp: rosidl_typesupport_fastrtps_cpp;rosidl_typesupport_introspection_cpp
-- Found ament_lint_auto: 0.12.5 (/opt/ros/humble/share/ament_lint_auto/cmake)
-- Found rosidl_default_generators: 1.2.0 (/opt/ros/humble/share/rosidl_default_generators/cmake)
-- Found ament_cmake_ros: 0.10.0 (/opt/ros/humble/share/ament_cmake_ros/cmake)
-- Using all available rosidl_typesupport_c: rosidl_typesupport_fastrtps_c;rosidl_typesupport_introspection_c
-- Using all available rosidl_typesupport_cpp: rosidl_typesupport_fastrtps_cpp;rosidl_typesupport_introspection_cpp
-- Found PythonInterp: /usr/bin/python3 (found suitable version "3.10.6", minimum required is "3.6") 
-- Found python_cmake_module: 0.10.0 (/opt/ros/humble/share/python_cmake_module/cmake)
-- Found PythonLibs: /usr/lib/x86_64-linux-gnu/libpython3.10.so (found suitable version "3.10.6", minimum required is "3.5") 
-- Using PYTHON_EXECUTABLE: /usr/bin/python3
-- Using PYTHON_INCLUDE_DIRS: /usr/include/python3.10
-- Using PYTHON_LIBRARIES: /usr/lib/x86_64-linux-gnu/libpython3.10.so
-- Found PythonExtra: .so  
-- Added test 'copyright' to check source files copyright and LICENSE
-- Added test 'lint_cmake' to check CMake code style
-- Added test 'xmllint' to check XML markup files
-- Configuring done
-- Generating done
-- Build files have been written to: /home/atk-sandbox/atk-sandbox/workspace/build/wauto_control_msgs
[  1%] [34m[1mGenerating C code for ROS interfaces[0m
[  2%] [34m[1mGenerating C++ code for ROS interfaces[0m
[  2%] Built target ament_cmake_python_copy_wauto_control_msgs
running egg_info
creating wauto_control_msgs.egg-info
writing wauto_control_msgs.egg-info/PKG-INFO
writing dependency_links to wauto_control_msgs.egg-info/dependency_links.txt
writing top-level names to wauto_control_msgs.egg-info/top_level.txt
writing manifest file 'wauto_control_msgs.egg-info/SOURCES.txt'
reading manifest file 'wauto_control_msgs.egg-info/SOURCES.txt'
writing manifest file 'wauto_control_msgs.egg-info/SOURCES.txt'
[  2%] Built target ament_cmake_python_build_wauto_control_msgs_egg
[  2%] Built target wauto_control_msgs__cpp
[  3%] [34m[1mGenerating C++ type support dispatch for ROS interfaces[0m
[  4%] [34m[1mGenerating C++ type support for eProsima Fast-RTPS[0m
[  5%] [34m[1mGenerating C++ introspection for ROS interfaces[0m
[  6%] [32mBuilding C object CMakeFiles/wauto_control_msgs__rosidl_generator_c.dir/rosidl_generator_c/wauto_control_msgs/msg/detail/car_state__functions.c.o[0m
[  8%] [32mBuilding C object CMakeFiles/wauto_control_msgs__rosidl_generator_c.dir/rosidl_generator_c/wauto_control_msgs/msg/detail/car_input__functions.c.o[0m
[  9%] [32mBuilding C object CMakeFiles/wauto_control_msgs__rosidl_generator_c.dir/rosidl_generator_c/wauto_control_msgs/msg/detail/car_safety__functions.c.o[0m
[ 10%] [32mBuilding C object CMakeFiles/wauto_control_msgs__rosidl_generator_c.dir/rosidl_generator_c/wauto_control_msgs/msg/detail/car_trajectory__functions.c.o[0m
[ 11%] [32mBuilding C object CMakeFiles/wauto_control_msgs__rosidl_generator_c.dir/rosidl_generator_c/wauto_control_msgs/msg/detail/car_flat_data__functions.c.o[0m
[ 12%] [32mBuilding C object CMakeFiles/wauto_control_msgs__rosidl_generator_c.dir/rosidl_generator_c/wauto_control_msgs/msg/detail/car_tbs__functions.c.o[0m
[ 13%] [32mBuilding C object CMakeFiles/wauto_control_msgs__rosidl_generator_c.dir/rosidl_generator_c/wauto_control_msgs/msg/detail/lane_marking__functions.c.o[0m
[ 14%] [32mBuilding C object CMakeFiles/wauto_control_msgs__rosidl_generator_c.dir/rosidl_generator_c/wauto_control_msgs/msg/detail/lane_boundaries__functions.c.o[0m
[ 16%] [32m[1mLinking C shared library libwauto_control_msgs__rosidl_generator_c.so[0m
[ 17%] [32mBuilding CXX object CMakeFiles/wauto_control_msgs__rosidl_typesupport_cpp.dir/rosidl_typesupport_cpp/wauto_control_msgs/msg/car_state__type_support.cpp.o[0m
[ 17%] Built target wauto_control_msgs__rosidl_generator_c
[ 18%] [34m[1mGenerating C type support for eProsima Fast-RTPS[0m
[ 19%] [32mBuilding CXX object CMakeFiles/wauto_control_msgs__rosidl_typesupport_fastrtps_cpp.dir/rosidl_typesupport_fastrtps_cpp/wauto_control_msgs/msg/detail/dds_fastrtps/car_state__type_support.cpp.o[0m
[ 20%] [32mBuilding CXX object CMakeFiles/wauto_control_msgs__rosidl_typesupport_introspection_cpp.dir/rosidl_typesupport_introspection_cpp/wauto_control_msgs/msg/detail/car_state__type_support.cpp.o[0m
[ 21%] [32mBuilding CXX object CMakeFiles/wauto_control_msgs__rosidl_typesupport_cpp.dir/rosidl_typesupport_cpp/wauto_control_msgs/msg/car_input__type_support.cpp.o[0m
[ 22%] [32mBuilding CXX object CMakeFiles/wauto_control_msgs__rosidl_typesupport_cpp.dir/rosidl_typesupport_cpp/wauto_control_msgs/msg/car_safety__type_support.cpp.o[0m
[ 24%] [32mBuilding CXX object CMakeFiles/wauto_control_msgs__rosidl_typesupport_introspection_cpp.dir/rosidl_typesupport_introspection_cpp/wauto_control_msgs/msg/detail/car_input__type_support.cpp.o[0m
[ 25%] [32mBuilding CXX object CMakeFiles/wauto_control_msgs__rosidl_typesupport_fastrtps_cpp.dir/rosidl_typesupport_fastrtps_cpp/wauto_control_msgs/msg/detail/dds_fastrtps/car_input__type_support.cpp.o[0m
[ 26%] [32mBuilding CXX object CMakeFiles/wauto_control_msgs__rosidl_typesupport_cpp.dir/rosidl_typesupport_cpp/wauto_control_msgs/msg/car_trajectory__type_support.cpp.o[0m
[ 27%] [32mBuilding CXX object CMakeFiles/wauto_control_msgs__rosidl_typesupport_introspection_cpp.dir/rosidl_typesupport_introspection_cpp/wauto_control_msgs/msg/detail/car_safety__type_support.cpp.o[0m
[ 29%] [32mBuilding CXX object CMakeFiles/wauto_control_msgs__rosidl_typesupport_fastrtps_cpp.dir/rosidl_typesupport_fastrtps_cpp/wauto_control_msgs/msg/detail/dds_fastrtps/car_safety__type_support.cpp.o[0m
[ 29%] [32mBuilding CXX object CMakeFiles/wauto_control_msgs__rosidl_typesupport_fastrtps_c.dir/rosidl_typesupport_fastrtps_c/wauto_control_msgs/msg/detail/car_state__type_support_c.cpp.o[0m
[ 31%] [32mBuilding CXX object CMakeFiles/wauto_control_msgs__rosidl_typesupport_cpp.dir/rosidl_typesupport_cpp/wauto_control_msgs/msg/car_flat_data__type_support.cpp.o[0m
[ 33%] [32mBuilding CXX object CMakeFiles/wauto_control_msgs__rosidl_typesupport_cpp.dir/rosidl_typesupport_cpp/wauto_control_msgs/msg/car_tbs__type_support.cpp.o[0m
[ 33%] [32mBuilding CXX object CMakeFiles/wauto_control_msgs__rosidl_typesupport_introspection_cpp.dir/rosidl_typesupport_introspection_cpp/wauto_control_msgs/msg/detail/car_trajectory__type_support.cpp.o[0m
[ 34%] [32mBuilding CXX object CMakeFiles/wauto_control_msgs__rosidl_typesupport_fastrtps_c.dir/rosidl_typesupport_fastrtps_c/wauto_control_msgs/msg/detail/car_input__type_support_c.cpp.o[0m
[ 35%] [32mBuilding CXX object CMakeFiles/wauto_control_msgs__rosidl_typesupport_fastrtps_cpp.dir/rosidl_typesupport_fastrtps_cpp/wauto_control_msgs/msg/detail/dds_fastrtps/car_trajectory__type_support.cpp.o[0m
[ 36%] [32mBuilding CXX object CMakeFiles/wauto_control_msgs__rosidl_typesupport_cpp.dir/rosidl_typesupport_cpp/wauto_control_msgs/msg/lane_marking__type_support.cpp.o[0m
[ 37%] [32mBuilding CXX object CMakeFiles/wauto_control_msgs__rosidl_typesupport_introspection_cpp.dir/rosidl_typesupport_introspection_cpp/wauto_control_msgs/msg/detail/car_flat_data__type_support.cpp.o[0m
[ 39%] [32mBuilding CXX object CMakeFiles/wauto_control_msgs__rosidl_typesupport_fastrtps_c.dir/rosidl_typesupport_fastrtps_c/wauto_control_msgs/msg/detail/car_safety__type_support_c.cpp.o[0m
[ 40%] [32mBuilding CXX object CMakeFiles/wauto_control_msgs__rosidl_typesupport_fastrtps_cpp.dir/rosidl_typesupport_fastrtps_cpp/wauto_control_msgs/msg/detail/dds_fastrtps/car_flat_data__type_support.cpp.o[0m
[ 41%] [32mBuilding CXX object CMakeFiles/wauto_control_msgs__rosidl_typesupport_cpp.dir/rosidl_typesupport_cpp/wauto_control_msgs/msg/lane_boundaries__type_support.cpp.o[0m
[ 42%] [32mBuilding CXX object CMakeFiles/wauto_control_msgs__rosidl_typesupport_fastrtps_c.dir/rosidl_typesupport_fastrtps_c/wauto_control_msgs/msg/detail/car_trajectory__type_support_c.cpp.o[0m
[ 43%] [32m[1mLinking CXX shared library libwauto_control_msgs__rosidl_typesupport_cpp.so[0m
[ 44%] [32mBuilding CXX object CMakeFiles/wauto_control_msgs__rosidl_typesupport_introspection_cpp.dir/rosidl_typesupport_introspection_cpp/wauto_control_msgs/msg/detail/car_tbs__type_support.cpp.o[0m
[ 45%] [32mBuilding CXX object CMakeFiles/wauto_control_msgs__rosidl_typesupport_fastrtps_cpp.dir/rosidl_typesupport_fastrtps_cpp/wauto_control_msgs/msg/detail/dds_fastrtps/car_tbs__type_support.cpp.o[0m
[ 45%] Built target wauto_control_msgs__rosidl_typesupport_cpp
[ 47%] [32mBuilding CXX object CMakeFiles/wauto_control_msgs__rosidl_typesupport_fastrtps_c.dir/rosidl_typesupport_fastrtps_c/wauto_control_msgs/msg/detail/car_flat_data__type_support_c.cpp.o[0m
[ 48%] [32mBuilding CXX object CMakeFiles/wauto_control_msgs__rosidl_typesupport_introspection_cpp.dir/rosidl_typesupport_introspection_cpp/wauto_control_msgs/msg/detail/lane_marking__type_support.cpp.o[0m
[ 49%] [32mBuilding CXX object CMakeFiles/wauto_control_msgs__rosidl_typesupport_fastrtps_cpp.dir/rosidl_typesupport_fastrtps_cpp/wauto_control_msgs/msg/detail/dds_fastrtps/lane_marking__type_support.cpp.o[0m
[ 50%] [32mBuilding CXX object CMakeFiles/wauto_control_msgs__rosidl_typesupport_fastrtps_c.dir/rosidl_typesupport_fastrtps_c/wauto_control_msgs/msg/detail/car_tbs__type_support_c.cpp.o[0m
[ 51%] [32mBuilding CXX object CMakeFiles/wauto_control_msgs__rosidl_typesupport_introspection_cpp.dir/rosidl_typesupport_introspection_cpp/wauto_control_msgs/msg/detail/lane_boundaries__type_support.cpp.o[0m
[ 52%] [32mBuilding CXX object CMakeFiles/wauto_control_msgs__rosidl_typesupport_fastrtps_c.dir/rosidl_typesupport_fastrtps_c/wauto_control_msgs/msg/detail/lane_marking__type_support_c.cpp.o[0m
[ 54%] [32mBuilding CXX object CMakeFiles/wauto_control_msgs__rosidl_typesupport_fastrtps_cpp.dir/rosidl_typesupport_fastrtps_cpp/wauto_control_msgs/msg/detail/dds_fastrtps/lane_boundaries__type_support.cpp.o[0m
[ 55%] [32m[1mLinking CXX shared library libwauto_control_msgs__rosidl_typesupport_introspection_cpp.so[0m
[ 56%] [32mBuilding CXX object CMakeFiles/wauto_control_msgs__rosidl_typesupport_fastrtps_c.dir/rosidl_typesupport_fastrtps_c/wauto_control_msgs/msg/detail/lane_boundaries__type_support_c.cpp.o[0m
[ 57%] [32m[1mLinking CXX shared library libwauto_control_msgs__rosidl_typesupport_fastrtps_cpp.so[0m
[ 57%] Built target wauto_control_msgs__rosidl_typesupport_introspection_cpp
[ 57%] Built target wauto_control_msgs__rosidl_typesupport_fastrtps_cpp
[ 58%] [32m[1mLinking CXX shared library libwauto_control_msgs__rosidl_typesupport_fastrtps_c.so[0m
[ 58%] Built target wauto_control_msgs__rosidl_typesupport_fastrtps_c
[ 59%] [34m[1mGenerating C type support dispatch for ROS interfaces[0m
[ 60%] [32mBuilding CXX object CMakeFiles/wauto_control_msgs__rosidl_typesupport_c.dir/rosidl_typesupport_c/wauto_control_msgs/msg/car_state__type_support.cpp.o[0m
[ 62%] [32mBuilding CXX object CMakeFiles/wauto_control_msgs__rosidl_typesupport_c.dir/rosidl_typesupport_c/wauto_control_msgs/msg/car_safety__type_support.cpp.o[0m
[ 63%] [32mBuilding CXX object CMakeFiles/wauto_control_msgs__rosidl_typesupport_c.dir/rosidl_typesupport_c/wauto_control_msgs/msg/car_trajectory__type_support.cpp.o[0m
[ 64%] [32mBuilding CXX object CMakeFiles/wauto_control_msgs__rosidl_typesupport_c.dir/rosidl_typesupport_c/wauto_control_msgs/msg/car_flat_data__type_support.cpp.o[0m
[ 65%] [32mBuilding CXX object CMakeFiles/wauto_control_msgs__rosidl_typesupport_c.dir/rosidl_typesupport_c/wauto_control_msgs/msg/car_tbs__type_support.cpp.o[0m
[ 66%] [32mBuilding CXX object CMakeFiles/wauto_control_msgs__rosidl_typesupport_c.dir/rosidl_typesupport_c/wauto_control_msgs/msg/lane_marking__type_support.cpp.o[0m
[ 67%] [32mBuilding CXX object CMakeFiles/wauto_control_msgs__rosidl_typesupport_c.dir/rosidl_typesupport_c/wauto_control_msgs/msg/lane_boundaries__type_support.cpp.o[0m
[ 68%] [32mBuilding CXX object CMakeFiles/wauto_control_msgs__rosidl_typesupport_c.dir/rosidl_typesupport_c/wauto_control_msgs/msg/car_input__type_support.cpp.o[0m
[ 70%] [32m[1mLinking CXX shared library libwauto_control_msgs__rosidl_typesupport_c.so[0m
[ 70%] Built target wauto_control_msgs__rosidl_typesupport_c
[ 71%] [34m[1mGenerating C introspection for ROS interfaces[0m
[ 72%] [32mBuilding C object CMakeFiles/wauto_control_msgs__rosidl_typesupport_introspection_c.dir/rosidl_typesupport_introspection_c/wauto_control_msgs/msg/detail/car_state__type_support.c.o[0m
[ 73%] [32mBuilding C object CMakeFiles/wauto_control_msgs__rosidl_typesupport_introspection_c.dir/rosidl_typesupport_introspection_c/wauto_control_msgs/msg/detail/car_trajectory__type_support.c.o[0m
[ 74%] [32mBuilding C object CMakeFiles/wauto_control_msgs__rosidl_typesupport_introspection_c.dir/rosidl_typesupport_introspection_c/wauto_control_msgs/msg/detail/car_flat_data__type_support.c.o[0m
[ 75%] [32mBuilding C object CMakeFiles/wauto_control_msgs__rosidl_typesupport_introspection_c.dir/rosidl_typesupport_introspection_c/wauto_control_msgs/msg/detail/car_tbs__type_support.c.o[0m
[ 77%] [32mBuilding C object CMakeFiles/wauto_control_msgs__rosidl_typesupport_introspection_c.dir/rosidl_typesupport_introspection_c/wauto_control_msgs/msg/detail/lane_marking__type_support.c.o[0m
[ 78%] [32mBuilding C object CMakeFiles/wauto_control_msgs__rosidl_typesupport_introspection_c.dir/rosidl_typesupport_introspection_c/wauto_control_msgs/msg/detail/lane_boundaries__type_support.c.o[0m
[ 79%] [32mBuilding C object CMakeFiles/wauto_control_msgs__rosidl_typesupport_introspection_c.dir/rosidl_typesupport_introspection_c/wauto_control_msgs/msg/detail/car_safety__type_support.c.o[0m
[ 80%] [32mBuilding C object CMakeFiles/wauto_control_msgs__rosidl_typesupport_introspection_c.dir/rosidl_typesupport_introspection_c/wauto_control_msgs/msg/detail/car_input__type_support.c.o[0m
[ 81%] [32m[1mLinking C shared library libwauto_control_msgs__rosidl_typesupport_introspection_c.so[0m
[ 81%] Built target wauto_control_msgs__rosidl_typesupport_introspection_c
[ 81%] Built target wauto_control_msgs
[ 82%] [34m[1mGenerating Python code for ROS interfaces[0m
[ 82%] Built target wauto_control_msgs__py
[ 83%] [32mBuilding C object CMakeFiles/wauto_control_msgs__rosidl_generator_py.dir/rosidl_generator_py/wauto_control_msgs/msg/_car_state_s.c.o[0m
[ 85%] [32mBuilding C object CMakeFiles/wauto_control_msgs__rosidl_generator_py.dir/rosidl_generator_py/wauto_control_msgs/msg/_car_trajectory_s.c.o[0m
[ 86%] [32mBuilding C object CMakeFiles/wauto_control_msgs__rosidl_generator_py.dir/rosidl_generator_py/wauto_control_msgs/msg/_car_flat_data_s.c.o[0m
[ 87%] [32mBuilding C object CMakeFiles/wauto_control_msgs__rosidl_generator_py.dir/rosidl_generator_py/wauto_control_msgs/msg/_car_tbs_s.c.o[0m
[ 88%] [32mBuilding C object CMakeFiles/wauto_control_msgs__rosidl_generator_py.dir/rosidl_generator_py/wauto_control_msgs/msg/_lane_marking_s.c.o[0m
[ 89%] [32mBuilding C object CMakeFiles/wauto_control_msgs__rosidl_generator_py.dir/rosidl_generator_py/wauto_control_msgs/msg/_lane_boundaries_s.c.o[0m
[ 90%] [32mBuilding C object CMakeFiles/wauto_control_msgs__rosidl_generator_py.dir/rosidl_generator_py/wauto_control_msgs/msg/_car_safety_s.c.o[0m
[ 91%] [32mBuilding C object CMakeFiles/wauto_control_msgs__rosidl_generator_py.dir/rosidl_generator_py/wauto_control_msgs/msg/_car_input_s.c.o[0m
[ 93%] [32m[1mLinking C shared library rosidl_generator_py/wauto_control_msgs/libwauto_control_msgs__rosidl_generator_py.so[0m
[ 93%] Built target wauto_control_msgs__rosidl_generator_py
[ 94%] [32mBuilding C object CMakeFiles/wauto_control_msgs__rosidl_typesupport_fastrtps_c__pyext.dir/rosidl_generator_py/wauto_control_msgs/_wauto_control_msgs_s.ep.rosidl_typesupport_fastrtps_c.c.o[0m
[ 95%] [32m[1mLinking C shared library rosidl_generator_py/wauto_control_msgs/wauto_control_msgs_s__rosidl_typesupport_fastrtps_c.cpython-310-x86_64-linux-gnu.so[0m
[ 95%] Built target wauto_control_msgs__rosidl_typesupport_fastrtps_c__pyext
[ 96%] [32mBuilding C object CMakeFiles/wauto_control_msgs__rosidl_typesupport_c__pyext.dir/rosidl_generator_py/wauto_control_msgs/_wauto_control_msgs_s.ep.rosidl_typesupport_c.c.o[0m
[ 97%] [32m[1mLinking C shared library rosidl_generator_py/wauto_control_msgs/wauto_control_msgs_s__rosidl_typesupport_c.cpython-310-x86_64-linux-gnu.so[0m
[ 97%] Built target wauto_control_msgs__rosidl_typesupport_c__pyext
[ 98%] [32mBuilding C object CMakeFiles/wauto_control_msgs__rosidl_typesupport_introspection_c__pyext.dir/rosidl_generator_py/wauto_control_msgs/_wauto_control_msgs_s.ep.rosidl_typesupport_introspection_c.c.o[0m
[100%] [32m[1mLinking C shared library rosidl_generator_py/wauto_control_msgs/wauto_control_msgs_s__rosidl_typesupport_introspection_c.cpython-310-x86_64-linux-gnu.so[0m
[100%] Built target wauto_control_msgs__rosidl_typesupport_introspection_c__pyext
-- Install configuration: ""
-- Installing: /home/atk-sandbox/atk-sandbox/workspace/install/wauto_control_msgs/share/ament_index/resource_index/rosidl_interfaces/wauto_control_msgs
-- Installing: /home/atk-sandbox/atk-sandbox/workspace/install/wauto_control_msgs/include/wauto_control_msgs/wauto_control_msgs
-- Installing: /home/atk-sandbox/atk-sandbox/workspace/install/wauto_control_msgs/include/wauto_control_msgs/wauto_control_msgs/msg
-- Installing: /home/atk-sandbox/atk-sandbox/workspace/install/wauto_control_msgs/include/wauto_control_msgs/wauto_control_msgs/msg/car_flat_data.h
-- Installing: /home/atk-sandbox/atk-sandbox/workspace/install/wauto_control_msgs/include/wauto_control_msgs/wauto_control_msgs/msg/car_input.h
-- Installing: /home/atk-sandbox/atk-sandbox/workspace/install/wauto_control_msgs/include/wauto_control_msgs/wauto_control_msgs/msg/car_safety.h
-- Installing: /home/atk-sandbox/atk-sandbox/workspace/install/wauto_control_msgs/include/wauto_control_msgs/wauto_control_msgs/msg/car_state.h
-- Installing: /home/atk-sandbox/atk-sandbox/workspace/install/wauto_control_msgs/include/wauto_control_msgs/wauto_control_msgs/msg/car_tbs.h
-- Installing: /home/atk-sandbox/atk-sandbox/workspace/install/wauto_control_msgs/include/wauto_control_msgs/wauto_control_msgs/msg/car_trajectory.h
-- Installing: /home/atk-sandbox/atk-sandbox/workspace/install/wauto_control_msgs/include/wauto_control_msgs/wauto_control_msgs/msg/detail
-- Installing: /home/atk-sandbox/atk-sandbox/workspace/install/wauto_control_msgs/include/wauto_control_msgs/wauto_control_msgs/msg/detail/car_flat_data__functions.c
-- Installing: /home/atk-sandbox/atk-sandbox/workspace/install/wauto_control_msgs/include/wauto_control_msgs/wauto_control_msgs/msg/detail/car_flat_data__functions.h
-- Installing: /home/atk-sandbox/atk-sandbox/workspace/install/wauto_control_msgs/include/wauto_control_msgs/wauto_control_msgs/msg/detail/car_flat_data__struct.h
-- Installing: /home/atk-sandbox/atk-sandbox/workspace/install/wauto_control_msgs/include/wauto_control_msgs/wauto_control_msgs/msg/detail/car_flat_data__type_support.h
-- Installing: /home/atk-sandbox/atk-sandbox/workspace/install/wauto_control_msgs/include/wauto_control_msgs/wauto_control_msgs/msg/detail/car_input__functions.c
-- Installing: /home/atk-sandbox/atk-sandbox/workspace/install/wauto_control_msgs/include/wauto_control_msgs/wauto_control_msgs/msg/detail/car_input__functions.h
-- Installing: /home/atk-sandbox/atk-sandbox/workspace/install/wauto_control_msgs/include/wauto_control_msgs/wauto_control_msgs/msg/detail/car_input__struct.h
-- Installing: /home/atk-sandbox/atk-sandbox/workspace/install/wauto_control_msgs/include/wauto_control_msgs/wauto_control_msgs/msg/detail/car_input__type_support.h
-- Installing: /home/atk-sandbox/atk-sandbox/workspace/install/wauto_control_msgs/include/wauto_control_msgs/wauto_control_msgs/msg/detail/car_safety__functions.c
-- Installing: /home/atk-sandbox/atk-sandbox/workspace/install/wauto_control_msgs/include/wauto_control_msgs/wauto_control_msgs/msg/detail/car_safety__functions.h
-- Installing: /home/atk-sandbox/atk-sandbox/workspace/install/wauto_control_msgs/include/wauto_control_msgs/wauto_control_msgs/msg/detail/car_safety__struct.h
-- Installing: /home/atk-sandbox/atk-sandbox/workspace/install/wauto_control_msgs/include/wauto_control_msgs/wauto_control_msgs/msg/detail/car_safety__type_support.h
-- Installing: /home/atk-sandbox/atk-sandbox/workspace/install/wauto_control_msgs/include/wauto_control_msgs/wauto_control_msgs/msg/detail/car_state__functions.c
-- Installing: /home/atk-sandbox/atk-sandbox/workspace/install/wauto_control_msgs/include/wauto_control_msgs/wauto_control_msgs/msg/detail/car_state__functions.h
-- Installing: /home/atk-sandbox/atk-sandbox/workspace/install/wauto_control_msgs/include/wauto_control_msgs/wauto_control_msgs/msg/detail/car_state__struct.h
-- Installing: /home/atk-sandbox/atk-sandbox/workspace/install/wauto_control_msgs/include/wauto_control_msgs/wauto_control_msgs/msg/detail/car_state__type_support.h
-- Installing: /home/atk-sandbox/atk-sandbox/workspace/install/wauto_control_msgs/include/wauto_control_msgs/wauto_control_msgs/msg/detail/car_tbs__functions.c
-- Installing: /home/atk-sandbox/atk-sandbox/workspace/install/wauto_control_msgs/include/wauto_control_msgs/wauto_control_msgs/msg/detail/car_tbs__functions.h
-- Installing: /home/atk-sandbox/atk-sandbox/workspace/install/wauto_control_msgs/include/wauto_control_msgs/wauto_control_msgs/msg/detail/car_tbs__struct.h
-- Installing: /home/atk-sandbox/atk-sandbox/workspace/install/wauto_control_msgs/include/wauto_control_msgs/wauto_control_msgs/msg/detail/car_tbs__type_support.h
-- Installing: /home/atk-sandbox/atk-sandbox/workspace/install/wauto_control_msgs/include/wauto_control_msgs/wauto_control_msgs/msg/detail/car_trajectory__functions.c
-- Installing: /home/atk-sandbox/atk-sandbox/workspace/install/wauto_control_msgs/include/wauto_control_msgs/wauto_control_msgs/msg/detail/car_trajectory__functions.h
-- Installing: /home/atk-sandbox/atk-sandbox/workspace/install/wauto_control_msgs/include/wauto_control_msgs/wauto_control_msgs/msg/detail/car_trajectory__struct.h
-- Installing: /home/atk-sandbox/atk-sandbox/workspace/install/wauto_control_msgs/include/wauto_control_msgs/wauto_control_msgs/msg/detail/car_trajectory__type_support.h
-- Installing: /home/atk-sandbox/atk-sandbox/workspace/install/wauto_control_msgs/include/wauto_control_msgs/wauto_control_msgs/msg/detail/lane_boundaries__functions.c
-- Installing: /home/atk-sandbox/atk-sandbox/workspace/install/wauto_control_msgs/include/wauto_control_msgs/wauto_control_msgs/msg/detail/lane_boundaries__functions.h
-- Installing: /home/atk-sandbox/atk-sandbox/workspace/install/wauto_control_msgs/include/wauto_control_msgs/wauto_control_msgs/msg/detail/lane_boundaries__struct.h
-- Installing: /home/atk-sandbox/atk-sandbox/workspace/install/wauto_control_msgs/include/wauto_control_msgs/wauto_control_msgs/msg/detail/lane_boundaries__type_support.h
-- Installing: /home/atk-sandbox/atk-sandbox/workspace/install/wauto_control_msgs/include/wauto_control_msgs/wauto_control_msgs/msg/detail/lane_marking__functions.c
-- Installing: /home/atk-sandbox/atk-sandbox/workspace/install/wauto_control_msgs/include/wauto_control_msgs/wauto_control_msgs/msg/detail/lane_marking__functions.h
-- Installing: /home/atk-sandbox/atk-sandbox/workspace/install/wauto_control_msgs/include/wauto_control_msgs/wauto_control_msgs/msg/detail/lane_marking__struct.h
-- Installing: /home/atk-sandbox/atk-sandbox/workspace/install/wauto_control_msgs/include/wauto_control_msgs/wauto_control_msgs/msg/detail/lane_marking__type_support.h
-- Installing: /home/atk-sandbox/atk-sandbox/workspace/install/wauto_control_msgs/include/wauto_control_msgs/wauto_control_msgs/msg/lane_boundaries.h
-- Installing: /home/atk-sandbox/atk-sandbox/workspace/install/wauto_control_msgs/include/wauto_control_msgs/wauto_control_msgs/msg/lane_marking.h
-- Installing: /home/atk-sandbox/atk-sandbox/workspace/install/wauto_control_msgs/include/wauto_control_msgs/wauto_control_msgs/msg/rosidl_generator_c__visibility_control.h
-- Installing: /home/atk-sandbox/atk-sandbox/workspace/install/wauto_control_msgs/share/wauto_control_msgs/environment/library_path.sh
-- Installing: /home/atk-sandbox/atk-sandbox/workspace/install/wauto_control_msgs/share/wauto_control_msgs/environment/library_path.dsv
-- Installing: /home/atk-sandbox/atk-sandbox/workspace/install/wauto_control_msgs/lib/libwauto_control_msgs__rosidl_generator_c.so
-- Set runtime path of "/home/atk-sandbox/atk-sandbox/workspace/install/wauto_control_msgs/lib/libwauto_control_msgs__rosidl_generator_c.so" to ""
-- Up-to-date: /home/atk-sandbox/atk-sandbox/workspace/install/wauto_control_msgs/include/wauto_control_msgs/wauto_control_msgs
-- Up-to-date: /home/atk-sandbox/atk-sandbox/workspace/install/wauto_control_msgs/include/wauto_control_msgs/wauto_control_msgs/msg
-- Up-to-date: /home/atk-sandbox/atk-sandbox/workspace/install/wauto_control_msgs/include/wauto_control_msgs/wauto_control_msgs/msg/detail
-- Installing: /home/atk-sandbox/atk-sandbox/workspace/install/wauto_control_msgs/include/wauto_control_msgs/wauto_control_msgs/msg/detail/car_flat_data__rosidl_typesupport_fastrtps_c.h
-- Installing: /home/atk-sandbox/atk-sandbox/workspace/install/wauto_control_msgs/include/wauto_control_msgs/wauto_control_msgs/msg/detail/car_input__rosidl_typesupport_fastrtps_c.h
-- Installing: /home/atk-sandbox/atk-sandbox/workspace/install/wauto_control_msgs/include/wauto_control_msgs/wauto_control_msgs/msg/detail/car_safety__rosidl_typesupport_fastrtps_c.h
-- Installing: /home/atk-sandbox/atk-sandbox/workspace/install/wauto_control_msgs/include/wauto_control_msgs/wauto_control_msgs/msg/detail/car_state__rosidl_typesupport_fastrtps_c.h
-- Installing: /home/atk-sandbox/atk-sandbox/workspace/install/wauto_control_msgs/include/wauto_control_msgs/wauto_control_msgs/msg/detail/car_tbs__rosidl_typesupport_fastrtps_c.h
-- Installing: /home/atk-sandbox/atk-sandbox/workspace/install/wauto_control_msgs/include/wauto_control_msgs/wauto_control_msgs/msg/detail/car_trajectory__rosidl_typesupport_fastrtps_c.h
-- Installing: /home/atk-sandbox/atk-sandbox/workspace/install/wauto_control_msgs/include/wauto_control_msgs/wauto_control_msgs/msg/detail/lane_boundaries__rosidl_typesupport_fastrtps_c.h
-- Installing: /home/atk-sandbox/atk-sandbox/workspace/install/wauto_control_msgs/include/wauto_control_msgs/wauto_control_msgs/msg/detail/lane_marking__rosidl_typesupport_fastrtps_c.h
-- Installing: /home/atk-sandbox/atk-sandbox/workspace/install/wauto_control_msgs/include/wauto_control_msgs/wauto_control_msgs/msg/rosidl_typesupport_fastrtps_c__visibility_control.h
-- Installing: /home/atk-sandbox/atk-sandbox/workspace/install/wauto_control_msgs/lib/libwauto_control_msgs__rosidl_typesupport_fastrtps_c.so
-- Set runtime path of "/home/atk-sandbox/atk-sandbox/workspace/install/wauto_control_msgs/lib/libwauto_control_msgs__rosidl_typesupport_fastrtps_c.so" to ""
-- Up-to-date: /home/atk-sandbox/atk-sandbox/workspace/install/wauto_control_msgs/include/wauto_control_msgs/wauto_control_msgs
-- Up-to-date: /home/atk-sandbox/atk-sandbox/workspace/install/wauto_control_msgs/include/wauto_control_msgs/wauto_control_msgs/msg
-- Installing: /home/atk-sandbox/atk-sandbox/workspace/install/wauto_control_msgs/include/wauto_control_msgs/wauto_control_msgs/msg/car_flat_data.hpp
-- Installing: /home/atk-sandbox/atk-sandbox/workspace/install/wauto_control_msgs/include/wauto_control_msgs/wauto_control_msgs/msg/car_input.hpp
-- Installing: /home/atk-sandbox/atk-sandbox/workspace/install/wauto_control_msgs/include/wauto_control_msgs/wauto_control_msgs/msg/car_safety.hpp
-- Installing: /home/atk-sandbox/atk-sandbox/workspace/install/wauto_control_msgs/include/wauto_control_msgs/wauto_control_msgs/msg/car_state.hpp
-- Installing: /home/atk-sandbox/atk-sandbox/workspace/install/wauto_control_msgs/include/wauto_control_msgs/wauto_control_msgs/msg/car_tbs.hpp
-- Installing: /home/atk-sandbox/atk-sandbox/workspace/install/wauto_control_msgs/include/wauto_control_msgs/wauto_control_msgs/msg/car_trajectory.hpp
-- Up-to-date: /home/atk-sandbox/atk-sandbox/workspace/install/wauto_control_msgs/include/wauto_control_msgs/wauto_control_msgs/msg/detail
-- Installing: /home/atk-sandbox/atk-sandbox/workspace/install/wauto_control_msgs/include/wauto_control_msgs/wauto_control_msgs/msg/detail/car_flat_data__builder.hpp
-- Installing: /home/atk-sandbox/atk-sandbox/workspace/install/wauto_control_msgs/include/wauto_control_msgs/wauto_control_msgs/msg/detail/car_flat_data__struct.hpp
-- Installing: /home/atk-sandbox/atk-sandbox/workspace/install/wauto_control_msgs/include/wauto_control_msgs/wauto_control_msgs/msg/detail/car_flat_data__traits.hpp
-- Installing: /home/atk-sandbox/atk-sandbox/workspace/install/wauto_control_msgs/include/wauto_control_msgs/wauto_control_msgs/msg/detail/car_input__builder.hpp
-- Installing: /home/atk-sandbox/atk-sandbox/workspace/install/wauto_control_msgs/include/wauto_control_msgs/wauto_control_msgs/msg/detail/car_input__struct.hpp
-- Installing: /home/atk-sandbox/atk-sandbox/workspace/install/wauto_control_msgs/include/wauto_control_msgs/wauto_control_msgs/msg/detail/car_input__traits.hpp
-- Installing: /home/atk-sandbox/atk-sandbox/workspace/install/wauto_control_msgs/include/wauto_control_msgs/wauto_control_msgs/msg/detail/car_safety__builder.hpp
-- Installing: /home/atk-sandbox/atk-sandbox/workspace/install/wauto_control_msgs/include/wauto_control_msgs/wauto_control_msgs/msg/detail/car_safety__struct.hpp
-- Installing: /home/atk-sandbox/atk-sandbox/workspace/install/wauto_control_msgs/include/wauto_control_msgs/wauto_control_msgs/msg/detail/car_safety__traits.hpp
-- Installing: /home/atk-sandbox/atk-sandbox/workspace/install/wauto_control_msgs/include/wauto_control_msgs/wauto_control_msgs/msg/detail/car_state__builder.hpp
-- Installing: /home/atk-sandbox/atk-sandbox/workspace/install/wauto_control_msgs/include/wauto_control_msgs/wauto_control_msgs/msg/detail/car_state__struct.hpp
-- Installing: /home/atk-sandbox/atk-sandbox/workspace/install/wauto_control_msgs/include/wauto_control_msgs/wauto_control_msgs/msg/detail/car_state__traits.hpp
-- Installing: /home/atk-sandbox/atk-sandbox/workspace/install/wauto_control_msgs/include/wauto_control_msgs/wauto_control_msgs/msg/detail/car_tbs__builder.hpp
-- Installing: /home/atk-sandbox/atk-sandbox/workspace/install/wauto_control_msgs/include/wauto_control_msgs/wauto_control_msgs/msg/detail/car_tbs__struct.hpp
-- Installing: /home/atk-sandbox/atk-sandbox/workspace/install/wauto_control_msgs/include/wauto_control_msgs/wauto_control_msgs/msg/detail/car_tbs__traits.hpp
-- Installing: /home/atk-sandbox/atk-sandbox/workspace/install/wauto_control_msgs/include/wauto_control_msgs/wauto_control_msgs/msg/detail/car_trajectory__builder.hpp
-- Installing: /home/atk-sandbox/atk-sandbox/workspace/install/wauto_control_msgs/include/wauto_control_msgs/wauto_control_msgs/msg/detail/car_trajectory__struct.hpp
-- Installing: /home/atk-sandbox/atk-sandbox/workspace/install/wauto_control_msgs/include/wauto_control_msgs/wauto_control_msgs/msg/detail/car_trajectory__traits.hpp
-- Installing: /home/atk-sandbox/atk-sandbox/workspace/install/wauto_control_msgs/include/wauto_control_msgs/wauto_control_msgs/msg/detail/lane_boundaries__builder.hpp
-- Installing: /home/atk-sandbox/atk-sandbox/workspace/install/wauto_control_msgs/include/wauto_control_msgs/wauto_control_msgs/msg/detail/lane_boundaries__struct.hpp
-- Installing: /home/atk-sandbox/atk-sandbox/workspace/install/wauto_control_msgs/include/wauto_control_msgs/wauto_control_msgs/msg/detail/lane_boundaries__traits.hpp
-- Installing: /home/atk-sandbox/atk-sandbox/workspace/install/wauto_control_msgs/include/wauto_control_msgs/wauto_control_msgs/msg/detail/lane_marking__builder.hpp
-- Installing: /home/atk-sandbox/atk-sandbox/workspace/install/wauto_control_msgs/include/wauto_control_msgs/wauto_control_msgs/msg/detail/lane_marking__struct.hpp
-- Installing: /home/atk-sandbox/atk-sandbox/workspace/install/wauto_control_msgs/include/wauto_control_msgs/wauto_control_msgs/msg/detail/lane_marking__traits.hpp
-- Installing: /home/atk-sandbox/atk-sandbox/workspace/install/wauto_control_msgs/include/wauto_control_msgs/wauto_control_msgs/msg/lane_boundaries.hpp
-- Installing: /home/atk-sandbox/atk-sandbox/workspace/install/wauto_control_msgs/include/wauto_control_msgs/wauto_control_msgs/msg/lane_marking.hpp
-- Up-to-date: /home/atk-sandbox/atk-sandbox/workspace/install/wauto_control_msgs/include/wauto_control_msgs/wauto_control_msgs
-- Up-to-date: /home/atk-sandbox/atk-sandbox/workspace/install/wauto_control_msgs/include/wauto_control_msgs/wauto_control_msgs/msg
-- Up-to-date: /home/atk-sandbox/atk-sandbox/workspace/install/wauto_control_msgs/include/wauto_control_msgs/wauto_control_msgs/msg/detail
-- Installing: /home/atk-sandbox/atk-sandbox/workspace/install/wauto_control_msgs/include/wauto_control_msgs/wauto_control_msgs/msg/detail/car_flat_data__rosidl_typesupport_fastrtps_cpp.hpp
-- Installing: /home/atk-sandbox/atk-sandbox/workspace/install/wauto_control_msgs/include/wauto_control_msgs/wauto_control_msgs/msg/detail/car_input__rosidl_typesupport_fastrtps_cpp.hpp
-- Installing: /home/atk-sandbox/atk-sandbox/workspace/install/wauto_control_msgs/include/wauto_control_msgs/wauto_control_msgs/msg/detail/car_safety__rosidl_typesupport_fastrtps_cpp.hpp
-- Installing: /home/atk-sandbox/atk-sandbox/workspace/install/wauto_control_msgs/include/wauto_control_msgs/wauto_control_msgs/msg/detail/car_state__rosidl_typesupport_fastrtps_cpp.hpp
-- Installing: /home/atk-sandbox/atk-sandbox/workspace/install/wauto_control_msgs/include/wauto_control_msgs/wauto_control_msgs/msg/detail/car_tbs__rosidl_typesupport_fastrtps_cpp.hpp
-- Installing: /home/atk-sandbox/atk-sandbox/workspace/install/wauto_control_msgs/include/wauto_control_msgs/wauto_control_msgs/msg/detail/car_trajectory__rosidl_typesupport_fastrtps_cpp.hpp
-- Installing: /home/atk-sandbox/atk-sandbox/workspace/install/wauto_control_msgs/include/wauto_control_msgs/wauto_control_msgs/msg/detail/dds_fastrtps
-- Installing: /home/atk-sandbox/atk-sandbox/workspace/install/wauto_control_msgs/include/wauto_control_msgs/wauto_control_msgs/msg/detail/lane_boundaries__rosidl_typesupport_fastrtps_cpp.hpp
-- Installing: /home/atk-sandbox/atk-sandbox/workspace/install/wauto_control_msgs/include/wauto_control_msgs/wauto_control_msgs/msg/detail/lane_marking__rosidl_typesupport_fastrtps_cpp.hpp
-- Installing: /home/atk-sandbox/atk-sandbox/workspace/install/wauto_control_msgs/include/wauto_control_msgs/wauto_control_msgs/msg/rosidl_typesupport_fastrtps_cpp__visibility_control.h
-- Installing: /home/atk-sandbox/atk-sandbox/workspace/install/wauto_control_msgs/lib/libwauto_control_msgs__rosidl_typesupport_fastrtps_cpp.so
-- Set runtime path of "/home/atk-sandbox/atk-sandbox/workspace/install/wauto_control_msgs/lib/libwauto_control_msgs__rosidl_typesupport_fastrtps_cpp.so" to ""
-- Up-to-date: /home/atk-sandbox/atk-sandbox/workspace/install/wauto_control_msgs/include/wauto_control_msgs/wauto_control_msgs
-- Up-to-date: /home/atk-sandbox/atk-sandbox/workspace/install/wauto_control_msgs/include/wauto_control_msgs/wauto_control_msgs/msg
-- Up-to-date: /home/atk-sandbox/atk-sandbox/workspace/install/wauto_control_msgs/include/wauto_control_msgs/wauto_control_msgs/msg/detail
-- Installing: /home/atk-sandbox/atk-sandbox/workspace/install/wauto_control_msgs/include/wauto_control_msgs/wauto_control_msgs/msg/detail/car_flat_data__rosidl_typesupport_introspection_c.h
-- Installing: /home/atk-sandbox/atk-sandbox/workspace/install/wauto_control_msgs/include/wauto_control_msgs/wauto_control_msgs/msg/detail/car_flat_data__type_support.c
-- Installing: /home/atk-sandbox/atk-sandbox/workspace/install/wauto_control_msgs/include/wauto_control_msgs/wauto_control_msgs/msg/detail/car_input__rosidl_typesupport_introspection_c.h
-- Installing: /home/atk-sandbox/atk-sandbox/workspace/install/wauto_control_msgs/include/wauto_control_msgs/wauto_control_msgs/msg/detail/car_input__type_support.c
-- Installing: /home/atk-sandbox/atk-sandbox/workspace/install/wauto_control_msgs/include/wauto_control_msgs/wauto_control_msgs/msg/detail/car_safety__rosidl_typesupport_introspection_c.h
-- Installing: /home/atk-sandbox/atk-sandbox/workspace/install/wauto_control_msgs/include/wauto_control_msgs/wauto_control_msgs/msg/detail/car_safety__type_support.c
-- Installing: /home/atk-sandbox/atk-sandbox/workspace/install/wauto_control_msgs/include/wauto_control_msgs/wauto_control_msgs/msg/detail/car_state__rosidl_typesupport_introspection_c.h
-- Installing: /home/atk-sandbox/atk-sandbox/workspace/install/wauto_control_msgs/include/wauto_control_msgs/wauto_control_msgs/msg/detail/car_state__type_support.c
-- Installing: /home/atk-sandbox/atk-sandbox/workspace/install/wauto_control_msgs/include/wauto_control_msgs/wauto_control_msgs/msg/detail/car_tbs__rosidl_typesupport_introspection_c.h
-- Installing: /home/atk-sandbox/atk-sandbox/workspace/install/wauto_control_msgs/include/wauto_control_msgs/wauto_control_msgs/msg/detail/car_tbs__type_support.c
-- Installing: /home/atk-sandbox/atk-sandbox/workspace/install/wauto_control_msgs/include/wauto_control_msgs/wauto_control_msgs/msg/detail/car_trajectory__rosidl_typesupport_introspection_c.h
-- Installing: /home/atk-sandbox/atk-sandbox/workspace/install/wauto_control_msgs/include/wauto_control_msgs/wauto_control_msgs/msg/detail/car_trajectory__type_support.c
-- Installing: /home/atk-sandbox/atk-sandbox/workspace/install/wauto_control_msgs/include/wauto_control_msgs/wauto_control_msgs/msg/detail/lane_boundaries__rosidl_typesupport_introspection_c.h
-- Installing: /home/atk-sandbox/atk-sandbox/workspace/install/wauto_control_msgs/include/wauto_control_msgs/wauto_control_msgs/msg/detail/lane_boundaries__type_support.c
-- Installing: /home/atk-sandbox/atk-sandbox/workspace/install/wauto_control_msgs/include/wauto_control_msgs/wauto_control_msgs/msg/detail/lane_marking__rosidl_typesupport_introspection_c.h
-- Installing: /home/atk-sandbox/atk-sandbox/workspace/install/wauto_control_msgs/include/wauto_control_msgs/wauto_control_msgs/msg/detail/lane_marking__type_support.c
-- Installing: /home/atk-sandbox/atk-sandbox/workspace/install/wauto_control_msgs/include/wauto_control_msgs/wauto_control_msgs/msg/rosidl_typesupport_introspection_c__visibility_control.h
-- Installing: /home/atk-sandbox/atk-sandbox/workspace/install/wauto_control_msgs/lib/libwauto_control_msgs__rosidl_typesupport_introspection_c.so
-- Set runtime path of "/home/atk-sandbox/atk-sandbox/workspace/install/wauto_control_msgs/lib/libwauto_control_msgs__rosidl_typesupport_introspection_c.so" to ""
-- Installing: /home/atk-sandbox/atk-sandbox/workspace/install/wauto_control_msgs/lib/libwauto_control_msgs__rosidl_typesupport_c.so
-- Set runtime path of "/home/atk-sandbox/atk-sandbox/workspace/install/wauto_control_msgs/lib/libwauto_control_msgs__rosidl_typesupport_c.so" to ""
-- Up-to-date: /home/atk-sandbox/atk-sandbox/workspace/install/wauto_control_msgs/include/wauto_control_msgs/wauto_control_msgs
-- Up-to-date: /home/atk-sandbox/atk-sandbox/workspace/install/wauto_control_msgs/include/wauto_control_msgs/wauto_control_msgs/msg
-- Up-to-date: /home/atk-sandbox/atk-sandbox/workspace/install/wauto_control_msgs/include/wauto_control_msgs/wauto_control_msgs/msg/detail
-- Installing: /home/atk-sandbox/atk-sandbox/workspace/install/wauto_control_msgs/include/wauto_control_msgs/wauto_control_msgs/msg/detail/car_flat_data__rosidl_typesupport_introspection_cpp.hpp
-- Installing: /home/atk-sandbox/atk-sandbox/workspace/install/wauto_control_msgs/include/wauto_control_msgs/wauto_control_msgs/msg/detail/car_flat_data__type_support.cpp
-- Installing: /home/atk-sandbox/atk-sandbox/workspace/install/wauto_control_msgs/include/wauto_control_msgs/wauto_control_msgs/msg/detail/car_input__rosidl_typesupport_introspection_cpp.hpp
-- Installing: /home/atk-sandbox/atk-sandbox/workspace/install/wauto_control_msgs/include/wauto_control_msgs/wauto_control_msgs/msg/detail/car_input__type_support.cpp
-- Installing: /home/atk-sandbox/atk-sandbox/workspace/install/wauto_control_msgs/include/wauto_control_msgs/wauto_control_msgs/msg/detail/car_safety__rosidl_typesupport_introspection_cpp.hpp
-- Installing: /home/atk-sandbox/atk-sandbox/workspace/install/wauto_control_msgs/include/wauto_control_msgs/wauto_control_msgs/msg/detail/car_safety__type_support.cpp
-- Installing: /home/atk-sandbox/atk-sandbox/workspace/install/wauto_control_msgs/include/wauto_control_msgs/wauto_control_msgs/msg/detail/car_state__rosidl_typesupport_introspection_cpp.hpp
-- Installing: /home/atk-sandbox/atk-sandbox/workspace/install/wauto_control_msgs/include/wauto_control_msgs/wauto_control_msgs/msg/detail/car_state__type_support.cpp
-- Installing: /home/atk-sandbox/atk-sandbox/workspace/install/wauto_control_msgs/include/wauto_control_msgs/wauto_control_msgs/msg/detail/car_tbs__rosidl_typesupport_introspection_cpp.hpp
-- Installing: /home/atk-sandbox/atk-sandbox/workspace/install/wauto_control_msgs/include/wauto_control_msgs/wauto_control_msgs/msg/detail/car_tbs__type_support.cpp
-- Installing: /home/atk-sandbox/atk-sandbox/workspace/install/wauto_control_msgs/include/wauto_control_msgs/wauto_control_msgs/msg/detail/car_trajectory__rosidl_typesupport_introspection_cpp.hpp
-- Installing: /home/atk-sandbox/atk-sandbox/workspace/install/wauto_control_msgs/include/wauto_control_msgs/wauto_control_msgs/msg/detail/car_trajectory__type_support.cpp
-- Installing: /home/atk-sandbox/atk-sandbox/workspace/install/wauto_control_msgs/include/wauto_control_msgs/wauto_control_msgs/msg/detail/lane_boundaries__rosidl_typesupport_introspection_cpp.hpp
-- Installing: /home/atk-sandbox/atk-sandbox/workspace/install/wauto_control_msgs/include/wauto_control_msgs/wauto_control_msgs/msg/detail/lane_boundaries__type_support.cpp
-- Installing: /home/atk-sandbox/atk-sandbox/workspace/install/wauto_control_msgs/include/wauto_control_msgs/wauto_control_msgs/msg/detail/lane_marking__rosidl_typesupport_introspection_cpp.hpp
-- Installing: /home/atk-sandbox/atk-sandbox/workspace/install/wauto_control_msgs/include/wauto_control_msgs/wauto_control_msgs/msg/detail/lane_marking__type_support.cpp
-- Installing: /home/atk-sandbox/atk-sandbox/workspace/install/wauto_control_msgs/lib/libwauto_control_msgs__rosidl_typesupport_introspection_cpp.so
-- Set runtime path of "/home/atk-sandbox/atk-sandbox/workspace/install/wauto_control_msgs/lib/libwauto_control_msgs__rosidl_typesupport_introspection_cpp.so" to ""
-- Installing: /home/atk-sandbox/atk-sandbox/workspace/install/wauto_control_msgs/lib/libwauto_control_msgs__rosidl_typesupport_cpp.so
-- Set runtime path of "/home/atk-sandbox/atk-sandbox/workspace/install/wauto_control_msgs/lib/libwauto_control_msgs__rosidl_typesupport_cpp.so" to ""
-- Installing: /home/atk-sandbox/atk-sandbox/workspace/install/wauto_control_msgs/share/wauto_control_msgs/environment/pythonpath.sh
-- Installing: /home/atk-sandbox/atk-sandbox/workspace/install/wauto_control_msgs/share/wauto_control_msgs/environment/pythonpath.dsv
-- Installing: /home/atk-sandbox/atk-sandbox/workspace/install/wauto_control_msgs/local/lib/python3.10/dist-packages/wauto_control_msgs-0.0.0-py3.10.egg-info
-- Installing: /home/atk-sandbox/atk-sandbox/workspace/install/wauto_control_msgs/local/lib/python3.10/dist-packages/wauto_control_msgs-0.0.0-py3.10.egg-info/PKG-INFO
-- Installing: /home/atk-sandbox/atk-sandbox/workspace/install/wauto_control_msgs/local/lib/python3.10/dist-packages/wauto_control_msgs-0.0.0-py3.10.egg-info/SOURCES.txt
-- Installing: /home/atk-sandbox/atk-sandbox/workspace/install/wauto_control_msgs/local/lib/python3.10/dist-packages/wauto_control_msgs-0.0.0-py3.10.egg-info/dependency_links.txt
-- Installing: /home/atk-sandbox/atk-sandbox/workspace/install/wauto_control_msgs/local/lib/python3.10/dist-packages/wauto_control_msgs-0.0.0-py3.10.egg-info/top_level.txt
-- Installing: /home/atk-sandbox/atk-sandbox/workspace/install/wauto_control_msgs/local/lib/python3.10/dist-packages/wauto_control_msgs
-- Installing: /home/atk-sandbox/atk-sandbox/workspace/install/wauto_control_msgs/local/lib/python3.10/dist-packages/wauto_control_msgs/__init__.py
-- Installing: /home/atk-sandbox/atk-sandbox/workspace/install/wauto_control_msgs/local/lib/python3.10/dist-packages/wauto_control_msgs/_wauto_control_msgs_s.ep.rosidl_typesupport_c.c
-- Installing: /home/atk-sandbox/atk-sandbox/workspace/install/wauto_control_msgs/local/lib/python3.10/dist-packages/wauto_control_msgs/_wauto_control_msgs_s.ep.rosidl_typesupport_fastrtps_c.c
-- Installing: /home/atk-sandbox/atk-sandbox/workspace/install/wauto_control_msgs/local/lib/python3.10/dist-packages/wauto_control_msgs/_wauto_control_msgs_s.ep.rosidl_typesupport_introspection_c.c
-- Installing: /home/atk-sandbox/atk-sandbox/workspace/install/wauto_control_msgs/local/lib/python3.10/dist-packages/wauto_control_msgs/libwauto_control_msgs__rosidl_generator_py.so
-- Installing: /home/atk-sandbox/atk-sandbox/workspace/install/wauto_control_msgs/local/lib/python3.10/dist-packages/wauto_control_msgs/msg
-- Installing: /home/atk-sandbox/atk-sandbox/workspace/install/wauto_control_msgs/local/lib/python3.10/dist-packages/wauto_control_msgs/msg/__init__.py
-- Installing: /home/atk-sandbox/atk-sandbox/workspace/install/wauto_control_msgs/local/lib/python3.10/dist-packages/wauto_control_msgs/msg/_car_flat_data.py
-- Installing: /home/atk-sandbox/atk-sandbox/workspace/install/wauto_control_msgs/local/lib/python3.10/dist-packages/wauto_control_msgs/msg/_car_flat_data_s.c
-- Installing: /home/atk-sandbox/atk-sandbox/workspace/install/wauto_control_msgs/local/lib/python3.10/dist-packages/wauto_control_msgs/msg/_car_input.py
-- Installing: /home/atk-sandbox/atk-sandbox/workspace/install/wauto_control_msgs/local/lib/python3.10/dist-packages/wauto_control_msgs/msg/_car_input_s.c
-- Installing: /home/atk-sandbox/atk-sandbox/workspace/install/wauto_control_msgs/local/lib/python3.10/dist-packages/wauto_control_msgs/msg/_car_safety.py
-- Installing: /home/atk-sandbox/atk-sandbox/workspace/install/wauto_control_msgs/local/lib/python3.10/dist-packages/wauto_control_msgs/msg/_car_safety_s.c
-- Installing: /home/atk-sandbox/atk-sandbox/workspace/install/wauto_control_msgs/local/lib/python3.10/dist-packages/wauto_control_msgs/msg/_car_state.py
-- Installing: /home/atk-sandbox/atk-sandbox/workspace/install/wauto_control_msgs/local/lib/python3.10/dist-packages/wauto_control_msgs/msg/_car_state_s.c
-- Installing: /home/atk-sandbox/atk-sandbox/workspace/install/wauto_control_msgs/local/lib/python3.10/dist-packages/wauto_control_msgs/msg/_car_tbs.py
-- Installing: /home/atk-sandbox/atk-sandbox/workspace/install/wauto_control_msgs/local/lib/python3.10/dist-packages/wauto_control_msgs/msg/_car_tbs_s.c
-- Installing: /home/atk-sandbox/atk-sandbox/workspace/install/wauto_control_msgs/local/lib/python3.10/dist-packages/wauto_control_msgs/msg/_car_trajectory.py
-- Installing: /home/atk-sandbox/atk-sandbox/workspace/install/wauto_control_msgs/local/lib/python3.10/dist-packages/wauto_control_msgs/msg/_car_trajectory_s.c
-- Installing: /home/atk-sandbox/atk-sandbox/workspace/install/wauto_control_msgs/local/lib/python3.10/dist-packages/wauto_control_msgs/msg/_lane_boundaries.py
-- Installing: /home/atk-sandbox/atk-sandbox/workspace/install/wauto_control_msgs/local/lib/python3.10/dist-packages/wauto_control_msgs/msg/_lane_boundaries_s.c
-- Installing: /home/atk-sandbox/atk-sandbox/workspace/install/wauto_control_msgs/local/lib/python3.10/dist-packages/wauto_control_msgs/msg/_lane_marking.py
-- Installing: /home/atk-sandbox/atk-sandbox/workspace/install/wauto_control_msgs/local/lib/python3.10/dist-packages/wauto_control_msgs/msg/_lane_marking_s.c
-- Installing: /home/atk-sandbox/atk-sandbox/workspace/install/wauto_control_msgs/local/lib/python3.10/dist-packages/wauto_control_msgs/wauto_control_msgs_s__rosidl_typesupport_c.cpython-310-x86_64-linux-gnu.so
-- Installing: /home/atk-sandbox/atk-sandbox/workspace/install/wauto_control_msgs/local/lib/python3.10/dist-packages/wauto_control_msgs/wauto_control_msgs_s__rosidl_typesupport_fastrtps_c.cpython-310-x86_64-linux-gnu.so
-- Installing: /home/atk-sandbox/atk-sandbox/workspace/install/wauto_control_msgs/local/lib/python3.10/dist-packages/wauto_control_msgs/wauto_control_msgs_s__rosidl_typesupport_introspection_c.cpython-310-x86_64-linux-gnu.so
Listing '/home/atk-sandbox/atk-sandbox/workspace/install/wauto_control_msgs/local/lib/python3.10/dist-packages/wauto_control_msgs'...
Compiling '/home/atk-sandbox/atk-sandbox/workspace/install/wauto_control_msgs/local/lib/python3.10/dist-packages/wauto_control_msgs/__init__.py'...
Listing '/home/atk-sandbox/atk-sandbox/workspace/install/wauto_control_msgs/local/lib/python3.10/dist-packages/wauto_control_msgs/msg'...
Compiling '/home/atk-sandbox/atk-sandbox/workspace/install/wauto_control_msgs/local/lib/python3.10/dist-packages/wauto_control_msgs/msg/__init__.py'...
Compiling '/home/atk-sandbox/atk-sandbox/workspace/install/wauto_control_msgs/local/lib/python3.10/dist-packages/wauto_control_msgs/msg/_car_flat_data.py'...
Compiling '/home/atk-sandbox/atk-sandbox/workspace/install/wauto_control_msgs/local/lib/python3.10/dist-packages/wauto_control_msgs/msg/_car_input.py'...
Compiling '/home/atk-sandbox/atk-sandbox/workspace/install/wauto_control_msgs/local/lib/python3.10/dist-packages/wauto_control_msgs/msg/_car_safety.py'...
Compiling '/home/atk-sandbox/atk-sandbox/workspace/install/wauto_control_msgs/local/lib/python3.10/dist-packages/wauto_control_msgs/msg/_car_state.py'...
Compiling '/home/atk-sandbox/atk-sandbox/workspace/install/wauto_control_msgs/local/lib/python3.10/dist-packages/wauto_control_msgs/msg/_car_tbs.py'...
Compiling '/home/atk-sandbox/atk-sandbox/workspace/install/wauto_control_msgs/local/lib/python3.10/dist-packages/wauto_control_msgs/msg/_car_trajectory.py'...
Compiling '/home/atk-sandbox/atk-sandbox/workspace/install/wauto_control_msgs/local/lib/python3.10/dist-packages/wauto_control_msgs/msg/_lane_boundaries.py'...
Compiling '/home/atk-sandbox/atk-sandbox/workspace/install/wauto_control_msgs/local/lib/python3.10/dist-packages/wauto_control_msgs/msg/_lane_marking.py'...
-- Installing: /home/atk-sandbox/atk-sandbox/workspace/install/wauto_control_msgs/local/lib/python3.10/dist-packages/wauto_control_msgs/wauto_control_msgs_s__rosidl_typesupport_fastrtps_c.cpython-310-x86_64-linux-gnu.so
-- Set runtime path of "/home/atk-sandbox/atk-sandbox/workspace/install/wauto_control_msgs/local/lib/python3.10/dist-packages/wauto_control_msgs/wauto_control_msgs_s__rosidl_typesupport_fastrtps_c.cpython-310-x86_64-linux-gnu.so" to ""
-- Installing: /home/atk-sandbox/atk-sandbox/workspace/install/wauto_control_msgs/local/lib/python3.10/dist-packages/wauto_control_msgs/wauto_control_msgs_s__rosidl_typesupport_introspection_c.cpython-310-x86_64-linux-gnu.so
-- Set runtime path of "/home/atk-sandbox/atk-sandbox/workspace/install/wauto_control_msgs/local/lib/python3.10/dist-packages/wauto_control_msgs/wauto_control_msgs_s__rosidl_typesupport_introspection_c.cpython-310-x86_64-linux-gnu.so" to ""
-- Installing: /home/atk-sandbox/atk-sandbox/workspace/install/wauto_control_msgs/local/lib/python3.10/dist-packages/wauto_control_msgs/wauto_control_msgs_s__rosidl_typesupport_c.cpython-310-x86_64-linux-gnu.so
-- Set runtime path of "/home/atk-sandbox/atk-sandbox/workspace/install/wauto_control_msgs/local/lib/python3.10/dist-packages/wauto_control_msgs/wauto_control_msgs_s__rosidl_typesupport_c.cpython-310-x86_64-linux-gnu.so" to ""
-- Installing: /home/atk-sandbox/atk-sandbox/workspace/install/wauto_control_msgs/lib/libwauto_control_msgs__rosidl_generator_py.so
-- Set runtime path of "/home/atk-sandbox/atk-sandbox/workspace/install/wauto_control_msgs/lib/libwauto_control_msgs__rosidl_generator_py.so" to ""
-- Installing: /home/atk-sandbox/atk-sandbox/workspace/install/wauto_control_msgs/share/wauto_control_msgs/msg/CarState.idl
-- Installing: /home/atk-sandbox/atk-sandbox/workspace/install/wauto_control_msgs/share/wauto_control_msgs/msg/CarInput.idl
-- Installing: /home/atk-sandbox/atk-sandbox/workspace/install/wauto_control_msgs/share/wauto_control_msgs/msg/CarSafety.idl
-- Installing: /home/atk-sandbox/atk-sandbox/workspace/install/wauto_control_msgs/share/wauto_control_msgs/msg/CarTrajectory.idl
-- Installing: /home/atk-sandbox/atk-sandbox/workspace/install/wauto_control_msgs/share/wauto_control_msgs/msg/CarFlatData.idl
-- Installing: /home/atk-sandbox/atk-sandbox/workspace/install/wauto_control_msgs/share/wauto_control_msgs/msg/CarTBS.idl
-- Installing: /home/atk-sandbox/atk-sandbox/workspace/install/wauto_control_msgs/share/wauto_control_msgs/msg/LaneMarking.idl
-- Installing: /home/atk-sandbox/atk-sandbox/workspace/install/wauto_control_msgs/share/wauto_control_msgs/msg/LaneBoundaries.idl
-- Installing: /home/atk-sandbox/atk-sandbox/workspace/install/wauto_control_msgs/share/wauto_control_msgs/msg/CarState.msg
-- Installing: /home/atk-sandbox/atk-sandbox/workspace/install/wauto_control_msgs/share/wauto_control_msgs/msg/CarInput.msg
-- Installing: /home/atk-sandbox/atk-sandbox/workspace/install/wauto_control_msgs/share/wauto_control_msgs/msg/CarSafety.msg
-- Installing: /home/atk-sandbox/atk-sandbox/workspace/install/wauto_control_msgs/share/wauto_control_msgs/msg/CarTrajectory.msg
-- Installing: /home/atk-sandbox/atk-sandbox/workspace/install/wauto_control_msgs/share/wauto_control_msgs/msg/CarFlatData.msg
-- Installing: /home/atk-sandbox/atk-sandbox/workspace/install/wauto_control_msgs/share/wauto_control_msgs/msg/CarTBS.msg
-- Installing: /home/atk-sandbox/atk-sandbox/workspace/install/wauto_control_msgs/share/wauto_control_msgs/msg/LaneMarking.msg
-- Installing: /home/atk-sandbox/atk-sandbox/workspace/install/wauto_control_msgs/share/wauto_control_msgs/msg/LaneBoundaries.msg
-- Installing: /home/atk-sandbox/atk-sandbox/workspace/install/wauto_control_msgs/share/ament_index/resource_index/package_run_dependencies/wauto_control_msgs
-- Installing: /home/atk-sandbox/atk-sandbox/workspace/install/wauto_control_msgs/share/ament_index/resource_index/parent_prefix_path/wauto_control_msgs
-- Installing: /home/atk-sandbox/atk-sandbox/workspace/install/wauto_control_msgs/share/wauto_control_msgs/environment/ament_prefix_path.sh
-- Installing: /home/atk-sandbox/atk-sandbox/workspace/install/wauto_control_msgs/share/wauto_control_msgs/environment/ament_prefix_path.dsv
-- Installing: /home/atk-sandbox/atk-sandbox/workspace/install/wauto_control_msgs/share/wauto_control_msgs/environment/path.sh
-- Installing: /home/atk-sandbox/atk-sandbox/workspace/install/wauto_control_msgs/share/wauto_control_msgs/environment/path.dsv
-- Installing: /home/atk-sandbox/atk-sandbox/workspace/install/wauto_control_msgs/share/wauto_control_msgs/local_setup.bash
-- Installing: /home/atk-sandbox/atk-sandbox/workspace/install/wauto_control_msgs/share/wauto_control_msgs/local_setup.sh
-- Installing: /home/atk-sandbox/atk-sandbox/workspace/install/wauto_control_msgs/share/wauto_control_msgs/local_setup.zsh
-- Installing: /home/atk-sandbox/atk-sandbox/workspace/install/wauto_control_msgs/share/wauto_control_msgs/local_setup.dsv
-- Installing: /home/atk-sandbox/atk-sandbox/workspace/install/wauto_control_msgs/share/wauto_control_msgs/package.dsv
-- Installing: /home/atk-sandbox/atk-sandbox/workspace/install/wauto_control_msgs/share/ament_index/resource_index/packages/wauto_control_msgs
-- Installing: /home/atk-sandbox/atk-sandbox/workspace/install/wauto_control_msgs/share/wauto_control_msgs/cmake/export_wauto_control_msgs__rosidl_generator_cExport.cmake
-- Installing: /home/atk-sandbox/atk-sandbox/workspace/install/wauto_control_msgs/share/wauto_control_msgs/cmake/export_wauto_control_msgs__rosidl_generator_cExport-noconfig.cmake
-- Installing: /home/atk-sandbox/atk-sandbox/workspace/install/wauto_control_msgs/share/wauto_control_msgs/cmake/export_wauto_control_msgs__rosidl_typesupport_fastrtps_cExport.cmake
-- Installing: /home/atk-sandbox/atk-sandbox/workspace/install/wauto_control_msgs/share/wauto_control_msgs/cmake/export_wauto_control_msgs__rosidl_typesupport_fastrtps_cExport-noconfig.cmake
-- Installing: /home/atk-sandbox/atk-sandbox/workspace/install/wauto_control_msgs/share/wauto_control_msgs/cmake/export_wauto_control_msgs__rosidl_generator_cppExport.cmake
-- Installing: /home/atk-sandbox/atk-sandbox/workspace/install/wauto_control_msgs/share/wauto_control_msgs/cmake/export_wauto_control_msgs__rosidl_typesupport_fastrtps_cppExport.cmake
-- Installing: /home/atk-sandbox/atk-sandbox/workspace/install/wauto_control_msgs/share/wauto_control_msgs/cmake/export_wauto_control_msgs__rosidl_typesupport_fastrtps_cppExport-noconfig.cmake
-- Installing: /home/atk-sandbox/atk-sandbox/workspace/install/wauto_control_msgs/share/wauto_control_msgs/cmake/wauto_control_msgs__rosidl_typesupport_introspection_cExport.cmake
-- Installing: /home/atk-sandbox/atk-sandbox/workspace/install/wauto_control_msgs/share/wauto_control_msgs/cmake/wauto_control_msgs__rosidl_typesupport_introspection_cExport-noconfig.cmake
-- Installing: /home/atk-sandbox/atk-sandbox/workspace/install/wauto_control_msgs/share/wauto_control_msgs/cmake/wauto_control_msgs__rosidl_typesupport_cExport.cmake
-- Installing: /home/atk-sandbox/atk-sandbox/workspace/install/wauto_control_msgs/share/wauto_control_msgs/cmake/wauto_control_msgs__rosidl_typesupport_cExport-noconfig.cmake
-- Installing: /home/atk-sandbox/atk-sandbox/workspace/install/wauto_control_msgs/share/wauto_control_msgs/cmake/wauto_control_msgs__rosidl_typesupport_introspection_cppExport.cmake
-- Installing: /home/atk-sandbox/atk-sandbox/workspace/install/wauto_control_msgs/share/wauto_control_msgs/cmake/wauto_control_msgs__rosidl_typesupport_introspection_cppExport-noconfig.cmake
-- Installing: /home/atk-sandbox/atk-sandbox/workspace/install/wauto_control_msgs/share/wauto_control_msgs/cmake/wauto_control_msgs__rosidl_typesupport_cppExport.cmake
-- Installing: /home/atk-sandbox/atk-sandbox/workspace/install/wauto_control_msgs/share/wauto_control_msgs/cmake/wauto_control_msgs__rosidl_typesupport_cppExport-noconfig.cmake
-- Installing: /home/atk-sandbox/atk-sandbox/workspace/install/wauto_control_msgs/share/wauto_control_msgs/cmake/export_wauto_control_msgs__rosidl_generator_pyExport.cmake
-- Installing: /home/atk-sandbox/atk-sandbox/workspace/install/wauto_control_msgs/share/wauto_control_msgs/cmake/export_wauto_control_msgs__rosidl_generator_pyExport-noconfig.cmake
-- Installing: /home/atk-sandbox/atk-sandbox/workspace/install/wauto_control_msgs/share/wauto_control_msgs/cmake/rosidl_cmake-extras.cmake
-- Installing: /home/atk-sandbox/atk-sandbox/workspace/install/wauto_control_msgs/share/wauto_control_msgs/cmake/ament_cmake_export_dependencies-extras.cmake
-- Installing: /home/atk-sandbox/atk-sandbox/workspace/install/wauto_control_msgs/share/wauto_control_msgs/cmake/ament_cmake_export_include_directories-extras.cmake
-- Installing: /home/atk-sandbox/atk-sandbox/workspace/install/wauto_control_msgs/share/wauto_control_msgs/cmake/ament_cmake_export_libraries-extras.cmake
-- Installing: /home/atk-sandbox/atk-sandbox/workspace/install/wauto_control_msgs/share/wauto_control_msgs/cmake/ament_cmake_export_targets-extras.cmake
-- Installing: /home/atk-sandbox/atk-sandbox/workspace/install/wauto_control_msgs/share/wauto_control_msgs/cmake/rosidl_cmake_export_typesupport_targets-extras.cmake
-- Installing: /home/atk-sandbox/atk-sandbox/workspace/install/wauto_control_msgs/share/wauto_control_msgs/cmake/rosidl_cmake_export_typesupport_libraries-extras.cmake
-- Installing: /home/atk-sandbox/atk-sandbox/workspace/install/wauto_control_msgs/share/wauto_control_msgs/cmake/wauto_control_msgsConfig.cmake
-- Installing: /home/atk-sandbox/atk-sandbox/workspace/install/wauto_control_msgs/share/wauto_control_msgs/cmake/wauto_control_msgsConfig-version.cmake
-- Installing: /home/atk-sandbox/atk-sandbox/workspace/install/wauto_control_msgs/share/wauto_control_msgs/package.xml
