[0.392s] Invoking command in '/home/atk-sandbox/atk-sandbox/workspace/build/merge_arrays': CMAKE_PREFIX_PATH=${CMAKE_PREFIX_PATH}:/home/atk-sandbox/atk-sandbox/workspace/install/launch_utils:/opt/ros/humble /usr/bin/cmake --build /home/atk-sandbox/atk-sandbox/workspace/build/merge_arrays -- -j4 -l4
[1.310s] -- Found ament_cmake: 1.3.3 (/opt/ros/humble/share/ament_cmake/cmake)
[2.484s] -- Found rclcpp: 16.0.3 (/opt/ros/humble/share/rclcpp/cmake)
[3.070s] -- Found rosidl_generator_c: 3.1.4 (/opt/ros/humble/share/rosidl_generator_c/cmake)
[3.147s] -- Found rosidl_adapter: 3.1.4 (/opt/ros/humble/share/rosidl_adapter/cmake)
[3.180s] -- Found rosidl_generator_cpp: 3.1.4 (/opt/ros/humble/share/rosidl_generator_cpp/cmake)
[3.417s] -- Using all available rosidl_typesupport_c: rosidl_typesupport_fastrtps_c;rosidl_typesupport_introspection_c
[3.501s] -- Using all available rosidl_typesupport_cpp: rosidl_typesupport_fastrtps_cpp;rosidl_typesupport_introspection_cpp
[4.075s] -- Found rmw_implementation_cmake: 6.1.1 (/opt/ros/humble/share/rmw_implementation_cmake/cmake)
[4.118s] -- Found rmw_fastrtps_cpp: 6.2.2 (/opt/ros/humble/share/rmw_fastrtps_cpp/cmake)
[7.317s] -- Using RMW implementation 'rmw_fastrtps_cpp' as default
[7.795s] -- Found ament_lint_auto: 0.12.5 (/opt/ros/humble/share/ament_lint_auto/cmake)
[8.673s] -- Added test 'cppcheck' to perform static code analysis on C / C++ code
[8.690s] -- Configured cppcheck include dirs: $<BUILD_INTERFACE:/home/atk-sandbox/atk-sandbox/workspace/src/merge_arrays/include>
[8.717s] -- Configured cppcheck exclude dirs and/or files: 
[8.726s] -- Added test 'lint_cmake' to check CMake code style
[8.734s] -- Added test 'uncrustify' to check C / C++ code style
[8.746s] -- Configured uncrustify additional arguments: 
[8.772s] -- Added test 'xmllint' to check XML markup files
[8.835s] -- Configuring done
[9.122s] [31mCMake Error at CMakeLists.txt:18 (add_executable):
[9.132s]   Cannot find source file:
[9.136s] 
[9.140s]     src/merge_arrays_output.cpp
[9.146s] 
[9.152s]   Tried extensions .c .C .c++ .cc .cpp .cxx .cu .mpp .m .M .mm .ixx .cppm .h
[9.157s]   .hh .h++ .hm .hpp .hxx .in .txx .f .F .for .f77 .f90 .f95 .f03 .hip .ispc
[9.166s] 
[9.170s] [0m
[9.175s] [31mCMake Error at CMakeLists.txt:18 (add_executable):
[9.180s]   No SOURCES given to target: listener
[9.189s] 
[9.194s] [0m
[9.199s] [0mCMake Generate step failed.  Build files cannot be regenerated correctly.[0m
[9.229s] gmake: *** [Makefile:308: cmake_check_build_system] Error 1
[9.237s] Invoked command in '/home/atk-sandbox/atk-sandbox/workspace/build/merge_arrays' returned '2': CMAKE_PREFIX_PATH=${CMAKE_PREFIX_PATH}:/home/atk-sandbox/atk-sandbox/workspace/install/launch_utils:/opt/ros/humble /usr/bin/cmake --build /home/atk-sandbox/atk-sandbox/workspace/build/merge_arrays -- -j4 -l4
