[35m[1mConsolidate compiler generated dependencies of target merge_arrays_node[0m
[ 50%] [32mBuilding CXX object CMakeFiles/merge_arrays_node.dir/src/merge_arrays_node.cpp.o[0m
[01m[K/home/atk-sandbox/atk-sandbox/workspace/src/merge_arrays/src/merge_arrays_node.cpp:[m[K In member function ‘[01m[Kvoid MergeArrays::topic_callback(const Int32MultiArray&)[m[K’:
[01m[K/home/atk-sandbox/atk-sandbox/workspace/src/merge_arrays/src/merge_arrays_node.cpp:50:26:[m[K [01;35m[Kwarning: [m[Kcomparison of integer expressions of different signedness: ‘[01m[Kint[m[K’ and ‘[01m[Klong unsigned int[m[K’ [[01;35m[K]8;;https://gcc.gnu.org/onlinedocs/gcc/Warning-Options.html#index-Wsign-compare-Wsign-compare]8;;[m[K]
   50 |         // }
      |                          [01;35m[K^[m[K                                             
[01m[K/home/atk-sandbox/atk-sandbox/workspace/src/merge_arrays/src/merge_arrays_node.cpp:41:63:[m[K [01;35m[Kwarning: [m[Kunused parameter ‘[01m[Kmsg[m[K’ [[01;35m[K]8;;https://gcc.gnu.org/onlinedocs/gcc/Warning-Options.html#index-Wunused-parameter-Wunused-parameter]8;;[m[K]
   41 |     // std_msgs::msg::In[01;35m[Kt32MultiArray *arrays;[m[K
      |                         [01;35m[K~~~~~~~~~~~~~~~~~~~~~~[m[K                [01;35m[K^[m[K  
[100%] [32m[1mLinking CXX executable merge_arrays_node[0m
[100%] Built target merge_arrays_node
-- Install configuration: ""
-- Installing: /home/atk-sandbox/atk-sandbox/workspace/install/merge_arrays/lib/merge_arrays/merge_arrays_node
-- Set runtime path of "/home/atk-sandbox/atk-sandbox/workspace/install/merge_arrays/lib/merge_arrays/merge_arrays_node" to ""
-- Up-to-date: /home/atk-sandbox/atk-sandbox/workspace/install/merge_arrays/share/ament_index/resource_index/package_run_dependencies/merge_arrays
-- Installing: /home/atk-sandbox/atk-sandbox/workspace/install/merge_arrays/share/ament_index/resource_index/parent_prefix_path/merge_arrays
-- Up-to-date: /home/atk-sandbox/atk-sandbox/workspace/install/merge_arrays/share/merge_arrays/environment/ament_prefix_path.sh
-- Installing: /home/atk-sandbox/atk-sandbox/workspace/install/merge_arrays/share/merge_arrays/environment/ament_prefix_path.dsv
-- Up-to-date: /home/atk-sandbox/atk-sandbox/workspace/install/merge_arrays/share/merge_arrays/environment/path.sh
-- Installing: /home/atk-sandbox/atk-sandbox/workspace/install/merge_arrays/share/merge_arrays/environment/path.dsv
-- Up-to-date: /home/atk-sandbox/atk-sandbox/workspace/install/merge_arrays/share/merge_arrays/local_setup.bash
-- Up-to-date: /home/atk-sandbox/atk-sandbox/workspace/install/merge_arrays/share/merge_arrays/local_setup.sh
-- Up-to-date: /home/atk-sandbox/atk-sandbox/workspace/install/merge_arrays/share/merge_arrays/local_setup.zsh
-- Installing: /home/atk-sandbox/atk-sandbox/workspace/install/merge_arrays/share/merge_arrays/local_setup.dsv
-- Installing: /home/atk-sandbox/atk-sandbox/workspace/install/merge_arrays/share/merge_arrays/package.dsv
-- Up-to-date: /home/atk-sandbox/atk-sandbox/workspace/install/merge_arrays/share/ament_index/resource_index/packages/merge_arrays
-- Up-to-date: /home/atk-sandbox/atk-sandbox/workspace/install/merge_arrays/share/merge_arrays/cmake/merge_arraysConfig.cmake
-- Up-to-date: /home/atk-sandbox/atk-sandbox/workspace/install/merge_arrays/share/merge_arrays/cmake/merge_arraysConfig-version.cmake
-- Installing: /home/atk-sandbox/atk-sandbox/workspace/install/merge_arrays/share/merge_arrays/package.xml
