[0.281s] Invoking command in '/home/atk-sandbox/atk-sandbox/workspace/build/merge_arrays': CMAKE_PREFIX_PATH=${CMAKE_PREFIX_PATH}:/home/atk-sandbox/atk-sandbox/workspace/install/launch_utils:/opt/ros/humble /usr/bin/cmake --build /home/atk-sandbox/atk-sandbox/workspace/build/merge_arrays -- -j4 -l4
[1.658s] [35m[1mConsolidate compiler generated dependencies of target merge_arrays_node[0m
[4.057s] [ 50%] [32mBuilding CXX object CMakeFiles/merge_arrays_node.dir/src/merge_arrays_node.cpp.o[0m
[8.442s] [01m[K/home/atk-sandbox/atk-sandbox/workspace/src/merge_arrays/src/merge_arrays_node.cpp:[m[K In member function ‘[01m[Kvoid MergeArrays::topic_callback(const Int32MultiArray&)[m[K’:
[8.446s] [01m[K/home/atk-sandbox/atk-sandbox/workspace/src/merge_arrays/src/merge_arrays_node.cpp:40:63:[m[K [01;35m[Kwarning: [m[Kunused parameter ‘[01m[Kmsg[m[K’ [[01;35m[K]8;;https://gcc.gnu.org/onlinedocs/gcc/Warning-Options.html#index-Wunused-parameter-Wunused-parameter]8;;[m[K]
[8.450s]    40 |     void topic_callback([01;35m[Kconst std_msgs::msg::Int32MultiArray &msg[m[K)
[8.454s]       |                         [01;35m[K~~~~~~~~~~~~~~~~~~~~~~~~~~~~~~~~~~~~~~^~~[m[K
[25.938s] [100%] [32m[1mLinking CXX executable merge_arrays_node[0m
[44.429s] [100%] Built target merge_arrays_node
[44.700s] Invoked command in '/home/atk-sandbox/atk-sandbox/workspace/build/merge_arrays' returned '0': CMAKE_PREFIX_PATH=${CMAKE_PREFIX_PATH}:/home/atk-sandbox/atk-sandbox/workspace/install/launch_utils:/opt/ros/humble /usr/bin/cmake --build /home/atk-sandbox/atk-sandbox/workspace/build/merge_arrays -- -j4 -l4
[46.626s] Invoking command in '/home/atk-sandbox/atk-sandbox/workspace/build/merge_arrays': CMAKE_PREFIX_PATH=${CMAKE_PREFIX_PATH}:/home/atk-sandbox/atk-sandbox/workspace/install/launch_utils:/opt/ros/humble /usr/bin/cmake --install /home/atk-sandbox/atk-sandbox/workspace/build/merge_arrays
[46.871s] -- Install configuration: ""
[46.876s] -- Installing: /home/atk-sandbox/atk-sandbox/workspace/install/merge_arrays/lib/merge_arrays/merge_arrays_node
[47.689s] -- Set runtime path of "/home/atk-sandbox/atk-sandbox/workspace/install/merge_arrays/lib/merge_arrays/merge_arrays_node" to ""
[47.693s] -- Up-to-date: /home/atk-sandbox/atk-sandbox/workspace/install/merge_arrays/share/ament_index/resource_index/package_run_dependencies/merge_arrays
[47.698s] -- Up-to-date: /home/atk-sandbox/atk-sandbox/workspace/install/merge_arrays/share/ament_index/resource_index/parent_prefix_path/merge_arrays
[47.702s] -- Up-to-date: /home/atk-sandbox/atk-sandbox/workspace/install/merge_arrays/share/merge_arrays/environment/ament_prefix_path.sh
[47.707s] -- Up-to-date: /home/atk-sandbox/atk-sandbox/workspace/install/merge_arrays/share/merge_arrays/environment/ament_prefix_path.dsv
[47.710s] -- Up-to-date: /home/atk-sandbox/atk-sandbox/workspace/install/merge_arrays/share/merge_arrays/environment/path.sh
[47.717s] -- Up-to-date: /home/atk-sandbox/atk-sandbox/workspace/install/merge_arrays/share/merge_arrays/environment/path.dsv
[47.722s] -- Up-to-date: /home/atk-sandbox/atk-sandbox/workspace/install/merge_arrays/share/merge_arrays/local_setup.bash
[47.726s] -- Up-to-date: /home/atk-sandbox/atk-sandbox/workspace/install/merge_arrays/share/merge_arrays/local_setup.sh
[47.731s] -- Up-to-date: /home/atk-sandbox/atk-sandbox/workspace/install/merge_arrays/share/merge_arrays/local_setup.zsh
[47.737s] -- Up-to-date: /home/atk-sandbox/atk-sandbox/workspace/install/merge_arrays/share/merge_arrays/local_setup.dsv
[47.742s] -- Installing: /home/atk-sandbox/atk-sandbox/workspace/install/merge_arrays/share/merge_arrays/package.dsv
[47.745s] -- Up-to-date: /home/atk-sandbox/atk-sandbox/workspace/install/merge_arrays/share/ament_index/resource_index/packages/merge_arrays
[47.751s] -- Up-to-date: /home/atk-sandbox/atk-sandbox/workspace/install/merge_arrays/share/merge_arrays/cmake/merge_arraysConfig.cmake
[47.764s] -- Up-to-date: /home/atk-sandbox/atk-sandbox/workspace/install/merge_arrays/share/merge_arrays/cmake/merge_arraysConfig-version.cmake
[47.769s] -- Up-to-date: /home/atk-sandbox/atk-sandbox/workspace/install/merge_arrays/share/merge_arrays/package.xml
[47.774s] Invoked command in '/home/atk-sandbox/atk-sandbox/workspace/build/merge_arrays' returned '0': CMAKE_PREFIX_PATH=${CMAKE_PREFIX_PATH}:/home/atk-sandbox/atk-sandbox/workspace/install/launch_utils:/opt/ros/humble /usr/bin/cmake --install /home/atk-sandbox/atk-sandbox/workspace/build/merge_arrays
