[01m[K/home/atk-sandbox/atk-sandbox/workspace/src/merge_arrays/src/merge_arrays_node.cpp:27:15:[m[K [01;31m[Kerror: [m[K‘[01m[KInt32MultiArray[m[K’ in namespace ‘[01m[Kstd_msgs[m[K’ does not name a type
   27 |     std_msgs::[01;31m[KInt32MultiArray[m[K result_array;
      |               [01;31m[K^~~~~~~~~~~~~~~[m[K
[01m[K/home/atk-sandbox/atk-sandbox/workspace/src/merge_arrays/src/merge_arrays_node.cpp:[m[K In member function ‘[01m[Kvoid MergeArrays::topic_callback(const Int32MultiArray&)[m[K’:
[01m[K/home/atk-sandbox/atk-sandbox/workspace/src/merge_arrays/src/merge_arrays_node.cpp:45:9:[m[K [01;31m[Kerror: [m[K‘[01m[Kresult_array[m[K’ was not declared in this scope; did you mean ‘[01m[Kreallocarray[m[K’?
   45 |         [01;31m[Kresult_array[m[K = std_msgs::msg::Int32MultiArray(3);
      |         [01;31m[K^~~~~~~~~~~~[m[K
      |         [32m[Kreallocarray[m[K
[01m[K/home/atk-sandbox/atk-sandbox/workspace/src/merge_arrays/src/merge_arrays_node.cpp:45:56:[m[K [01;31m[Kerror: [m[Kno matching function for call to ‘[01m[Kstd_msgs::msg::Int32MultiArray_<std::allocator<void> >::Int32MultiArray_(int)[m[K’
   45 |         result_array = std_msgs::msg::Int32MultiArray(3[01;31m[K)[m[K;
      |                                                        [01;31m[K^[m[K
In file included from [01m[K/opt/ros/humble/include/std_msgs/std_msgs/msg/int32_multi_array.hpp:7[m[K,
                 from [01m[K/home/atk-sandbox/atk-sandbox/workspace/src/merge_arrays/src/merge_arrays_node.cpp:9[m[K:
[01m[K/opt/ros/humble/include/std_msgs/std_msgs/msg/detail/int32_multi_array__struct.hpp:46:12:[m[K [01;36m[Knote: [m[Kcandidate: ‘[01m[Kstd_msgs::msg::Int32MultiArray_<ContainerAllocator>::Int32MultiArray_(const ContainerAllocator&, rosidl_runtime_cpp::MessageInitialization) [with ContainerAllocator = std::allocator<void>][m[K’
   46 |   explicit [01;36m[KInt32MultiArray_[m[K(const ContainerAllocator & _alloc, rosidl_runtime_cpp::MessageInitialization _init = rosidl_runtime_cpp::MessageInitialization::ALL)
      |            [01;36m[K^~~~~~~~~~~~~~~~[m[K
[01m[K/opt/ros/humble/include/std_msgs/std_msgs/msg/detail/int32_multi_array__struct.hpp:46:56:[m[K [01;36m[Knote: [m[K  no known conversion for argument 1 from ‘[01m[Kint[m[K’ to ‘[01m[Kconst std::allocator<void>&[m[K’
   46 |   explicit Int32MultiArray_([01;36m[Kconst ContainerAllocator & _alloc[m[K, rosidl_runtime_cpp::MessageInitialization _init = rosidl_runtime_cpp::MessageInitialization::ALL)
      |                             [01;36m[K~~~~~~~~~~~~~~~~~~~~~~~~~~~^~~~~~[m[K
[01m[K/opt/ros/humble/include/std_msgs/std_msgs/msg/detail/int32_multi_array__struct.hpp:40:12:[m[K [01;36m[Knote: [m[Kcandidate: ‘[01m[Kstd_msgs::msg::Int32MultiArray_<ContainerAllocator>::Int32MultiArray_(rosidl_runtime_cpp::MessageInitialization) [with ContainerAllocator = std::allocator<void>][m[K’
   40 |   explicit [01;36m[KInt32MultiArray_[m[K(rosidl_runtime_cpp::MessageInitialization _init = rosidl_runtime_cpp::MessageInitialization::ALL)
      |            [01;36m[K^~~~~~~~~~~~~~~~[m[K
[01m[K/opt/ros/humble/include/std_msgs/std_msgs/msg/detail/int32_multi_array__struct.hpp:40:71:[m[K [01;36m[Knote: [m[K  no known conversion for argument 1 from ‘[01m[Kint[m[K’ to ‘[01m[Krosidl_runtime_cpp::MessageInitialization[m[K’
   40 |   explicit Int32MultiArray_([01;36m[Krosidl_runtime_cpp::MessageInitialization _init = rosidl_runtime_cpp::MessageInitialization::ALL[m[K)
      |                             [01;36m[K~~~~~~~~~~~~~~~~~~~~~~~~~~~~~~~~~~~~~~~~~~^~~~~~~~~~~~~~~~~~~~~~~~~~~~~~~~~~~~~~~~~~~~~~~~~~~~~~[m[K
[01m[K/opt/ros/humble/include/std_msgs/std_msgs/msg/detail/int32_multi_array__struct.hpp:36:8:[m[K [01;36m[Knote: [m[Kcandidate: ‘[01m[Kstd_msgs::msg::Int32MultiArray_<std::allocator<void> >::Int32MultiArray_(const std_msgs::msg::Int32MultiArray_<std::allocator<void> >&)[m[K’
   36 | struct [01;36m[KInt32MultiArray_[m[K
      |        [01;36m[K^~~~~~~~~~~~~~~~[m[K
[01m[K/opt/ros/humble/include/std_msgs/std_msgs/msg/detail/int32_multi_array__struct.hpp:36:8:[m[K [01;36m[Knote: [m[K  no known conversion for argument 1 from ‘[01m[Kint[m[K’ to ‘[01m[Kconst std_msgs::msg::Int32MultiArray_<std::allocator<void> >&[m[K’
[01m[K/opt/ros/humble/include/std_msgs/std_msgs/msg/detail/int32_multi_array__struct.hpp:36:8:[m[K [01;36m[Knote: [m[Kcandidate: ‘[01m[Kstd_msgs::msg::Int32MultiArray_<std::allocator<void> >::Int32MultiArray_(std_msgs::msg::Int32MultiArray_<std::allocator<void> >&&)[m[K’
[01m[K/opt/ros/humble/include/std_msgs/std_msgs/msg/detail/int32_multi_array__struct.hpp:36:8:[m[K [01;36m[Knote: [m[K  no known conversion for argument 1 from ‘[01m[Kint[m[K’ to ‘[01m[Kstd_msgs::msg::Int32MultiArray_<std::allocator<void> >&&[m[K’
gmake[2]: *** [CMakeFiles/merge_arrays_node.dir/build.make:76: CMakeFiles/merge_arrays_node.dir/src/merge_arrays_node.cpp.o] Error 1
gmake[1]: *** [CMakeFiles/Makefile2:137: CMakeFiles/merge_arrays_node.dir/all] Error 2
gmake: *** [Makefile:146: all] Error 2
