[0.524s] DEBUG:colcon:Command line arguments: ['/usr/bin/colcon', 'build', '--packages-select', 'merge_arrays']
[0.525s] DEBUG:colcon:Parsed command line arguments: Namespace(log_base=None, log_level=None, verb_name='build', build_base='build', install_base='install', merge_install=False, symlink_install=False, test_result_base=None, continue_on_error=False, executor='parallel', parallel_workers=4, event_handlers=None, ignore_user_meta=False, metas=['./colcon.meta'], base_paths=['.'], packages_ignore=None, packages_ignore_regex=None, paths=None, packages_up_to=None, packages_up_to_regex=None, packages_above=None, packages_above_and_dependencies=None, packages_above_depth=None, packages_select_by_dep=None, packages_skip_by_dep=None, packages_skip_up_to=None, packages_select_build_failed=False, packages_skip_build_finished=False, packages_select_test_failures=False, packages_skip_test_passed=False, packages_select=['merge_arrays'], packages_skip=None, packages_select_regex=None, packages_skip_regex=None, packages_start=None, packages_end=None, cmake_args=None, cmake_target=None, cmake_target_skip_unavailable=False, cmake_clean_cache=False, cmake_clean_first=False, cmake_force_configure=False, ament_cmake_args=None, catkin_cmake_args=None, catkin_skip_building_tests=False, mixin_files=None, mixin=None, verb_parser=<colcon_mixin.mixin.mixin_argument.MixinArgumentDecorator object at 0x7f7476a266b0>, verb_extension=<colcon_core.verb.build.BuildVerb object at 0x7f7476b2fd30>, main=<bound method BuildVerb.main of <colcon_core.verb.build.BuildVerb object at 0x7f7476b2fd30>>, mixin_verb=('build',))
[0.586s] Level 1:colcon.colcon_core.package_discovery:discover_packages(colcon_meta) check parameters
[0.589s] Level 1:colcon.colcon_core.package_discovery:discover_packages(recursive) check parameters
[0.591s] Level 1:colcon.colcon_core.package_discovery:discover_packages(ignore) check parameters
[0.592s] Level 1:colcon.colcon_core.package_discovery:discover_packages(path) check parameters
[0.594s] Level 1:colcon.colcon_core.package_discovery:discover_packages(colcon_meta) discover
[0.596s] Level 1:colcon.colcon_core.package_discovery:discover_packages(recursive) discover
[0.597s] INFO:colcon.colcon_core.package_discovery:Crawling recursively for packages in '/home/atk-sandbox/atk-sandbox/workspace'
[0.599s] Level 1:colcon.colcon_core.package_identification:_identify(.) by extensions ['ignore', 'ignore_ament_install']
[0.600s] Level 1:colcon.colcon_core.package_identification:_identify(.) by extension 'ignore'
[0.604s] Level 1:colcon.colcon_core.package_identification:_identify(.) by extension 'ignore_ament_install'
[0.608s] Level 1:colcon.colcon_core.package_identification:_identify(.) by extensions ['colcon_pkg']
[0.609s] Level 1:colcon.colcon_core.package_identification:_identify(.) by extension 'colcon_pkg'
[0.612s] Level 1:colcon.colcon_core.package_identification:_identify(.) by extensions ['colcon_meta']
[0.613s] Level 1:colcon.colcon_core.package_identification:_identify(.) by extension 'colcon_meta'
[0.614s] Level 1:colcon.colcon_core.package_identification:_identify(.) by extensions ['ros']
[0.615s] Level 1:colcon.colcon_core.package_identification:_identify(.) by extension 'ros'
[0.646s] Level 1:colcon.colcon_core.package_identification:_identify(.) by extensions ['cmake', 'python']
[0.647s] Level 1:colcon.colcon_core.package_identification:_identify(.) by extension 'cmake'
[0.649s] Level 1:colcon.colcon_core.package_identification:_identify(.) by extension 'python'
[0.652s] Level 1:colcon.colcon_core.package_identification:_identify(.) by extensions ['python_setup_py']
[0.654s] Level 1:colcon.colcon_core.package_identification:_identify(.) by extension 'python_setup_py'
[0.657s] Level 1:colcon.colcon_core.package_identification:_identify(build) by extensions ['ignore', 'ignore_ament_install']
[0.658s] Level 1:colcon.colcon_core.package_identification:_identify(build) by extension 'ignore'
[0.659s] Level 1:colcon.colcon_core.package_identification:_identify(build) ignored
[0.661s] Level 1:colcon.colcon_core.package_identification:_identify(install) by extensions ['ignore', 'ignore_ament_install']
[0.666s] Level 1:colcon.colcon_core.package_identification:_identify(install) by extension 'ignore'
[0.667s] Level 1:colcon.colcon_core.package_identification:_identify(install) ignored
[0.677s] Level 1:colcon.colcon_core.package_identification:_identify(log) by extensions ['ignore', 'ignore_ament_install']
[0.678s] Level 1:colcon.colcon_core.package_identification:_identify(log) by extension 'ignore'
[0.679s] Level 1:colcon.colcon_core.package_identification:_identify(log) ignored
[0.680s] Level 1:colcon.colcon_core.package_identification:_identify(src) by extensions ['ignore', 'ignore_ament_install']
[0.681s] Level 1:colcon.colcon_core.package_identification:_identify(src) by extension 'ignore'
[0.684s] Level 1:colcon.colcon_core.package_identification:_identify(src) by extension 'ignore_ament_install'
[0.687s] Level 1:colcon.colcon_core.package_identification:_identify(src) by extensions ['colcon_pkg']
[0.688s] Level 1:colcon.colcon_core.package_identification:_identify(src) by extension 'colcon_pkg'
[0.691s] Level 1:colcon.colcon_core.package_identification:_identify(src) by extensions ['colcon_meta']
[0.692s] Level 1:colcon.colcon_core.package_identification:_identify(src) by extension 'colcon_meta'
[0.693s] Level 1:colcon.colcon_core.package_identification:_identify(src) by extensions ['ros']
[0.695s] Level 1:colcon.colcon_core.package_identification:_identify(src) by extension 'ros'
[0.700s] Level 1:colcon.colcon_core.package_identification:_identify(src) by extensions ['cmake', 'python']
[0.701s] Level 1:colcon.colcon_core.package_identification:_identify(src) by extension 'cmake'
[0.704s] Level 1:colcon.colcon_core.package_identification:_identify(src) by extension 'python'
[0.707s] Level 1:colcon.colcon_core.package_identification:_identify(src) by extensions ['python_setup_py']
[0.708s] Level 1:colcon.colcon_core.package_identification:_identify(src) by extension 'python_setup_py'
[0.712s] Level 1:colcon.colcon_core.package_identification:_identify(src/build) by extensions ['ignore', 'ignore_ament_install']
[0.714s] Level 1:colcon.colcon_core.package_identification:_identify(src/build) by extension 'ignore'
[0.715s] Level 1:colcon.colcon_core.package_identification:_identify(src/build) ignored
[0.717s] Level 1:colcon.colcon_core.package_identification:_identify(src/common) by extensions ['ignore', 'ignore_ament_install']
[0.719s] Level 1:colcon.colcon_core.package_identification:_identify(src/common) by extension 'ignore'
[0.723s] Level 1:colcon.colcon_core.package_identification:_identify(src/common) by extension 'ignore_ament_install'
[0.728s] Level 1:colcon.colcon_core.package_identification:_identify(src/common) by extensions ['colcon_pkg']
[0.730s] Level 1:colcon.colcon_core.package_identification:_identify(src/common) by extension 'colcon_pkg'
[0.732s] Level 1:colcon.colcon_core.package_identification:_identify(src/common) by extensions ['colcon_meta']
[0.733s] Level 1:colcon.colcon_core.package_identification:_identify(src/common) by extension 'colcon_meta'
[0.735s] Level 1:colcon.colcon_core.package_identification:_identify(src/common) by extensions ['ros']
[0.737s] Level 1:colcon.colcon_core.package_identification:_identify(src/common) by extension 'ros'
[0.744s] Level 1:colcon.colcon_core.package_identification:_identify(src/common) by extensions ['cmake', 'python']
[0.746s] Level 1:colcon.colcon_core.package_identification:_identify(src/common) by extension 'cmake'
[0.749s] Level 1:colcon.colcon_core.package_identification:_identify(src/common) by extension 'python'
[0.752s] Level 1:colcon.colcon_core.package_identification:_identify(src/common) by extensions ['python_setup_py']
[0.754s] Level 1:colcon.colcon_core.package_identification:_identify(src/common) by extension 'python_setup_py'
[0.758s] Level 1:colcon.colcon_core.package_identification:_identify(src/common/common_pkgs) by extensions ['ignore', 'ignore_ament_install']
[0.759s] Level 1:colcon.colcon_core.package_identification:_identify(src/common/common_pkgs) by extension 'ignore'
[0.763s] Level 1:colcon.colcon_core.package_identification:_identify(src/common/common_pkgs) by extension 'ignore_ament_install'
[0.767s] Level 1:colcon.colcon_core.package_identification:_identify(src/common/common_pkgs) by extensions ['colcon_pkg']
[0.769s] Level 1:colcon.colcon_core.package_identification:_identify(src/common/common_pkgs) by extension 'colcon_pkg'
[0.771s] Level 1:colcon.colcon_core.package_identification:_identify(src/common/common_pkgs) by extensions ['colcon_meta']
[0.773s] Level 1:colcon.colcon_core.package_identification:_identify(src/common/common_pkgs) by extension 'colcon_meta'
[0.774s] Level 1:colcon.colcon_core.package_identification:_identify(src/common/common_pkgs) by extensions ['ros']
[0.775s] Level 1:colcon.colcon_core.package_identification:_identify(src/common/common_pkgs) by extension 'ros'
[0.785s] DEBUG:colcon.colcon_core.package_identification:Package 'src/common/common_pkgs' with type 'ros.ament_cmake' and name 'common_pkgs'
[0.787s] Level 1:colcon.colcon_core.package_identification:_identify(src/common/examples) by extensions ['ignore', 'ignore_ament_install']
[0.788s] Level 1:colcon.colcon_core.package_identification:_identify(src/common/examples) by extension 'ignore'
[0.790s] Level 1:colcon.colcon_core.package_identification:_identify(src/common/examples) by extension 'ignore_ament_install'
[0.794s] Level 1:colcon.colcon_core.package_identification:_identify(src/common/examples) by extensions ['colcon_pkg']
[0.795s] Level 1:colcon.colcon_core.package_identification:_identify(src/common/examples) by extension 'colcon_pkg'
[0.798s] Level 1:colcon.colcon_core.package_identification:_identify(src/common/examples) by extensions ['colcon_meta']
[0.800s] Level 1:colcon.colcon_core.package_identification:_identify(src/common/examples) by extension 'colcon_meta'
[0.801s] Level 1:colcon.colcon_core.package_identification:_identify(src/common/examples) by extensions ['ros']
[0.803s] Level 1:colcon.colcon_core.package_identification:_identify(src/common/examples) by extension 'ros'
[0.809s] Level 1:colcon.colcon_core.package_identification:_identify(src/common/examples) by extensions ['cmake', 'python']
[0.810s] Level 1:colcon.colcon_core.package_identification:_identify(src/common/examples) by extension 'cmake'
[0.812s] Level 1:colcon.colcon_core.package_identification:_identify(src/common/examples) by extension 'python'
[0.816s] Level 1:colcon.colcon_core.package_identification:_identify(src/common/examples) by extensions ['python_setup_py']
[0.819s] Level 1:colcon.colcon_core.package_identification:_identify(src/common/examples) by extension 'python_setup_py'
[0.822s] Level 1:colcon.colcon_core.package_identification:_identify(src/common/examples/compose_nodes) by extensions ['ignore', 'ignore_ament_install']
[0.824s] Level 1:colcon.colcon_core.package_identification:_identify(src/common/examples/compose_nodes) by extension 'ignore'
[0.826s] Level 1:colcon.colcon_core.package_identification:_identify(src/common/examples/compose_nodes) by extension 'ignore_ament_install'
[0.829s] Level 1:colcon.colcon_core.package_identification:_identify(src/common/examples/compose_nodes) by extensions ['colcon_pkg']
[0.830s] Level 1:colcon.colcon_core.package_identification:_identify(src/common/examples/compose_nodes) by extension 'colcon_pkg'
[0.834s] Level 1:colcon.colcon_core.package_identification:_identify(src/common/examples/compose_nodes) by extensions ['colcon_meta']
[0.836s] Level 1:colcon.colcon_core.package_identification:_identify(src/common/examples/compose_nodes) by extension 'colcon_meta'
[0.838s] Level 1:colcon.colcon_core.package_identification:_identify(src/common/examples/compose_nodes) by extensions ['ros']
[0.839s] Level 1:colcon.colcon_core.package_identification:_identify(src/common/examples/compose_nodes) by extension 'ros'
[0.845s] DEBUG:colcon.colcon_core.package_identification:Package 'src/common/examples/compose_nodes' with type 'ros.ament_cmake' and name 'compose_nodes'
[0.847s] Level 1:colcon.colcon_core.package_identification:_identify(src/common/interfaces) by extensions ['ignore', 'ignore_ament_install']
[0.850s] Level 1:colcon.colcon_core.package_identification:_identify(src/common/interfaces) by extension 'ignore'
[0.853s] Level 1:colcon.colcon_core.package_identification:_identify(src/common/interfaces) by extension 'ignore_ament_install'
[0.857s] Level 1:colcon.colcon_core.package_identification:_identify(src/common/interfaces) by extensions ['colcon_pkg']
[0.858s] Level 1:colcon.colcon_core.package_identification:_identify(src/common/interfaces) by extension 'colcon_pkg'
[0.860s] Level 1:colcon.colcon_core.package_identification:_identify(src/common/interfaces) by extensions ['colcon_meta']
[0.864s] Level 1:colcon.colcon_core.package_identification:_identify(src/common/interfaces) by extension 'colcon_meta'
[0.866s] Level 1:colcon.colcon_core.package_identification:_identify(src/common/interfaces) by extensions ['ros']
[0.869s] Level 1:colcon.colcon_core.package_identification:_identify(src/common/interfaces) by extension 'ros'
[0.877s] Level 1:colcon.colcon_core.package_identification:_identify(src/common/interfaces) by extensions ['cmake', 'python']
[0.879s] Level 1:colcon.colcon_core.package_identification:_identify(src/common/interfaces) by extension 'cmake'
[0.882s] Level 1:colcon.colcon_core.package_identification:_identify(src/common/interfaces) by extension 'python'
[0.886s] Level 1:colcon.colcon_core.package_identification:_identify(src/common/interfaces) by extensions ['python_setup_py']
[0.887s] Level 1:colcon.colcon_core.package_identification:_identify(src/common/interfaces) by extension 'python_setup_py'
[0.890s] Level 1:colcon.colcon_core.package_identification:_identify(src/common/interfaces/wauto_control_msgs) by extensions ['ignore', 'ignore_ament_install']
[0.892s] Level 1:colcon.colcon_core.package_identification:_identify(src/common/interfaces/wauto_control_msgs) by extension 'ignore'
[0.894s] Level 1:colcon.colcon_core.package_identification:_identify(src/common/interfaces/wauto_control_msgs) by extension 'ignore_ament_install'
[0.899s] Level 1:colcon.colcon_core.package_identification:_identify(src/common/interfaces/wauto_control_msgs) by extensions ['colcon_pkg']
[0.900s] Level 1:colcon.colcon_core.package_identification:_identify(src/common/interfaces/wauto_control_msgs) by extension 'colcon_pkg'
[0.902s] Level 1:colcon.colcon_core.package_identification:_identify(src/common/interfaces/wauto_control_msgs) by extensions ['colcon_meta']
[0.903s] Level 1:colcon.colcon_core.package_identification:_identify(src/common/interfaces/wauto_control_msgs) by extension 'colcon_meta'
[0.905s] Level 1:colcon.colcon_core.package_identification:_identify(src/common/interfaces/wauto_control_msgs) by extensions ['ros']
[0.906s] Level 1:colcon.colcon_core.package_identification:_identify(src/common/interfaces/wauto_control_msgs) by extension 'ros'
[0.912s] DEBUG:colcon.colcon_core.package_identification:Package 'src/common/interfaces/wauto_control_msgs' with type 'ros.ament_cmake' and name 'wauto_control_msgs'
[0.914s] Level 1:colcon.colcon_core.package_identification:_identify(src/common/interfaces/wauto_perception_msgs) by extensions ['ignore', 'ignore_ament_install']
[0.914s] Level 1:colcon.colcon_core.package_identification:_identify(src/common/interfaces/wauto_perception_msgs) by extension 'ignore'
[0.916s] Level 1:colcon.colcon_core.package_identification:_identify(src/common/interfaces/wauto_perception_msgs) by extension 'ignore_ament_install'
[0.920s] Level 1:colcon.colcon_core.package_identification:_identify(src/common/interfaces/wauto_perception_msgs) by extensions ['colcon_pkg']
[0.922s] Level 1:colcon.colcon_core.package_identification:_identify(src/common/interfaces/wauto_perception_msgs) by extension 'colcon_pkg'
[0.925s] Level 1:colcon.colcon_core.package_identification:_identify(src/common/interfaces/wauto_perception_msgs) by extensions ['colcon_meta']
[0.926s] Level 1:colcon.colcon_core.package_identification:_identify(src/common/interfaces/wauto_perception_msgs) by extension 'colcon_meta'
[0.927s] Level 1:colcon.colcon_core.package_identification:_identify(src/common/interfaces/wauto_perception_msgs) by extensions ['ros']
[0.929s] Level 1:colcon.colcon_core.package_identification:_identify(src/common/interfaces/wauto_perception_msgs) by extension 'ros'
[0.936s] DEBUG:colcon.colcon_core.package_identification:Package 'src/common/interfaces/wauto_perception_msgs' with type 'ros.ament_cmake' and name 'wauto_perception_msgs'
[0.937s] Level 1:colcon.colcon_core.package_identification:_identify(src/common/interfaces/wauto_vehicle_msgs) by extensions ['ignore', 'ignore_ament_install']
[0.938s] Level 1:colcon.colcon_core.package_identification:_identify(src/common/interfaces/wauto_vehicle_msgs) by extension 'ignore'
[0.940s] Level 1:colcon.colcon_core.package_identification:_identify(src/common/interfaces/wauto_vehicle_msgs) by extension 'ignore_ament_install'
[0.943s] Level 1:colcon.colcon_core.package_identification:_identify(src/common/interfaces/wauto_vehicle_msgs) by extensions ['colcon_pkg']
[0.944s] Level 1:colcon.colcon_core.package_identification:_identify(src/common/interfaces/wauto_vehicle_msgs) by extension 'colcon_pkg'
[0.946s] Level 1:colcon.colcon_core.package_identification:_identify(src/common/interfaces/wauto_vehicle_msgs) by extensions ['colcon_meta']
[0.947s] Level 1:colcon.colcon_core.package_identification:_identify(src/common/interfaces/wauto_vehicle_msgs) by extension 'colcon_meta'
[0.948s] Level 1:colcon.colcon_core.package_identification:_identify(src/common/interfaces/wauto_vehicle_msgs) by extensions ['ros']
[0.949s] Level 1:colcon.colcon_core.package_identification:_identify(src/common/interfaces/wauto_vehicle_msgs) by extension 'ros'
[0.954s] DEBUG:colcon.colcon_core.package_identification:Package 'src/common/interfaces/wauto_vehicle_msgs' with type 'ros.ament_cmake' and name 'wauto_vehicle_msgs'
[0.955s] Level 1:colcon.colcon_core.package_identification:_identify(src/common/launch) by extensions ['ignore', 'ignore_ament_install']
[0.956s] Level 1:colcon.colcon_core.package_identification:_identify(src/common/launch) by extension 'ignore'
[0.958s] Level 1:colcon.colcon_core.package_identification:_identify(src/common/launch) by extension 'ignore_ament_install'
[0.961s] Level 1:colcon.colcon_core.package_identification:_identify(src/common/launch) by extensions ['colcon_pkg']
[0.962s] Level 1:colcon.colcon_core.package_identification:_identify(src/common/launch) by extension 'colcon_pkg'
[0.964s] Level 1:colcon.colcon_core.package_identification:_identify(src/common/launch) by extensions ['colcon_meta']
[0.965s] Level 1:colcon.colcon_core.package_identification:_identify(src/common/launch) by extension 'colcon_meta'
[0.966s] Level 1:colcon.colcon_core.package_identification:_identify(src/common/launch) by extensions ['ros']
[0.966s] Level 1:colcon.colcon_core.package_identification:_identify(src/common/launch) by extension 'ros'
[0.971s] Level 1:colcon.colcon_core.package_identification:_identify(src/common/launch) by extensions ['cmake', 'python']
[0.972s] Level 1:colcon.colcon_core.package_identification:_identify(src/common/launch) by extension 'cmake'
[0.974s] Level 1:colcon.colcon_core.package_identification:_identify(src/common/launch) by extension 'python'
[0.976s] Level 1:colcon.colcon_core.package_identification:_identify(src/common/launch) by extensions ['python_setup_py']
[0.977s] Level 1:colcon.colcon_core.package_identification:_identify(src/common/launch) by extension 'python_setup_py'
[0.979s] Level 1:colcon.colcon_core.package_identification:_identify(src/common/launch/launch_utils) by extensions ['ignore', 'ignore_ament_install']
[0.980s] Level 1:colcon.colcon_core.package_identification:_identify(src/common/launch/launch_utils) by extension 'ignore'
[0.983s] Level 1:colcon.colcon_core.package_identification:_identify(src/common/launch/launch_utils) by extension 'ignore_ament_install'
[0.986s] Level 1:colcon.colcon_core.package_identification:_identify(src/common/launch/launch_utils) by extensions ['colcon_pkg']
[0.987s] Level 1:colcon.colcon_core.package_identification:_identify(src/common/launch/launch_utils) by extension 'colcon_pkg'
[0.989s] Level 1:colcon.colcon_core.package_identification:_identify(src/common/launch/launch_utils) by extensions ['colcon_meta']
[0.990s] Level 1:colcon.colcon_core.package_identification:_identify(src/common/launch/launch_utils) by extension 'colcon_meta'
[0.991s] Level 1:colcon.colcon_core.package_identification:_identify(src/common/launch/launch_utils) by extensions ['ros']
[0.992s] Level 1:colcon.colcon_core.package_identification:_identify(src/common/launch/launch_utils) by extension 'ros'
[0.997s] DEBUG:colcon.colcon_core.package_identification:Package 'src/common/launch/launch_utils' with type 'ros.ament_python' and name 'launch_utils'
[0.999s] Level 1:colcon.colcon_core.package_identification:_identify(src/common/wacore) by extensions ['ignore', 'ignore_ament_install']
[1.000s] Level 1:colcon.colcon_core.package_identification:_identify(src/common/wacore) by extension 'ignore'
[1.002s] Level 1:colcon.colcon_core.package_identification:_identify(src/common/wacore) by extension 'ignore_ament_install'
[1.005s] Level 1:colcon.colcon_core.package_identification:_identify(src/common/wacore) by extensions ['colcon_pkg']
[1.006s] Level 1:colcon.colcon_core.package_identification:_identify(src/common/wacore) by extension 'colcon_pkg'
[1.008s] Level 1:colcon.colcon_core.package_identification:_identify(src/common/wacore) by extensions ['colcon_meta']
[1.009s] Level 1:colcon.colcon_core.package_identification:_identify(src/common/wacore) by extension 'colcon_meta'
[1.010s] Level 1:colcon.colcon_core.package_identification:_identify(src/common/wacore) by extensions ['ros']
[1.011s] Level 1:colcon.colcon_core.package_identification:_identify(src/common/wacore) by extension 'ros'
[1.016s] DEBUG:colcon.colcon_core.package_identification:Package 'src/common/wacore' with type 'ros.ament_cmake' and name 'wacore'
[1.018s] Level 1:colcon.colcon_core.package_identification:_identify(src/install) by extensions ['ignore', 'ignore_ament_install']
[1.019s] Level 1:colcon.colcon_core.package_identification:_identify(src/install) by extension 'ignore'
[1.020s] Level 1:colcon.colcon_core.package_identification:_identify(src/install) ignored
[1.025s] Level 1:colcon.colcon_core.package_identification:_identify(src/log) by extensions ['ignore', 'ignore_ament_install']
[1.026s] Level 1:colcon.colcon_core.package_identification:_identify(src/log) by extension 'ignore'
[1.027s] Level 1:colcon.colcon_core.package_identification:_identify(src/log) ignored
[1.028s] Level 1:colcon.colcon_core.package_identification:_identify(src/merge_arrays) by extensions ['ignore', 'ignore_ament_install']
[1.029s] Level 1:colcon.colcon_core.package_identification:_identify(src/merge_arrays) by extension 'ignore'
[1.031s] Level 1:colcon.colcon_core.package_identification:_identify(src/merge_arrays) by extension 'ignore_ament_install'
[1.034s] Level 1:colcon.colcon_core.package_identification:_identify(src/merge_arrays) by extensions ['colcon_pkg']
[1.035s] Level 1:colcon.colcon_core.package_identification:_identify(src/merge_arrays) by extension 'colcon_pkg'
[1.037s] Level 1:colcon.colcon_core.package_identification:_identify(src/merge_arrays) by extensions ['colcon_meta']
[1.038s] Level 1:colcon.colcon_core.package_identification:_identify(src/merge_arrays) by extension 'colcon_meta'
[1.039s] Level 1:colcon.colcon_core.package_identification:_identify(src/merge_arrays) by extensions ['ros']
[1.040s] Level 1:colcon.colcon_core.package_identification:_identify(src/merge_arrays) by extension 'ros'
[1.046s] DEBUG:colcon.colcon_core.package_identification:Package 'src/merge_arrays' with type 'ros.ament_cmake' and name 'merge_arrays'
[1.047s] Level 1:colcon.colcon_core.package_discovery:discover_packages(recursive) using defaults
[1.047s] Level 1:colcon.colcon_core.package_discovery:discover_packages(ignore) discover
[1.048s] Level 1:colcon.colcon_core.package_discovery:discover_packages(ignore) using defaults
[1.049s] Level 1:colcon.colcon_core.package_discovery:discover_packages(path) discover
[1.050s] Level 1:colcon.colcon_core.package_discovery:discover_packages(path) using defaults
[1.111s] INFO:colcon.colcon_core.package_selection:Skipping not selected package 'common_pkgs' in 'src/common/common_pkgs'
[1.112s] INFO:colcon.colcon_core.package_selection:Skipping not selected package 'compose_nodes' in 'src/common/examples/compose_nodes'
[1.114s] INFO:colcon.colcon_core.package_selection:Skipping not selected package 'launch_utils' in 'src/common/launch/launch_utils'
[1.115s] INFO:colcon.colcon_core.package_selection:Skipping not selected package 'wacore' in 'src/common/wacore'
[1.116s] INFO:colcon.colcon_core.package_selection:Skipping not selected package 'wauto_control_msgs' in 'src/common/interfaces/wauto_control_msgs'
[1.118s] INFO:colcon.colcon_core.package_selection:Skipping not selected package 'wauto_perception_msgs' in 'src/common/interfaces/wauto_perception_msgs'
[1.119s] INFO:colcon.colcon_core.package_selection:Skipping not selected package 'wauto_vehicle_msgs' in 'src/common/interfaces/wauto_vehicle_msgs'
[1.122s] Level 5:colcon.colcon_core.verb:set package 'merge_arrays' build argument 'cmake_args' from command line to 'None'
[1.124s] Level 5:colcon.colcon_core.verb:set package 'merge_arrays' build argument 'cmake_target' from command line to 'None'
[1.125s] Level 5:colcon.colcon_core.verb:set package 'merge_arrays' build argument 'cmake_target_skip_unavailable' from command line to 'False'
[1.126s] Level 5:colcon.colcon_core.verb:set package 'merge_arrays' build argument 'cmake_clean_cache' from command line to 'False'
[1.127s] Level 5:colcon.colcon_core.verb:set package 'merge_arrays' build argument 'cmake_clean_first' from command line to 'False'
[1.128s] Level 5:colcon.colcon_core.verb:set package 'merge_arrays' build argument 'cmake_force_configure' from command line to 'False'
[1.129s] Level 5:colcon.colcon_core.verb:set package 'merge_arrays' build argument 'ament_cmake_args' from command line to 'None'
[1.130s] Level 5:colcon.colcon_core.verb:set package 'merge_arrays' build argument 'catkin_cmake_args' from command line to 'None'
[1.132s] Level 5:colcon.colcon_core.verb:set package 'merge_arrays' build argument 'catkin_skip_building_tests' from command line to 'False'
[1.133s] DEBUG:colcon.colcon_core.verb:Building package 'merge_arrays' with the following arguments: {'ament_cmake_args': None, 'build_base': '/home/atk-sandbox/atk-sandbox/workspace/build/merge_arrays', 'catkin_cmake_args': None, 'catkin_skip_building_tests': False, 'cmake_args': None, 'cmake_clean_cache': False, 'cmake_clean_first': False, 'cmake_force_configure': False, 'cmake_target': None, 'cmake_target_skip_unavailable': False, 'install_base': '/home/atk-sandbox/atk-sandbox/workspace/install/merge_arrays', 'merge_install': False, 'path': '/home/atk-sandbox/atk-sandbox/workspace/src/merge_arrays', 'symlink_install': False, 'test_result_base': None}
[1.135s] INFO:colcon.colcon_core.executor:Executing jobs using 'parallel' executor
[1.141s] DEBUG:colcon.colcon_parallel_executor.executor.parallel:run_until_complete
[1.143s] INFO:colcon.colcon_ros.task.ament_cmake.build:Building ROS package in '/home/atk-sandbox/atk-sandbox/workspace/src/merge_arrays' with build type 'ament_cmake'
[1.145s] INFO:colcon.colcon_cmake.task.cmake.build:Building CMake package in '/home/atk-sandbox/atk-sandbox/workspace/src/merge_arrays'
[1.159s] INFO:colcon.colcon_core.plugin_system:Skipping extension 'colcon_core.shell.bat': Not used on non-Windows systems
[1.161s] INFO:colcon.colcon_core.shell:Skip shell extension 'powershell' for command environment: Not usable outside of PowerShell
[1.163s] DEBUG:colcon.colcon_core.shell:Skip shell extension 'dsv' for command environment
[1.554s] DEBUG:colcon.colcon_core.event_handler.log_command:Invoking command in '/home/atk-sandbox/atk-sandbox/workspace/build/merge_arrays': CMAKE_PREFIX_PATH=${CMAKE_PREFIX_PATH}:/home/atk-sandbox/atk-sandbox/workspace/install/launch_utils:/opt/ros/humble /usr/bin/cmake --build /home/atk-sandbox/atk-sandbox/workspace/build/merge_arrays -- -j4 -l4
[16.461s] DEBUG:colcon.colcon_core.event_handler.log_command:Invoked command in '/home/atk-sandbox/atk-sandbox/workspace/build/merge_arrays' returned '2': CMAKE_PREFIX_PATH=${CMAKE_PREFIX_PATH}:/home/atk-sandbox/atk-sandbox/workspace/install/launch_utils:/opt/ros/humble /usr/bin/cmake --build /home/atk-sandbox/atk-sandbox/workspace/build/merge_arrays -- -j4 -l4
[18.375s] Level 1:colcon.colcon_core.environment:create_environment_scripts_only(merge_arrays)
[18.386s] Level 1:colcon.colcon_core.environment:checking '/home/atk-sandbox/atk-sandbox/workspace/install/merge_arrays' for CMake module files
[18.411s] Level 1:colcon.colcon_core.environment:checking '/home/atk-sandbox/atk-sandbox/workspace/install/merge_arrays' for CMake config files
[18.415s] Level 1:colcon.colcon_core.shell:create_environment_hook('merge_arrays', 'cmake_prefix_path')
[18.418s] INFO:colcon.colcon_core.shell:Creating environment hook '/home/atk-sandbox/atk-sandbox/workspace/install/merge_arrays/share/merge_arrays/hook/cmake_prefix_path.ps1'
[18.427s] INFO:colcon.colcon_core.shell:Creating environment descriptor '/home/atk-sandbox/atk-sandbox/workspace/install/merge_arrays/share/merge_arrays/hook/cmake_prefix_path.dsv'
[18.436s] INFO:colcon.colcon_core.shell:Creating environment hook '/home/atk-sandbox/atk-sandbox/workspace/install/merge_arrays/share/merge_arrays/hook/cmake_prefix_path.sh'
[18.445s] Level 1:colcon.colcon_core.environment:checking '/home/atk-sandbox/atk-sandbox/workspace/install/merge_arrays/lib'
[18.446s] Level 1:colcon.colcon_core.environment:checking '/home/atk-sandbox/atk-sandbox/workspace/install/merge_arrays/bin'
[18.448s] Level 1:colcon.colcon_core.environment:checking '/home/atk-sandbox/atk-sandbox/workspace/install/merge_arrays/lib/pkgconfig/merge_arrays.pc'
[18.451s] Level 1:colcon.colcon_core.environment:checking '/home/atk-sandbox/atk-sandbox/workspace/install/merge_arrays/lib/python3.10/site-packages'
[18.454s] Level 1:colcon.colcon_core.environment:checking '/home/atk-sandbox/atk-sandbox/workspace/install/merge_arrays/bin'
[18.458s] INFO:colcon.colcon_core.shell:Creating package script '/home/atk-sandbox/atk-sandbox/workspace/install/merge_arrays/share/merge_arrays/package.ps1'
[18.466s] INFO:colcon.colcon_core.shell:Creating package descriptor '/home/atk-sandbox/atk-sandbox/workspace/install/merge_arrays/share/merge_arrays/package.dsv'
[18.473s] INFO:colcon.colcon_core.shell:Creating package script '/home/atk-sandbox/atk-sandbox/workspace/install/merge_arrays/share/merge_arrays/package.sh'
[18.485s] INFO:colcon.colcon_core.shell:Creating package script '/home/atk-sandbox/atk-sandbox/workspace/install/merge_arrays/share/merge_arrays/package.bash'
[18.495s] INFO:colcon.colcon_core.shell:Creating package script '/home/atk-sandbox/atk-sandbox/workspace/install/merge_arrays/share/merge_arrays/package.zsh'
[18.503s] Level 1:colcon.colcon_core.environment:create_file_with_runtime_dependencies(/home/atk-sandbox/atk-sandbox/workspace/install/merge_arrays/share/colcon-core/packages/merge_arrays)
[18.519s] DEBUG:colcon.colcon_parallel_executor.executor.parallel:closing loop
[18.521s] DEBUG:colcon.colcon_parallel_executor.executor.parallel:loop closed
[18.522s] DEBUG:colcon.colcon_parallel_executor.executor.parallel:run_until_complete finished with '2'
[18.523s] DEBUG:colcon.colcon_core.event_reactor:joining thread
[18.577s] INFO:colcon.colcon_core.plugin_system:Skipping extension 'colcon_notification.desktop_notification.notify_send': Could not find 'notify-send'
[18.579s] INFO:colcon.colcon_core.plugin_system:Skipping extension 'colcon_notification.desktop_notification.terminal_notifier': Not used on non-Darwin systems
[18.581s] INFO:colcon.colcon_core.plugin_system:Skipping extension 'colcon_notification.desktop_notification.win32': Not used on non-Windows systems
[18.582s] INFO:colcon.colcon_notification.desktop_notification:Sending desktop notification using 'notify2'
[18.584s] DEBUG:colcon.colcon_notification.desktop_notification.notify2:Failed to initialize notify2: org.freedesktop.DBus.Error.NotSupported: Unable to autolaunch a dbus-daemon without a $DISPLAY for X11
[18.586s] DEBUG:colcon.colcon_core.event_reactor:joined thread
[18.591s] INFO:colcon.colcon_core.shell:Creating prefix script '/home/atk-sandbox/atk-sandbox/workspace/install/local_setup.ps1'
[18.602s] INFO:colcon.colcon_core.shell:Creating prefix util module '/home/atk-sandbox/atk-sandbox/workspace/install/_local_setup_util_ps1.py'
[18.613s] INFO:colcon.colcon_core.shell:Creating prefix chain script '/home/atk-sandbox/atk-sandbox/workspace/install/setup.ps1'
[18.642s] INFO:colcon.colcon_core.shell:Creating prefix script '/home/atk-sandbox/atk-sandbox/workspace/install/local_setup.sh'
[18.650s] INFO:colcon.colcon_core.shell:Creating prefix util module '/home/atk-sandbox/atk-sandbox/workspace/install/_local_setup_util_sh.py'
[18.659s] INFO:colcon.colcon_core.shell:Creating prefix chain script '/home/atk-sandbox/atk-sandbox/workspace/install/setup.sh'
[18.693s] INFO:colcon.colcon_core.shell:Creating prefix script '/home/atk-sandbox/atk-sandbox/workspace/install/local_setup.bash'
[18.700s] INFO:colcon.colcon_core.shell:Creating prefix chain script '/home/atk-sandbox/atk-sandbox/workspace/install/setup.bash'
[18.739s] INFO:colcon.colcon_core.shell:Creating prefix script '/home/atk-sandbox/atk-sandbox/workspace/install/local_setup.zsh'
[18.746s] INFO:colcon.colcon_core.shell:Creating prefix chain script '/home/atk-sandbox/atk-sandbox/workspace/install/setup.zsh'
