[0.292s] Invoking command in '/home/atk-sandbox/atk-sandbox/workspace/build/merge_arrays': CMAKE_PREFIX_PATH=${CMAKE_PREFIX_PATH}:/home/atk-sandbox/atk-sandbox/workspace/install/launch_utils:/opt/ros/humble /usr/bin/cmake /home/atk-sandbox/atk-sandbox/workspace/src/merge_arrays -DCMAKE_INSTALL_PREFIX=/home/atk-sandbox/atk-sandbox/workspace/install/merge_arrays
[2.136s] -- The C compiler identification is GNU 11.3.0
[3.088s] -- The CXX compiler identification is GNU 11.3.0
[3.235s] -- Detecting C compiler ABI info
[5.732s] -- Detecting C compiler ABI info - done
[5.764s] -- Check for working C compiler: /usr/bin/cc - skipped
[5.768s] -- Detecting C compile features
[5.772s] -- Detecting C compile features - done
[5.810s] -- Detecting CXX compiler ABI info
[8.420s] -- Detecting CXX compiler ABI info - done
[8.455s] -- Check for working CXX compiler: /usr/bin/c++ - skipped
[8.460s] -- Detecting CXX compile features
[8.466s] -- Detecting CXX compile features - done
[8.636s] -- Found ament_cmake: 1.3.3 (/opt/ros/humble/share/ament_cmake/cmake)
[11.254s] -- Found Python3: /usr/bin/python3.10 (found version "3.10.6") found components: Interpreter 
[12.721s] -- Found rclcpp: 16.0.3 (/opt/ros/humble/share/rclcpp/cmake)
[13.560s] -- Found rosidl_generator_c: 3.1.4 (/opt/ros/humble/share/rosidl_generator_c/cmake)
[13.704s] -- Found rosidl_adapter: 3.1.4 (/opt/ros/humble/share/rosidl_adapter/cmake)
[13.893s] -- Found rosidl_generator_cpp: 3.1.4 (/opt/ros/humble/share/rosidl_generator_cpp/cmake)
[14.091s] -- Using all available rosidl_typesupport_c: rosidl_typesupport_fastrtps_c;rosidl_typesupport_introspection_c
[14.475s] -- Using all available rosidl_typesupport_cpp: rosidl_typesupport_fastrtps_cpp;rosidl_typesupport_introspection_cpp
[15.518s] -- Found rmw_implementation_cmake: 6.1.1 (/opt/ros/humble/share/rmw_implementation_cmake/cmake)
[15.623s] -- Found rmw_fastrtps_cpp: 6.2.2 (/opt/ros/humble/share/rmw_fastrtps_cpp/cmake)
[18.878s] -- Found OpenSSL: /usr/lib/x86_64-linux-gnu/libcrypto.so (found version "3.0.2")  
[19.271s] -- Found FastRTPS: /opt/ros/humble/include  
[19.885s] -- Using RMW implementation 'rmw_fastrtps_cpp' as default
[20.149s] -- Looking for pthread.h
[22.640s] -- Looking for pthread.h - found
[22.651s] -- Performing Test CMAKE_HAVE_LIBC_PTHREAD
[25.202s] -- Performing Test CMAKE_HAVE_LIBC_PTHREAD - Success
[25.209s] -- Found Threads: TRUE  
[25.907s] -- Found ament_lint_auto: 0.12.5 (/opt/ros/humble/share/ament_lint_auto/cmake)
[27.179s] -- Added test 'cppcheck' to perform static code analysis on C / C++ code
[27.184s] -- Configured cppcheck include dirs: $<BUILD_INTERFACE:/home/atk-sandbox/atk-sandbox/workspace/src/merge_arrays/include>
[27.188s] -- Configured cppcheck exclude dirs and/or files: 
[27.262s] -- Added test 'flake8' to check Python code syntax and style conventions
[27.343s] -- Added test 'lint_cmake' to check CMake code style
[27.430s] -- Added test 'pep257' to check Python code against some of the docstring style conventions in PEP 257
[27.533s] -- Added test 'uncrustify' to check C / C++ code style
[27.539s] -- Configured uncrustify additional arguments: 
[27.622s] -- Added test 'xmllint' to check XML markup files
[27.910s] -- Configuring done
[28.671s] -- Generating done
[28.812s] -- Build files have been written to: /home/atk-sandbox/atk-sandbox/workspace/build/merge_arrays
[28.826s] Invoked command in '/home/atk-sandbox/atk-sandbox/workspace/build/merge_arrays' returned '0': CMAKE_PREFIX_PATH=${CMAKE_PREFIX_PATH}:/home/atk-sandbox/atk-sandbox/workspace/install/launch_utils:/opt/ros/humble /usr/bin/cmake /home/atk-sandbox/atk-sandbox/workspace/src/merge_arrays -DCMAKE_INSTALL_PREFIX=/home/atk-sandbox/atk-sandbox/workspace/install/merge_arrays
[28.837s] Invoking command in '/home/atk-sandbox/atk-sandbox/workspace/build/merge_arrays': CMAKE_PREFIX_PATH=${CMAKE_PREFIX_PATH}:/home/atk-sandbox/atk-sandbox/workspace/install/launch_utils:/opt/ros/humble /usr/bin/cmake --build /home/atk-sandbox/atk-sandbox/workspace/build/merge_arrays -- -j4 -l4
[31.471s] [ 25%] [32mBuilding CXX object CMakeFiles/merge_arrays_node.dir/src/merge_arrays_node.cpp.o[0m
[31.503s] [ 50%] [32mBuilding CXX object CMakeFiles/listener.dir/src/merge_arrays_output.cpp.o[0m
[62.003s] [ 75%] [32m[1mLinking CXX executable listener[0m
[62.650s] [100%] [32m[1mLinking CXX executable merge_arrays_node[0m
[84.334s] [100%] Built target listener
[86.375s] [100%] Built target merge_arrays_node
[86.689s] Invoked command in '/home/atk-sandbox/atk-sandbox/workspace/build/merge_arrays' returned '0': CMAKE_PREFIX_PATH=${CMAKE_PREFIX_PATH}:/home/atk-sandbox/atk-sandbox/workspace/install/launch_utils:/opt/ros/humble /usr/bin/cmake --build /home/atk-sandbox/atk-sandbox/workspace/build/merge_arrays -- -j4 -l4
[91.301s] Invoking command in '/home/atk-sandbox/atk-sandbox/workspace/build/merge_arrays': CMAKE_PREFIX_PATH=${CMAKE_PREFIX_PATH}:/home/atk-sandbox/atk-sandbox/workspace/install/launch_utils:/opt/ros/humble /usr/bin/cmake --install /home/atk-sandbox/atk-sandbox/workspace/build/merge_arrays
[91.634s] -- Install configuration: ""
[91.657s] -- Installing: /home/atk-sandbox/atk-sandbox/workspace/install/merge_arrays/lib/merge_arrays/merge_arrays_node
[92.556s] -- Set runtime path of "/home/atk-sandbox/atk-sandbox/workspace/install/merge_arrays/lib/merge_arrays/merge_arrays_node" to ""
[92.562s] -- Installing: /home/atk-sandbox/atk-sandbox/workspace/install/merge_arrays/lib/merge_arrays/listener
[93.468s] -- Set runtime path of "/home/atk-sandbox/atk-sandbox/workspace/install/merge_arrays/lib/merge_arrays/listener" to ""
[93.492s] -- Installing: /home/atk-sandbox/atk-sandbox/workspace/install/merge_arrays/share/ament_index/resource_index/package_run_dependencies/merge_arrays
[93.540s] -- Installing: /home/atk-sandbox/atk-sandbox/workspace/install/merge_arrays/share/ament_index/resource_index/parent_prefix_path/merge_arrays
[93.584s] -- Installing: /home/atk-sandbox/atk-sandbox/workspace/install/merge_arrays/share/merge_arrays/environment/ament_prefix_path.sh
[93.613s] -- Installing: /home/atk-sandbox/atk-sandbox/workspace/install/merge_arrays/share/merge_arrays/environment/ament_prefix_path.dsv
[93.649s] -- Installing: /home/atk-sandbox/atk-sandbox/workspace/install/merge_arrays/share/merge_arrays/environment/path.sh
[93.673s] -- Installing: /home/atk-sandbox/atk-sandbox/workspace/install/merge_arrays/share/merge_arrays/environment/path.dsv
[93.722s] -- Installing: /home/atk-sandbox/atk-sandbox/workspace/install/merge_arrays/share/merge_arrays/local_setup.bash
[93.767s] -- Installing: /home/atk-sandbox/atk-sandbox/workspace/install/merge_arrays/share/merge_arrays/local_setup.sh
[93.846s] -- Installing: /home/atk-sandbox/atk-sandbox/workspace/install/merge_arrays/share/merge_arrays/local_setup.zsh
[93.880s] -- Installing: /home/atk-sandbox/atk-sandbox/workspace/install/merge_arrays/share/merge_arrays/local_setup.dsv
[93.913s] -- Installing: /home/atk-sandbox/atk-sandbox/workspace/install/merge_arrays/share/merge_arrays/package.dsv
[93.982s] -- Installing: /home/atk-sandbox/atk-sandbox/workspace/install/merge_arrays/share/ament_index/resource_index/packages/merge_arrays
[94.037s] -- Installing: /home/atk-sandbox/atk-sandbox/workspace/install/merge_arrays/share/merge_arrays/cmake/merge_arraysConfig.cmake
[94.085s] -- Installing: /home/atk-sandbox/atk-sandbox/workspace/install/merge_arrays/share/merge_arrays/cmake/merge_arraysConfig-version.cmake
[94.123s] -- Installing: /home/atk-sandbox/atk-sandbox/workspace/install/merge_arrays/share/merge_arrays/package.xml
[94.166s] Invoked command in '/home/atk-sandbox/atk-sandbox/workspace/build/merge_arrays' returned '0': CMAKE_PREFIX_PATH=${CMAKE_PREFIX_PATH}:/home/atk-sandbox/atk-sandbox/workspace/install/launch_utils:/opt/ros/humble /usr/bin/cmake --install /home/atk-sandbox/atk-sandbox/workspace/build/merge_arrays
