[0.374s] Invoking command in '/home/atk-sandbox/atk-sandbox/workspace/build/merge_arrays': CMAKE_PREFIX_PATH=${CMAKE_PREFIX_PATH}:/home/atk-sandbox/atk-sandbox/workspace/install/launch_utils:/opt/ros/humble /usr/bin/cmake --build /home/atk-sandbox/atk-sandbox/workspace/build/merge_arrays -- -j4 -l4
[2.087s] [35m[1mConsolidate compiler generated dependencies of target merge_arrays_node[0m
[5.240s] [ 50%] [32mBuilding CXX object CMakeFiles/merge_arrays_node.dir/src/merge_arrays_node.cpp.o[0m
[10.380s] [01m[K/home/atk-sandbox/atk-sandbox/workspace/src/merge_arrays/src/merge_arrays_node.cpp:[m[K In member function ‘[01m[Kvoid MergeArrays::topic_callback(const Int32MultiArray&)[m[K’:
[10.384s] [01m[K/home/atk-sandbox/atk-sandbox/workspace/src/merge_arrays/src/merge_arrays_node.cpp:45:17:[m[K [01;31m[Kerror: [m[Kexpected primary-expression before ‘[01m[K.[m[K’ token
[10.388s]    45 |         std_msgs[01;31m[K.[m[Kmsg.Int32MultiArray(layout = std_msgs.msg.MultiArrayLayout(dim = [], data_offset = 0), data = [ 1, 9, 18, 20, 30 ]) // result_array.data[0] = 10;
[10.393s]       |                 [01;31m[K^[m[K
[10.397s] [01m[K/home/atk-sandbox/atk-sandbox/workspace/src/merge_arrays/src/merge_arrays_node.cpp:45:38:[m[K [01;31m[Kerror: [m[K‘[01m[Klayout[m[K’ was not declared in this scope
[10.401s]    45 |         std_msgs.msg.Int32MultiArray([01;31m[Klayout[m[K = std_msgs.msg.MultiArrayLayout(dim = [], data_offset = 0), data = [ 1, 9, 18, 20, 30 ]) // result_array.data[0] = 10;
[10.406s]       |                                      [01;31m[K^~~~~~[m[K
[10.410s] [01m[K/home/atk-sandbox/atk-sandbox/workspace/src/merge_arrays/src/merge_arrays_node.cpp:45:55:[m[K [01;31m[Kerror: [m[Kexpected primary-expression before ‘[01m[K.[m[K’ token
[10.414s]    45 |         std_msgs.msg.Int32MultiArray(layout = std_msgs[01;31m[K.[m[Kmsg.MultiArrayLayout(dim = [], data_offset = 0), data = [ 1, 9, 18, 20, 30 ]) // result_array.data[0] = 10;
[10.418s]       |                                                       [01;31m[K^[m[K
[10.423s] [01m[K/home/atk-sandbox/atk-sandbox/workspace/src/merge_arrays/src/merge_arrays_node.cpp:45:77:[m[K [01;31m[Kerror: [m[K‘[01m[Kdim[m[K’ was not declared in this scope; did you mean ‘[01m[Kfdim[m[K’?
[10.428s]    45 |         std_msgs.msg.Int32MultiArray(layout = std_msgs.msg.MultiArrayLayout([01;31m[Kdim[m[K = [], data_offset = 0), data = [ 1, 9, 18, 20, 30 ]) // result_array.data[0] = 10;
[10.433s]       |                                                                             [01;31m[K^~~[m[K
[10.439s]       |                                                                             [32m[Kfdim[m[K
[10.443s] [01m[K/home/atk-sandbox/atk-sandbox/workspace/src/merge_arrays/src/merge_arrays_node.cpp:[m[K In lambda function:
[10.446s] [01m[K/home/atk-sandbox/atk-sandbox/workspace/src/merge_arrays/src/merge_arrays_node.cpp:45:85:[m[K [01;31m[Kerror: [m[Kexpected ‘[01m[K{[m[K’ before ‘[01m[K,[m[K’ token
[10.450s]    45 |         std_msgs.msg.Int32MultiArray(layout = std_msgs.msg.MultiArrayLayout(dim = [][01;31m[K,[m[K data_offset = 0), data = [ 1, 9, 18, 20, 30 ]) // result_array.data[0] = 10;
[10.454s]       |                                                                                     [01;31m[K^[m[K
[10.461s] [01m[K/home/atk-sandbox/atk-sandbox/workspace/src/merge_arrays/src/merge_arrays_node.cpp:[m[K In member function ‘[01m[Kvoid MergeArrays::topic_callback(const Int32MultiArray&)[m[K’:
[10.465s] [01m[K/home/atk-sandbox/atk-sandbox/workspace/src/merge_arrays/src/merge_arrays_node.cpp:45:87:[m[K [01;31m[Kerror: [m[K‘[01m[Kdata_offset[m[K’ was not declared in this scope
[10.469s]    45 |         std_msgs.msg.Int32MultiArray(layout = std_msgs.msg.MultiArrayLayout(dim = [], [01;31m[Kdata_offset[m[K = 0), data = [ 1, 9, 18, 20, 30 ]) // result_array.data[0] = 10;
[10.473s]       |                                                                                       [01;31m[K^~~~~~~~~~~[m[K
[10.478s] [01m[K/home/atk-sandbox/atk-sandbox/workspace/src/merge_arrays/src/merge_arrays_node.cpp:45:105:[m[K [01;31m[Kerror: [m[K‘[01m[Kdata[m[K’ was not declared in this scope; did you mean ‘[01m[Kstd::data[m[K’?
[10.481s]    45 |         std_msgs.msg.Int32MultiArray(layout = std_msgs.msg.MultiArrayLayout(dim = [], data_offset = 0), [01;31m[Kdata[m[K = [ 1, 9, 18, 20, 30 ]) // result_array.data[0] = 10;
[10.485s]       |                                                                                                         [01;31m[K^~~~[m[K
[10.490s]       |                                                                                                         [32m[Kstd::data[m[K
[10.494s] In file included from [01m[K/usr/include/c++/11/array:41[m[K,
[10.499s]                  from [01m[K/usr/include/c++/11/tuple:39[m[K,
[10.504s]                  from [01m[K/usr/include/c++/11/functional:54[m[K,
[10.508s]                  from [01m[K/home/atk-sandbox/atk-sandbox/workspace/src/merge_arrays/src/merge_arrays_node.cpp:2[m[K:
[10.512s] [01m[K/usr/include/c++/11/bits/range_access.h:319:5:[m[K [01;36m[Knote: [m[K‘[01m[Kstd::data[m[K’ declared here
[10.516s]   319 |     [01;36m[Kdata[m[K(initializer_list<_Tp> __il) noexcept
[10.522s]       |     [01;36m[K^~~~[m[K
[10.526s] [01m[K/home/atk-sandbox/atk-sandbox/workspace/src/merge_arrays/src/merge_arrays_node.cpp:45:114:[m[K [01;31m[Kerror: [m[Kexpected identifier before numeric constant
[10.531s]    45 |         std_msgs.msg.Int32MultiArray(layout = std_msgs.msg.MultiArrayLayout(dim = [], data_offset = 0), data = [ [01;31m[K1[m[K, 9, 18, 20, 30 ]) // result_array.data[0] = 10;
[10.535s]       |                                                                                                                  [01;31m[K^[m[K
[10.540s] [01m[K/home/atk-sandbox/atk-sandbox/workspace/src/merge_arrays/src/merge_arrays_node.cpp:45:115:[m[K [01;31m[Kerror: [m[Kexpected ‘[01m[K][m[K’ before ‘[01m[K,[m[K’ token
[10.543s]    45 |         std_msgs.msg.Int32MultiArray(layout = std_msgs.msg.MultiArrayLayout(dim = [], data_offset = 0), data = [ 1[01;31m[K,[m[K 9, 18, 20, 30 ]) // result_array.data[0] = 10;
[10.547s]       |                                                                                                                   [01;31m[K^[m[K
[10.551s] [01m[K/home/atk-sandbox/atk-sandbox/workspace/src/merge_arrays/src/merge_arrays_node.cpp:[m[K In lambda function:
[10.555s] [01m[K/home/atk-sandbox/atk-sandbox/workspace/src/merge_arrays/src/merge_arrays_node.cpp:45:115:[m[K [01;31m[Kerror: [m[Kexpected ‘[01m[K{[m[K’ before ‘[01m[K,[m[K’ token
[10.559s] [01m[K/home/atk-sandbox/atk-sandbox/workspace/src/merge_arrays/src/merge_arrays_node.cpp:[m[K In member function ‘[01m[Kvoid MergeArrays::topic_callback(const Int32MultiArray&)[m[K’:
[10.564s] [01m[K/home/atk-sandbox/atk-sandbox/workspace/src/merge_arrays/src/merge_arrays_node.cpp:45:131:[m[K [01;31m[Kerror: [m[Kexpected ‘[01m[K)[m[K’ before ‘[01m[K][m[K’ token
[10.569s]    45 |         std_msgs.msg.Int32MultiArray(layout = std_msgs.msg.MultiArrayLayout(dim = [], data_offset = 0), data = [ 1, 9, 18, 20, 30 [01;31m[K][m[K) // result_array.data[0] = 10;
[10.574s]       |                                                                                                                                   [01;31m[K^[m[K
[10.578s] [01m[K/home/atk-sandbox/atk-sandbox/workspace/src/merge_arrays/src/merge_arrays_node.cpp:45:37:[m[K [01;36m[Knote: [m[Kto match this ‘[01m[K([m[K’
[10.582s]    45 |         std_msgs.msg.Int32MultiArray[01;36m[K([m[Klayout = std_msgs.msg.MultiArrayLayout(dim = [], data_offset = 0), data = [ 1, 9, 18, 20, 30 ]) // result_array.data[0] = 10;
[10.588s]       |                                     [01;36m[K^[m[K
[10.593s] [01m[K/home/atk-sandbox/atk-sandbox/workspace/src/merge_arrays/src/merge_arrays_node.cpp:40:63:[m[K [01;35m[Kwarning: [m[Kunused parameter ‘[01m[Kmsg[m[K’ [[01;35m[K]8;;https://gcc.gnu.org/onlinedocs/gcc/Warning-Options.html#index-Wunused-parameter-Wunused-parameter]8;;[m[K]
[10.598s]    40 |     void topic_callback([01;35m[Kconst std_msgs::msg::Int32MultiArray &msg[m[K)
[10.602s]       |                         [01;35m[K~~~~~~~~~~~~~~~~~~~~~~~~~~~~~~~~~~~~~~^~~[m[K
[16.156s] gmake[2]: *** [CMakeFiles/merge_arrays_node.dir/build.make:76: CMakeFiles/merge_arrays_node.dir/src/merge_arrays_node.cpp.o] Error 1
[16.165s] gmake[1]: *** [CMakeFiles/Makefile2:137: CMakeFiles/merge_arrays_node.dir/all] Error 2
[16.171s] gmake: *** [Makefile:146: all] Error 2
[16.174s] Invoked command in '/home/atk-sandbox/atk-sandbox/workspace/build/merge_arrays' returned '2': CMAKE_PREFIX_PATH=${CMAKE_PREFIX_PATH}:/home/atk-sandbox/atk-sandbox/workspace/install/launch_utils:/opt/ros/humble /usr/bin/cmake --build /home/atk-sandbox/atk-sandbox/workspace/build/merge_arrays -- -j4 -l4
